[ 2017-12-25T15:37:16+08:00 ] ::1 /somegood/Public/uploads/20170829/yundonghuwai.jpg
INFO: [ app_init ] --START--
INFO: Run Behavior\BuildLiteBehavior [ RunTime:0.000000s ]
INFO: [ app_init ] --END-- [ RunTime:0.000000s ]
ERR: 无法加载模块:Public

[ 2017-12-25T15:37:16+08:00 ] ::1 /somegood/Public/uploads/20170829/jiajushipin.jpg
INFO: [ app_init ] --START--
INFO: Run Behavior\BuildLiteBehavior [ RunTime:0.000000s ]
INFO: [ app_init ] --END-- [ RunTime:0.000000s ]
ERR: 无法加载模块:Public

[ 2017-12-25T15:37:16+08:00 ] ::1 /somegood/Public/uploads/20170829/meizhuang.jpg
INFO: [ app_init ] --START--
INFO: Run Behavior\BuildLiteBehavior [ RunTime:0.000000s ]
INFO: [ app_init ] --END-- [ RunTime:0.001000s ]
ERR: 无法加载模块:Public

[ 2017-12-25T15:37:16+08:00 ] ::1 /somegood/Public/uploads/20170829/ertongwanju.jpg
INFO: [ app_init ] --START--
INFO: Run Behavior\BuildLiteBehavior [ RunTime:0.000000s ]
INFO: [ app_init ] --END-- [ RunTime:0.001000s ]
ERR: 无法加载模块:Public

[ 2017-12-25T15:37:16+08:00 ] ::1 /somegood/Public/uploads/20170829/yinxiangyishupin.jpg
INFO: [ app_init ] --START--
INFO: Run Behavior\BuildLiteBehavior [ RunTime:0.000000s ]
INFO: [ app_init ] --END-- [ RunTime:0.000000s ]
ERR: 无法加载模块:Public

[ 2017-12-25T15:37:18+08:00 ] ::1 /somegood/Public/uploads/20171025/59f03684ee092.png_c200x200
INFO: [ app_init ] --START--
INFO: Run Behavior\BuildLiteBehavior [ RunTime:0.000000s ]
INFO: [ app_init ] --END-- [ RunTime:0.000000s ]
ERR: 无法加载模块:Public

[ 2017-12-25T15:37:18+08:00 ] ::1 /somegood/Public/uploads/20171025/59f03428401cb.png_c200x200
INFO: [ app_init ] --START--
INFO: Run Behavior\BuildLiteBehavior [ RunTime:0.000000s ]
INFO: [ app_init ] --END-- [ RunTime:0.001000s ]
ERR: 无法加载模块:Public

[ 2017-12-25T15:37:19+08:00 ] ::1 /somegood/Public/uploads/20171025/59f03428401cb.png
INFO: [ app_init ] --START--
INFO: Run Behavior\BuildLiteBehavior [ RunTime:0.000000s ]
INFO: [ app_init ] --END-- [ RunTime:0.000000s ]
ERR: 无法加载模块:Public

[ 2017-12-25T15:37:19+08:00 ] ::1 /somegood/Public/uploads/20171025/59f034284ccee.jpg
INFO: [ app_init ] --START--
INFO: Run Behavior\BuildLiteBehavior [ RunTime:0.000000s ]
INFO: [ app_init ] --END-- [ RunTime:0.000000s ]
ERR: 无法加载模块:Public

[ 2017-12-25T15:37:19+08:00 ] ::1 /somegood/Public/uploads/20171025/59f034285bf22.jpg
INFO: [ app_init ] --START--
INFO: Run Behavior\BuildLiteBehavior [ RunTime:0.000000s ]
INFO: [ app_init ] --END-- [ RunTime:0.000000s ]
ERR: 无法加载模块:Public

[ 2017-12-25T15:37:19+08:00 ] ::1 /somegood/Public/uploads/20171025/59f03428401cb.png
INFO: [ app_init ] --START--
INFO: Run Behavior\BuildLiteBehavior [ RunTime:0.000000s ]
INFO: [ app_init ] --END-- [ RunTime:0.000000s ]
ERR: 无法加载模块:Public

[ 2017-12-25T15:38:29+08:00 ] ::1 /somegood/Public/uploads/20171025/59f03684ee092.png_c200x200
INFO: [ app_init ] --START--
INFO: Run Behavior\BuildLiteBehavior [ RunTime:0.000000s ]
INFO: [ app_init ] --END-- [ RunTime:0.000000s ]
ERR: 无法加载模块:Public

[ 2017-12-25T15:38:29+08:00 ] ::1 /somegood/Public/uploads/20171025/59f03428401cb.png_c200x200
INFO: [ app_init ] --START--
INFO: Run Behavior\BuildLiteBehavior [ RunTime:0.000000s ]
INFO: [ app_init ] --END-- [ RunTime:0.000000s ]
ERR: 无法加载模块:Public

[ 2017-12-25T15:38:44+08:00 ] ::1 /somegood/Public/uploads/20170829/yundonghuwai.jpg
INFO: [ app_init ] --START--
INFO: Run Behavior\BuildLiteBehavior [ RunTime:0.000000s ]
INFO: [ app_init ] --END-- [ RunTime:0.000000s ]
ERR: 无法加载模块:Public

[ 2017-12-25T15:38:44+08:00 ] ::1 /somegood/Public/uploads/20170829/jiajushipin.jpg
INFO: [ app_init ] --START--
INFO: Run Behavior\BuildLiteBehavior [ RunTime:0.000000s ]
INFO: [ app_init ] --END-- [ RunTime:0.000000s ]
ERR: 无法加载模块:Public

[ 2017-12-25T15:38:44+08:00 ] ::1 /somegood/Public/uploads/20170829/ertongwanju.jpg
INFO: [ app_init ] --START--
INFO: Run Behavior\BuildLiteBehavior [ RunTime:0.000000s ]
INFO: [ app_init ] --END-- [ RunTime:0.000000s ]
ERR: 无法加载模块:Public

[ 2017-12-25T15:38:44+08:00 ] ::1 /somegood/Public/uploads/20170829/meizhuang.jpg
INFO: [ app_init ] --START--
INFO: Run Behavior\BuildLiteBehavior [ RunTime:0.000000s ]
INFO: [ app_init ] --END-- [ RunTime:0.000000s ]
ERR: 无法加载模块:Public

[ 2017-12-25T15:38:44+08:00 ] ::1 /somegood/Public/uploads/20170829/yinxiangyishupin.jpg
INFO: [ app_init ] --START--
INFO: Run Behavior\BuildLiteBehavior [ RunTime:0.000000s ]
INFO: [ app_init ] --END-- [ RunTime:0.001000s ]
ERR: 无法加载模块:Public

[ 2017-12-25T15:39:18+08:00 ] ::1 /somegood/Public/uploads/20171027/59f2e0f9d90fa.jpg_c200x200
INFO: [ app_init ] --START--
INFO: Run Behavior\BuildLiteBehavior [ RunTime:0.000000s ]
INFO: [ app_init ] --END-- [ RunTime:0.000000s ]
ERR: 无法加载模块:Public

[ 2017-12-25T15:39:22+08:00 ] ::1 /somegood/Public/uploads/20170829/yundonghuwai.jpg
INFO: [ app_init ] --START--
INFO: Run Behavior\BuildLiteBehavior [ RunTime:0.001000s ]
INFO: [ app_init ] --END-- [ RunTime:0.001000s ]
ERR: 无法加载模块:Public

[ 2017-12-25T15:39:22+08:00 ] ::1 /somegood/Public/uploads/20170829/meizhuang.jpg
INFO: [ app_init ] --START--
INFO: Run Behavior\BuildLiteBehavior [ RunTime:0.000000s ]
INFO: [ app_init ] --END-- [ RunTime:0.000000s ]
ERR: 无法加载模块:Public

[ 2017-12-25T15:39:22+08:00 ] ::1 /somegood/Public/uploads/20170829/jiajushipin.jpg
INFO: [ app_init ] --START--
INFO: Run Behavior\BuildLiteBehavior [ RunTime:0.000000s ]
INFO: [ app_init ] --END-- [ RunTime:0.000000s ]
ERR: 无法加载模块:Public

[ 2017-12-25T15:39:22+08:00 ] ::1 /somegood/Public/uploads/20170829/ertongwanju.jpg
INFO: [ app_init ] --START--
INFO: Run Behavior\BuildLiteBehavior [ RunTime:0.000000s ]
INFO: [ app_init ] --END-- [ RunTime:0.001000s ]
ERR: 无法加载模块:Public

[ 2017-12-25T15:39:22+08:00 ] ::1 /somegood/Public/uploads/20170829/yinxiangyishupin.jpg
INFO: [ app_init ] --START--
INFO: Run Behavior\BuildLiteBehavior [ RunTime:0.000000s ]
INFO: [ app_init ] --END-- [ RunTime:0.000000s ]
ERR: 无法加载模块:Public

[ 2017-12-25T15:39:23+08:00 ] ::1 /somegood/Public/uploads/20171025/59f03684ee092.png_c200x200
INFO: [ app_init ] --START--
INFO: Run Behavior\BuildLiteBehavior [ RunTime:0.000000s ]
INFO: [ app_init ] --END-- [ RunTime:0.000000s ]
ERR: 无法加载模块:Public

[ 2017-12-25T15:39:23+08:00 ] ::1 /somegood/Public/uploads/20171025/59f03428401cb.png_c200x200
INFO: [ app_init ] --START--
INFO: Run Behavior\BuildLiteBehavior [ RunTime:0.000000s ]
INFO: [ app_init ] --END-- [ RunTime:0.001000s ]
ERR: 无法加载模块:Public

[ 2017-12-25T16:30:17+08:00 ] ::1 /somegood/Public/uploads/20171027/59f2e0f9d90fa.jpg_c100x100
INFO: [ app_init ] --START--
INFO: Run Behavior\BuildLiteBehavior [ RunTime:0.000000s ]
INFO: [ app_init ] --END-- [ RunTime:0.000000s ]
ERR: 无法加载模块:Public

[ 2017-12-25T16:30:17+08:00 ] ::1 /somegood/Public/uploads/20170920/59c1e20f057ea.png_c100x100
INFO: [ app_init ] --START--
INFO: Run Behavior\BuildLiteBehavior [ RunTime:0.000000s ]
INFO: [ app_init ] --END-- [ RunTime:0.000000s ]
ERR: 无法加载模块:Public

[ 2017-12-25T16:30:19+08:00 ] ::1 /somegood/Public/uploads/20170914/59ba27531177f.png_c100x100
INFO: [ app_init ] --START--
INFO: Run Behavior\BuildLiteBehavior [ RunTime:0.000000s ]
INFO: [ app_init ] --END-- [ RunTime:0.000000s ]
ERR: 无法加载模块:Public

[ 2017-12-25T16:30:19+08:00 ] ::1 /somegood/Public/uploads/20170811/598d807f7c6d0.png_c100x100
INFO: [ app_init ] --START--
INFO: Run Behavior\BuildLiteBehavior [ RunTime:0.000000s ]
INFO: [ app_init ] --END-- [ RunTime:0.000000s ]
ERR: 无法加载模块:Public

[ 2017-12-25T16:30:19+08:00 ] ::1 /somegood/Public/uploads/20171027/59f2e0f9d90fa.jpg_c100x100
INFO: [ app_init ] --START--
INFO: Run Behavior\BuildLiteBehavior [ RunTime:0.000000s ]
INFO: [ app_init ] --END-- [ RunTime:0.000000s ]
ERR: 无法加载模块:Public

[ 2017-12-25T16:30:19+08:00 ] ::1 /somegood/Public/uploads/20170920/59c1e20f057ea.png_c100x100
INFO: [ app_init ] --START--
INFO: Run Behavior\BuildLiteBehavior [ RunTime:0.000000s ]
INFO: [ app_init ] --END-- [ RunTime:0.000000s ]
ERR: 无法加载模块:Public

[ 2017-12-25T16:30:19+08:00 ] ::1 /somegood/Public/uploads/20171204/5a24bd51587aa.JPG_c100x100
INFO: [ app_init ] --START--
INFO: Run Behavior\BuildLiteBehavior [ RunTime:0.000000s ]
INFO: [ app_init ] --END-- [ RunTime:0.000000s ]
ERR: 无法加载模块:Public

