[ 2017-12-28T14:49:43+08:00 ] ::1 /somegood/Public/uploads/20171025/59f03428401cb.png_c200x200
INFO: [ app_init ] --START--
INFO: Run Behavior\BuildLiteBehavior [ RunTime:0.000000s ]
INFO: [ app_init ] --END-- [ RunTime:0.000000s ]
ERR: 无法加载模块:Public

[ 2017-12-28T14:49:43+08:00 ] ::1 /somegood/Public/uploads/20171025/59f03684ee092.png,20171025/59f03428401cb.png_c200x200
INFO: [ app_init ] --START--
INFO: Run Behavior\BuildLiteBehavior [ RunTime:0.000000s ]
INFO: [ app_init ] --END-- [ RunTime:0.000000s ]
ERR: 无法加载模块:Public

[ 2017-12-28T14:49:52+08:00 ] ::1 /somegood/Public/statics/shop/js/skin/WdatePicker.css
INFO: [ app_init ] --START--
INFO: Run Behavior\BuildLiteBehavior [ RunTime:0.000000s ]
INFO: [ app_init ] --END-- [ RunTime:0.000000s ]
ERR: 无法加载模块:Public

[ 2017-12-28T14:49:52+08:00 ] ::1 /somegood/Public/statics/shop/js/skin/WdatePicker.css
INFO: [ app_init ] --START--
INFO: Run Behavior\BuildLiteBehavior [ RunTime:0.000000s ]
INFO: [ app_init ] --END-- [ RunTime:0.000000s ]
ERR: 无法加载模块:Public

[ 2017-12-28T14:49:55+08:00 ] ::1 /somegood/Public/uploads/20171025/59f03428401cb.png_c200x200
INFO: [ app_init ] --START--
INFO: Run Behavior\BuildLiteBehavior [ RunTime:0.000000s ]
INFO: [ app_init ] --END-- [ RunTime:0.000000s ]
ERR: 无法加载模块:Public

[ 2017-12-28T14:49:55+08:00 ] ::1 /somegood/Public/uploads/20171025/59f03684ee092.png,20171025/59f03428401cb.png_c200x200
INFO: [ app_init ] --START--
INFO: Run Behavior\BuildLiteBehavior [ RunTime:0.000000s ]
INFO: [ app_init ] --END-- [ RunTime:0.000000s ]
ERR: 无法加载模块:Public

[ 2017-12-28T14:50:01+08:00 ] ::1 /somegood/Public/Uploads/20171025/59f03428401cb.png
INFO: [ app_init ] --START--
INFO: Run Behavior\BuildLiteBehavior [ RunTime:0.000000s ]
INFO: [ app_init ] --END-- [ RunTime:0.000000s ]
ERR: 无法加载模块:Public

[ 2017-12-28T14:50:01+08:00 ] ::1 /somegood/Public/Uploads/20171025/59f03684ee092.png
INFO: [ app_init ] --START--
INFO: Run Behavior\BuildLiteBehavior [ RunTime:0.000000s ]
INFO: [ app_init ] --END-- [ RunTime:0.000000s ]
ERR: 无法加载模块:Public

[ 2017-12-28T14:50:05+08:00 ] ::1 /somegood/Public/uploads/20171025/59f03428401cb.png_c200x200
INFO: [ app_init ] --START--
INFO: Run Behavior\BuildLiteBehavior [ RunTime:0.000000s ]
INFO: [ app_init ] --END-- [ RunTime:0.001000s ]
ERR: 无法加载模块:Public

[ 2017-12-28T14:50:05+08:00 ] ::1 /somegood/Public/uploads/20171025/59f03684ee092.png,20171025/59f03428401cb.png_c200x200
INFO: [ app_init ] --START--
INFO: Run Behavior\BuildLiteBehavior [ RunTime:0.000000s ]
INFO: [ app_init ] --END-- [ RunTime:0.000000s ]
ERR: 无法加载模块:Public

[ 2017-12-28T14:50:06+08:00 ] ::1 /somegood/Public/statics/shop/js/skin/WdatePicker.css
INFO: [ app_init ] --START--
INFO: Run Behavior\BuildLiteBehavior [ RunTime:0.000000s ]
INFO: [ app_init ] --END-- [ RunTime:0.000000s ]
ERR: 无法加载模块:Public

[ 2017-12-28T14:50:07+08:00 ] ::1 /somegood/Public/statics/shop/js/skin/WdatePicker.css
INFO: [ app_init ] --START--
INFO: Run Behavior\BuildLiteBehavior [ RunTime:0.000000s ]
INFO: [ app_init ] --END-- [ RunTime:0.000000s ]
ERR: 无法加载模块:Public

[ 2017-12-28T14:50:08+08:00 ] ::1 /somegood/Public/statics/shop/js/skin/WdatePicker.css
INFO: [ app_init ] --START--
INFO: Run Behavior\BuildLiteBehavior [ RunTime:0.000000s ]
INFO: [ app_init ] --END-- [ RunTime:0.000000s ]
ERR: 无法加载模块:Public

[ 2017-12-28T14:50:10+08:00 ] ::1 /somegood/Public/statics/shop/js/skin/WdatePicker.css
INFO: [ app_init ] --START--
INFO: Run Behavior\BuildLiteBehavior [ RunTime:0.000000s ]
INFO: [ app_init ] --END-- [ RunTime:0.000000s ]
ERR: 无法加载模块:Public

[ 2017-12-28T14:50:11+08:00 ] ::1 /somegood/Public/uploads/20171025/59f03428401cb.png_c200x200
INFO: [ app_init ] --START--
INFO: Run Behavior\BuildLiteBehavior [ RunTime:0.000000s ]
INFO: [ app_init ] --END-- [ RunTime:0.000000s ]
ERR: 无法加载模块:Public

[ 2017-12-28T14:50:11+08:00 ] ::1 /somegood/Public/uploads/20171025/59f03684ee092.png,20171025/59f03428401cb.png_c200x200
INFO: [ app_init ] --START--
INFO: Run Behavior\BuildLiteBehavior [ RunTime:0.000000s ]
INFO: [ app_init ] --END-- [ RunTime:0.000000s ]
ERR: 无法加载模块:Public

[ 2017-12-28T14:50:12+08:00 ] ::1 /somegood/Public/uploads/20171025/59f03428401cb.png_c200x200
INFO: [ app_init ] --START--
INFO: Run Behavior\BuildLiteBehavior [ RunTime:0.000000s ]
INFO: [ app_init ] --END-- [ RunTime:0.000000s ]
ERR: 无法加载模块:Public

[ 2017-12-28T14:50:12+08:00 ] ::1 /somegood/Public/uploads/20171025/59f03684ee092.png,20171025/59f03428401cb.png_c200x200
INFO: [ app_init ] --START--
INFO: Run Behavior\BuildLiteBehavior [ RunTime:0.000000s ]
INFO: [ app_init ] --END-- [ RunTime:0.000000s ]
ERR: 无法加载模块:Public

[ 2017-12-28T14:50:13+08:00 ] ::1 /somegood/Public/uploads/20171025/59f03428401cb.png_c200x200
INFO: [ app_init ] --START--
INFO: Run Behavior\BuildLiteBehavior [ RunTime:0.000000s ]
INFO: [ app_init ] --END-- [ RunTime:0.001000s ]
ERR: 无法加载模块:Public

[ 2017-12-28T14:50:14+08:00 ] ::1 /somegood/Public/uploads/20171025/59f03684ee092.png_c200x200
INFO: [ app_init ] --START--
INFO: Run Behavior\BuildLiteBehavior [ RunTime:0.000000s ]
INFO: [ app_init ] --END-- [ RunTime:0.000000s ]
ERR: 无法加载模块:Public

[ 2017-12-28T14:50:14+08:00 ] ::1 /somegood/Public/uploads/20171025/59f03428401cb.png_c200x200
INFO: [ app_init ] --START--
INFO: Run Behavior\BuildLiteBehavior [ RunTime:0.000000s ]
INFO: [ app_init ] --END-- [ RunTime:0.001000s ]
ERR: 无法加载模块:Public

[ 2017-12-28T14:50:15+08:00 ] ::1 /somegood/Public/uploads/20171025/59f03428401cb.png_c200x200
INFO: [ app_init ] --START--
INFO: Run Behavior\BuildLiteBehavior [ RunTime:0.000000s ]
INFO: [ app_init ] --END-- [ RunTime:0.000000s ]
ERR: 无法加载模块:Public

[ 2017-12-28T14:50:15+08:00 ] ::1 /somegood/Public/uploads/20171025/59f03684ee092.png,20171025/59f03428401cb.png_c200x200
INFO: [ app_init ] --START--
INFO: Run Behavior\BuildLiteBehavior [ RunTime:0.000000s ]
INFO: [ app_init ] --END-- [ RunTime:0.000000s ]
ERR: 无法加载模块:Public

[ 2017-12-28T14:50:16+08:00 ] ::1 /somegood/Public/uploads/20171025/59f03428401cb.png_c200x200
INFO: [ app_init ] --START--
INFO: Run Behavior\BuildLiteBehavior [ RunTime:0.000000s ]
INFO: [ app_init ] --END-- [ RunTime:0.001000s ]
ERR: 无法加载模块:Public

[ 2017-12-28T14:50:16+08:00 ] ::1 /somegood/Public/uploads/20171025/59f03684ee092.png,20171025/59f03428401cb.png_c200x200
INFO: [ app_init ] --START--
INFO: Run Behavior\BuildLiteBehavior [ RunTime:0.000000s ]
INFO: [ app_init ] --END-- [ RunTime:0.001000s ]
ERR: 无法加载模块:Public

[ 2017-12-28T14:50:22+08:00 ] ::1 /somegood/Public/uploads/20171025/59f03428401cb.png
INFO: [ app_init ] --START--
INFO: Run Behavior\BuildLiteBehavior [ RunTime:0.000000s ]
INFO: [ app_init ] --END-- [ RunTime:0.001000s ]
ERR: 无法加载模块:Public

[ 2017-12-28T14:50:33+08:00 ] ::1 /somegood/Public/uploads/20171025/59f03428401cb.png_c200x200
INFO: [ app_init ] --START--
INFO: Run Behavior\BuildLiteBehavior [ RunTime:0.000000s ]
INFO: [ app_init ] --END-- [ RunTime:0.000000s ]
ERR: 无法加载模块:Public

[ 2017-12-28T14:50:33+08:00 ] ::1 /somegood/Public/uploads/20171025/59f03684ee092.png,20171025/59f03428401cb.png_c200x200
INFO: [ app_init ] --START--
INFO: Run Behavior\BuildLiteBehavior [ RunTime:0.000000s ]
INFO: [ app_init ] --END-- [ RunTime:0.001000s ]
ERR: 无法加载模块:Public

[ 2017-12-28T14:50:41+08:00 ] ::1 /somegood/Public/statics/shop/js/skin/WdatePicker.css
INFO: [ app_init ] --START--
INFO: Run Behavior\BuildLiteBehavior [ RunTime:0.000000s ]
INFO: [ app_init ] --END-- [ RunTime:0.000000s ]
ERR: 无法加载模块:Public

[ 2017-12-28T14:50:42+08:00 ] ::1 /somegood/Public/statics/shop/js/skin/WdatePicker.css
INFO: [ app_init ] --START--
INFO: Run Behavior\BuildLiteBehavior [ RunTime:0.000000s ]
INFO: [ app_init ] --END-- [ RunTime:0.000000s ]
ERR: 无法加载模块:Public

[ 2017-12-28T14:50:44+08:00 ] ::1 /somegood/Public/uploads/20171025/59f03428401cb.png_c200x200
INFO: [ app_init ] --START--
INFO: Run Behavior\BuildLiteBehavior [ RunTime:0.000000s ]
INFO: [ app_init ] --END-- [ RunTime:0.001000s ]
ERR: 无法加载模块:Public

[ 2017-12-28T14:50:44+08:00 ] ::1 /somegood/Public/uploads/20171025/59f03684ee092.png,20171025/59f03428401cb.png_c200x200
INFO: [ app_init ] --START--
INFO: Run Behavior\BuildLiteBehavior [ RunTime:0.000000s ]
INFO: [ app_init ] --END-- [ RunTime:0.000000s ]
ERR: 无法加载模块:Public

[ 2017-12-28T14:50:52+08:00 ] ::1 /somegood/Public/Uploads/20171025/59f03428401cb.png
INFO: [ app_init ] --START--
INFO: Run Behavior\BuildLiteBehavior [ RunTime:0.000000s ]
INFO: [ app_init ] --END-- [ RunTime:0.000000s ]
ERR: 无法加载模块:Public

[ 2017-12-28T14:50:52+08:00 ] ::1 /somegood/Public/Uploads/20171025/59f03684ee092.png
INFO: [ app_init ] --START--
INFO: Run Behavior\BuildLiteBehavior [ RunTime:0.000000s ]
INFO: [ app_init ] --END-- [ RunTime:0.001001s ]
ERR: 无法加载模块:Public

[ 2017-12-28T14:50:54+08:00 ] ::1 /somegood/Public/uploads/20171025/59f03428401cb.png_c200x200
INFO: [ app_init ] --START--
INFO: Run Behavior\BuildLiteBehavior [ RunTime:0.000000s ]
INFO: [ app_init ] --END-- [ RunTime:0.000000s ]
ERR: 无法加载模块:Public

[ 2017-12-28T14:50:54+08:00 ] ::1 /somegood/Public/uploads/20171025/59f03684ee092.png,20171025/59f03428401cb.png_c200x200
INFO: [ app_init ] --START--
INFO: Run Behavior\BuildLiteBehavior [ RunTime:0.000000s ]
INFO: [ app_init ] --END-- [ RunTime:0.000000s ]
ERR: 无法加载模块:Public

