[ 2018-01-08T11:34:41+08:00 ] ::1 /somegood/Public/uploads/20171025/59f03428401cb.png
INFO: [ app_init ] --START--
INFO: Run Behavior\BuildLiteBehavior [ RunTime:0.000000s ]
INFO: [ app_init ] --END-- [ RunTime:0.000000s ]
ERR: 无法加载模块:Public

[ 2018-01-08T11:34:41+08:00 ] ::1 /somegood/Public/uploads/20171025/59f034284ccee.jpg
INFO: [ app_init ] --START--
INFO: Run Behavior\BuildLiteBehavior [ RunTime:0.000000s ]
INFO: [ app_init ] --END-- [ RunTime:0.000000s ]
ERR: 无法加载模块:Public

[ 2018-01-08T11:34:41+08:00 ] ::1 /somegood/Public/uploads/20171025/59f034285bf22.jpg
INFO: [ app_init ] --START--
INFO: Run Behavior\BuildLiteBehavior [ RunTime:0.000000s ]
INFO: [ app_init ] --END-- [ RunTime:0.000000s ]
ERR: 无法加载模块:Public

[ 2018-01-08T11:34:41+08:00 ] ::1 /somegood/Public/uploads/20171219/5a38b892d2612.JPG_c200x200
INFO: [ app_init ] --START--
INFO: Run Behavior\BuildLiteBehavior [ RunTime:0.000000s ]
INFO: [ app_init ] --END-- [ RunTime:0.000000s ]
ERR: 无法加载模块:Public

[ 2018-01-08T11:34:41+08:00 ] ::1 /somegood/Public/uploads/20171025/59f03428401cb.png
INFO: [ app_init ] --START--
INFO: Run Behavior\BuildLiteBehavior [ RunTime:0.000000s ]
INFO: [ app_init ] --END-- [ RunTime:0.000000s ]
ERR: 无法加载模块:Public

[ 2018-01-08T11:34:46+08:00 ] ::1 /somegood/Public/uploads/20171025/59f03428401cb.png
INFO: [ app_init ] --START--
INFO: Run Behavior\BuildLiteBehavior [ RunTime:0.000000s ]
INFO: [ app_init ] --END-- [ RunTime:0.000000s ]
ERR: 无法加载模块:Public

[ 2018-01-08T11:34:46+08:00 ] ::1 /somegood/Public/uploads/20171025/59f034284ccee.jpg
INFO: [ app_init ] --START--
INFO: Run Behavior\BuildLiteBehavior [ RunTime:0.000000s ]
INFO: [ app_init ] --END-- [ RunTime:0.000000s ]
ERR: 无法加载模块:Public

[ 2018-01-08T11:34:46+08:00 ] ::1 /somegood/Public/uploads/20171025/59f034285bf22.jpg
INFO: [ app_init ] --START--
INFO: Run Behavior\BuildLiteBehavior [ RunTime:0.000000s ]
INFO: [ app_init ] --END-- [ RunTime:0.001000s ]
ERR: 无法加载模块:Public

[ 2018-01-08T11:34:46+08:00 ] ::1 /somegood/Public/uploads/20171219/5a38b892d2612.JPG_c200x200
INFO: [ app_init ] --START--
INFO: Run Behavior\BuildLiteBehavior [ RunTime:0.000000s ]
INFO: [ app_init ] --END-- [ RunTime:0.001000s ]
ERR: 无法加载模块:Public

[ 2018-01-08T11:34:46+08:00 ] ::1 /somegood/Public/uploads/20171025/59f034284ccee.jpg
INFO: [ app_init ] --START--
INFO: Run Behavior\BuildLiteBehavior [ RunTime:0.000000s ]
INFO: [ app_init ] --END-- [ RunTime:0.001000s ]
ERR: 无法加载模块:Public

[ 2018-01-08T11:34:46+08:00 ] ::1 /somegood/Public/uploads/20171025/59f03428401cb.png
INFO: [ app_init ] --START--
INFO: Run Behavior\BuildLiteBehavior [ RunTime:0.000000s ]
INFO: [ app_init ] --END-- [ RunTime:0.000000s ]
ERR: 无法加载模块:Public

[ 2018-01-08T11:37:59+08:00 ] ::1 /somegood/Public/uploads/20171201/thumb_5a213be504d0e.png_c200x200
INFO: [ app_init ] --START--
INFO: Run Behavior\BuildLiteBehavior [ RunTime:0.000000s ]
INFO: [ app_init ] --END-- [ RunTime:0.000000s ]
ERR: 无法加载模块:Public

[ 2018-01-08T11:37:59+08:00 ] ::1 /somegood/Public/uploads/20171225/thumb_5a405aa7b5958.png_c200x200
INFO: [ app_init ] --START--
INFO: Run Behavior\BuildLiteBehavior [ RunTime:0.000000s ]
INFO: [ app_init ] --END-- [ RunTime:0.000000s ]
ERR: 无法加载模块:Public

[ 2018-01-08T11:37:59+08:00 ] ::1 /somegood/Public/uploads/20180102/thumb_5a4aefa13c146.png_c200x200
INFO: [ app_init ] --START--
INFO: Run Behavior\BuildLiteBehavior [ RunTime:0.000000s ]
INFO: [ app_init ] --END-- [ RunTime:0.000000s ]
ERR: 无法加载模块:Public

[ 2018-01-08T11:37:59+08:00 ] ::1 /somegood/Public/uploads/20180102/5a4b36331b83e.png_c200x200
INFO: [ app_init ] --START--
INFO: Run Behavior\BuildLiteBehavior [ RunTime:0.000000s ]
INFO: [ app_init ] --END-- [ RunTime:0.000000s ]
ERR: 无法加载模块:Public

[ 2018-01-08T11:37:59+08:00 ] ::1 /somegood/Public/uploads/20180102/5a4b36a77c9dd.png_c200x200
INFO: [ app_init ] --START--
INFO: Run Behavior\BuildLiteBehavior [ RunTime:0.000000s ]
INFO: [ app_init ] --END-- [ RunTime:0.000000s ]
ERR: 无法加载模块:Public

[ 2018-01-08T11:38:03+08:00 ] ::1 /somegood/Public/uploads/20180102/5a4b36a77c9dd.png_c200x200
INFO: [ app_init ] --START--
INFO: Run Behavior\BuildLiteBehavior [ RunTime:0.000000s ]
INFO: [ app_init ] --END-- [ RunTime:0.000000s ]
ERR: 无法加载模块:Public

[ 2018-01-08T11:38:03+08:00 ] ::1 /somegood/Public/uploads/20171201/thumb_5a213be504d0e.png_c200x200
INFO: [ app_init ] --START--
INFO: Run Behavior\BuildLiteBehavior [ RunTime:0.000000s ]
INFO: [ app_init ] --END-- [ RunTime:0.001000s ]
ERR: 无法加载模块:Public

[ 2018-01-08T11:38:04+08:00 ] ::1 /somegood/Public/uploads/20180102/5a4b36a77c9dd.png_c200x200
INFO: [ app_init ] --START--
INFO: Run Behavior\BuildLiteBehavior [ RunTime:0.000000s ]
INFO: [ app_init ] --END-- [ RunTime:0.001000s ]
ERR: 无法加载模块:Public

[ 2018-01-08T11:38:04+08:00 ] ::1 /somegood/Public/uploads/20171201/thumb_5a213be504d0e.png_c200x200
INFO: [ app_init ] --START--
INFO: Run Behavior\BuildLiteBehavior [ RunTime:0.000000s ]
INFO: [ app_init ] --END-- [ RunTime:0.001000s ]
ERR: 无法加载模块:Public

[ 2018-01-08T11:38:04+08:00 ] ::1 /somegood/Public/uploads/20171225/thumb_5a405aa7b5958.png_c200x200
INFO: [ app_init ] --START--
INFO: Run Behavior\BuildLiteBehavior [ RunTime:0.000000s ]
INFO: [ app_init ] --END-- [ RunTime:0.000000s ]
ERR: 无法加载模块:Public

[ 2018-01-08T11:38:04+08:00 ] ::1 /somegood/Public/uploads/20180102/thumb_5a4aefa13c146.png_c200x200
INFO: [ app_init ] --START--
INFO: Run Behavior\BuildLiteBehavior [ RunTime:0.000000s ]
INFO: [ app_init ] --END-- [ RunTime:0.000000s ]
ERR: 无法加载模块:Public

[ 2018-01-08T11:38:04+08:00 ] ::1 /somegood/Public/uploads/20180102/5a4b36331b83e.png_c200x200
INFO: [ app_init ] --START--
INFO: Run Behavior\BuildLiteBehavior [ RunTime:0.000000s ]
INFO: [ app_init ] --END-- [ RunTime:0.001000s ]
ERR: 无法加载模块:Public

[ 2018-01-08T11:38:16+08:00 ] ::1 /somegood/Public/uploads/20171025/59f03428401cb.png
INFO: [ app_init ] --START--
INFO: Run Behavior\BuildLiteBehavior [ RunTime:0.000000s ]
INFO: [ app_init ] --END-- [ RunTime:0.000000s ]
ERR: 无法加载模块:Public

[ 2018-01-08T11:38:16+08:00 ] ::1 /somegood/Public/uploads/20171025/59f034284ccee.jpg
INFO: [ app_init ] --START--
INFO: Run Behavior\BuildLiteBehavior [ RunTime:0.000000s ]
INFO: [ app_init ] --END-- [ RunTime:0.000000s ]
ERR: 无法加载模块:Public

[ 2018-01-08T11:38:16+08:00 ] ::1 /somegood/Public/uploads/20171025/59f034285bf22.jpg
INFO: [ app_init ] --START--
INFO: Run Behavior\BuildLiteBehavior [ RunTime:0.000000s ]
INFO: [ app_init ] --END-- [ RunTime:0.000000s ]
ERR: 无法加载模块:Public

[ 2018-01-08T11:38:16+08:00 ] ::1 /somegood/Public/uploads/20171219/5a38b892d2612.JPG_c200x200
INFO: [ app_init ] --START--
INFO: Run Behavior\BuildLiteBehavior [ RunTime:0.000000s ]
INFO: [ app_init ] --END-- [ RunTime:0.000000s ]
ERR: 无法加载模块:Public

[ 2018-01-08T11:38:17+08:00 ] ::1 /somegood/Public/uploads/20171025/59f034284ccee.jpg
INFO: [ app_init ] --START--
INFO: Run Behavior\BuildLiteBehavior [ RunTime:0.000000s ]
INFO: [ app_init ] --END-- [ RunTime:0.000000s ]
ERR: 无法加载模块:Public

[ 2018-01-08T11:38:17+08:00 ] ::1 /somegood/Public/uploads/20171025/59f03428401cb.png
INFO: [ app_init ] --START--
INFO: Run Behavior\BuildLiteBehavior [ RunTime:0.000000s ]
INFO: [ app_init ] --END-- [ RunTime:0.001000s ]
ERR: 无法加载模块:Public

[ 2018-01-08T11:38:49+08:00 ] ::1 /somegood/Public/uploads/20171204/5a24bd51587aa.JPG_c200x200
INFO: [ app_init ] --START--
INFO: Run Behavior\BuildLiteBehavior [ RunTime:0.000000s ]
INFO: [ app_init ] --END-- [ RunTime:0.001000s ]
ERR: 无法加载模块:Public

[ 2018-01-08T11:38:49+08:00 ] ::1 /somegood/Public/uploads/20171025/59f03428401cb.png_c200x200
INFO: [ app_init ] --START--
INFO: Run Behavior\BuildLiteBehavior [ RunTime:0.000000s ]
INFO: [ app_init ] --END-- [ RunTime:0.000000s ]
ERR: 无法加载模块:Public

[ 2018-01-08T11:38:54+08:00 ] ::1 /somegood/Public/uploads/20170829/yundonghuwai.jpg
INFO: [ app_init ] --START--
INFO: Run Behavior\BuildLiteBehavior [ RunTime:0.000000s ]
INFO: [ app_init ] --END-- [ RunTime:0.000000s ]
ERR: 无法加载模块:Public

[ 2018-01-08T11:38:55+08:00 ] ::1 /somegood/Public/uploads/20170829/jiajushipin.jpg
INFO: [ app_init ] --START--
INFO: Run Behavior\BuildLiteBehavior [ RunTime:0.000000s ]
INFO: [ app_init ] --END-- [ RunTime:0.000000s ]
ERR: 无法加载模块:Public

[ 2018-01-08T11:38:55+08:00 ] ::1 /somegood/Public/uploads/20170829/yinxiangyishupin.jpg
INFO: [ app_init ] --START--
INFO: Run Behavior\BuildLiteBehavior [ RunTime:0.000000s ]
INFO: [ app_init ] --END-- [ RunTime:0.000000s ]
ERR: 无法加载模块:Public

[ 2018-01-08T11:38:55+08:00 ] ::1 /somegood/Public/uploads/20170829/ertongwanju.jpg
INFO: [ app_init ] --START--
INFO: Run Behavior\BuildLiteBehavior [ RunTime:0.000000s ]
INFO: [ app_init ] --END-- [ RunTime:0.001000s ]
ERR: 无法加载模块:Public

[ 2018-01-08T11:38:55+08:00 ] ::1 /somegood/Public/uploads/20170829/meizhuang.jpg
INFO: [ app_init ] --START--
INFO: Run Behavior\BuildLiteBehavior [ RunTime:0.000000s ]
INFO: [ app_init ] --END-- [ RunTime:0.000000s ]
ERR: 无法加载模块:Public

[ 2018-01-08T11:38:58+08:00 ] ::1 /somegood/Public/uploads/20180102/5a4b36a77c9dd.png_c200x200
INFO: [ app_init ] --START--
INFO: Run Behavior\BuildLiteBehavior [ RunTime:0.000000s ]
INFO: [ app_init ] --END-- [ RunTime:0.001000s ]
ERR: 无法加载模块:Public

[ 2018-01-08T11:38:58+08:00 ] ::1 /somegood/Public/uploads/20171025/59f03684ee092.png_c200x200
INFO: [ app_init ] --START--
INFO: Run Behavior\BuildLiteBehavior [ RunTime:0.000000s ]
INFO: [ app_init ] --END-- [ RunTime:0.000000s ]
ERR: 无法加载模块:Public

[ 2018-01-08T11:39:00+08:00 ] ::1 /somegood/Public/uploads/20171025/59f03428401cb.png
INFO: [ app_init ] --START--
INFO: Run Behavior\BuildLiteBehavior [ RunTime:0.000000s ]
INFO: [ app_init ] --END-- [ RunTime:0.001000s ]
ERR: 无法加载模块:Public

[ 2018-01-08T11:39:00+08:00 ] ::1 /somegood/Public/uploads/20171025/59f034284ccee.jpg
INFO: [ app_init ] --START--
INFO: Run Behavior\BuildLiteBehavior [ RunTime:0.000000s ]
INFO: [ app_init ] --END-- [ RunTime:0.000000s ]
ERR: 无法加载模块:Public

[ 2018-01-08T11:39:00+08:00 ] ::1 /somegood/Public/uploads/20171025/59f034285bf22.jpg
INFO: [ app_init ] --START--
INFO: Run Behavior\BuildLiteBehavior [ RunTime:0.000000s ]
INFO: [ app_init ] --END-- [ RunTime:0.000000s ]
ERR: 无法加载模块:Public

[ 2018-01-08T11:39:00+08:00 ] ::1 /somegood/Public/uploads/20171219/5a38b892d2612.JPG_c200x200
INFO: [ app_init ] --START--
INFO: Run Behavior\BuildLiteBehavior [ RunTime:0.000000s ]
INFO: [ app_init ] --END-- [ RunTime:0.001000s ]
ERR: 无法加载模块:Public

[ 2018-01-08T11:39:00+08:00 ] ::1 /somegood/Public/uploads/20171025/59f03428401cb.png
INFO: [ app_init ] --START--
INFO: Run Behavior\BuildLiteBehavior [ RunTime:0.000000s ]
INFO: [ app_init ] --END-- [ RunTime:0.001000s ]
ERR: 无法加载模块:Public

[ 2018-01-08T11:39:00+08:00 ] ::1 /somegood/Public/uploads/20171025/59f034284ccee.jpg
INFO: [ app_init ] --START--
INFO: Run Behavior\BuildLiteBehavior [ RunTime:0.000000s ]
INFO: [ app_init ] --END-- [ RunTime:0.001000s ]
ERR: 无法加载模块:Public

[ 2018-01-08T11:40:42+08:00 ] ::1 /somegood/Public/uploads/20180102/5a4b36a77c9dd.png_c200x200
INFO: [ app_init ] --START--
INFO: Run Behavior\BuildLiteBehavior [ RunTime:0.000000s ]
INFO: [ app_init ] --END-- [ RunTime:0.000000s ]
ERR: 无法加载模块:Public

[ 2018-01-08T11:40:42+08:00 ] ::1 /somegood/Public/uploads/20171201/thumb_5a213be504d0e.png_c200x200
INFO: [ app_init ] --START--
INFO: Run Behavior\BuildLiteBehavior [ RunTime:0.000000s ]
INFO: [ app_init ] --END-- [ RunTime:0.001000s ]
ERR: 无法加载模块:Public

[ 2018-01-08T11:40:42+08:00 ] ::1 /somegood/Public/uploads/20171225/thumb_5a405aa7b5958.png_c200x200
INFO: [ app_init ] --START--
INFO: Run Behavior\BuildLiteBehavior [ RunTime:0.000000s ]
INFO: [ app_init ] --END-- [ RunTime:0.001000s ]
ERR: 无法加载模块:Public

[ 2018-01-08T11:40:42+08:00 ] ::1 /somegood/Public/uploads/20180102/thumb_5a4aefa13c146.png_c200x200
INFO: [ app_init ] --START--
INFO: Run Behavior\BuildLiteBehavior [ RunTime:0.000000s ]
INFO: [ app_init ] --END-- [ RunTime:0.001000s ]
ERR: 无法加载模块:Public

[ 2018-01-08T11:40:42+08:00 ] ::1 /somegood/Public/uploads/20180102/5a4b36331b83e.png_c200x200
INFO: [ app_init ] --START--
INFO: Run Behavior\BuildLiteBehavior [ RunTime:0.000000s ]
INFO: [ app_init ] --END-- [ RunTime:0.000000s ]
ERR: 无法加载模块:Public

[ 2018-01-08T11:40:44+08:00 ] ::1 /somegood/Public/uploads/20171025/59f03428401cb.png
INFO: [ app_init ] --START--
INFO: Run Behavior\BuildLiteBehavior [ RunTime:0.000000s ]
INFO: [ app_init ] --END-- [ RunTime:0.001000s ]
ERR: 无法加载模块:Public

[ 2018-01-08T11:40:44+08:00 ] ::1 /somegood/Public/uploads/20171025/59f034284ccee.jpg
INFO: [ app_init ] --START--
INFO: Run Behavior\BuildLiteBehavior [ RunTime:0.000000s ]
INFO: [ app_init ] --END-- [ RunTime:0.000000s ]
ERR: 无法加载模块:Public

[ 2018-01-08T11:40:44+08:00 ] ::1 /somegood/Public/uploads/20171025/59f034285bf22.jpg
INFO: [ app_init ] --START--
INFO: Run Behavior\BuildLiteBehavior [ RunTime:0.000000s ]
INFO: [ app_init ] --END-- [ RunTime:0.001001s ]
ERR: 无法加载模块:Public

[ 2018-01-08T11:40:44+08:00 ] ::1 /somegood/Public/uploads/20171219/5a38b892d2612.JPG_c200x200
INFO: [ app_init ] --START--
INFO: Run Behavior\BuildLiteBehavior [ RunTime:0.000000s ]
INFO: [ app_init ] --END-- [ RunTime:0.000000s ]
ERR: 无法加载模块:Public

[ 2018-01-08T11:40:44+08:00 ] ::1 /somegood/Public/uploads/20171025/59f03428401cb.png
INFO: [ app_init ] --START--
INFO: Run Behavior\BuildLiteBehavior [ RunTime:0.000000s ]
INFO: [ app_init ] --END-- [ RunTime:0.000000s ]
ERR: 无法加载模块:Public

[ 2018-01-08T11:45:23+08:00 ] ::1 /somegood/Public/uploads/20171025/59f03428401cb.png
INFO: [ app_init ] --START--
INFO: Run Behavior\BuildLiteBehavior [ RunTime:0.000000s ]
INFO: [ app_init ] --END-- [ RunTime:0.000000s ]
ERR: 无法加载模块:Public

[ 2018-01-08T11:45:23+08:00 ] ::1 /somegood/Public/uploads/20171025/59f034284ccee.jpg
INFO: [ app_init ] --START--
INFO: Run Behavior\BuildLiteBehavior [ RunTime:0.000000s ]
INFO: [ app_init ] --END-- [ RunTime:0.001000s ]
ERR: 无法加载模块:Public

[ 2018-01-08T11:45:23+08:00 ] ::1 /somegood/Public/uploads/20171025/59f034285bf22.jpg
INFO: [ app_init ] --START--
INFO: Run Behavior\BuildLiteBehavior [ RunTime:0.000000s ]
INFO: [ app_init ] --END-- [ RunTime:0.001000s ]
ERR: 无法加载模块:Public

[ 2018-01-08T11:45:23+08:00 ] ::1 /somegood/Public/uploads/20171219/5a38b892d2612.JPG_c200x200
INFO: [ app_init ] --START--
INFO: Run Behavior\BuildLiteBehavior [ RunTime:0.000000s ]
INFO: [ app_init ] --END-- [ RunTime:0.000000s ]
ERR: 无法加载模块:Public

[ 2018-01-08T11:45:23+08:00 ] ::1 /somegood/Public/uploads/20171025/59f03428401cb.png
INFO: [ app_init ] --START--
INFO: Run Behavior\BuildLiteBehavior [ RunTime:0.000000s ]
INFO: [ app_init ] --END-- [ RunTime:0.000000s ]
ERR: 无法加载模块:Public

[ 2018-01-08T11:49:33+08:00 ] ::1 /somegood/Public/uploads/20171025/59f03428401cb.png
INFO: [ app_init ] --START--
INFO: Run Behavior\BuildLiteBehavior [ RunTime:0.000000s ]
INFO: [ app_init ] --END-- [ RunTime:0.000000s ]
ERR: 无法加载模块:Public

[ 2018-01-08T11:49:33+08:00 ] ::1 /somegood/Public/uploads/20171025/59f034284ccee.jpg
INFO: [ app_init ] --START--
INFO: Run Behavior\BuildLiteBehavior [ RunTime:0.000000s ]
INFO: [ app_init ] --END-- [ RunTime:0.000000s ]
ERR: 无法加载模块:Public

[ 2018-01-08T11:49:33+08:00 ] ::1 /somegood/Public/uploads/20171025/59f034285bf22.jpg
INFO: [ app_init ] --START--
INFO: Run Behavior\BuildLiteBehavior [ RunTime:0.000000s ]
INFO: [ app_init ] --END-- [ RunTime:0.000000s ]
ERR: 无法加载模块:Public

[ 2018-01-08T11:49:33+08:00 ] ::1 /somegood/Public/uploads/20171219/5a38b892d2612.JPG_c200x200
INFO: [ app_init ] --START--
INFO: Run Behavior\BuildLiteBehavior [ RunTime:0.000000s ]
INFO: [ app_init ] --END-- [ RunTime:0.000000s ]
ERR: 无法加载模块:Public

[ 2018-01-08T11:49:33+08:00 ] ::1 /somegood/Public/uploads/20171025/59f03428401cb.png
INFO: [ app_init ] --START--
INFO: Run Behavior\BuildLiteBehavior [ RunTime:0.000000s ]
INFO: [ app_init ] --END-- [ RunTime:0.001000s ]
ERR: 无法加载模块:Public

[ 2018-01-08T11:49:37+08:00 ] ::1 /somegood/Public/uploads/20180102/5a4b36a77c9dd.png_c200x200
INFO: [ app_init ] --START--
INFO: Run Behavior\BuildLiteBehavior [ RunTime:0.000000s ]
INFO: [ app_init ] --END-- [ RunTime:0.000000s ]
ERR: 无法加载模块:Public

[ 2018-01-08T11:49:37+08:00 ] ::1 /somegood/Public/uploads/20171201/thumb_5a213be504d0e.png_c200x200
INFO: [ app_init ] --START--
INFO: Run Behavior\BuildLiteBehavior [ RunTime:0.000000s ]
INFO: [ app_init ] --END-- [ RunTime:0.000000s ]
ERR: 无法加载模块:Public

[ 2018-01-08T11:49:37+08:00 ] ::1 /somegood/Public/uploads/20171225/thumb_5a405aa7b5958.png_c200x200
INFO: [ app_init ] --START--
INFO: Run Behavior\BuildLiteBehavior [ RunTime:0.000000s ]
INFO: [ app_init ] --END-- [ RunTime:0.001000s ]
ERR: 无法加载模块:Public

[ 2018-01-08T11:49:37+08:00 ] ::1 /somegood/Public/uploads/20180102/thumb_5a4aefa13c146.png_c200x200
INFO: [ app_init ] --START--
INFO: Run Behavior\BuildLiteBehavior [ RunTime:0.001000s ]
INFO: [ app_init ] --END-- [ RunTime:0.001000s ]
ERR: 无法加载模块:Public

[ 2018-01-08T11:49:37+08:00 ] ::1 /somegood/Public/uploads/20180102/5a4b36331b83e.png_c200x200
INFO: [ app_init ] --START--
INFO: Run Behavior\BuildLiteBehavior [ RunTime:0.000000s ]
INFO: [ app_init ] --END-- [ RunTime:0.000000s ]
ERR: 无法加载模块:Public

[ 2018-01-08T11:49:38+08:00 ] ::1 /somegood/Public/uploads/20170829/yundonghuwai.jpg
INFO: [ app_init ] --START--
INFO: Run Behavior\BuildLiteBehavior [ RunTime:0.000000s ]
INFO: [ app_init ] --END-- [ RunTime:0.000000s ]
ERR: 无法加载模块:Public

[ 2018-01-08T11:49:38+08:00 ] ::1 /somegood/Public/uploads/20170829/meizhuang.jpg
INFO: [ app_init ] --START--
INFO: Run Behavior\BuildLiteBehavior [ RunTime:0.000000s ]
INFO: [ app_init ] --END-- [ RunTime:0.000000s ]
ERR: 无法加载模块:Public

[ 2018-01-08T11:49:38+08:00 ] ::1 /somegood/Public/uploads/20170829/ertongwanju.jpg
INFO: [ app_init ] --START--
INFO: Run Behavior\BuildLiteBehavior [ RunTime:0.000000s ]
INFO: [ app_init ] --END-- [ RunTime:0.000000s ]
ERR: 无法加载模块:Public

[ 2018-01-08T11:49:38+08:00 ] ::1 /somegood/Public/uploads/20170829/yinxiangyishupin.jpg
INFO: [ app_init ] --START--
INFO: Run Behavior\BuildLiteBehavior [ RunTime:0.000000s ]
INFO: [ app_init ] --END-- [ RunTime:0.001000s ]
ERR: 无法加载模块:Public

[ 2018-01-08T11:49:38+08:00 ] ::1 /somegood/Public/uploads/20170829/jiajushipin.jpg
INFO: [ app_init ] --START--
INFO: Run Behavior\BuildLiteBehavior [ RunTime:0.000000s ]
INFO: [ app_init ] --END-- [ RunTime:0.000000s ]
ERR: 无法加载模块:Public

[ 2018-01-08T11:49:40+08:00 ] ::1 /somegood/Public/uploads/20171025/59f03684ee092.png_c200x200
INFO: [ app_init ] --START--
INFO: Run Behavior\BuildLiteBehavior [ RunTime:0.000000s ]
INFO: [ app_init ] --END-- [ RunTime:0.001000s ]
ERR: 无法加载模块:Public

[ 2018-01-08T11:49:40+08:00 ] ::1 /somegood/Public/uploads/20180102/5a4b36a77c9dd.png_c200x200
INFO: [ app_init ] --START--
INFO: Run Behavior\BuildLiteBehavior [ RunTime:0.000000s ]
INFO: [ app_init ] --END-- [ RunTime:0.001000s ]
ERR: 无法加载模块:Public

[ 2018-01-08T11:49:41+08:00 ] ::1 /somegood/Public/uploads/20171025/59f03428401cb.png
INFO: [ app_init ] --START--
INFO: Run Behavior\BuildLiteBehavior [ RunTime:0.000000s ]
INFO: [ app_init ] --END-- [ RunTime:0.000000s ]
ERR: 无法加载模块:Public

[ 2018-01-08T11:49:41+08:00 ] ::1 /somegood/Public/uploads/20171025/59f034285bf22.jpg
INFO: [ app_init ] --START--
INFO: Run Behavior\BuildLiteBehavior [ RunTime:0.000000s ]
INFO: [ app_init ] --END-- [ RunTime:0.000000s ]
ERR: 无法加载模块:Public

[ 2018-01-08T11:49:41+08:00 ] ::1 /somegood/Public/uploads/20171025/59f034284ccee.jpg
INFO: [ app_init ] --START--
INFO: Run Behavior\BuildLiteBehavior [ RunTime:0.000000s ]
INFO: [ app_init ] --END-- [ RunTime:0.000000s ]
ERR: 无法加载模块:Public

[ 2018-01-08T11:49:41+08:00 ] ::1 /somegood/Public/uploads/20171219/5a38b892d2612.JPG_c200x200
INFO: [ app_init ] --START--
INFO: Run Behavior\BuildLiteBehavior [ RunTime:0.000000s ]
INFO: [ app_init ] --END-- [ RunTime:0.000000s ]
ERR: 无法加载模块:Public

[ 2018-01-08T11:49:51+08:00 ] ::1 /somegood/Public/uploads/20170829/yundonghuwai.jpg
INFO: [ app_init ] --START--
INFO: Run Behavior\BuildLiteBehavior [ RunTime:0.000000s ]
INFO: [ app_init ] --END-- [ RunTime:0.000000s ]
ERR: 无法加载模块:Public

[ 2018-01-08T11:49:51+08:00 ] ::1 /somegood/Public/uploads/20170829/jiajushipin.jpg
INFO: [ app_init ] --START--
INFO: Run Behavior\BuildLiteBehavior [ RunTime:0.000000s ]
INFO: [ app_init ] --END-- [ RunTime:0.000000s ]
ERR: 无法加载模块:Public

[ 2018-01-08T11:49:51+08:00 ] ::1 /somegood/Public/uploads/20170829/meizhuang.jpg
INFO: [ app_init ] --START--
INFO: Run Behavior\BuildLiteBehavior [ RunTime:0.000000s ]
INFO: [ app_init ] --END-- [ RunTime:0.000000s ]
ERR: 无法加载模块:Public

[ 2018-01-08T11:49:51+08:00 ] ::1 /somegood/Public/uploads/20170829/yinxiangyishupin.jpg
INFO: [ app_init ] --START--
INFO: Run Behavior\BuildLiteBehavior [ RunTime:0.000000s ]
INFO: [ app_init ] --END-- [ RunTime:0.000000s ]
ERR: 无法加载模块:Public

[ 2018-01-08T11:49:51+08:00 ] ::1 /somegood/Public/uploads/20170829/ertongwanju.jpg
INFO: [ app_init ] --START--
INFO: Run Behavior\BuildLiteBehavior [ RunTime:0.000000s ]
INFO: [ app_init ] --END-- [ RunTime:0.000000s ]
ERR: 无法加载模块:Public

[ 2018-01-08T11:49:53+08:00 ] ::1 /somegood/Public/uploads/20180102/5a4b36a77c9dd.png_c200x200
INFO: [ app_init ] --START--
INFO: Run Behavior\BuildLiteBehavior [ RunTime:0.000000s ]
INFO: [ app_init ] --END-- [ RunTime:0.000000s ]
ERR: 无法加载模块:Public

[ 2018-01-08T11:49:53+08:00 ] ::1 /somegood/Public/uploads/20171025/59f03684ee092.png_c200x200
INFO: [ app_init ] --START--
INFO: Run Behavior\BuildLiteBehavior [ RunTime:0.000000s ]
INFO: [ app_init ] --END-- [ RunTime:0.000000s ]
ERR: 无法加载模块:Public

[ 2018-01-08T11:49:54+08:00 ] ::1 /somegood/Public/uploads/20171025/59f03428401cb.png
INFO: [ app_init ] --START--
INFO: Run Behavior\BuildLiteBehavior [ RunTime:0.000000s ]
INFO: [ app_init ] --END-- [ RunTime:0.000000s ]
ERR: 无法加载模块:Public

[ 2018-01-08T11:49:54+08:00 ] ::1 /somegood/Public/uploads/20171025/59f034284ccee.jpg
INFO: [ app_init ] --START--
INFO: Run Behavior\BuildLiteBehavior [ RunTime:0.000000s ]
INFO: [ app_init ] --END-- [ RunTime:0.000000s ]
ERR: 无法加载模块:Public

[ 2018-01-08T11:49:54+08:00 ] ::1 /somegood/Public/uploads/20171025/59f034285bf22.jpg
INFO: [ app_init ] --START--
INFO: Run Behavior\BuildLiteBehavior [ RunTime:0.000000s ]
INFO: [ app_init ] --END-- [ RunTime:0.000000s ]
ERR: 无法加载模块:Public

[ 2018-01-08T11:49:54+08:00 ] ::1 /somegood/Public/uploads/20171219/5a38b892d2612.JPG_c200x200
INFO: [ app_init ] --START--
INFO: Run Behavior\BuildLiteBehavior [ RunTime:0.000000s ]
INFO: [ app_init ] --END-- [ RunTime:0.001000s ]
ERR: 无法加载模块:Public

[ 2018-01-08T11:49:54+08:00 ] ::1 /somegood/Public/uploads/20171025/59f034284ccee.jpg
INFO: [ app_init ] --START--
INFO: Run Behavior\BuildLiteBehavior [ RunTime:0.000000s ]
INFO: [ app_init ] --END-- [ RunTime:0.000000s ]
ERR: 无法加载模块:Public

[ 2018-01-08T11:49:54+08:00 ] ::1 /somegood/Public/uploads/20171025/59f03428401cb.png
INFO: [ app_init ] --START--
INFO: Run Behavior\BuildLiteBehavior [ RunTime:0.000000s ]
INFO: [ app_init ] --END-- [ RunTime:0.000000s ]
ERR: 无法加载模块:Public

[ 2018-01-08T11:49:56+08:00 ] ::1 /somegood/Public/uploads/20171204/5a24bd51587aa.JPG_c200x200
INFO: [ app_init ] --START--
INFO: Run Behavior\BuildLiteBehavior [ RunTime:0.000000s ]
INFO: [ app_init ] --END-- [ RunTime:0.000000s ]
ERR: 无法加载模块:Public

[ 2018-01-08T11:49:56+08:00 ] ::1 /somegood/Public/uploads/20171025/59f03428401cb.png_c200x200
INFO: [ app_init ] --START--
INFO: Run Behavior\BuildLiteBehavior [ RunTime:0.000000s ]
INFO: [ app_init ] --END-- [ RunTime:0.000000s ]
ERR: 无法加载模块:Public

[ 2018-01-08T11:49:57+08:00 ] ::1 /somegood/Public/uploads/20170829/yundonghuwai.jpg
INFO: [ app_init ] --START--
INFO: Run Behavior\BuildLiteBehavior [ RunTime:0.000000s ]
INFO: [ app_init ] --END-- [ RunTime:0.000000s ]
ERR: 无法加载模块:Public

[ 2018-01-08T11:49:57+08:00 ] ::1 /somegood/Public/uploads/20170829/jiajushipin.jpg
INFO: [ app_init ] --START--
INFO: Run Behavior\BuildLiteBehavior [ RunTime:0.000000s ]
INFO: [ app_init ] --END-- [ RunTime:0.001000s ]
ERR: 无法加载模块:Public

[ 2018-01-08T11:49:57+08:00 ] ::1 /somegood/Public/uploads/20170829/meizhuang.jpg
INFO: [ app_init ] --START--
INFO: Run Behavior\BuildLiteBehavior [ RunTime:0.000000s ]
INFO: [ app_init ] --END-- [ RunTime:0.000000s ]
ERR: 无法加载模块:Public

[ 2018-01-08T11:49:57+08:00 ] ::1 /somegood/Public/uploads/20170829/ertongwanju.jpg
INFO: [ app_init ] --START--
INFO: Run Behavior\BuildLiteBehavior [ RunTime:0.000000s ]
INFO: [ app_init ] --END-- [ RunTime:0.000000s ]
ERR: 无法加载模块:Public

[ 2018-01-08T11:49:57+08:00 ] ::1 /somegood/Public/uploads/20170829/yinxiangyishupin.jpg
INFO: [ app_init ] --START--
INFO: Run Behavior\BuildLiteBehavior [ RunTime:0.000000s ]
INFO: [ app_init ] --END-- [ RunTime:0.001000s ]
ERR: 无法加载模块:Public

[ 2018-01-08T11:49:59+08:00 ] ::1 /somegood/Public/uploads/20180102/5a4b36a77c9dd.png_c200x200
INFO: [ app_init ] --START--
INFO: Run Behavior\BuildLiteBehavior [ RunTime:0.000000s ]
INFO: [ app_init ] --END-- [ RunTime:0.000000s ]
ERR: 无法加载模块:Public

[ 2018-01-08T11:49:59+08:00 ] ::1 /somegood/Public/uploads/20171025/59f03684ee092.png_c200x200
INFO: [ app_init ] --START--
INFO: Run Behavior\BuildLiteBehavior [ RunTime:0.000000s ]
INFO: [ app_init ] --END-- [ RunTime:0.000000s ]
ERR: 无法加载模块:Public

[ 2018-01-08T11:50:00+08:00 ] ::1 /somegood/Public/uploads/20171025/59f03428401cb.png
INFO: [ app_init ] --START--
INFO: Run Behavior\BuildLiteBehavior [ RunTime:0.000000s ]
INFO: [ app_init ] --END-- [ RunTime:0.001000s ]
ERR: 无法加载模块:Public

[ 2018-01-08T11:50:00+08:00 ] ::1 /somegood/Public/uploads/20171025/59f034284ccee.jpg
INFO: [ app_init ] --START--
INFO: Run Behavior\BuildLiteBehavior [ RunTime:0.000000s ]
INFO: [ app_init ] --END-- [ RunTime:0.000000s ]
ERR: 无法加载模块:Public

[ 2018-01-08T11:50:00+08:00 ] ::1 /somegood/Public/uploads/20171025/59f034285bf22.jpg
INFO: [ app_init ] --START--
INFO: Run Behavior\BuildLiteBehavior [ RunTime:0.000000s ]
INFO: [ app_init ] --END-- [ RunTime:0.000000s ]
ERR: 无法加载模块:Public

[ 2018-01-08T11:50:00+08:00 ] ::1 /somegood/Public/uploads/20171219/5a38b892d2612.JPG_c200x200
INFO: [ app_init ] --START--
INFO: Run Behavior\BuildLiteBehavior [ RunTime:0.000000s ]
INFO: [ app_init ] --END-- [ RunTime:0.001000s ]
ERR: 无法加载模块:Public

[ 2018-01-08T11:50:00+08:00 ] ::1 /somegood/Public/uploads/20171025/59f03428401cb.png
INFO: [ app_init ] --START--
INFO: Run Behavior\BuildLiteBehavior [ RunTime:0.000000s ]
INFO: [ app_init ] --END-- [ RunTime:0.000000s ]
ERR: 无法加载模块:Public

[ 2018-01-08T11:50:00+08:00 ] ::1 /somegood/Public/uploads/20171025/59f034284ccee.jpg
INFO: [ app_init ] --START--
INFO: Run Behavior\BuildLiteBehavior [ RunTime:0.000000s ]
INFO: [ app_init ] --END-- [ RunTime:0.000000s ]
ERR: 无法加载模块:Public

[ 2018-01-08T11:50:49+08:00 ] ::1 /somegood/Public/uploads/20180102/5a4b36a77c9dd.png_c200x200
INFO: [ app_init ] --START--
INFO: Run Behavior\BuildLiteBehavior [ RunTime:0.000000s ]
INFO: [ app_init ] --END-- [ RunTime:0.000000s ]
ERR: 无法加载模块:Public

[ 2018-01-08T11:50:49+08:00 ] ::1 /somegood/Public/uploads/20171201/thumb_5a213be504d0e.png_c200x200
INFO: [ app_init ] --START--
INFO: Run Behavior\BuildLiteBehavior [ RunTime:0.000000s ]
INFO: [ app_init ] --END-- [ RunTime:0.000000s ]
ERR: 无法加载模块:Public

[ 2018-01-08T11:50:49+08:00 ] ::1 /somegood/Public/uploads/20180102/5a4b36331b83e.png_c200x200
INFO: [ app_init ] --START--
INFO: Run Behavior\BuildLiteBehavior [ RunTime:0.000000s ]
INFO: [ app_init ] --END-- [ RunTime:0.001000s ]
ERR: 无法加载模块:Public

[ 2018-01-08T11:50:49+08:00 ] ::1 /somegood/Public/uploads/20171225/thumb_5a405aa7b5958.png_c200x200
INFO: [ app_init ] --START--
INFO: Run Behavior\BuildLiteBehavior [ RunTime:0.000000s ]
INFO: [ app_init ] --END-- [ RunTime:0.000000s ]
ERR: 无法加载模块:Public

[ 2018-01-08T11:50:49+08:00 ] ::1 /somegood/Public/uploads/20180102/thumb_5a4aefa13c146.png_c200x200
INFO: [ app_init ] --START--
INFO: Run Behavior\BuildLiteBehavior [ RunTime:0.000000s ]
INFO: [ app_init ] --END-- [ RunTime:0.000000s ]
ERR: 无法加载模块:Public

[ 2018-01-08T11:50:51+08:00 ] ::1 /somegood/Public/uploads/20170829/yundonghuwai.jpg
INFO: [ app_init ] --START--
INFO: Run Behavior\BuildLiteBehavior [ RunTime:0.000000s ]
INFO: [ app_init ] --END-- [ RunTime:0.000000s ]
ERR: 无法加载模块:Public

[ 2018-01-08T11:50:51+08:00 ] ::1 /somegood/Public/uploads/20170829/jiajushipin.jpg
INFO: [ app_init ] --START--
INFO: Run Behavior\BuildLiteBehavior [ RunTime:0.000000s ]
INFO: [ app_init ] --END-- [ RunTime:0.000000s ]
ERR: 无法加载模块:Public

[ 2018-01-08T11:50:51+08:00 ] ::1 /somegood/Public/uploads/20170829/meizhuang.jpg
INFO: [ app_init ] --START--
INFO: Run Behavior\BuildLiteBehavior [ RunTime:0.000000s ]
INFO: [ app_init ] --END-- [ RunTime:0.000000s ]
ERR: 无法加载模块:Public

[ 2018-01-08T11:50:51+08:00 ] ::1 /somegood/Public/uploads/20170829/ertongwanju.jpg
INFO: [ app_init ] --START--
INFO: Run Behavior\BuildLiteBehavior [ RunTime:0.000000s ]
INFO: [ app_init ] --END-- [ RunTime:0.000000s ]
ERR: 无法加载模块:Public

[ 2018-01-08T11:50:51+08:00 ] ::1 /somegood/Public/uploads/20170829/yinxiangyishupin.jpg
INFO: [ app_init ] --START--
INFO: Run Behavior\BuildLiteBehavior [ RunTime:0.000000s ]
INFO: [ app_init ] --END-- [ RunTime:0.000000s ]
ERR: 无法加载模块:Public

[ 2018-01-08T14:22:12+08:00 ] ::1 /somegood/Public/uploads/20171025/59f03428401cb.png
INFO: [ app_init ] --START--
INFO: Run Behavior\BuildLiteBehavior [ RunTime:0.000000s ]
INFO: [ app_init ] --END-- [ RunTime:0.000000s ]
ERR: 无法加载模块:Public

[ 2018-01-08T14:22:12+08:00 ] ::1 /somegood/Public/uploads/20171025/59f034284ccee.jpg
INFO: [ app_init ] --START--
INFO: Run Behavior\BuildLiteBehavior [ RunTime:0.000000s ]
INFO: [ app_init ] --END-- [ RunTime:0.001000s ]
ERR: 无法加载模块:Public

[ 2018-01-08T14:22:12+08:00 ] ::1 /somegood/Public/uploads/20171219/5a38b892d2612.JPG_c200x200
INFO: [ app_init ] --START--
INFO: Run Behavior\BuildLiteBehavior [ RunTime:0.000000s ]
INFO: [ app_init ] --END-- [ RunTime:0.000000s ]
ERR: 无法加载模块:Public

[ 2018-01-08T14:22:12+08:00 ] ::1 /somegood/Public/uploads/20171025/59f034285bf22.jpg
INFO: [ app_init ] --START--
INFO: Run Behavior\BuildLiteBehavior [ RunTime:0.000000s ]
INFO: [ app_init ] --END-- [ RunTime:0.000000s ]
ERR: 无法加载模块:Public

[ 2018-01-08T14:22:17+08:00 ] ::1 /somegood/Public/uploads/20171025/59f03428401cb.png
INFO: [ app_init ] --START--
INFO: Run Behavior\BuildLiteBehavior [ RunTime:0.000000s ]
INFO: [ app_init ] --END-- [ RunTime:0.000000s ]
ERR: 无法加载模块:Public

[ 2018-01-08T14:22:17+08:00 ] ::1 /somegood/Public/uploads/20171025/59f034284ccee.jpg
INFO: [ app_init ] --START--
INFO: Run Behavior\BuildLiteBehavior [ RunTime:0.000000s ]
INFO: [ app_init ] --END-- [ RunTime:0.000000s ]
ERR: 无法加载模块:Public

[ 2018-01-08T14:22:17+08:00 ] ::1 /somegood/Public/uploads/20171219/5a38b892d2612.JPG_c200x200
INFO: [ app_init ] --START--
INFO: Run Behavior\BuildLiteBehavior [ RunTime:0.000000s ]
INFO: [ app_init ] --END-- [ RunTime:0.000000s ]
ERR: 无法加载模块:Public

[ 2018-01-08T14:22:17+08:00 ] ::1 /somegood/Public/uploads/20171025/59f034285bf22.jpg
INFO: [ app_init ] --START--
INFO: Run Behavior\BuildLiteBehavior [ RunTime:0.000000s ]
INFO: [ app_init ] --END-- [ RunTime:0.000000s ]
ERR: 无法加载模块:Public

[ 2018-01-08T14:22:17+08:00 ] ::1 /somegood/Public/uploads/20171025/59f03428401cb.png
INFO: [ app_init ] --START--
INFO: Run Behavior\BuildLiteBehavior [ RunTime:0.000000s ]
INFO: [ app_init ] --END-- [ RunTime:0.000000s ]
ERR: 无法加载模块:Public

[ 2018-01-08T14:22:17+08:00 ] ::1 /somegood/Public/uploads/20171025/59f034284ccee.jpg
INFO: [ app_init ] --START--
INFO: Run Behavior\BuildLiteBehavior [ RunTime:0.000000s ]
INFO: [ app_init ] --END-- [ RunTime:0.000000s ]
ERR: 无法加载模块:Public

[ 2018-01-08T14:30:30+08:00 ] ::1 /somegood/Public/uploads/20171025/59f03428401cb.png
INFO: [ app_init ] --START--
INFO: Run Behavior\BuildLiteBehavior [ RunTime:0.000000s ]
INFO: [ app_init ] --END-- [ RunTime:0.000000s ]
ERR: 无法加载模块:Public

[ 2018-01-08T14:30:30+08:00 ] ::1 /somegood/Public/uploads/20171025/59f034284ccee.jpg
INFO: [ app_init ] --START--
INFO: Run Behavior\BuildLiteBehavior [ RunTime:0.000000s ]
INFO: [ app_init ] --END-- [ RunTime:0.000000s ]
ERR: 无法加载模块:Public

[ 2018-01-08T14:30:30+08:00 ] ::1 /somegood/Public/uploads/20171025/59f034285bf22.jpg
INFO: [ app_init ] --START--
INFO: Run Behavior\BuildLiteBehavior [ RunTime:0.000000s ]
INFO: [ app_init ] --END-- [ RunTime:0.000000s ]
ERR: 无法加载模块:Public

[ 2018-01-08T14:30:30+08:00 ] ::1 /somegood/Public/uploads/20171219/5a38b892d2612.JPG_c200x200
INFO: [ app_init ] --START--
INFO: Run Behavior\BuildLiteBehavior [ RunTime:0.000000s ]
INFO: [ app_init ] --END-- [ RunTime:0.001001s ]
ERR: 无法加载模块:Public

[ 2018-01-08T14:30:30+08:00 ] ::1 /somegood/Public/uploads/20171025/59f034284ccee.jpg
INFO: [ app_init ] --START--
INFO: Run Behavior\BuildLiteBehavior [ RunTime:0.000000s ]
INFO: [ app_init ] --END-- [ RunTime:0.000000s ]
ERR: 无法加载模块:Public

[ 2018-01-08T14:30:30+08:00 ] ::1 /somegood/Public/uploads/20171025/59f03428401cb.png
INFO: [ app_init ] --START--
INFO: Run Behavior\BuildLiteBehavior [ RunTime:0.000000s ]
INFO: [ app_init ] --END-- [ RunTime:0.000000s ]
ERR: 无法加载模块:Public

[ 2018-01-08T14:48:19+08:00 ] ::1 /somegood/Public/uploads/20171025/59f03428401cb.png_c200x200
INFO: [ app_init ] --START--
INFO: Run Behavior\BuildLiteBehavior [ RunTime:0.000000s ]
INFO: [ app_init ] --END-- [ RunTime:0.000000s ]
ERR: 无法加载模块:Public

[ 2018-01-08T14:48:22+08:00 ] ::1 /somegood/Public/uploads/20171025/59f03428401cb.png
INFO: [ app_init ] --START--
INFO: Run Behavior\BuildLiteBehavior [ RunTime:0.000000s ]
INFO: [ app_init ] --END-- [ RunTime:0.000000s ]
ERR: 无法加载模块:Public

[ 2018-01-08T14:48:22+08:00 ] ::1 /somegood/Public/uploads/20171025/59f034284ccee.jpg
INFO: [ app_init ] --START--
INFO: Run Behavior\BuildLiteBehavior [ RunTime:0.000000s ]
INFO: [ app_init ] --END-- [ RunTime:0.000000s ]
ERR: 无法加载模块:Public

[ 2018-01-08T14:48:22+08:00 ] ::1 /somegood/Public/uploads/20171219/5a38b892d2612.JPG_c200x200
INFO: [ app_init ] --START--
INFO: Run Behavior\BuildLiteBehavior [ RunTime:0.000000s ]
INFO: [ app_init ] --END-- [ RunTime:0.000000s ]
ERR: 无法加载模块:Public

[ 2018-01-08T14:48:22+08:00 ] ::1 /somegood/Public/uploads/20171025/59f034285bf22.jpg
INFO: [ app_init ] --START--
INFO: Run Behavior\BuildLiteBehavior [ RunTime:0.000000s ]
INFO: [ app_init ] --END-- [ RunTime:0.000000s ]
ERR: 无法加载模块:Public

[ 2018-01-08T14:48:22+08:00 ] ::1 /somegood/Public/uploads/20171025/59f03428401cb.png
INFO: [ app_init ] --START--
INFO: Run Behavior\BuildLiteBehavior [ RunTime:0.000000s ]
INFO: [ app_init ] --END-- [ RunTime:0.000000s ]
ERR: 无法加载模块:Public

[ 2018-01-08T14:48:22+08:00 ] ::1 /somegood/Public/uploads/20171025/59f034284ccee.jpg
INFO: [ app_init ] --START--
INFO: Run Behavior\BuildLiteBehavior [ RunTime:0.000000s ]
INFO: [ app_init ] --END-- [ RunTime:0.001000s ]
ERR: 无法加载模块:Public

[ 2018-01-08T14:48:24+08:00 ] ::1 /somegood/Public/uploads/20171025/59f03428401cb.png_c200x200
INFO: [ app_init ] --START--
INFO: Run Behavior\BuildLiteBehavior [ RunTime:0.000000s ]
INFO: [ app_init ] --END-- [ RunTime:0.000000s ]
ERR: 无法加载模块:Public

[ 2018-01-08T14:48:28+08:00 ] ::1 /somegood/Public/uploads/20171025/59f03428401cb.png
INFO: [ app_init ] --START--
INFO: Run Behavior\BuildLiteBehavior [ RunTime:0.000000s ]
INFO: [ app_init ] --END-- [ RunTime:0.001000s ]
ERR: 无法加载模块:Public

[ 2018-01-08T14:48:28+08:00 ] ::1 /somegood/Public/uploads/20171025/59f034284ccee.jpg
INFO: [ app_init ] --START--
INFO: Run Behavior\BuildLiteBehavior [ RunTime:0.000000s ]
INFO: [ app_init ] --END-- [ RunTime:0.000000s ]
ERR: 无法加载模块:Public

[ 2018-01-08T14:48:28+08:00 ] ::1 /somegood/Public/uploads/20171025/59f034285bf22.jpg
INFO: [ app_init ] --START--
INFO: Run Behavior\BuildLiteBehavior [ RunTime:0.000000s ]
INFO: [ app_init ] --END-- [ RunTime:0.001000s ]
ERR: 无法加载模块:Public

[ 2018-01-08T14:48:28+08:00 ] ::1 /somegood/Public/uploads/20171219/5a38b892d2612.JPG_c200x200
INFO: [ app_init ] --START--
INFO: Run Behavior\BuildLiteBehavior [ RunTime:0.000000s ]
INFO: [ app_init ] --END-- [ RunTime:0.000000s ]
ERR: 无法加载模块:Public

[ 2018-01-08T14:48:28+08:00 ] ::1 /somegood/Public/uploads/20171025/59f03428401cb.png
INFO: [ app_init ] --START--
INFO: Run Behavior\BuildLiteBehavior [ RunTime:0.000000s ]
INFO: [ app_init ] --END-- [ RunTime:0.000000s ]
ERR: 无法加载模块:Public

[ 2018-01-08T14:48:28+08:00 ] ::1 /somegood/Public/uploads/20171025/59f034284ccee.jpg
INFO: [ app_init ] --START--
INFO: Run Behavior\BuildLiteBehavior [ RunTime:0.000000s ]
INFO: [ app_init ] --END-- [ RunTime:0.001000s ]
ERR: 无法加载模块:Public

[ 2018-01-08T14:49:24+08:00 ] ::1 /somegood/Public/uploads/20171025/59f03428401cb.png
INFO: [ app_init ] --START--
INFO: Run Behavior\BuildLiteBehavior [ RunTime:0.000000s ]
INFO: [ app_init ] --END-- [ RunTime:0.000000s ]
ERR: 无法加载模块:Public

[ 2018-01-08T14:49:24+08:00 ] ::1 /somegood/Public/uploads/20171025/59f034284ccee.jpg
INFO: [ app_init ] --START--
INFO: Run Behavior\BuildLiteBehavior [ RunTime:0.000000s ]
INFO: [ app_init ] --END-- [ RunTime:0.000000s ]
ERR: 无法加载模块:Public

[ 2018-01-08T14:49:24+08:00 ] ::1 /somegood/Public/uploads/20171025/59f034285bf22.jpg
INFO: [ app_init ] --START--
INFO: Run Behavior\BuildLiteBehavior [ RunTime:0.000000s ]
INFO: [ app_init ] --END-- [ RunTime:0.000000s ]
ERR: 无法加载模块:Public

[ 2018-01-08T14:49:24+08:00 ] ::1 /somegood/Public/uploads/20171219/5a38b892d2612.JPG_c200x200
INFO: [ app_init ] --START--
INFO: Run Behavior\BuildLiteBehavior [ RunTime:0.000000s ]
INFO: [ app_init ] --END-- [ RunTime:0.000000s ]
ERR: 无法加载模块:Public

[ 2018-01-08T14:49:24+08:00 ] ::1 /somegood/Public/uploads/20171025/59f034284ccee.jpg
INFO: [ app_init ] --START--
INFO: Run Behavior\BuildLiteBehavior [ RunTime:0.000000s ]
INFO: [ app_init ] --END-- [ RunTime:0.001000s ]
ERR: 无法加载模块:Public

[ 2018-01-08T14:49:24+08:00 ] ::1 /somegood/Public/uploads/20171025/59f03428401cb.png
INFO: [ app_init ] --START--
INFO: Run Behavior\BuildLiteBehavior [ RunTime:0.000000s ]
INFO: [ app_init ] --END-- [ RunTime:0.001000s ]
ERR: 无法加载模块:Public

[ 2018-01-08T14:49:37+08:00 ] ::1 /somegood/Public/uploads/20180102/5a4b36a77c9dd.png_c200x200
INFO: [ app_init ] --START--
INFO: Run Behavior\BuildLiteBehavior [ RunTime:0.000000s ]
INFO: [ app_init ] --END-- [ RunTime:0.000000s ]
ERR: 无法加载模块:Public

[ 2018-01-08T14:50:58+08:00 ] ::1 /somegood/Public/uploads/20171025/59f03428401cb.png
INFO: [ app_init ] --START--
INFO: Run Behavior\BuildLiteBehavior [ RunTime:0.000000s ]
INFO: [ app_init ] --END-- [ RunTime:0.000000s ]
ERR: 无法加载模块:Public

[ 2018-01-08T14:50:58+08:00 ] ::1 /somegood/Public/uploads/20171025/59f034284ccee.jpg
INFO: [ app_init ] --START--
INFO: Run Behavior\BuildLiteBehavior [ RunTime:0.000000s ]
INFO: [ app_init ] --END-- [ RunTime:0.001000s ]
ERR: 无法加载模块:Public

[ 2018-01-08T14:50:58+08:00 ] ::1 /somegood/Public/uploads/20171219/5a38b892d2612.JPG_c200x200
INFO: [ app_init ] --START--
INFO: Run Behavior\BuildLiteBehavior [ RunTime:0.000000s ]
INFO: [ app_init ] --END-- [ RunTime:0.000000s ]
ERR: 无法加载模块:Public

[ 2018-01-08T14:50:58+08:00 ] ::1 /somegood/Public/uploads/20171025/59f034285bf22.jpg
INFO: [ app_init ] --START--
INFO: Run Behavior\BuildLiteBehavior [ RunTime:0.000000s ]
INFO: [ app_init ] --END-- [ RunTime:0.000000s ]
ERR: 无法加载模块:Public

[ 2018-01-08T14:51:02+08:00 ] ::1 /somegood/Public/uploads/20180102/5a4b36a77c9dd.png_c200x200
INFO: [ app_init ] --START--
INFO: Run Behavior\BuildLiteBehavior [ RunTime:0.000000s ]
INFO: [ app_init ] --END-- [ RunTime:0.000000s ]
ERR: 无法加载模块:Public

[ 2018-01-08T14:51:02+08:00 ] ::1 /somegood/Public/uploads/20171025/59f03428401cb.png_c200x200
INFO: [ app_init ] --START--
INFO: Run Behavior\BuildLiteBehavior [ RunTime:0.000000s ]
INFO: [ app_init ] --END-- [ RunTime:0.000000s ]
ERR: 无法加载模块:Public

[ 2018-01-08T14:56:52+08:00 ] ::1 /somegood/Public/uploads/20180102/5a4b36a77c9dd.png_c200x200
INFO: [ app_init ] --START--
INFO: Run Behavior\BuildLiteBehavior [ RunTime:0.000000s ]
INFO: [ app_init ] --END-- [ RunTime:0.000000s ]
ERR: 无法加载模块:Public

[ 2018-01-08T14:56:52+08:00 ] ::1 /somegood/Public/uploads/20171025/59f03428401cb.png_c200x200
INFO: [ app_init ] --START--
INFO: Run Behavior\BuildLiteBehavior [ RunTime:0.000000s ]
INFO: [ app_init ] --END-- [ RunTime:0.000000s ]
ERR: 无法加载模块:Public

[ 2018-01-08T14:56:54+08:00 ] ::1 /somegood/Public/uploads/20171025/59f03428401cb.png
INFO: [ app_init ] --START--
INFO: Run Behavior\BuildLiteBehavior [ RunTime:0.000000s ]
INFO: [ app_init ] --END-- [ RunTime:0.000000s ]
ERR: 无法加载模块:Public

[ 2018-01-08T14:56:54+08:00 ] ::1 /somegood/Public/uploads/20171025/59f034284ccee.jpg
INFO: [ app_init ] --START--
INFO: Run Behavior\BuildLiteBehavior [ RunTime:0.000000s ]
INFO: [ app_init ] --END-- [ RunTime:0.000000s ]
ERR: 无法加载模块:Public

[ 2018-01-08T14:56:54+08:00 ] ::1 /somegood/Public/uploads/20171025/59f034285bf22.jpg
INFO: [ app_init ] --START--
INFO: Run Behavior\BuildLiteBehavior [ RunTime:0.000000s ]
INFO: [ app_init ] --END-- [ RunTime:0.001000s ]
ERR: 无法加载模块:Public

[ 2018-01-08T14:56:54+08:00 ] ::1 /somegood/Public/uploads/20171219/5a38b892d2612.JPG_c200x200
INFO: [ app_init ] --START--
INFO: Run Behavior\BuildLiteBehavior [ RunTime:0.000000s ]
INFO: [ app_init ] --END-- [ RunTime:0.000000s ]
ERR: 无法加载模块:Public

[ 2018-01-08T14:56:54+08:00 ] ::1 /somegood/Public/uploads/20171025/59f03428401cb.png
INFO: [ app_init ] --START--
INFO: Run Behavior\BuildLiteBehavior [ RunTime:0.000000s ]
INFO: [ app_init ] --END-- [ RunTime:0.001000s ]
ERR: 无法加载模块:Public

[ 2018-01-08T14:56:54+08:00 ] ::1 /somegood/Public/uploads/20171025/59f034284ccee.jpg
INFO: [ app_init ] --START--
INFO: Run Behavior\BuildLiteBehavior [ RunTime:0.000000s ]
INFO: [ app_init ] --END-- [ RunTime:0.000000s ]
ERR: 无法加载模块:Public

[ 2018-01-08T14:59:11+08:00 ] ::1 /somegood/Public/uploads/20180102/5a4b36a77c9dd.png_c200x200
INFO: [ app_init ] --START--
INFO: Run Behavior\BuildLiteBehavior [ RunTime:0.000000s ]
INFO: [ app_init ] --END-- [ RunTime:0.000000s ]
ERR: 无法加载模块:Public

[ 2018-01-08T14:59:11+08:00 ] ::1 /somegood/Public/uploads/20171025/59f03428401cb.png_c200x200
INFO: [ app_init ] --START--
INFO: Run Behavior\BuildLiteBehavior [ RunTime:0.000000s ]
INFO: [ app_init ] --END-- [ RunTime:0.000000s ]
ERR: 无法加载模块:Public

[ 2018-01-08T14:59:15+08:00 ] ::1 /somegood/Public/uploads/20171025/59f03428401cb.png
INFO: [ app_init ] --START--
INFO: Run Behavior\BuildLiteBehavior [ RunTime:0.000000s ]
INFO: [ app_init ] --END-- [ RunTime:0.000000s ]
ERR: 无法加载模块:Public

[ 2018-01-08T14:59:15+08:00 ] ::1 /somegood/Public/uploads/20171025/59f034284ccee.jpg
INFO: [ app_init ] --START--
INFO: Run Behavior\BuildLiteBehavior [ RunTime:0.000000s ]
INFO: [ app_init ] --END-- [ RunTime:0.000000s ]
ERR: 无法加载模块:Public

[ 2018-01-08T14:59:15+08:00 ] ::1 /somegood/Public/uploads/20171219/5a38b892d2612.JPG_c200x200
INFO: [ app_init ] --START--
INFO: Run Behavior\BuildLiteBehavior [ RunTime:0.000000s ]
INFO: [ app_init ] --END-- [ RunTime:0.000000s ]
ERR: 无法加载模块:Public

[ 2018-01-08T14:59:15+08:00 ] ::1 /somegood/Public/uploads/20171025/59f034285bf22.jpg
INFO: [ app_init ] --START--
INFO: Run Behavior\BuildLiteBehavior [ RunTime:0.000000s ]
INFO: [ app_init ] --END-- [ RunTime:0.000000s ]
ERR: 无法加载模块:Public

[ 2018-01-08T14:59:15+08:00 ] ::1 /somegood/Public/uploads/20171025/59f03428401cb.png
INFO: [ app_init ] --START--
INFO: Run Behavior\BuildLiteBehavior [ RunTime:0.000000s ]
INFO: [ app_init ] --END-- [ RunTime:0.000000s ]
ERR: 无法加载模块:Public

[ 2018-01-08T14:59:20+08:00 ] ::1 /somegood/Public/uploads/20180102/5a4b36a77c9dd.png_c200x200
INFO: [ app_init ] --START--
INFO: Run Behavior\BuildLiteBehavior [ RunTime:0.000000s ]
INFO: [ app_init ] --END-- [ RunTime:0.000000s ]
ERR: 无法加载模块:Public

[ 2018-01-08T14:59:20+08:00 ] ::1 /somegood/Public/uploads/20171025/59f03428401cb.png_c200x200
INFO: [ app_init ] --START--
INFO: Run Behavior\BuildLiteBehavior [ RunTime:0.000000s ]
INFO: [ app_init ] --END-- [ RunTime:0.000000s ]
ERR: 无法加载模块:Public

[ 2018-01-08T15:08:55+08:00 ] ::1 /somegood/Public/uploads/20171025/59f03428401cb.png
INFO: [ app_init ] --START--
INFO: Run Behavior\BuildLiteBehavior [ RunTime:0.000000s ]
INFO: [ app_init ] --END-- [ RunTime:0.001000s ]
ERR: 无法加载模块:Public

[ 2018-01-08T15:08:55+08:00 ] ::1 /somegood/Public/uploads/20171025/59f034284ccee.jpg
INFO: [ app_init ] --START--
INFO: Run Behavior\BuildLiteBehavior [ RunTime:0.000000s ]
INFO: [ app_init ] --END-- [ RunTime:0.000000s ]
ERR: 无法加载模块:Public

[ 2018-01-08T15:08:55+08:00 ] ::1 /somegood/Public/uploads/20171025/59f034285bf22.jpg
INFO: [ app_init ] --START--
INFO: Run Behavior\BuildLiteBehavior [ RunTime:0.000000s ]
INFO: [ app_init ] --END-- [ RunTime:0.000000s ]
ERR: 无法加载模块:Public

[ 2018-01-08T15:08:55+08:00 ] ::1 /somegood/Public/uploads/20171219/5a38b892d2612.JPG_c200x200
INFO: [ app_init ] --START--
INFO: Run Behavior\BuildLiteBehavior [ RunTime:0.000000s ]
INFO: [ app_init ] --END-- [ RunTime:0.000000s ]
ERR: 无法加载模块:Public

[ 2018-01-08T15:08:55+08:00 ] ::1 /somegood/Public/uploads/20171025/59f03428401cb.png
INFO: [ app_init ] --START--
INFO: Run Behavior\BuildLiteBehavior [ RunTime:0.000000s ]
INFO: [ app_init ] --END-- [ RunTime:0.000000s ]
ERR: 无法加载模块:Public

[ 2018-01-08T15:09:09+08:00 ] ::1 /somegood/Public/uploads/20171025/59f03428401cb.png
INFO: [ app_init ] --START--
INFO: Run Behavior\BuildLiteBehavior [ RunTime:0.000000s ]
INFO: [ app_init ] --END-- [ RunTime:0.001000s ]
ERR: 无法加载模块:Public

[ 2018-01-08T15:09:09+08:00 ] ::1 /somegood/Public/uploads/20171025/59f034284ccee.jpg
INFO: [ app_init ] --START--
INFO: Run Behavior\BuildLiteBehavior [ RunTime:0.000000s ]
INFO: [ app_init ] --END-- [ RunTime:0.000000s ]
ERR: 无法加载模块:Public

[ 2018-01-08T15:09:09+08:00 ] ::1 /somegood/Public/uploads/20171025/59f034285bf22.jpg
INFO: [ app_init ] --START--
INFO: Run Behavior\BuildLiteBehavior [ RunTime:0.000000s ]
INFO: [ app_init ] --END-- [ RunTime:0.000000s ]
ERR: 无法加载模块:Public

[ 2018-01-08T15:09:09+08:00 ] ::1 /somegood/Public/uploads/20171219/5a38b892d2612.JPG_c200x200
INFO: [ app_init ] --START--
INFO: Run Behavior\BuildLiteBehavior [ RunTime:0.000000s ]
INFO: [ app_init ] --END-- [ RunTime:0.000000s ]
ERR: 无法加载模块:Public

[ 2018-01-08T15:09:09+08:00 ] ::1 /somegood/Public/uploads/20171025/59f03428401cb.png
INFO: [ app_init ] --START--
INFO: Run Behavior\BuildLiteBehavior [ RunTime:0.000000s ]
INFO: [ app_init ] --END-- [ RunTime:0.001000s ]
ERR: 无法加载模块:Public

[ 2018-01-08T15:10:49+08:00 ] ::1 /somegood/Public/uploads/20171025/59f03428401cb.png_c200x200
INFO: [ app_init ] --START--
INFO: Run Behavior\BuildLiteBehavior [ RunTime:0.000000s ]
INFO: [ app_init ] --END-- [ RunTime:0.001000s ]
ERR: 无法加载模块:Public

[ 2018-01-08T15:10:49+08:00 ] ::1 /somegood/Public/uploads/20180102/5a4b36a77c9dd.png_c200x200
INFO: [ app_init ] --START--
INFO: Run Behavior\BuildLiteBehavior [ RunTime:0.000000s ]
INFO: [ app_init ] --END-- [ RunTime:0.001000s ]
ERR: 无法加载模块:Public

[ 2018-01-08T15:11:07+08:00 ] ::1 /somegood/Public/uploads/20171025/59f03428401cb.png
INFO: [ app_init ] --START--
INFO: Run Behavior\BuildLiteBehavior [ RunTime:0.000000s ]
INFO: [ app_init ] --END-- [ RunTime:0.000000s ]
ERR: 无法加载模块:Public

[ 2018-01-08T15:11:07+08:00 ] ::1 /somegood/Public/uploads/20171025/59f034284ccee.jpg
INFO: [ app_init ] --START--
INFO: Run Behavior\BuildLiteBehavior [ RunTime:0.000000s ]
INFO: [ app_init ] --END-- [ RunTime:0.000000s ]
ERR: 无法加载模块:Public

[ 2018-01-08T15:11:07+08:00 ] ::1 /somegood/Public/uploads/20171025/59f034285bf22.jpg
INFO: [ app_init ] --START--
INFO: Run Behavior\BuildLiteBehavior [ RunTime:0.000000s ]
INFO: [ app_init ] --END-- [ RunTime:0.000000s ]
ERR: 无法加载模块:Public

[ 2018-01-08T15:11:07+08:00 ] ::1 /somegood/Public/uploads/20171219/5a38b892d2612.JPG_c200x200
INFO: [ app_init ] --START--
INFO: Run Behavior\BuildLiteBehavior [ RunTime:0.000000s ]
INFO: [ app_init ] --END-- [ RunTime:0.001000s ]
ERR: 无法加载模块:Public

[ 2018-01-08T15:11:07+08:00 ] ::1 /somegood/Public/uploads/20171025/59f034284ccee.jpg
INFO: [ app_init ] --START--
INFO: Run Behavior\BuildLiteBehavior [ RunTime:0.000000s ]
INFO: [ app_init ] --END-- [ RunTime:0.001000s ]
ERR: 无法加载模块:Public

[ 2018-01-08T15:11:07+08:00 ] ::1 /somegood/Public/uploads/20171025/59f03428401cb.png
INFO: [ app_init ] --START--
INFO: Run Behavior\BuildLiteBehavior [ RunTime:0.000000s ]
INFO: [ app_init ] --END-- [ RunTime:0.000000s ]
ERR: 无法加载模块:Public

[ 2018-01-08T15:11:12+08:00 ] ::1 /somegood/Public/uploads/20171025/59f03428401cb.png_c200x200
INFO: [ app_init ] --START--
INFO: Run Behavior\BuildLiteBehavior [ RunTime:0.000000s ]
INFO: [ app_init ] --END-- [ RunTime:0.000000s ]
ERR: 无法加载模块:Public

[ 2018-01-08T15:11:12+08:00 ] ::1 /somegood/Public/uploads/20180102/5a4b36a77c9dd.png_c200x200
INFO: [ app_init ] --START--
INFO: Run Behavior\BuildLiteBehavior [ RunTime:0.000000s ]
INFO: [ app_init ] --END-- [ RunTime:0.000000s ]
ERR: 无法加载模块:Public

[ 2018-01-08T15:12:27+08:00 ] ::1 /somegood/Public/uploads/20171025/59f03428401cb.png_c200x200
INFO: [ app_init ] --START--
INFO: Run Behavior\BuildLiteBehavior [ RunTime:0.000000s ]
INFO: [ app_init ] --END-- [ RunTime:0.000000s ]
ERR: 无法加载模块:Public

[ 2018-01-08T15:12:27+08:00 ] ::1 /somegood/Public/uploads/20180102/5a4b36a77c9dd.png_c200x200
INFO: [ app_init ] --START--
INFO: Run Behavior\BuildLiteBehavior [ RunTime:0.000000s ]
INFO: [ app_init ] --END-- [ RunTime:0.000000s ]
ERR: 无法加载模块:Public

[ 2018-01-08T15:12:56+08:00 ] ::1 /somegood/Public/uploads/20171025/59f03428401cb.png_c200x200
INFO: [ app_init ] --START--
INFO: Run Behavior\BuildLiteBehavior [ RunTime:0.000000s ]
INFO: [ app_init ] --END-- [ RunTime:0.000000s ]
ERR: 无法加载模块:Public

[ 2018-01-08T15:12:56+08:00 ] ::1 /somegood/Public/uploads/20180102/5a4b36a77c9dd.png_c200x200
INFO: [ app_init ] --START--
INFO: Run Behavior\BuildLiteBehavior [ RunTime:0.000000s ]
INFO: [ app_init ] --END-- [ RunTime:0.000000s ]
ERR: 无法加载模块:Public

[ 2018-01-08T15:12:57+08:00 ] ::1 /somegood/Public/uploads/20171025/59f03428401cb.png_c200x200
INFO: [ app_init ] --START--
INFO: Run Behavior\BuildLiteBehavior [ RunTime:0.000000s ]
INFO: [ app_init ] --END-- [ RunTime:0.000000s ]
ERR: 无法加载模块:Public

[ 2018-01-08T15:12:57+08:00 ] ::1 /somegood/Public/uploads/20180102/5a4b36a77c9dd.png_c200x200
INFO: [ app_init ] --START--
INFO: Run Behavior\BuildLiteBehavior [ RunTime:0.000000s ]
INFO: [ app_init ] --END-- [ RunTime:0.000000s ]
ERR: 无法加载模块:Public

[ 2018-01-08T15:12:57+08:00 ] ::1 /somegood/Public/uploads/20171025/59f03428401cb.png_c200x200
INFO: [ app_init ] --START--
INFO: Run Behavior\BuildLiteBehavior [ RunTime:0.000000s ]
INFO: [ app_init ] --END-- [ RunTime:0.000000s ]
ERR: 无法加载模块:Public

[ 2018-01-08T15:12:57+08:00 ] ::1 /somegood/Public/uploads/20180102/5a4b36a77c9dd.png_c200x200
INFO: [ app_init ] --START--
INFO: Run Behavior\BuildLiteBehavior [ RunTime:0.000000s ]
INFO: [ app_init ] --END-- [ RunTime:0.000000s ]
ERR: 无法加载模块:Public

[ 2018-01-08T15:12:57+08:00 ] ::1 /somegood/Public/uploads/20171025/59f03428401cb.png_c200x200
INFO: [ app_init ] --START--
INFO: Run Behavior\BuildLiteBehavior [ RunTime:0.000000s ]
INFO: [ app_init ] --END-- [ RunTime:0.000000s ]
ERR: 无法加载模块:Public

[ 2018-01-08T15:12:57+08:00 ] ::1 /somegood/Public/uploads/20180102/5a4b36a77c9dd.png_c200x200
INFO: [ app_init ] --START--
INFO: Run Behavior\BuildLiteBehavior [ RunTime:0.000000s ]
INFO: [ app_init ] --END-- [ RunTime:0.000000s ]
ERR: 无法加载模块:Public

[ 2018-01-08T15:12:59+08:00 ] ::1 /somegood/Public/uploads/20171025/59f03428401cb.png_c200x200
INFO: [ app_init ] --START--
INFO: Run Behavior\BuildLiteBehavior [ RunTime:0.000000s ]
INFO: [ app_init ] --END-- [ RunTime:0.000000s ]
ERR: 无法加载模块:Public

[ 2018-01-08T15:12:59+08:00 ] ::1 /somegood/Public/uploads/20180102/5a4b36a77c9dd.png_c200x200
INFO: [ app_init ] --START--
INFO: Run Behavior\BuildLiteBehavior [ RunTime:0.000000s ]
INFO: [ app_init ] --END-- [ RunTime:0.000000s ]
ERR: 无法加载模块:Public

[ 2018-01-08T15:12:59+08:00 ] ::1 /somegood/Public/uploads/20171025/59f03428401cb.png_c200x200
INFO: [ app_init ] --START--
INFO: Run Behavior\BuildLiteBehavior [ RunTime:0.000000s ]
INFO: [ app_init ] --END-- [ RunTime:0.001000s ]
ERR: 无法加载模块:Public

[ 2018-01-08T15:12:59+08:00 ] ::1 /somegood/Public/uploads/20180102/5a4b36a77c9dd.png_c200x200
INFO: [ app_init ] --START--
INFO: Run Behavior\BuildLiteBehavior [ RunTime:0.000000s ]
INFO: [ app_init ] --END-- [ RunTime:0.000000s ]
ERR: 无法加载模块:Public

[ 2018-01-08T15:12:59+08:00 ] ::1 /somegood/Public/uploads/20171025/59f03428401cb.png_c200x200
INFO: [ app_init ] --START--
INFO: Run Behavior\BuildLiteBehavior [ RunTime:0.000000s ]
INFO: [ app_init ] --END-- [ RunTime:0.000000s ]
ERR: 无法加载模块:Public

[ 2018-01-08T15:12:59+08:00 ] ::1 /somegood/Public/uploads/20180102/5a4b36a77c9dd.png_c200x200
INFO: [ app_init ] --START--
INFO: Run Behavior\BuildLiteBehavior [ RunTime:0.000000s ]
INFO: [ app_init ] --END-- [ RunTime:0.000000s ]
ERR: 无法加载模块:Public

[ 2018-01-08T15:13:00+08:00 ] ::1 /somegood/Public/uploads/20171025/59f03428401cb.png_c200x200
INFO: [ app_init ] --START--
INFO: Run Behavior\BuildLiteBehavior [ RunTime:0.000000s ]
INFO: [ app_init ] --END-- [ RunTime:0.000000s ]
ERR: 无法加载模块:Public

[ 2018-01-08T15:13:00+08:00 ] ::1 /somegood/Public/uploads/20180102/5a4b36a77c9dd.png_c200x200
INFO: [ app_init ] --START--
INFO: Run Behavior\BuildLiteBehavior [ RunTime:0.000000s ]
INFO: [ app_init ] --END-- [ RunTime:0.000000s ]
ERR: 无法加载模块:Public

[ 2018-01-08T15:13:00+08:00 ] ::1 /somegood/Public/uploads/20171025/59f03428401cb.png_c200x200
INFO: [ app_init ] --START--
INFO: Run Behavior\BuildLiteBehavior [ RunTime:0.000000s ]
INFO: [ app_init ] --END-- [ RunTime:0.000000s ]
ERR: 无法加载模块:Public

[ 2018-01-08T15:13:00+08:00 ] ::1 /somegood/Public/uploads/20180102/5a4b36a77c9dd.png_c200x200
INFO: [ app_init ] --START--
INFO: Run Behavior\BuildLiteBehavior [ RunTime:0.001000s ]
INFO: [ app_init ] --END-- [ RunTime:0.001000s ]
ERR: 无法加载模块:Public

[ 2018-01-08T15:13:28+08:00 ] ::1 /somegood/Public/uploads/20171025/59f03428401cb.png_c200x200
INFO: [ app_init ] --START--
INFO: Run Behavior\BuildLiteBehavior [ RunTime:0.000000s ]
INFO: [ app_init ] --END-- [ RunTime:0.000000s ]
ERR: 无法加载模块:Public

[ 2018-01-08T15:13:28+08:00 ] ::1 /somegood/Public/uploads/20180102/5a4b36a77c9dd.png_c200x200
INFO: [ app_init ] --START--
INFO: Run Behavior\BuildLiteBehavior [ RunTime:0.000000s ]
INFO: [ app_init ] --END-- [ RunTime:0.000000s ]
ERR: 无法加载模块:Public

[ 2018-01-08T15:13:43+08:00 ] ::1 /somegood/Public/uploads/20171025/59f03428401cb.png_c200x200
INFO: [ app_init ] --START--
INFO: Run Behavior\BuildLiteBehavior [ RunTime:0.000000s ]
INFO: [ app_init ] --END-- [ RunTime:0.000000s ]
ERR: 无法加载模块:Public

[ 2018-01-08T15:13:43+08:00 ] ::1 /somegood/Public/uploads/20180102/5a4b36a77c9dd.png_c200x200
INFO: [ app_init ] --START--
INFO: Run Behavior\BuildLiteBehavior [ RunTime:0.000000s ]
INFO: [ app_init ] --END-- [ RunTime:0.000000s ]
ERR: 无法加载模块:Public

[ 2018-01-08T15:14:09+08:00 ] ::1 /somegood/Public/uploads/20171025/59f03428401cb.png_c200x200
INFO: [ app_init ] --START--
INFO: Run Behavior\BuildLiteBehavior [ RunTime:0.000000s ]
INFO: [ app_init ] --END-- [ RunTime:0.000000s ]
ERR: 无法加载模块:Public

[ 2018-01-08T15:14:09+08:00 ] ::1 /somegood/Public/uploads/20180102/5a4b36a77c9dd.png_c200x200
INFO: [ app_init ] --START--
INFO: Run Behavior\BuildLiteBehavior [ RunTime:0.000000s ]
INFO: [ app_init ] --END-- [ RunTime:0.001000s ]
ERR: 无法加载模块:Public

[ 2018-01-08T15:14:44+08:00 ] ::1 /somegood/Public/uploads/20171025/59f03428401cb.png_c200x200
INFO: [ app_init ] --START--
INFO: Run Behavior\BuildLiteBehavior [ RunTime:0.000000s ]
INFO: [ app_init ] --END-- [ RunTime:0.000000s ]
ERR: 无法加载模块:Public

[ 2018-01-08T15:14:44+08:00 ] ::1 /somegood/Public/uploads/20180102/5a4b36a77c9dd.png_c200x200
INFO: [ app_init ] --START--
INFO: Run Behavior\BuildLiteBehavior [ RunTime:0.000000s ]
INFO: [ app_init ] --END-- [ RunTime:0.001000s ]
ERR: 无法加载模块:Public

[ 2018-01-08T15:14:49+08:00 ] ::1 /somegood/Public/uploads/20171025/59f03428401cb.png_c200x200
INFO: [ app_init ] --START--
INFO: Run Behavior\BuildLiteBehavior [ RunTime:0.000000s ]
INFO: [ app_init ] --END-- [ RunTime:0.000000s ]
ERR: 无法加载模块:Public

[ 2018-01-08T15:14:49+08:00 ] ::1 /somegood/Public/uploads/20180102/5a4b36a77c9dd.png_c200x200
INFO: [ app_init ] --START--
INFO: Run Behavior\BuildLiteBehavior [ RunTime:0.000000s ]
INFO: [ app_init ] --END-- [ RunTime:0.000000s ]
ERR: 无法加载模块:Public

[ 2018-01-08T16:37:19+08:00 ] ::1 /somegood/Public/uploads/20180102/5a4b36a77c9dd.png_c200x200
INFO: [ app_init ] --START--
INFO: Run Behavior\BuildLiteBehavior [ RunTime:0.000000s ]
INFO: [ app_init ] --END-- [ RunTime:0.000000s ]
ERR: 无法加载模块:Public

[ 2018-01-08T16:37:19+08:00 ] ::1 /somegood/Public/uploads/20171025/59f03428401cb.png_c200x200
INFO: [ app_init ] --START--
INFO: Run Behavior\BuildLiteBehavior [ RunTime:0.000000s ]
INFO: [ app_init ] --END-- [ RunTime:0.001000s ]
ERR: 无法加载模块:Public

[ 2018-01-08T16:37:20+08:00 ] ::1 /somegood/Public/uploads/20171025/59f03428401cb.png
INFO: [ app_init ] --START--
INFO: Run Behavior\BuildLiteBehavior [ RunTime:0.000000s ]
INFO: [ app_init ] --END-- [ RunTime:0.001000s ]
ERR: 无法加载模块:Public

[ 2018-01-08T16:37:20+08:00 ] ::1 /somegood/Public/uploads/20171025/59f034284ccee.jpg
INFO: [ app_init ] --START--
INFO: Run Behavior\BuildLiteBehavior [ RunTime:0.000000s ]
INFO: [ app_init ] --END-- [ RunTime:0.000000s ]
ERR: 无法加载模块:Public

[ 2018-01-08T16:37:20+08:00 ] ::1 /somegood/Public/uploads/20171025/59f034285bf22.jpg
INFO: [ app_init ] --START--
INFO: Run Behavior\BuildLiteBehavior [ RunTime:0.000000s ]
INFO: [ app_init ] --END-- [ RunTime:0.000000s ]
ERR: 无法加载模块:Public

[ 2018-01-08T16:37:20+08:00 ] ::1 /somegood/Public/uploads/20171219/5a38b892d2612.JPG_c200x200
INFO: [ app_init ] --START--
INFO: Run Behavior\BuildLiteBehavior [ RunTime:0.000000s ]
INFO: [ app_init ] --END-- [ RunTime:0.000000s ]
ERR: 无法加载模块:Public

[ 2018-01-08T16:37:20+08:00 ] ::1 /somegood/Public/uploads/20171025/59f034285bf22.jpg
INFO: [ app_init ] --START--
INFO: Run Behavior\BuildLiteBehavior [ RunTime:0.000000s ]
INFO: [ app_init ] --END-- [ RunTime:0.000000s ]
ERR: 无法加载模块:Public

[ 2018-01-08T16:37:20+08:00 ] ::1 /somegood/Public/uploads/20171025/59f03428401cb.png
INFO: [ app_init ] --START--
INFO: Run Behavior\BuildLiteBehavior [ RunTime:0.000000s ]
INFO: [ app_init ] --END-- [ RunTime:0.000000s ]
ERR: 无法加载模块:Public

[ 2018-01-08T16:37:20+08:00 ] ::1 /somegood/Public/uploads/20171025/59f034284ccee.jpg
INFO: [ app_init ] --START--
INFO: Run Behavior\BuildLiteBehavior [ RunTime:0.000000s ]
INFO: [ app_init ] --END-- [ RunTime:0.000000s ]
ERR: 无法加载模块:Public

[ 2018-01-08T16:37:22+08:00 ] ::1 /somegood/Public/uploads/20171025/59f03428401cb.png_c200x200
INFO: [ app_init ] --START--
INFO: Run Behavior\BuildLiteBehavior [ RunTime:0.000000s ]
INFO: [ app_init ] --END-- [ RunTime:0.000000s ]
ERR: 无法加载模块:Public

[ 2018-01-08T16:37:22+08:00 ] ::1 /somegood/Public/uploads/20180102/5a4b36a77c9dd.png_c200x200
INFO: [ app_init ] --START--
INFO: Run Behavior\BuildLiteBehavior [ RunTime:0.000000s ]
INFO: [ app_init ] --END-- [ RunTime:0.001000s ]
ERR: 无法加载模块:Public

[ 2018-01-08T16:37:22+08:00 ] ::1 /somegood/Public/uploads/20171025/59f03428401cb.png
INFO: [ app_init ] --START--
INFO: Run Behavior\BuildLiteBehavior [ RunTime:0.000000s ]
INFO: [ app_init ] --END-- [ RunTime:0.000000s ]
ERR: 无法加载模块:Public

[ 2018-01-08T16:37:22+08:00 ] ::1 /somegood/Public/uploads/20171025/59f034284ccee.jpg
INFO: [ app_init ] --START--
INFO: Run Behavior\BuildLiteBehavior [ RunTime:0.000000s ]
INFO: [ app_init ] --END-- [ RunTime:0.000000s ]
ERR: 无法加载模块:Public

[ 2018-01-08T16:37:22+08:00 ] ::1 /somegood/Public/uploads/20171025/59f034285bf22.jpg
INFO: [ app_init ] --START--
INFO: Run Behavior\BuildLiteBehavior [ RunTime:0.000000s ]
INFO: [ app_init ] --END-- [ RunTime:0.000000s ]
ERR: 无法加载模块:Public

[ 2018-01-08T16:37:22+08:00 ] ::1 /somegood/Public/uploads/20171219/5a38b892d2612.JPG_c200x200
INFO: [ app_init ] --START--
INFO: Run Behavior\BuildLiteBehavior [ RunTime:0.000000s ]
INFO: [ app_init ] --END-- [ RunTime:0.000000s ]
ERR: 无法加载模块:Public

[ 2018-01-08T16:37:22+08:00 ] ::1 /somegood/Public/uploads/20171025/59f034284ccee.jpg
INFO: [ app_init ] --START--
INFO: Run Behavior\BuildLiteBehavior [ RunTime:0.000000s ]
INFO: [ app_init ] --END-- [ RunTime:0.000000s ]
ERR: 无法加载模块:Public

[ 2018-01-08T16:37:22+08:00 ] ::1 /somegood/Public/uploads/20171025/59f03428401cb.png
INFO: [ app_init ] --START--
INFO: Run Behavior\BuildLiteBehavior [ RunTime:0.000000s ]
INFO: [ app_init ] --END-- [ RunTime:0.000000s ]
ERR: 无法加载模块:Public

[ 2018-01-08T16:37:23+08:00 ] ::1 /somegood/Public/uploads/20171025/59f03428401cb.png_c200x200
INFO: [ app_init ] --START--
INFO: Run Behavior\BuildLiteBehavior [ RunTime:0.000000s ]
INFO: [ app_init ] --END-- [ RunTime:0.000000s ]
ERR: 无法加载模块:Public

[ 2018-01-08T16:37:23+08:00 ] ::1 /somegood/Public/uploads/20180102/5a4b36a77c9dd.png_c200x200
INFO: [ app_init ] --START--
INFO: Run Behavior\BuildLiteBehavior [ RunTime:0.000000s ]
INFO: [ app_init ] --END-- [ RunTime:0.000000s ]
ERR: 无法加载模块:Public

[ 2018-01-08T16:54:25+08:00 ] ::1 /somegood/Public/uploads/20171025/59f03428401cb.png
INFO: [ app_init ] --START--
INFO: Run Behavior\BuildLiteBehavior [ RunTime:0.000000s ]
INFO: [ app_init ] --END-- [ RunTime:0.001000s ]
ERR: 无法加载模块:Public

[ 2018-01-08T16:54:25+08:00 ] ::1 /somegood/Public/uploads/20171025/59f034284ccee.jpg
INFO: [ app_init ] --START--
INFO: Run Behavior\BuildLiteBehavior [ RunTime:0.000000s ]
INFO: [ app_init ] --END-- [ RunTime:0.001001s ]
ERR: 无法加载模块:Public

[ 2018-01-08T16:54:25+08:00 ] ::1 /somegood/Public/uploads/20171025/59f034285bf22.jpg
INFO: [ app_init ] --START--
INFO: Run Behavior\BuildLiteBehavior [ RunTime:0.000000s ]
INFO: [ app_init ] --END-- [ RunTime:0.001000s ]
ERR: 无法加载模块:Public

[ 2018-01-08T16:54:25+08:00 ] ::1 /somegood/Public/uploads/20171219/5a38b892d2612.JPG_c200x200
INFO: [ app_init ] --START--
INFO: Run Behavior\BuildLiteBehavior [ RunTime:0.000000s ]
INFO: [ app_init ] --END-- [ RunTime:0.000000s ]
ERR: 无法加载模块:Public

[ 2018-01-08T16:54:25+08:00 ] ::1 /somegood/Public/uploads/20171025/59f03428401cb.png
INFO: [ app_init ] --START--
INFO: Run Behavior\BuildLiteBehavior [ RunTime:0.000000s ]
INFO: [ app_init ] --END-- [ RunTime:0.000000s ]
ERR: 无法加载模块:Public

[ 2018-01-08T17:20:51+08:00 ] ::1 /somegood/Public/uploads/20171025/59f03428401cb.png_c200x200
INFO: [ app_init ] --START--
INFO: Run Behavior\BuildLiteBehavior [ RunTime:0.000000s ]
INFO: [ app_init ] --END-- [ RunTime:0.001000s ]
ERR: 无法加载模块:Public

[ 2018-01-08T17:20:51+08:00 ] ::1 /somegood/Public/uploads/20180102/5a4b36a77c9dd.png_c200x200
INFO: [ app_init ] --START--
INFO: Run Behavior\BuildLiteBehavior [ RunTime:0.000000s ]
INFO: [ app_init ] --END-- [ RunTime:0.000000s ]
ERR: 无法加载模块:Public

[ 2018-01-08T17:22:07+08:00 ] ::1 /somegood/Public/uploads/20171027/59f2e0f9d90fa.jpg_c200x200
INFO: [ app_init ] --START--
INFO: Run Behavior\BuildLiteBehavior [ RunTime:0.000000s ]
INFO: [ app_init ] --END-- [ RunTime:0.000000s ]
ERR: 无法加载模块:Public

[ 2018-01-08T17:22:09+08:00 ] ::1 /somegood/Public/uploads/20170829/yundonghuwai.jpg
INFO: [ app_init ] --START--
INFO: Run Behavior\BuildLiteBehavior [ RunTime:0.000000s ]
INFO: [ app_init ] --END-- [ RunTime:0.000000s ]
ERR: 无法加载模块:Public

[ 2018-01-08T17:22:09+08:00 ] ::1 /somegood/Public/uploads/20170829/jiajushipin.jpg
INFO: [ app_init ] --START--
INFO: Run Behavior\BuildLiteBehavior [ RunTime:0.000000s ]
INFO: [ app_init ] --END-- [ RunTime:0.000000s ]
ERR: 无法加载模块:Public

[ 2018-01-08T17:22:09+08:00 ] ::1 /somegood/Public/uploads/20170829/meizhuang.jpg
INFO: [ app_init ] --START--
INFO: Run Behavior\BuildLiteBehavior [ RunTime:0.000000s ]
INFO: [ app_init ] --END-- [ RunTime:0.000000s ]
ERR: 无法加载模块:Public

[ 2018-01-08T17:22:09+08:00 ] ::1 /somegood/Public/uploads/20170829/ertongwanju.jpg
INFO: [ app_init ] --START--
INFO: Run Behavior\BuildLiteBehavior [ RunTime:0.000000s ]
INFO: [ app_init ] --END-- [ RunTime:0.000000s ]
ERR: 无法加载模块:Public

[ 2018-01-08T17:22:09+08:00 ] ::1 /somegood/Public/uploads/20170829/yinxiangyishupin.jpg
INFO: [ app_init ] --START--
INFO: Run Behavior\BuildLiteBehavior [ RunTime:0.000000s ]
INFO: [ app_init ] --END-- [ RunTime:0.001000s ]
ERR: 无法加载模块:Public

[ 2018-01-08T17:22:11+08:00 ] ::1 /somegood/Public/uploads/20171025/59f03428401cb.png_c200x200
INFO: [ app_init ] --START--
INFO: Run Behavior\BuildLiteBehavior [ RunTime:0.000000s ]
INFO: [ app_init ] --END-- [ RunTime:0.000000s ]
ERR: 无法加载模块:Public

[ 2018-01-08T17:22:11+08:00 ] ::1 /somegood/Public/uploads/20180102/5a4b36a77c9dd.png_c200x200
INFO: [ app_init ] --START--
INFO: Run Behavior\BuildLiteBehavior [ RunTime:0.000000s ]
INFO: [ app_init ] --END-- [ RunTime:0.000000s ]
ERR: 无法加载模块:Public

[ 2018-01-08T17:22:13+08:00 ] ::1 /somegood/Public/uploads/20180102/5a4b36a77c9dd.png_c200x200
INFO: [ app_init ] --START--
INFO: Run Behavior\BuildLiteBehavior [ RunTime:0.000000s ]
INFO: [ app_init ] --END-- [ RunTime:0.000000s ]
ERR: 无法加载模块:Public

[ 2018-01-08T17:22:13+08:00 ] ::1 /somegood/Public/uploads/20180102/5a4b36a77c9dd.png_c200x200
INFO: [ app_init ] --START--
INFO: Run Behavior\BuildLiteBehavior [ RunTime:0.000000s ]
INFO: [ app_init ] --END-- [ RunTime:0.000000s ]
ERR: 无法加载模块:Public

[ 2018-01-08T17:22:17+08:00 ] ::1 /somegood/Public/uploads/20180102/5a4b36a77c9dd.png_c200x200
INFO: [ app_init ] --START--
INFO: Run Behavior\BuildLiteBehavior [ RunTime:0.000000s ]
INFO: [ app_init ] --END-- [ RunTime:0.000000s ]
ERR: 无法加载模块:Public

[ 2018-01-08T17:22:50+08:00 ] ::1 /somegood/Public/uploads/20171025/59f03428401cb.png_c200x200
INFO: [ app_init ] --START--
INFO: Run Behavior\BuildLiteBehavior [ RunTime:0.000000s ]
INFO: [ app_init ] --END-- [ RunTime:0.001000s ]
ERR: 无法加载模块:Public

[ 2018-01-08T17:22:50+08:00 ] ::1 /somegood/Public/uploads/20180102/5a4b36a77c9dd.png_c200x200
INFO: [ app_init ] --START--
INFO: Run Behavior\BuildLiteBehavior [ RunTime:0.000000s ]
INFO: [ app_init ] --END-- [ RunTime:0.000000s ]
ERR: 无法加载模块:Public

[ 2018-01-08T17:30:37+08:00 ] ::1 /somegood/Public/uploads/20171025/59f03428401cb.png_c200x200
INFO: [ app_init ] --START--
INFO: Run Behavior\BuildLiteBehavior [ RunTime:0.000000s ]
INFO: [ app_init ] --END-- [ RunTime:0.000000s ]
ERR: 无法加载模块:Public

[ 2018-01-08T17:30:37+08:00 ] ::1 /somegood/Public/uploads/20180102/5a4b36a77c9dd.png_c200x200
INFO: [ app_init ] --START--
INFO: Run Behavior\BuildLiteBehavior [ RunTime:0.000000s ]
INFO: [ app_init ] --END-- [ RunTime:0.000000s ]
ERR: 无法加载模块:Public

[ 2018-01-08T17:30:43+08:00 ] ::1 /somegood/Public/uploads/20180102/5a4b36a77c9dd.png_c200x200
INFO: [ app_init ] --START--
INFO: Run Behavior\BuildLiteBehavior [ RunTime:0.000000s ]
INFO: [ app_init ] --END-- [ RunTime:0.001000s ]
ERR: 无法加载模块:Public

[ 2018-01-08T17:30:43+08:00 ] ::1 /somegood/Public/uploads/20180102/5a4b36a77c9dd.png_c200x200
INFO: [ app_init ] --START--
INFO: Run Behavior\BuildLiteBehavior [ RunTime:0.000000s ]
INFO: [ app_init ] --END-- [ RunTime:0.000000s ]
ERR: 无法加载模块:Public

[ 2018-01-08T17:30:46+08:00 ] ::1 /somegood/Public/uploads/20180102/5a4b36a77c9dd.png_c200x200
INFO: [ app_init ] --START--
INFO: Run Behavior\BuildLiteBehavior [ RunTime:0.000000s ]
INFO: [ app_init ] --END-- [ RunTime:0.001000s ]
ERR: 无法加载模块:Public

[ 2018-01-08T17:32:07+08:00 ] ::1 /somegood/Public/uploads/20171025/59f03428401cb.png_c200x200
INFO: [ app_init ] --START--
INFO: Run Behavior\BuildLiteBehavior [ RunTime:0.000000s ]
INFO: [ app_init ] --END-- [ RunTime:0.001000s ]
ERR: 无法加载模块:Public

[ 2018-01-08T17:32:07+08:00 ] ::1 /somegood/Public/uploads/20180102/5a4b36a77c9dd.png_c200x200
INFO: [ app_init ] --START--
INFO: Run Behavior\BuildLiteBehavior [ RunTime:0.000000s ]
INFO: [ app_init ] --END-- [ RunTime:0.000000s ]
ERR: 无法加载模块:Public

[ 2018-01-08T17:32:25+08:00 ] ::1 /somegood/Public/uploads/20171025/59f03428401cb.png_c200x200
INFO: [ app_init ] --START--
INFO: Run Behavior\BuildLiteBehavior [ RunTime:0.000000s ]
INFO: [ app_init ] --END-- [ RunTime:0.000000s ]
ERR: 无法加载模块:Public

[ 2018-01-08T17:32:25+08:00 ] ::1 /somegood/Public/uploads/20180102/5a4b36a77c9dd.png_c200x200
INFO: [ app_init ] --START--
INFO: Run Behavior\BuildLiteBehavior [ RunTime:0.000000s ]
INFO: [ app_init ] --END-- [ RunTime:0.000000s ]
ERR: 无法加载模块:Public

[ 2018-01-08T17:32:29+08:00 ] ::1 /somegood/Public/uploads/20171025/59f03428401cb.png_c200x200
INFO: [ app_init ] --START--
INFO: Run Behavior\BuildLiteBehavior [ RunTime:0.000000s ]
INFO: [ app_init ] --END-- [ RunTime:0.001000s ]
ERR: 无法加载模块:Public

[ 2018-01-08T17:32:29+08:00 ] ::1 /somegood/Public/uploads/20180102/5a4b36a77c9dd.png_c200x200
INFO: [ app_init ] --START--
INFO: Run Behavior\BuildLiteBehavior [ RunTime:0.000000s ]
INFO: [ app_init ] --END-- [ RunTime:0.000000s ]
ERR: 无法加载模块:Public

[ 2018-01-08T17:35:29+08:00 ] ::1 /somegood/Public/uploads/20171025/59f03428401cb.png_c200x200
INFO: [ app_init ] --START--
INFO: Run Behavior\BuildLiteBehavior [ RunTime:0.000000s ]
INFO: [ app_init ] --END-- [ RunTime:0.001000s ]
ERR: 无法加载模块:Public

[ 2018-01-08T17:35:29+08:00 ] ::1 /somegood/Public/uploads/20180102/5a4b36a77c9dd.png_c200x200
INFO: [ app_init ] --START--
INFO: Run Behavior\BuildLiteBehavior [ RunTime:0.000000s ]
INFO: [ app_init ] --END-- [ RunTime:0.000000s ]
ERR: 无法加载模块:Public

[ 2018-01-08T17:35:32+08:00 ] ::1 /somegood/Public/uploads/20180102/5a4b36a77c9dd.png_c200x200
INFO: [ app_init ] --START--
INFO: Run Behavior\BuildLiteBehavior [ RunTime:0.000000s ]
INFO: [ app_init ] --END-- [ RunTime:0.000000s ]
ERR: 无法加载模块:Public

[ 2018-01-08T17:35:32+08:00 ] ::1 /somegood/Public/uploads/20180102/5a4b36a77c9dd.png_c200x200
INFO: [ app_init ] --START--
INFO: Run Behavior\BuildLiteBehavior [ RunTime:0.000000s ]
INFO: [ app_init ] --END-- [ RunTime:0.000000s ]
ERR: 无法加载模块:Public

[ 2018-01-08T17:35:35+08:00 ] ::1 /somegood/Public/uploads/20180102/5a4b36a77c9dd.png_c200x200
INFO: [ app_init ] --START--
INFO: Run Behavior\BuildLiteBehavior [ RunTime:0.000000s ]
INFO: [ app_init ] --END-- [ RunTime:0.001000s ]
ERR: 无法加载模块:Public

[ 2018-01-08T17:36:12+08:00 ] ::1 /somegood/Public/uploads/20180102/5a4b36a77c9dd.png_c200x200
INFO: [ app_init ] --START--
INFO: Run Behavior\BuildLiteBehavior [ RunTime:0.000000s ]
INFO: [ app_init ] --END-- [ RunTime:0.000000s ]
ERR: 无法加载模块:Public

[ 2018-01-08T17:36:47+08:00 ] ::1 /somegood/Public/uploads/20180102/5a4b36a77c9dd.png_c200x200
INFO: [ app_init ] --START--
INFO: Run Behavior\BuildLiteBehavior [ RunTime:0.000000s ]
INFO: [ app_init ] --END-- [ RunTime:0.001001s ]
ERR: 无法加载模块:Public

[ 2018-01-08T17:37:25+08:00 ] ::1 /somegood/Public/uploads/20180102/5a4b36a77c9dd.png_c200x200
INFO: [ app_init ] --START--
INFO: Run Behavior\BuildLiteBehavior [ RunTime:0.000000s ]
INFO: [ app_init ] --END-- [ RunTime:0.000000s ]
ERR: 无法加载模块:Public

[ 2018-01-08T17:38:59+08:00 ] ::1 /somegood/Public/uploads/20180102/5a4b36a77c9dd.png_c200x200
INFO: [ app_init ] --START--
INFO: Run Behavior\BuildLiteBehavior [ RunTime:0.000000s ]
INFO: [ app_init ] --END-- [ RunTime:0.001000s ]
ERR: 无法加载模块:Public

[ 2018-01-08T17:41:16+08:00 ] ::1 /somegood/Public/uploads/20180102/5a4b36a77c9dd.png_c200x200
INFO: [ app_init ] --START--
INFO: Run Behavior\BuildLiteBehavior [ RunTime:0.000000s ]
INFO: [ app_init ] --END-- [ RunTime:0.000000s ]
ERR: 无法加载模块:Public

[ 2018-01-08T17:41:47+08:00 ] ::1 /somegood/Public/uploads/20171025/59f03428401cb.png_c200x200
INFO: [ app_init ] --START--
INFO: Run Behavior\BuildLiteBehavior [ RunTime:0.000000s ]
INFO: [ app_init ] --END-- [ RunTime:0.000000s ]
ERR: 无法加载模块:Public

[ 2018-01-08T17:41:47+08:00 ] ::1 /somegood/Public/uploads/20180102/5a4b36a77c9dd.png_c200x200
INFO: [ app_init ] --START--
INFO: Run Behavior\BuildLiteBehavior [ RunTime:0.000000s ]
INFO: [ app_init ] --END-- [ RunTime:0.001000s ]
ERR: 无法加载模块:Public

[ 2018-01-08T17:41:49+08:00 ] ::1 /somegood/Public/uploads/20180102/5a4b36a77c9dd.png_c200x200
INFO: [ app_init ] --START--
INFO: Run Behavior\BuildLiteBehavior [ RunTime:0.000000s ]
INFO: [ app_init ] --END-- [ RunTime:0.000000s ]
ERR: 无法加载模块:Public

[ 2018-01-08T17:41:49+08:00 ] ::1 /somegood/Public/uploads/20180102/5a4b36a77c9dd.png_c200x200
INFO: [ app_init ] --START--
INFO: Run Behavior\BuildLiteBehavior [ RunTime:0.000000s ]
INFO: [ app_init ] --END-- [ RunTime:0.000000s ]
ERR: 无法加载模块:Public

[ 2018-01-08T17:41:52+08:00 ] ::1 /somegood/Public/uploads/20180102/5a4b36a77c9dd.png_c200x200
INFO: [ app_init ] --START--
INFO: Run Behavior\BuildLiteBehavior [ RunTime:0.000000s ]
INFO: [ app_init ] --END-- [ RunTime:0.001000s ]
ERR: 无法加载模块:Public

[ 2018-01-08T17:41:54+08:00 ] ::1 /somegood/Public/uploads/20180102/5a4b36a77c9dd.png_c200x200
INFO: [ app_init ] --START--
INFO: Run Behavior\BuildLiteBehavior [ RunTime:0.000000s ]
INFO: [ app_init ] --END-- [ RunTime:0.000000s ]
ERR: 无法加载模块:Public

[ 2018-01-08T17:41:55+08:00 ] ::1 /somegood/Public/uploads/20180102/5a4b36a77c9dd.png_c200x200
INFO: [ app_init ] --START--
INFO: Run Behavior\BuildLiteBehavior [ RunTime:0.000000s ]
INFO: [ app_init ] --END-- [ RunTime:0.000000s ]
ERR: 无法加载模块:Public

[ 2018-01-08T17:41:55+08:00 ] ::1 /somegood/Public/uploads/20180102/5a4b36a77c9dd.png_c200x200
INFO: [ app_init ] --START--
INFO: Run Behavior\BuildLiteBehavior [ RunTime:0.000000s ]
INFO: [ app_init ] --END-- [ RunTime:0.000000s ]
ERR: 无法加载模块:Public

[ 2018-01-08T17:41:55+08:00 ] ::1 /somegood/Public/uploads/20180102/5a4b36a77c9dd.png_c200x200
INFO: [ app_init ] --START--
INFO: Run Behavior\BuildLiteBehavior [ RunTime:0.000000s ]
INFO: [ app_init ] --END-- [ RunTime:0.000000s ]
ERR: 无法加载模块:Public

[ 2018-01-08T17:41:55+08:00 ] ::1 /somegood/Public/uploads/20180102/5a4b36a77c9dd.png_c200x200
INFO: [ app_init ] --START--
INFO: Run Behavior\BuildLiteBehavior [ RunTime:0.000000s ]
INFO: [ app_init ] --END-- [ RunTime:0.000000s ]
ERR: 无法加载模块:Public

[ 2018-01-08T17:41:55+08:00 ] ::1 /somegood/Public/uploads/20180102/5a4b36a77c9dd.png_c200x200
INFO: [ app_init ] --START--
INFO: Run Behavior\BuildLiteBehavior [ RunTime:0.000000s ]
INFO: [ app_init ] --END-- [ RunTime:0.000000s ]
ERR: 无法加载模块:Public

[ 2018-01-08T17:41:56+08:00 ] ::1 /somegood/Public/uploads/20180102/5a4b36a77c9dd.png_c200x200
INFO: [ app_init ] --START--
INFO: Run Behavior\BuildLiteBehavior [ RunTime:0.000000s ]
INFO: [ app_init ] --END-- [ RunTime:0.000000s ]
ERR: 无法加载模块:Public

[ 2018-01-08T17:41:56+08:00 ] ::1 /somegood/Public/uploads/20180102/5a4b36a77c9dd.png_c200x200
INFO: [ app_init ] --START--
INFO: Run Behavior\BuildLiteBehavior [ RunTime:0.000000s ]
INFO: [ app_init ] --END-- [ RunTime:0.000000s ]
ERR: 无法加载模块:Public

[ 2018-01-08T17:42:20+08:00 ] ::1 /somegood/Public/uploads/20180102/5a4b36a77c9dd.png_c200x200
INFO: [ app_init ] --START--
INFO: Run Behavior\BuildLiteBehavior [ RunTime:0.001000s ]
INFO: [ app_init ] --END-- [ RunTime:0.001000s ]
ERR: 无法加载模块:Public

[ 2018-01-08T17:42:41+08:00 ] ::1 /somegood/Public/uploads/20180102/5a4b36a77c9dd.png_c200x200
INFO: [ app_init ] --START--
INFO: Run Behavior\BuildLiteBehavior [ RunTime:0.000000s ]
INFO: [ app_init ] --END-- [ RunTime:0.000000s ]
ERR: 无法加载模块:Public

[ 2018-01-08T17:42:56+08:00 ] ::1 /somegood/Public/uploads/20180102/5a4b36a77c9dd.png_c200x200
INFO: [ app_init ] --START--
INFO: Run Behavior\BuildLiteBehavior [ RunTime:0.000000s ]
INFO: [ app_init ] --END-- [ RunTime:0.000000s ]
ERR: 无法加载模块:Public

[ 2018-01-08T17:42:58+08:00 ] ::1 /somegood/Public/uploads/20180102/5a4b36a77c9dd.png_c200x200
INFO: [ app_init ] --START--
INFO: Run Behavior\BuildLiteBehavior [ RunTime:0.000000s ]
INFO: [ app_init ] --END-- [ RunTime:0.000000s ]
ERR: 无法加载模块:Public

[ 2018-01-08T17:43:57+08:00 ] ::1 /somegood/Public/uploads/20180102/5a4b36a77c9dd.png_c200x200
INFO: [ app_init ] --START--
INFO: Run Behavior\BuildLiteBehavior [ RunTime:0.000000s ]
INFO: [ app_init ] --END-- [ RunTime:0.001000s ]
ERR: 无法加载模块:Public

