[ 2018-01-16T11:12:11+08:00 ] ::1 /somegood/Public/uploads/20171025/59f03428401cb.png
INFO: [ app_init ] --START--
INFO: Run Behavior\BuildLiteBehavior [ RunTime:0.000000s ]
INFO: [ app_init ] --END-- [ RunTime:0.000000s ]
ERR: 无法加载模块:Public

[ 2018-01-16T11:12:11+08:00 ] ::1 /somegood/Public/uploads/20171025/59f034284ccee.jpg
INFO: [ app_init ] --START--
INFO: Run Behavior\BuildLiteBehavior [ RunTime:0.000000s ]
INFO: [ app_init ] --END-- [ RunTime:0.000000s ]
ERR: 无法加载模块:Public

[ 2018-01-16T11:12:11+08:00 ] ::1 /somegood/Public/uploads/20171025/59f034285bf22.jpg
INFO: [ app_init ] --START--
INFO: Run Behavior\BuildLiteBehavior [ RunTime:0.001000s ]
INFO: [ app_init ] --END-- [ RunTime:0.001000s ]
ERR: 无法加载模块:Public

[ 2018-01-16T11:12:11+08:00 ] ::1 /somegood/Public/uploads/20171219/5a38b892d2612.JPG_c200x200
INFO: [ app_init ] --START--
INFO: Run Behavior\BuildLiteBehavior [ RunTime:0.000000s ]
INFO: [ app_init ] --END-- [ RunTime:0.000000s ]
ERR: 无法加载模块:Public

[ 2018-01-16T11:12:17+08:00 ] ::1 /somegood/Public/uploads/20171025/59f03428401cb.png
INFO: [ app_init ] --START--
INFO: Run Behavior\BuildLiteBehavior [ RunTime:0.000000s ]
INFO: [ app_init ] --END-- [ RunTime:0.000000s ]
ERR: 无法加载模块:Public

[ 2018-01-16T11:12:17+08:00 ] ::1 /somegood/Public/uploads/20171025/59f034284ccee.jpg
INFO: [ app_init ] --START--
INFO: Run Behavior\BuildLiteBehavior [ RunTime:0.000000s ]
INFO: [ app_init ] --END-- [ RunTime:0.001000s ]
ERR: 无法加载模块:Public

[ 2018-01-16T11:12:17+08:00 ] ::1 /somegood/Public/uploads/20171025/59f034285bf22.jpg
INFO: [ app_init ] --START--
INFO: Run Behavior\BuildLiteBehavior [ RunTime:0.000000s ]
INFO: [ app_init ] --END-- [ RunTime:0.000000s ]
ERR: 无法加载模块:Public

[ 2018-01-16T11:12:17+08:00 ] ::1 /somegood/Public/uploads/20171219/5a38b892d2612.JPG_c200x200
INFO: [ app_init ] --START--
INFO: Run Behavior\BuildLiteBehavior [ RunTime:0.000000s ]
INFO: [ app_init ] --END-- [ RunTime:0.000000s ]
ERR: 无法加载模块:Public

[ 2018-01-16T11:12:17+08:00 ] ::1 /somegood/Public/uploads/20171025/59f03428401cb.png
INFO: [ app_init ] --START--
INFO: Run Behavior\BuildLiteBehavior [ RunTime:0.000000s ]
INFO: [ app_init ] --END-- [ RunTime:0.000000s ]
ERR: 无法加载模块:Public

[ 2018-01-16T11:12:53+08:00 ] ::1 /somegood/Public/uploads/20171025/59f03428401cb.png_c200x200
INFO: [ app_init ] --START--
INFO: Run Behavior\BuildLiteBehavior [ RunTime:0.000000s ]
INFO: [ app_init ] --END-- [ RunTime:0.001000s ]
ERR: 无法加载模块:Public

[ 2018-01-16T11:13:56+08:00 ] ::1 /somegood/Public/uploads/20171025/59f03428401cb.png
INFO: [ app_init ] --START--
INFO: Run Behavior\BuildLiteBehavior [ RunTime:0.000000s ]
INFO: [ app_init ] --END-- [ RunTime:0.000000s ]
ERR: 无法加载模块:Public

[ 2018-01-16T11:13:56+08:00 ] ::1 /somegood/Public/uploads/20171025/59f034284ccee.jpg
INFO: [ app_init ] --START--
INFO: Run Behavior\BuildLiteBehavior [ RunTime:0.000000s ]
INFO: [ app_init ] --END-- [ RunTime:0.000000s ]
ERR: 无法加载模块:Public

[ 2018-01-16T11:13:56+08:00 ] ::1 /somegood/Public/uploads/20171219/5a38b892d2612.JPG_c200x200
INFO: [ app_init ] --START--
INFO: Run Behavior\BuildLiteBehavior [ RunTime:0.000000s ]
INFO: [ app_init ] --END-- [ RunTime:0.000000s ]
ERR: 无法加载模块:Public

[ 2018-01-16T11:13:56+08:00 ] ::1 /somegood/Public/uploads/20171025/59f034285bf22.jpg
INFO: [ app_init ] --START--
INFO: Run Behavior\BuildLiteBehavior [ RunTime:0.000000s ]
INFO: [ app_init ] --END-- [ RunTime:0.001000s ]
ERR: 无法加载模块:Public

[ 2018-01-16T11:13:56+08:00 ] ::1 /somegood/Public/uploads/20171025/59f03428401cb.png
INFO: [ app_init ] --START--
INFO: Run Behavior\BuildLiteBehavior [ RunTime:0.000000s ]
INFO: [ app_init ] --END-- [ RunTime:0.000000s ]
ERR: 无法加载模块:Public

[ 2018-01-16T11:14:16+08:00 ] ::1 /somegood/Public/uploads/20171201/thumb_5a213be504d0e.png_c200x200
INFO: [ app_init ] --START--
INFO: Run Behavior\BuildLiteBehavior [ RunTime:0.000000s ]
INFO: [ app_init ] --END-- [ RunTime:0.000000s ]
ERR: 无法加载模块:Public

[ 2018-01-16T11:14:16+08:00 ] ::1 /somegood/Public/uploads/20180102/5a4b36331b83e.png_c200x200
INFO: [ app_init ] --START--
INFO: Run Behavior\BuildLiteBehavior [ RunTime:0.000000s ]
INFO: [ app_init ] --END-- [ RunTime:0.000000s ]
ERR: 无法加载模块:Public

[ 2018-01-16T11:14:16+08:00 ] ::1 /somegood/Public/uploads/20180102/thumb_5a4aefa13c146.png_c200x200
INFO: [ app_init ] --START--
INFO: Run Behavior\BuildLiteBehavior [ RunTime:0.000000s ]
INFO: [ app_init ] --END-- [ RunTime:0.000000s ]
ERR: 无法加载模块:Public

[ 2018-01-16T11:14:16+08:00 ] ::1 /somegood/Public/uploads/20180102/5a4b36a77c9dd.png_c200x200
INFO: [ app_init ] --START--
INFO: Run Behavior\BuildLiteBehavior [ RunTime:0.000000s ]
INFO: [ app_init ] --END-- [ RunTime:0.000000s ]
ERR: 无法加载模块:Public

[ 2018-01-16T11:14:16+08:00 ] ::1 /somegood/Public/uploads/20171225/thumb_5a405aa7b5958.png_c200x200
INFO: [ app_init ] --START--
INFO: Run Behavior\BuildLiteBehavior [ RunTime:0.000000s ]
INFO: [ app_init ] --END-- [ RunTime:0.000000s ]
ERR: 无法加载模块:Public

[ 2018-01-16T11:14:19+08:00 ] ::1 /somegood/Public/uploads/20170829/yundonghuwai.jpg
INFO: [ app_init ] --START--
INFO: Run Behavior\BuildLiteBehavior [ RunTime:0.000000s ]
INFO: [ app_init ] --END-- [ RunTime:0.001001s ]
ERR: 无法加载模块:Public

[ 2018-01-16T11:14:19+08:00 ] ::1 /somegood/Public/uploads/20170829/meizhuang.jpg
INFO: [ app_init ] --START--
INFO: Run Behavior\BuildLiteBehavior [ RunTime:0.000000s ]
INFO: [ app_init ] --END-- [ RunTime:0.000000s ]
ERR: 无法加载模块:Public

[ 2018-01-16T11:14:19+08:00 ] ::1 /somegood/Public/uploads/20170829/jiajushipin.jpg
INFO: [ app_init ] --START--
INFO: Run Behavior\BuildLiteBehavior [ RunTime:0.000000s ]
INFO: [ app_init ] --END-- [ RunTime:0.000000s ]
ERR: 无法加载模块:Public

[ 2018-01-16T11:14:19+08:00 ] ::1 /somegood/Public/uploads/20170829/ertongwanju.jpg
INFO: [ app_init ] --START--
INFO: Run Behavior\BuildLiteBehavior [ RunTime:0.000000s ]
INFO: [ app_init ] --END-- [ RunTime:0.000000s ]
ERR: 无法加载模块:Public

[ 2018-01-16T11:14:19+08:00 ] ::1 /somegood/Public/uploads/20170829/yinxiangyishupin.jpg
INFO: [ app_init ] --START--
INFO: Run Behavior\BuildLiteBehavior [ RunTime:0.000000s ]
INFO: [ app_init ] --END-- [ RunTime:0.001000s ]
ERR: 无法加载模块:Public

[ 2018-01-16T11:14:21+08:00 ] ::1 /somegood/Public/uploads/20180102/5a4b36a77c9dd.png_c200x200
INFO: [ app_init ] --START--
INFO: Run Behavior\BuildLiteBehavior [ RunTime:0.000000s ]
INFO: [ app_init ] --END-- [ RunTime:0.000000s ]
ERR: 无法加载模块:Public

[ 2018-01-16T11:14:21+08:00 ] ::1 /somegood/Public/uploads/20171025/59f03684ee092.png_c200x200
INFO: [ app_init ] --START--
INFO: Run Behavior\BuildLiteBehavior [ RunTime:0.000000s ]
INFO: [ app_init ] --END-- [ RunTime:0.000000s ]
ERR: 无法加载模块:Public

[ 2018-01-16T11:14:22+08:00 ] ::1 /somegood/Public/uploads/20171025/59f03428401cb.png
INFO: [ app_init ] --START--
INFO: Run Behavior\BuildLiteBehavior [ RunTime:0.000000s ]
INFO: [ app_init ] --END-- [ RunTime:0.000000s ]
ERR: 无法加载模块:Public

[ 2018-01-16T11:14:22+08:00 ] ::1 /somegood/Public/uploads/20171025/59f034284ccee.jpg
INFO: [ app_init ] --START--
INFO: Run Behavior\BuildLiteBehavior [ RunTime:0.000000s ]
INFO: [ app_init ] --END-- [ RunTime:0.000000s ]
ERR: 无法加载模块:Public

[ 2018-01-16T11:14:22+08:00 ] ::1 /somegood/Public/uploads/20171025/59f034285bf22.jpg
INFO: [ app_init ] --START--
INFO: Run Behavior\BuildLiteBehavior [ RunTime:0.000000s ]
INFO: [ app_init ] --END-- [ RunTime:0.000000s ]
ERR: 无法加载模块:Public

[ 2018-01-16T11:14:22+08:00 ] ::1 /somegood/Public/uploads/20171219/5a38b892d2612.JPG_c200x200
INFO: [ app_init ] --START--
INFO: Run Behavior\BuildLiteBehavior [ RunTime:0.000000s ]
INFO: [ app_init ] --END-- [ RunTime:0.001000s ]
ERR: 无法加载模块:Public

[ 2018-01-16T11:14:22+08:00 ] ::1 /somegood/Public/uploads/20171025/59f03428401cb.png
INFO: [ app_init ] --START--
INFO: Run Behavior\BuildLiteBehavior [ RunTime:0.000000s ]
INFO: [ app_init ] --END-- [ RunTime:0.000000s ]
ERR: 无法加载模块:Public

[ 2018-01-16T11:30:59+08:00 ] ::1 /somegood/Public/uploads/20171025/59f03428401cb.png
INFO: [ app_init ] --START--
INFO: Run Behavior\BuildLiteBehavior [ RunTime:0.000000s ]
INFO: [ app_init ] --END-- [ RunTime:0.000000s ]
ERR: 无法加载模块:Public

[ 2018-01-16T11:30:59+08:00 ] ::1 /somegood/Public/uploads/20171025/59f034284ccee.jpg
INFO: [ app_init ] --START--
INFO: Run Behavior\BuildLiteBehavior [ RunTime:0.000000s ]
INFO: [ app_init ] --END-- [ RunTime:0.001000s ]
ERR: 无法加载模块:Public

[ 2018-01-16T11:30:59+08:00 ] ::1 /somegood/Public/uploads/20171219/5a38b892d2612.JPG_c200x200
INFO: [ app_init ] --START--
INFO: Run Behavior\BuildLiteBehavior [ RunTime:0.000000s ]
INFO: [ app_init ] --END-- [ RunTime:0.000000s ]
ERR: 无法加载模块:Public

[ 2018-01-16T11:30:59+08:00 ] ::1 /somegood/Public/uploads/20171025/59f034285bf22.jpg
INFO: [ app_init ] --START--
INFO: Run Behavior\BuildLiteBehavior [ RunTime:0.000000s ]
INFO: [ app_init ] --END-- [ RunTime:0.000000s ]
ERR: 无法加载模块:Public

[ 2018-01-16T11:31:16+08:00 ] ::1 /somegood/Public/uploads/20171025/59f03428401cb.png
INFO: [ app_init ] --START--
INFO: Run Behavior\BuildLiteBehavior [ RunTime:0.000000s ]
INFO: [ app_init ] --END-- [ RunTime:0.001000s ]
ERR: 无法加载模块:Public

[ 2018-01-16T11:31:16+08:00 ] ::1 /somegood/Public/uploads/20171025/59f034284ccee.jpg
INFO: [ app_init ] --START--
INFO: Run Behavior\BuildLiteBehavior [ RunTime:0.000000s ]
INFO: [ app_init ] --END-- [ RunTime:0.000000s ]
ERR: 无法加载模块:Public

[ 2018-01-16T11:31:16+08:00 ] ::1 /somegood/Public/uploads/20171025/59f034285bf22.jpg
INFO: [ app_init ] --START--
INFO: Run Behavior\BuildLiteBehavior [ RunTime:0.000000s ]
INFO: [ app_init ] --END-- [ RunTime:0.000000s ]
ERR: 无法加载模块:Public

[ 2018-01-16T11:31:16+08:00 ] ::1 /somegood/Public/uploads/20171219/5a38b892d2612.JPG_c200x200
INFO: [ app_init ] --START--
INFO: Run Behavior\BuildLiteBehavior [ RunTime:0.000000s ]
INFO: [ app_init ] --END-- [ RunTime:0.000000s ]
ERR: 无法加载模块:Public

[ 2018-01-16T11:31:16+08:00 ] ::1 /somegood/Public/uploads/20171025/59f03428401cb.png
INFO: [ app_init ] --START--
INFO: Run Behavior\BuildLiteBehavior [ RunTime:0.000000s ]
INFO: [ app_init ] --END-- [ RunTime:0.001000s ]
ERR: 无法加载模块:Public

[ 2018-01-16T11:31:19+08:00 ] ::1 /somegood/Public/uploads/20171025/59f03428401cb.png_c200x200
INFO: [ app_init ] --START--
INFO: Run Behavior\BuildLiteBehavior [ RunTime:0.000000s ]
INFO: [ app_init ] --END-- [ RunTime:0.000000s ]
ERR: 无法加载模块:Public

[ 2018-01-16T11:31:44+08:00 ] ::1 /somegood/Public/uploads/20171027/59f2e0f9d90fa.jpg_c200x200
INFO: [ app_init ] --START--
INFO: Run Behavior\BuildLiteBehavior [ RunTime:0.000000s ]
INFO: [ app_init ] --END-- [ RunTime:0.000000s ]
ERR: 无法加载模块:Public

[ 2018-01-16T11:31:45+08:00 ] ::1 /somegood/Public/uploads/20170829/yundonghuwai.jpg
INFO: [ app_init ] --START--
INFO: Run Behavior\BuildLiteBehavior [ RunTime:0.000000s ]
INFO: [ app_init ] --END-- [ RunTime:0.000000s ]
ERR: 无法加载模块:Public

[ 2018-01-16T11:31:45+08:00 ] ::1 /somegood/Public/uploads/20170829/jiajushipin.jpg
INFO: [ app_init ] --START--
INFO: Run Behavior\BuildLiteBehavior [ RunTime:0.000000s ]
INFO: [ app_init ] --END-- [ RunTime:0.001000s ]
ERR: 无法加载模块:Public

[ 2018-01-16T11:31:45+08:00 ] ::1 /somegood/Public/uploads/20170829/yinxiangyishupin.jpg
INFO: [ app_init ] --START--
INFO: Run Behavior\BuildLiteBehavior [ RunTime:0.000000s ]
INFO: [ app_init ] --END-- [ RunTime:0.000000s ]
ERR: 无法加载模块:Public

[ 2018-01-16T11:31:45+08:00 ] ::1 /somegood/Public/uploads/20170829/meizhuang.jpg
INFO: [ app_init ] --START--
INFO: Run Behavior\BuildLiteBehavior [ RunTime:0.000000s ]
INFO: [ app_init ] --END-- [ RunTime:0.000000s ]
ERR: 无法加载模块:Public

[ 2018-01-16T11:31:45+08:00 ] ::1 /somegood/Public/uploads/20170829/ertongwanju.jpg
INFO: [ app_init ] --START--
INFO: Run Behavior\BuildLiteBehavior [ RunTime:0.000000s ]
INFO: [ app_init ] --END-- [ RunTime:0.001000s ]
ERR: 无法加载模块:Public

[ 2018-01-16T11:31:46+08:00 ] ::1 /somegood/Public/uploads/20171025/59f03684ee092.png_c200x200
INFO: [ app_init ] --START--
INFO: Run Behavior\BuildLiteBehavior [ RunTime:0.000000s ]
INFO: [ app_init ] --END-- [ RunTime:0.000000s ]
ERR: 无法加载模块:Public

[ 2018-01-16T11:31:46+08:00 ] ::1 /somegood/Public/uploads/20180102/5a4b36a77c9dd.png_c200x200
INFO: [ app_init ] --START--
INFO: Run Behavior\BuildLiteBehavior [ RunTime:0.000000s ]
INFO: [ app_init ] --END-- [ RunTime:0.000000s ]
ERR: 无法加载模块:Public

[ 2018-01-16T11:31:47+08:00 ] ::1 /somegood/Public/uploads/20171025/59f03428401cb.png
INFO: [ app_init ] --START--
INFO: Run Behavior\BuildLiteBehavior [ RunTime:0.000000s ]
INFO: [ app_init ] --END-- [ RunTime:0.001000s ]
ERR: 无法加载模块:Public

[ 2018-01-16T11:31:47+08:00 ] ::1 /somegood/Public/uploads/20171025/59f034284ccee.jpg
INFO: [ app_init ] --START--
INFO: Run Behavior\BuildLiteBehavior [ RunTime:0.000000s ]
INFO: [ app_init ] --END-- [ RunTime:0.001000s ]
ERR: 无法加载模块:Public

[ 2018-01-16T11:31:47+08:00 ] ::1 /somegood/Public/uploads/20171219/5a38b892d2612.JPG_c200x200
INFO: [ app_init ] --START--
INFO: Run Behavior\BuildLiteBehavior [ RunTime:0.000000s ]
INFO: [ app_init ] --END-- [ RunTime:0.000000s ]
ERR: 无法加载模块:Public

[ 2018-01-16T11:31:47+08:00 ] ::1 /somegood/Public/uploads/20171025/59f03428401cb.png
INFO: [ app_init ] --START--
INFO: Run Behavior\BuildLiteBehavior [ RunTime:0.000000s ]
INFO: [ app_init ] --END-- [ RunTime:0.000000s ]
ERR: 无法加载模块:Public

[ 2018-01-16T11:31:47+08:00 ] ::1 /somegood/Public/uploads/20171025/59f034285bf22.jpg
INFO: [ app_init ] --START--
INFO: Run Behavior\BuildLiteBehavior [ RunTime:0.000000s ]
INFO: [ app_init ] --END-- [ RunTime:0.003000s ]
ERR: 无法加载模块:Public

[ 2018-01-16T11:31:51+08:00 ] ::1 /somegood/Public/uploads/20171025/59f03428401cb.png_c200x200
INFO: [ app_init ] --START--
INFO: Run Behavior\BuildLiteBehavior [ RunTime:0.000000s ]
INFO: [ app_init ] --END-- [ RunTime:0.000000s ]
ERR: 无法加载模块:Public

[ 2018-01-16T11:31:55+08:00 ] ::1 /somegood/Public/uploads/20171025/59f03428401cb.png
INFO: [ app_init ] --START--
INFO: Run Behavior\BuildLiteBehavior [ RunTime:0.000000s ]
INFO: [ app_init ] --END-- [ RunTime:0.001000s ]
ERR: 无法加载模块:Public

[ 2018-01-16T11:31:55+08:00 ] ::1 /somegood/Public/uploads/20171025/59f034284ccee.jpg
INFO: [ app_init ] --START--
INFO: Run Behavior\BuildLiteBehavior [ RunTime:0.000000s ]
INFO: [ app_init ] --END-- [ RunTime:0.000000s ]
ERR: 无法加载模块:Public

[ 2018-01-16T11:31:55+08:00 ] ::1 /somegood/Public/uploads/20171025/59f034285bf22.jpg
INFO: [ app_init ] --START--
INFO: Run Behavior\BuildLiteBehavior [ RunTime:0.000000s ]
INFO: [ app_init ] --END-- [ RunTime:0.000000s ]
ERR: 无法加载模块:Public

[ 2018-01-16T11:31:55+08:00 ] ::1 /somegood/Public/uploads/20171219/5a38b892d2612.JPG_c200x200
INFO: [ app_init ] --START--
INFO: Run Behavior\BuildLiteBehavior [ RunTime:0.000000s ]
INFO: [ app_init ] --END-- [ RunTime:0.001000s ]
ERR: 无法加载模块:Public

[ 2018-01-16T11:31:55+08:00 ] ::1 /somegood/Public/uploads/20171025/59f03428401cb.png
INFO: [ app_init ] --START--
INFO: Run Behavior\BuildLiteBehavior [ RunTime:0.000000s ]
INFO: [ app_init ] --END-- [ RunTime:0.000000s ]
ERR: 无法加载模块:Public

[ 2018-01-16T11:36:00+08:00 ] ::1 /somegood/Public/uploads/20171025/59f03428401cb.png
INFO: [ app_init ] --START--
INFO: Run Behavior\BuildLiteBehavior [ RunTime:0.000000s ]
INFO: [ app_init ] --END-- [ RunTime:0.000000s ]
ERR: 无法加载模块:Public

[ 2018-01-16T11:36:00+08:00 ] ::1 /somegood/Public/uploads/20171025/59f034284ccee.jpg
INFO: [ app_init ] --START--
INFO: Run Behavior\BuildLiteBehavior [ RunTime:0.000000s ]
INFO: [ app_init ] --END-- [ RunTime:0.000000s ]
ERR: 无法加载模块:Public

[ 2018-01-16T11:36:00+08:00 ] ::1 /somegood/Public/uploads/20171025/59f034285bf22.jpg
INFO: [ app_init ] --START--
INFO: Run Behavior\BuildLiteBehavior [ RunTime:0.000000s ]
INFO: [ app_init ] --END-- [ RunTime:0.001000s ]
ERR: 无法加载模块:Public

[ 2018-01-16T11:36:00+08:00 ] ::1 /somegood/Public/uploads/20171219/5a38b892d2612.JPG_c200x200
INFO: [ app_init ] --START--
INFO: Run Behavior\BuildLiteBehavior [ RunTime:0.000000s ]
INFO: [ app_init ] --END-- [ RunTime:0.000000s ]
ERR: 无法加载模块:Public

[ 2018-01-16T11:36:00+08:00 ] ::1 /somegood/Public/uploads/20171025/59f03428401cb.png
INFO: [ app_init ] --START--
INFO: Run Behavior\BuildLiteBehavior [ RunTime:0.000000s ]
INFO: [ app_init ] --END-- [ RunTime:0.000000s ]
ERR: 无法加载模块:Public

[ 2018-01-16T11:36:33+08:00 ] ::1 /somegood/Public/uploads/20171025/59f03428401cb.png
INFO: [ app_init ] --START--
INFO: Run Behavior\BuildLiteBehavior [ RunTime:0.000000s ]
INFO: [ app_init ] --END-- [ RunTime:0.001000s ]
ERR: 无法加载模块:Public

[ 2018-01-16T11:36:33+08:00 ] ::1 /somegood/Public/uploads/20171025/59f034284ccee.jpg
INFO: [ app_init ] --START--
INFO: Run Behavior\BuildLiteBehavior [ RunTime:0.000000s ]
INFO: [ app_init ] --END-- [ RunTime:0.001000s ]
ERR: 无法加载模块:Public

[ 2018-01-16T11:36:33+08:00 ] ::1 /somegood/Public/uploads/20171025/59f034285bf22.jpg
INFO: [ app_init ] --START--
INFO: Run Behavior\BuildLiteBehavior [ RunTime:0.000000s ]
INFO: [ app_init ] --END-- [ RunTime:0.000000s ]
ERR: 无法加载模块:Public

[ 2018-01-16T11:36:33+08:00 ] ::1 /somegood/Public/uploads/20171219/5a38b892d2612.JPG_c200x200
INFO: [ app_init ] --START--
INFO: Run Behavior\BuildLiteBehavior [ RunTime:0.000000s ]
INFO: [ app_init ] --END-- [ RunTime:0.000000s ]
ERR: 无法加载模块:Public

[ 2018-01-16T11:36:33+08:00 ] ::1 /somegood/Public/uploads/20171025/59f03428401cb.png
INFO: [ app_init ] --START--
INFO: Run Behavior\BuildLiteBehavior [ RunTime:0.000000s ]
INFO: [ app_init ] --END-- [ RunTime:0.000000s ]
ERR: 无法加载模块:Public

[ 2018-01-16T11:36:43+08:00 ] ::1 /somegood/Public/uploads/20171025/59f03428401cb.png_c200x200
INFO: [ app_init ] --START--
INFO: Run Behavior\BuildLiteBehavior [ RunTime:0.000000s ]
INFO: [ app_init ] --END-- [ RunTime:0.000000s ]
ERR: 无法加载模块:Public

[ 2018-01-16T11:36:43+08:00 ] ::1 /somegood/Public/uploads/20180102/5a4b36a77c9dd.png_c200x200
INFO: [ app_init ] --START--
INFO: Run Behavior\BuildLiteBehavior [ RunTime:0.000000s ]
INFO: [ app_init ] --END-- [ RunTime:0.000000s ]
ERR: 无法加载模块:Public

[ 2018-01-16T11:36:48+08:00 ] ::1 /somegood/Public/uploads/20170829/jiajushipin.jpg
INFO: [ app_init ] --START--
INFO: Run Behavior\BuildLiteBehavior [ RunTime:0.000000s ]
INFO: [ app_init ] --END-- [ RunTime:0.000000s ]
ERR: 无法加载模块:Public

[ 2018-01-16T11:36:48+08:00 ] ::1 /somegood/Public/uploads/20170829/yinxiangyishupin.jpg
INFO: [ app_init ] --START--
INFO: Run Behavior\BuildLiteBehavior [ RunTime:0.000000s ]
INFO: [ app_init ] --END-- [ RunTime:0.000000s ]
ERR: 无法加载模块:Public

[ 2018-01-16T11:36:48+08:00 ] ::1 /somegood/Public/uploads/20170829/meizhuang.jpg
INFO: [ app_init ] --START--
INFO: Run Behavior\BuildLiteBehavior [ RunTime:0.000000s ]
INFO: [ app_init ] --END-- [ RunTime:0.000000s ]
ERR: 无法加载模块:Public

[ 2018-01-16T11:36:48+08:00 ] ::1 /somegood/Public/uploads/20170829/yundonghuwai.jpg
INFO: [ app_init ] --START--
INFO: Run Behavior\BuildLiteBehavior [ RunTime:0.000000s ]
INFO: [ app_init ] --END-- [ RunTime:0.001000s ]
ERR: 无法加载模块:Public

[ 2018-01-16T11:36:48+08:00 ] ::1 /somegood/Public/uploads/20170829/ertongwanju.jpg
INFO: [ app_init ] --START--
INFO: Run Behavior\BuildLiteBehavior [ RunTime:0.000000s ]
INFO: [ app_init ] --END-- [ RunTime:0.000000s ]
ERR: 无法加载模块:Public

[ 2018-01-16T11:36:49+08:00 ] ::1 /somegood/Public/uploads/20171025/59f03684ee092.png_c200x200
INFO: [ app_init ] --START--
INFO: Run Behavior\BuildLiteBehavior [ RunTime:0.000000s ]
INFO: [ app_init ] --END-- [ RunTime:0.000000s ]
ERR: 无法加载模块:Public

[ 2018-01-16T11:36:49+08:00 ] ::1 /somegood/Public/uploads/20180102/5a4b36a77c9dd.png_c200x200
INFO: [ app_init ] --START--
INFO: Run Behavior\BuildLiteBehavior [ RunTime:0.000000s ]
INFO: [ app_init ] --END-- [ RunTime:0.000000s ]
ERR: 无法加载模块:Public

[ 2018-01-16T15:07:15+08:00 ] ::1 /somegood/Public/uploads/20171025/59f03428401cb.png
INFO: [ app_init ] --START--
INFO: Run Behavior\BuildLiteBehavior [ RunTime:0.000000s ]
INFO: [ app_init ] --END-- [ RunTime:0.001000s ]
ERR: 无法加载模块:Public

[ 2018-01-16T15:07:15+08:00 ] ::1 /somegood/Public/uploads/20171025/59f034284ccee.jpg
INFO: [ app_init ] --START--
INFO: Run Behavior\BuildLiteBehavior [ RunTime:0.000000s ]
INFO: [ app_init ] --END-- [ RunTime:0.000000s ]
ERR: 无法加载模块:Public

[ 2018-01-16T15:07:15+08:00 ] ::1 /somegood/Public/uploads/20171025/59f034285bf22.jpg
INFO: [ app_init ] --START--
INFO: Run Behavior\BuildLiteBehavior [ RunTime:0.000000s ]
INFO: [ app_init ] --END-- [ RunTime:0.000000s ]
ERR: 无法加载模块:Public

[ 2018-01-16T15:07:15+08:00 ] ::1 /somegood/Public/uploads/20171219/5a38b892d2612.JPG_c200x200
INFO: [ app_init ] --START--
INFO: Run Behavior\BuildLiteBehavior [ RunTime:0.000000s ]
INFO: [ app_init ] --END-- [ RunTime:0.001000s ]
ERR: 无法加载模块:Public

[ 2018-01-16T15:07:15+08:00 ] ::1 /somegood/Public/uploads/20171025/59f03428401cb.png
INFO: [ app_init ] --START--
INFO: Run Behavior\BuildLiteBehavior [ RunTime:0.000000s ]
INFO: [ app_init ] --END-- [ RunTime:0.001000s ]
ERR: 无法加载模块:Public

[ 2018-01-16T15:08:08+08:00 ] ::1 /somegood/Public/uploads/20171025/59f03428401cb.png
INFO: [ app_init ] --START--
INFO: Run Behavior\BuildLiteBehavior [ RunTime:0.000000s ]
INFO: [ app_init ] --END-- [ RunTime:0.000000s ]
ERR: 无法加载模块:Public

[ 2018-01-16T15:08:08+08:00 ] ::1 /somegood/Public/uploads/20171025/59f034284ccee.jpg
INFO: [ app_init ] --START--
INFO: Run Behavior\BuildLiteBehavior [ RunTime:0.000000s ]
INFO: [ app_init ] --END-- [ RunTime:0.001000s ]
ERR: 无法加载模块:Public

[ 2018-01-16T15:08:08+08:00 ] ::1 /somegood/Public/uploads/20171025/59f034285bf22.jpg
INFO: [ app_init ] --START--
INFO: Run Behavior\BuildLiteBehavior [ RunTime:0.000000s ]
INFO: [ app_init ] --END-- [ RunTime:0.000000s ]
ERR: 无法加载模块:Public

[ 2018-01-16T15:08:08+08:00 ] ::1 /somegood/Public/uploads/20171219/5a38b892d2612.JPG_c200x200
INFO: [ app_init ] --START--
INFO: Run Behavior\BuildLiteBehavior [ RunTime:0.000000s ]
INFO: [ app_init ] --END-- [ RunTime:0.000000s ]
ERR: 无法加载模块:Public

[ 2018-01-16T15:08:08+08:00 ] ::1 /somegood/Public/uploads/20171025/59f034285bf22.jpg
INFO: [ app_init ] --START--
INFO: Run Behavior\BuildLiteBehavior [ RunTime:0.000000s ]
INFO: [ app_init ] --END-- [ RunTime:0.000000s ]
ERR: 无法加载模块:Public

[ 2018-01-16T15:08:08+08:00 ] ::1 /somegood/Public/uploads/20171025/59f03428401cb.png
INFO: [ app_init ] --START--
INFO: Run Behavior\BuildLiteBehavior [ RunTime:0.000000s ]
INFO: [ app_init ] --END-- [ RunTime:0.000000s ]
ERR: 无法加载模块:Public

[ 2018-01-16T15:08:08+08:00 ] ::1 /somegood/Public/uploads/20171025/59f034284ccee.jpg
INFO: [ app_init ] --START--
INFO: Run Behavior\BuildLiteBehavior [ RunTime:0.000000s ]
INFO: [ app_init ] --END-- [ RunTime:0.000000s ]
ERR: 无法加载模块:Public

[ 2018-01-16T15:10:17+08:00 ] ::1 /somegood/Public/uploads/20180102/5a4b36a77c9dd.png_c200x200
INFO: [ app_init ] --START--
INFO: Run Behavior\BuildLiteBehavior [ RunTime:0.000000s ]
INFO: [ app_init ] --END-- [ RunTime:0.000000s ]
ERR: 无法加载模块:Public

[ 2018-01-16T15:10:19+08:00 ] ::1 /somegood/Public/uploads/20171025/59f03428401cb.png
INFO: [ app_init ] --START--
INFO: Run Behavior\BuildLiteBehavior [ RunTime:0.000000s ]
INFO: [ app_init ] --END-- [ RunTime:0.001000s ]
ERR: 无法加载模块:Public

[ 2018-01-16T15:10:19+08:00 ] ::1 /somegood/Public/uploads/20171025/59f034284ccee.jpg
INFO: [ app_init ] --START--
INFO: Run Behavior\BuildLiteBehavior [ RunTime:0.000000s ]
INFO: [ app_init ] --END-- [ RunTime:0.000000s ]
ERR: 无法加载模块:Public

[ 2018-01-16T15:10:19+08:00 ] ::1 /somegood/Public/uploads/20171025/59f034285bf22.jpg
INFO: [ app_init ] --START--
INFO: Run Behavior\BuildLiteBehavior [ RunTime:0.000000s ]
INFO: [ app_init ] --END-- [ RunTime:0.000000s ]
ERR: 无法加载模块:Public

[ 2018-01-16T15:10:19+08:00 ] ::1 /somegood/Public/uploads/20171219/5a38b892d2612.JPG_c200x200
INFO: [ app_init ] --START--
INFO: Run Behavior\BuildLiteBehavior [ RunTime:0.000000s ]
INFO: [ app_init ] --END-- [ RunTime:0.000000s ]
ERR: 无法加载模块:Public

[ 2018-01-16T15:10:19+08:00 ] ::1 /somegood/Public/uploads/20171025/59f034284ccee.jpg
INFO: [ app_init ] --START--
INFO: Run Behavior\BuildLiteBehavior [ RunTime:0.000000s ]
INFO: [ app_init ] --END-- [ RunTime:0.000000s ]
ERR: 无法加载模块:Public

[ 2018-01-16T15:10:19+08:00 ] ::1 /somegood/Public/uploads/20171025/59f03428401cb.png
INFO: [ app_init ] --START--
INFO: Run Behavior\BuildLiteBehavior [ RunTime:0.000000s ]
INFO: [ app_init ] --END-- [ RunTime:0.000000s ]
ERR: 无法加载模块:Public

[ 2018-01-16T16:31:55+08:00 ] ::1 /somegood/Public/uploads/20180102/5a4b36a77c9dd.png_c200x200
INFO: [ app_init ] --START--
INFO: Run Behavior\BuildLiteBehavior [ RunTime:0.000000s ]
INFO: [ app_init ] --END-- [ RunTime:0.000000s ]
ERR: 无法加载模块:Public

[ 2018-01-16T16:31:59+08:00 ] ::1 /somegood/Public/uploads/20171025/59f03428401cb.png
INFO: [ app_init ] --START--
INFO: Run Behavior\BuildLiteBehavior [ RunTime:0.000000s ]
INFO: [ app_init ] --END-- [ RunTime:0.000000s ]
ERR: 无法加载模块:Public

[ 2018-01-16T16:31:59+08:00 ] ::1 /somegood/Public/uploads/20171025/59f034284ccee.jpg
INFO: [ app_init ] --START--
INFO: Run Behavior\BuildLiteBehavior [ RunTime:0.000000s ]
INFO: [ app_init ] --END-- [ RunTime:0.001000s ]
ERR: 无法加载模块:Public

[ 2018-01-16T16:31:59+08:00 ] ::1 /somegood/Public/uploads/20171025/59f034285bf22.jpg
INFO: [ app_init ] --START--
INFO: Run Behavior\BuildLiteBehavior [ RunTime:0.000000s ]
INFO: [ app_init ] --END-- [ RunTime:0.000000s ]
ERR: 无法加载模块:Public

[ 2018-01-16T16:31:59+08:00 ] ::1 /somegood/Public/uploads/20171219/5a38b892d2612.JPG_c200x200
INFO: [ app_init ] --START--
INFO: Run Behavior\BuildLiteBehavior [ RunTime:0.000000s ]
INFO: [ app_init ] --END-- [ RunTime:0.001000s ]
ERR: 无法加载模块:Public

[ 2018-01-16T16:31:59+08:00 ] ::1 /somegood/Public/uploads/20171025/59f03428401cb.png
INFO: [ app_init ] --START--
INFO: Run Behavior\BuildLiteBehavior [ RunTime:0.000000s ]
INFO: [ app_init ] --END-- [ RunTime:0.001000s ]
ERR: 无法加载模块:Public

[ 2018-01-16T16:31:59+08:00 ] ::1 /somegood/Public/uploads/20171025/59f034284ccee.jpg
INFO: [ app_init ] --START--
INFO: Run Behavior\BuildLiteBehavior [ RunTime:0.000000s ]
INFO: [ app_init ] --END-- [ RunTime:0.000000s ]
ERR: 无法加载模块:Public

[ 2018-01-16T16:32:00+08:00 ] ::1 /somegood/Public/uploads/20170829/yundonghuwai.jpg
INFO: [ app_init ] --START--
INFO: Run Behavior\BuildLiteBehavior [ RunTime:0.000000s ]
INFO: [ app_init ] --END-- [ RunTime:0.000000s ]
ERR: 无法加载模块:Public

[ 2018-01-16T16:32:00+08:00 ] ::1 /somegood/Public/uploads/20170829/ertongwanju.jpg
INFO: [ app_init ] --START--
INFO: Run Behavior\BuildLiteBehavior [ RunTime:0.000000s ]
INFO: [ app_init ] --END-- [ RunTime:0.000000s ]
ERR: 无法加载模块:Public

[ 2018-01-16T16:32:00+08:00 ] ::1 /somegood/Public/uploads/20170829/jiajushipin.jpg
INFO: [ app_init ] --START--
INFO: Run Behavior\BuildLiteBehavior [ RunTime:0.000000s ]
INFO: [ app_init ] --END-- [ RunTime:0.000000s ]
ERR: 无法加载模块:Public

[ 2018-01-16T16:32:00+08:00 ] ::1 /somegood/Public/uploads/20170829/yinxiangyishupin.jpg
INFO: [ app_init ] --START--
INFO: Run Behavior\BuildLiteBehavior [ RunTime:0.000000s ]
INFO: [ app_init ] --END-- [ RunTime:0.001000s ]
ERR: 无法加载模块:Public

[ 2018-01-16T16:32:00+08:00 ] ::1 /somegood/Public/uploads/20170829/meizhuang.jpg
INFO: [ app_init ] --START--
INFO: Run Behavior\BuildLiteBehavior [ RunTime:0.000000s ]
INFO: [ app_init ] --END-- [ RunTime:0.004000s ]
ERR: 无法加载模块:Public

[ 2018-01-16T16:32:02+08:00 ] ::1 /somegood/Public/uploads/20171027/59f2e0f9d90fa.jpg_c200x200
INFO: [ app_init ] --START--
INFO: Run Behavior\BuildLiteBehavior [ RunTime:0.000000s ]
INFO: [ app_init ] --END-- [ RunTime:0.000000s ]
ERR: 无法加载模块:Public

[ 2018-01-16T16:32:04+08:00 ] ::1 /somegood/Public/uploads/20171025/59f03428401cb.png_c200x200
INFO: [ app_init ] --START--
INFO: Run Behavior\BuildLiteBehavior [ RunTime:0.000000s ]
INFO: [ app_init ] --END-- [ RunTime:0.000000s ]
ERR: 无法加载模块:Public

[ 2018-01-16T16:32:04+08:00 ] ::1 /somegood/Public/uploads/_c200x200
INFO: [ app_init ] --START--
INFO: Run Behavior\BuildLiteBehavior [ RunTime:0.000000s ]
INFO: [ app_init ] --END-- [ RunTime:0.000000s ]
ERR: 无法加载模块:Public

[ 2018-01-16T16:32:04+08:00 ] ::1 /somegood/Public/uploads/20171025/59f03684ee092.png_c200x200
INFO: [ app_init ] --START--
INFO: Run Behavior\BuildLiteBehavior [ RunTime:0.001000s ]
INFO: [ app_init ] --END-- [ RunTime:0.001000s ]
ERR: 无法加载模块:Public

[ 2018-01-16T16:32:49+08:00 ] ::1 /somegood/Public/uploads/20171025/59f03428401cb.png_c200x200
INFO: [ app_init ] --START--
INFO: Run Behavior\BuildLiteBehavior [ RunTime:0.000000s ]
INFO: [ app_init ] --END-- [ RunTime:0.000000s ]
ERR: 无法加载模块:Public

[ 2018-01-16T16:32:49+08:00 ] ::1 /somegood/Public/uploads/20171025/59f03684ee092.png_c200x200
INFO: [ app_init ] --START--
INFO: Run Behavior\BuildLiteBehavior [ RunTime:0.000000s ]
INFO: [ app_init ] --END-- [ RunTime:0.000000s ]
ERR: 无法加载模块:Public

[ 2018-01-16T16:32:49+08:00 ] ::1 /somegood/Public/uploads/_c200x200
INFO: [ app_init ] --START--
INFO: Run Behavior\BuildLiteBehavior [ RunTime:0.000000s ]
INFO: [ app_init ] --END-- [ RunTime:0.000000s ]
ERR: 无法加载模块:Public

[ 2018-01-16T16:33:18+08:00 ] ::1 /somegood/Public/uploads/20170829/yundonghuwai.jpg
INFO: [ app_init ] --START--
INFO: Run Behavior\BuildLiteBehavior [ RunTime:0.000000s ]
INFO: [ app_init ] --END-- [ RunTime:0.000000s ]
ERR: 无法加载模块:Public

[ 2018-01-16T16:33:18+08:00 ] ::1 /somegood/Public/uploads/20170829/jiajushipin.jpg
INFO: [ app_init ] --START--
INFO: Run Behavior\BuildLiteBehavior [ RunTime:0.000000s ]
INFO: [ app_init ] --END-- [ RunTime:0.000000s ]
ERR: 无法加载模块:Public

[ 2018-01-16T16:33:18+08:00 ] ::1 /somegood/Public/uploads/20170829/meizhuang.jpg
INFO: [ app_init ] --START--
INFO: Run Behavior\BuildLiteBehavior [ RunTime:0.000000s ]
INFO: [ app_init ] --END-- [ RunTime:0.000000s ]
ERR: 无法加载模块:Public

[ 2018-01-16T16:33:18+08:00 ] ::1 /somegood/Public/uploads/20170829/ertongwanju.jpg
INFO: [ app_init ] --START--
INFO: Run Behavior\BuildLiteBehavior [ RunTime:0.000000s ]
INFO: [ app_init ] --END-- [ RunTime:0.000000s ]
ERR: 无法加载模块:Public

[ 2018-01-16T16:33:18+08:00 ] ::1 /somegood/Public/uploads/20170829/yinxiangyishupin.jpg
INFO: [ app_init ] --START--
INFO: Run Behavior\BuildLiteBehavior [ RunTime:0.000000s ]
INFO: [ app_init ] --END-- [ RunTime:0.000000s ]
ERR: 无法加载模块:Public

[ 2018-01-16T16:33:20+08:00 ] ::1 /somegood/Public/uploads/20171025/59f03684ee092.png_c200x200
INFO: [ app_init ] --START--
INFO: Run Behavior\BuildLiteBehavior [ RunTime:0.000000s ]
INFO: [ app_init ] --END-- [ RunTime:0.000000s ]
ERR: 无法加载模块:Public

[ 2018-01-16T16:33:20+08:00 ] ::1 /somegood/Public/uploads/20180102/5a4b36a77c9dd.png_c200x200
INFO: [ app_init ] --START--
INFO: Run Behavior\BuildLiteBehavior [ RunTime:0.000000s ]
INFO: [ app_init ] --END-- [ RunTime:0.000000s ]
ERR: 无法加载模块:Public

[ 2018-01-16T16:33:21+08:00 ] ::1 /somegood/Public/uploads/20171025/59f03428401cb.png
INFO: [ app_init ] --START--
INFO: Run Behavior\BuildLiteBehavior [ RunTime:0.000000s ]
INFO: [ app_init ] --END-- [ RunTime:0.000000s ]
ERR: 无法加载模块:Public

[ 2018-01-16T16:33:21+08:00 ] ::1 /somegood/Public/uploads/20171025/59f034284ccee.jpg
INFO: [ app_init ] --START--
INFO: Run Behavior\BuildLiteBehavior [ RunTime:0.000000s ]
INFO: [ app_init ] --END-- [ RunTime:0.000000s ]
ERR: 无法加载模块:Public

[ 2018-01-16T16:33:21+08:00 ] ::1 /somegood/Public/uploads/20171025/59f034285bf22.jpg
INFO: [ app_init ] --START--
INFO: Run Behavior\BuildLiteBehavior [ RunTime:0.000000s ]
INFO: [ app_init ] --END-- [ RunTime:0.001001s ]
ERR: 无法加载模块:Public

[ 2018-01-16T16:33:21+08:00 ] ::1 /somegood/Public/uploads/20171219/5a38b892d2612.JPG_c200x200
INFO: [ app_init ] --START--
INFO: Run Behavior\BuildLiteBehavior [ RunTime:0.000000s ]
INFO: [ app_init ] --END-- [ RunTime:0.001000s ]
ERR: 无法加载模块:Public

[ 2018-01-16T16:33:21+08:00 ] ::1 /somegood/Public/uploads/20171025/59f034284ccee.jpg
INFO: [ app_init ] --START--
INFO: Run Behavior\BuildLiteBehavior [ RunTime:0.000000s ]
INFO: [ app_init ] --END-- [ RunTime:0.000000s ]
ERR: 无法加载模块:Public

[ 2018-01-16T16:33:21+08:00 ] ::1 /somegood/Public/uploads/20171025/59f03428401cb.png
INFO: [ app_init ] --START--
INFO: Run Behavior\BuildLiteBehavior [ RunTime:0.000000s ]
INFO: [ app_init ] --END-- [ RunTime:0.001000s ]
ERR: 无法加载模块:Public

[ 2018-01-16T16:33:23+08:00 ] ::1 /somegood/Public/uploads/20180102/5a4b36a77c9dd.png_c200x200
INFO: [ app_init ] --START--
INFO: Run Behavior\BuildLiteBehavior [ RunTime:0.000000s ]
INFO: [ app_init ] --END-- [ RunTime:0.000000s ]
ERR: 无法加载模块:Public

[ 2018-01-16T16:33:26+08:00 ] ::1 /somegood/Public/uploads/20180102/5a4b36a77c9dd.png_c200x200
INFO: [ app_init ] --START--
INFO: Run Behavior\BuildLiteBehavior [ RunTime:0.000000s ]
INFO: [ app_init ] --END-- [ RunTime:0.001000s ]
ERR: 无法加载模块:Public

[ 2018-01-16T16:33:26+08:00 ] ::1 /somegood/Public/uploads/20180102/5a4b36a77c9dd.png_c200x200
INFO: [ app_init ] --START--
INFO: Run Behavior\BuildLiteBehavior [ RunTime:0.000000s ]
INFO: [ app_init ] --END-- [ RunTime:0.001000s ]
ERR: 无法加载模块:Public

[ 2018-01-16T16:33:30+08:00 ] ::1 /somegood/Public/uploads/20180102/5a4b36a77c9dd.png_c200x200
INFO: [ app_init ] --START--
INFO: Run Behavior\BuildLiteBehavior [ RunTime:0.000000s ]
INFO: [ app_init ] --END-- [ RunTime:0.000000s ]
ERR: 无法加载模块:Public

[ 2018-01-16T16:33:37+08:00 ] ::1 /somegood/Public/uploads/20171027/59f2e0f9d90fa.jpg_c200x200
INFO: [ app_init ] --START--
INFO: Run Behavior\BuildLiteBehavior [ RunTime:0.000000s ]
INFO: [ app_init ] --END-- [ RunTime:0.001000s ]
ERR: 无法加载模块:Public

[ 2018-01-16T16:33:39+08:00 ] ::1 /somegood/Public/uploads/_c200x200
INFO: [ app_init ] --START--
INFO: Run Behavior\BuildLiteBehavior [ RunTime:0.000000s ]
INFO: [ app_init ] --END-- [ RunTime:0.001000s ]
ERR: 无法加载模块:Public

[ 2018-01-16T16:33:39+08:00 ] ::1 /somegood/Public/uploads/20171025/59f03428401cb.png_c200x200
INFO: [ app_init ] --START--
INFO: Run Behavior\BuildLiteBehavior [ RunTime:0.000000s ]
INFO: [ app_init ] --END-- [ RunTime:0.001000s ]
ERR: 无法加载模块:Public

[ 2018-01-16T16:33:39+08:00 ] ::1 /somegood/Public/uploads/20171025/59f03684ee092.png_c200x200
INFO: [ app_init ] --START--
INFO: Run Behavior\BuildLiteBehavior [ RunTime:0.000000s ]
INFO: [ app_init ] --END-- [ RunTime:0.000000s ]
ERR: 无法加载模块:Public

[ 2018-01-16T16:34:43+08:00 ] ::1 /somegood/Public/uploads/20170829/ertongwanju.jpg
INFO: [ app_init ] --START--
INFO: Run Behavior\BuildLiteBehavior [ RunTime:0.000000s ]
INFO: [ app_init ] --END-- [ RunTime:0.000000s ]
ERR: 无法加载模块:Public

[ 2018-01-16T16:34:43+08:00 ] ::1 /somegood/Public/uploads/20170829/yundonghuwai.jpg
INFO: [ app_init ] --START--
INFO: Run Behavior\BuildLiteBehavior [ RunTime:0.000000s ]
INFO: [ app_init ] --END-- [ RunTime:0.001000s ]
ERR: 无法加载模块:Public

[ 2018-01-16T16:34:43+08:00 ] ::1 /somegood/Public/uploads/20170829/yinxiangyishupin.jpg
INFO: [ app_init ] --START--
INFO: Run Behavior\BuildLiteBehavior [ RunTime:0.000000s ]
INFO: [ app_init ] --END-- [ RunTime:0.001000s ]
ERR: 无法加载模块:Public

[ 2018-01-16T16:34:43+08:00 ] ::1 /somegood/Public/uploads/20170829/jiajushipin.jpg
INFO: [ app_init ] --START--
INFO: Run Behavior\BuildLiteBehavior [ RunTime:0.000000s ]
INFO: [ app_init ] --END-- [ RunTime:0.001000s ]
ERR: 无法加载模块:Public

[ 2018-01-16T16:34:43+08:00 ] ::1 /somegood/Public/uploads/20170829/meizhuang.jpg
INFO: [ app_init ] --START--
INFO: Run Behavior\BuildLiteBehavior [ RunTime:0.000000s ]
INFO: [ app_init ] --END-- [ RunTime:0.000000s ]
ERR: 无法加载模块:Public

[ 2018-01-16T16:34:44+08:00 ] ::1 /somegood/Public/uploads/20171025/59f03684ee092.png_c200x200
INFO: [ app_init ] --START--
INFO: Run Behavior\BuildLiteBehavior [ RunTime:0.000000s ]
INFO: [ app_init ] --END-- [ RunTime:0.000000s ]
ERR: 无法加载模块:Public

[ 2018-01-16T16:34:44+08:00 ] ::1 /somegood/Public/uploads/20180102/5a4b36a77c9dd.png_c200x200
INFO: [ app_init ] --START--
INFO: Run Behavior\BuildLiteBehavior [ RunTime:0.000000s ]
INFO: [ app_init ] --END-- [ RunTime:0.000000s ]
ERR: 无法加载模块:Public

[ 2018-01-16T16:34:46+08:00 ] ::1 /somegood/Public/uploads/20171025/59f03428401cb.png
INFO: [ app_init ] --START--
INFO: Run Behavior\BuildLiteBehavior [ RunTime:0.000000s ]
INFO: [ app_init ] --END-- [ RunTime:0.000000s ]
ERR: 无法加载模块:Public

[ 2018-01-16T16:34:46+08:00 ] ::1 /somegood/Public/uploads/20171025/59f034284ccee.jpg
INFO: [ app_init ] --START--
INFO: Run Behavior\BuildLiteBehavior [ RunTime:0.000000s ]
INFO: [ app_init ] --END-- [ RunTime:0.000000s ]
ERR: 无法加载模块:Public

[ 2018-01-16T16:34:46+08:00 ] ::1 /somegood/Public/uploads/20171025/59f034285bf22.jpg
INFO: [ app_init ] --START--
INFO: Run Behavior\BuildLiteBehavior [ RunTime:0.000000s ]
INFO: [ app_init ] --END-- [ RunTime:0.000000s ]
ERR: 无法加载模块:Public

[ 2018-01-16T16:34:46+08:00 ] ::1 /somegood/Public/uploads/20171219/5a38b892d2612.JPG_c200x200
INFO: [ app_init ] --START--
INFO: Run Behavior\BuildLiteBehavior [ RunTime:0.000000s ]
INFO: [ app_init ] --END-- [ RunTime:0.001000s ]
ERR: 无法加载模块:Public

[ 2018-01-16T16:34:46+08:00 ] ::1 /somegood/Public/uploads/20171025/59f03428401cb.png
INFO: [ app_init ] --START--
INFO: Run Behavior\BuildLiteBehavior [ RunTime:0.000000s ]
INFO: [ app_init ] --END-- [ RunTime:0.000000s ]
ERR: 无法加载模块:Public

[ 2018-01-16T16:34:48+08:00 ] ::1 /somegood/Public/uploads/20180102/5a4b36a77c9dd.png_c200x200
INFO: [ app_init ] --START--
INFO: Run Behavior\BuildLiteBehavior [ RunTime:0.000000s ]
INFO: [ app_init ] --END-- [ RunTime:0.000000s ]
ERR: 无法加载模块:Public

[ 2018-01-16T16:34:50+08:00 ] ::1 /somegood/Public/uploads/20180102/5a4b36a77c9dd.png_c200x200
INFO: [ app_init ] --START--
INFO: Run Behavior\BuildLiteBehavior [ RunTime:0.000000s ]
INFO: [ app_init ] --END-- [ RunTime:0.000000s ]
ERR: 无法加载模块:Public

[ 2018-01-16T16:34:50+08:00 ] ::1 /somegood/Public/uploads/20180102/5a4b36a77c9dd.png_c200x200
INFO: [ app_init ] --START--
INFO: Run Behavior\BuildLiteBehavior [ RunTime:0.000000s ]
INFO: [ app_init ] --END-- [ RunTime:0.001000s ]
ERR: 无法加载模块:Public

[ 2018-01-16T16:34:53+08:00 ] ::1 /somegood/Public/uploads/20180102/5a4b36a77c9dd.png_c200x200
INFO: [ app_init ] --START--
INFO: Run Behavior\BuildLiteBehavior [ RunTime:0.000000s ]
INFO: [ app_init ] --END-- [ RunTime:0.001000s ]
ERR: 无法加载模块:Public

[ 2018-01-16T16:35:04+08:00 ] ::1 /somegood/Public/uploads/20180102/5a4b36a77c9dd.png_c200x200
INFO: [ app_init ] --START--
INFO: Run Behavior\BuildLiteBehavior [ RunTime:0.000000s ]
INFO: [ app_init ] --END-- [ RunTime:0.001000s ]
ERR: 无法加载模块:Public

[ 2018-01-16T16:35:06+08:00 ] ::1 /somegood/Public/uploads/20171025/59f03428401cb.png
INFO: [ app_init ] --START--
INFO: Run Behavior\BuildLiteBehavior [ RunTime:0.000000s ]
INFO: [ app_init ] --END-- [ RunTime:0.000000s ]
ERR: 无法加载模块:Public

[ 2018-01-16T16:35:06+08:00 ] ::1 /somegood/Public/uploads/20171025/59f034284ccee.jpg
INFO: [ app_init ] --START--
INFO: Run Behavior\BuildLiteBehavior [ RunTime:0.000000s ]
INFO: [ app_init ] --END-- [ RunTime:0.000000s ]
ERR: 无法加载模块:Public

[ 2018-01-16T16:35:06+08:00 ] ::1 /somegood/Public/uploads/20171025/59f034285bf22.jpg
INFO: [ app_init ] --START--
INFO: Run Behavior\BuildLiteBehavior [ RunTime:0.000000s ]
INFO: [ app_init ] --END-- [ RunTime:0.000000s ]
ERR: 无法加载模块:Public

[ 2018-01-16T16:35:06+08:00 ] ::1 /somegood/Public/uploads/20171219/5a38b892d2612.JPG_c200x200
INFO: [ app_init ] --START--
INFO: Run Behavior\BuildLiteBehavior [ RunTime:0.000000s ]
INFO: [ app_init ] --END-- [ RunTime:0.000000s ]
ERR: 无法加载模块:Public

[ 2018-01-16T16:35:07+08:00 ] ::1 /somegood/Public/uploads/20171025/59f03428401cb.png
INFO: [ app_init ] --START--
INFO: Run Behavior\BuildLiteBehavior [ RunTime:0.000000s ]
INFO: [ app_init ] --END-- [ RunTime:0.000000s ]
ERR: 无法加载模块:Public

[ 2018-01-16T16:35:07+08:00 ] ::1 /somegood/Public/uploads/20171025/59f034284ccee.jpg
INFO: [ app_init ] --START--
INFO: Run Behavior\BuildLiteBehavior [ RunTime:0.000000s ]
INFO: [ app_init ] --END-- [ RunTime:0.000000s ]
ERR: 无法加载模块:Public

[ 2018-01-16T16:35:12+08:00 ] ::1 /somegood/Public/uploads/20180102/5a4b36a77c9dd.png_c200x200
INFO: [ app_init ] --START--
INFO: Run Behavior\BuildLiteBehavior [ RunTime:0.000000s ]
INFO: [ app_init ] --END-- [ RunTime:0.001000s ]
ERR: 无法加载模块:Public

[ 2018-01-16T16:35:12+08:00 ] ::1 /somegood/Public/uploads/20171025/59f03428401cb.png_c200x200
INFO: [ app_init ] --START--
INFO: Run Behavior\BuildLiteBehavior [ RunTime:0.000000s ]
INFO: [ app_init ] --END-- [ RunTime:0.000000s ]
ERR: 无法加载模块:Public

[ 2018-01-16T16:35:14+08:00 ] ::1 /somegood/Public/uploads/20171025/59f03428401cb.png_c200x200
INFO: [ app_init ] --START--
INFO: Run Behavior\BuildLiteBehavior [ RunTime:0.000000s ]
INFO: [ app_init ] --END-- [ RunTime:0.000000s ]
ERR: 无法加载模块:Public

[ 2018-01-16T16:35:21+08:00 ] ::1 /somegood/Public/uploads/20180102/5a4b36a77c9dd.png_c200x200
INFO: [ app_init ] --START--
INFO: Run Behavior\BuildLiteBehavior [ RunTime:0.000000s ]
INFO: [ app_init ] --END-- [ RunTime:0.000000s ]
ERR: 无法加载模块:Public

[ 2018-01-16T16:35:22+08:00 ] ::1 /somegood/Public/uploads/20171025/59f03428401cb.png
INFO: [ app_init ] --START--
INFO: Run Behavior\BuildLiteBehavior [ RunTime:0.000000s ]
INFO: [ app_init ] --END-- [ RunTime:0.000000s ]
ERR: 无法加载模块:Public

[ 2018-01-16T16:35:22+08:00 ] ::1 /somegood/Public/uploads/20171025/59f034284ccee.jpg
INFO: [ app_init ] --START--
INFO: Run Behavior\BuildLiteBehavior [ RunTime:0.000000s ]
INFO: [ app_init ] --END-- [ RunTime:0.001000s ]
ERR: 无法加载模块:Public

[ 2018-01-16T16:35:22+08:00 ] ::1 /somegood/Public/uploads/20171025/59f034285bf22.jpg
INFO: [ app_init ] --START--
INFO: Run Behavior\BuildLiteBehavior [ RunTime:0.000000s ]
INFO: [ app_init ] --END-- [ RunTime:0.001000s ]
ERR: 无法加载模块:Public

[ 2018-01-16T16:35:22+08:00 ] ::1 /somegood/Public/uploads/20171219/5a38b892d2612.JPG_c200x200
INFO: [ app_init ] --START--
INFO: Run Behavior\BuildLiteBehavior [ RunTime:0.000000s ]
INFO: [ app_init ] --END-- [ RunTime:0.000000s ]
ERR: 无法加载模块:Public

[ 2018-01-16T16:35:22+08:00 ] ::1 /somegood/Public/uploads/20171025/59f03428401cb.png
INFO: [ app_init ] --START--
INFO: Run Behavior\BuildLiteBehavior [ RunTime:0.000000s ]
INFO: [ app_init ] --END-- [ RunTime:0.000000s ]
ERR: 无法加载模块:Public

[ 2018-01-16T16:35:23+08:00 ] ::1 /somegood/Public/uploads/20170829/yundonghuwai.jpg
INFO: [ app_init ] --START--
INFO: Run Behavior\BuildLiteBehavior [ RunTime:0.000000s ]
INFO: [ app_init ] --END-- [ RunTime:0.000000s ]
ERR: 无法加载模块:Public

[ 2018-01-16T16:35:23+08:00 ] ::1 /somegood/Public/uploads/20170829/meizhuang.jpg
INFO: [ app_init ] --START--
INFO: Run Behavior\BuildLiteBehavior [ RunTime:0.000000s ]
INFO: [ app_init ] --END-- [ RunTime:0.001000s ]
ERR: 无法加载模块:Public

[ 2018-01-16T16:35:23+08:00 ] ::1 /somegood/Public/uploads/20170829/jiajushipin.jpg
INFO: [ app_init ] --START--
INFO: Run Behavior\BuildLiteBehavior [ RunTime:0.000000s ]
INFO: [ app_init ] --END-- [ RunTime:0.000000s ]
ERR: 无法加载模块:Public

[ 2018-01-16T16:35:23+08:00 ] ::1 /somegood/Public/uploads/20170829/ertongwanju.jpg
INFO: [ app_init ] --START--
INFO: Run Behavior\BuildLiteBehavior [ RunTime:0.000000s ]
INFO: [ app_init ] --END-- [ RunTime:0.000000s ]
ERR: 无法加载模块:Public

[ 2018-01-16T16:35:23+08:00 ] ::1 /somegood/Public/uploads/20170829/yinxiangyishupin.jpg
INFO: [ app_init ] --START--
INFO: Run Behavior\BuildLiteBehavior [ RunTime:0.000000s ]
INFO: [ app_init ] --END-- [ RunTime:0.001000s ]
ERR: 无法加载模块:Public

[ 2018-01-16T16:35:25+08:00 ] ::1 /somegood/Public/uploads/20171027/59f2e0f9d90fa.jpg_c200x200
INFO: [ app_init ] --START--
INFO: Run Behavior\BuildLiteBehavior [ RunTime:0.000000s ]
INFO: [ app_init ] --END-- [ RunTime:0.000000s ]
ERR: 无法加载模块:Public

[ 2018-01-16T16:35:26+08:00 ] ::1 /somegood/Public/uploads/_c200x200
INFO: [ app_init ] --START--
INFO: Run Behavior\BuildLiteBehavior [ RunTime:0.000000s ]
INFO: [ app_init ] --END-- [ RunTime:0.000000s ]
ERR: 无法加载模块:Public

[ 2018-01-16T16:35:26+08:00 ] ::1 /somegood/Public/uploads/20171025/59f03684ee092.png_c200x200
INFO: [ app_init ] --START--
INFO: Run Behavior\BuildLiteBehavior [ RunTime:0.000000s ]
INFO: [ app_init ] --END-- [ RunTime:0.000000s ]
ERR: 无法加载模块:Public

[ 2018-01-16T16:35:26+08:00 ] ::1 /somegood/Public/uploads/20171025/59f03428401cb.png_c200x200
INFO: [ app_init ] --START--
INFO: Run Behavior\BuildLiteBehavior [ RunTime:0.000000s ]
INFO: [ app_init ] --END-- [ RunTime:0.000000s ]
ERR: 无法加载模块:Public

[ 2018-01-16T16:35:30+08:00 ] ::1 /somegood/Public/uploads/20171025/59f03428401cb.png_c200x200
INFO: [ app_init ] --START--
INFO: Run Behavior\BuildLiteBehavior [ RunTime:0.000000s ]
INFO: [ app_init ] --END-- [ RunTime:0.000000s ]
ERR: 无法加载模块:Public

[ 2018-01-16T16:35:30+08:00 ] ::1 /somegood/Public/uploads/_c200x200
INFO: [ app_init ] --START--
INFO: Run Behavior\BuildLiteBehavior [ RunTime:0.000000s ]
INFO: [ app_init ] --END-- [ RunTime:0.000000s ]
ERR: 无法加载模块:Public

[ 2018-01-16T16:35:30+08:00 ] ::1 /somegood/Public/uploads/20171025/59f03428401cb.png_c200x200
INFO: [ app_init ] --START--
INFO: Run Behavior\BuildLiteBehavior [ RunTime:0.000000s ]
INFO: [ app_init ] --END-- [ RunTime:0.000000s ]
ERR: 无法加载模块:Public

[ 2018-01-16T16:35:31+08:00 ] ::1 /somegood/Public/uploads/20171025/59f03428401cb.png_c200x200
INFO: [ app_init ] --START--
INFO: Run Behavior\BuildLiteBehavior [ RunTime:0.000000s ]
INFO: [ app_init ] --END-- [ RunTime:0.000000s ]
ERR: 无法加载模块:Public

[ 2018-01-16T16:35:32+08:00 ] ::1 /somegood/Public/uploads/20171025/59f03684ee092.png_c200x200
INFO: [ app_init ] --START--
INFO: Run Behavior\BuildLiteBehavior [ RunTime:0.000000s ]
INFO: [ app_init ] --END-- [ RunTime:0.000000s ]
ERR: 无法加载模块:Public

[ 2018-01-16T16:35:32+08:00 ] ::1 /somegood/Public/uploads/20171025/59f03428401cb.png_c200x200
INFO: [ app_init ] --START--
INFO: Run Behavior\BuildLiteBehavior [ RunTime:0.000000s ]
INFO: [ app_init ] --END-- [ RunTime:0.001000s ]
ERR: 无法加载模块:Public

[ 2018-01-16T16:35:33+08:00 ] ::1 /somegood/Public/uploads/20171025/59f03428401cb.png_c200x200
INFO: [ app_init ] --START--
INFO: Run Behavior\BuildLiteBehavior [ RunTime:0.000000s ]
INFO: [ app_init ] --END-- [ RunTime:0.000000s ]
ERR: 无法加载模块:Public

[ 2018-01-16T16:35:33+08:00 ] ::1 /somegood/Public/uploads/_c200x200
INFO: [ app_init ] --START--
INFO: Run Behavior\BuildLiteBehavior [ RunTime:0.000000s ]
INFO: [ app_init ] --END-- [ RunTime:0.000000s ]
ERR: 无法加载模块:Public

[ 2018-01-16T16:35:33+08:00 ] ::1 /somegood/Public/uploads/20171025/59f03428401cb.png_c200x200
INFO: [ app_init ] --START--
INFO: Run Behavior\BuildLiteBehavior [ RunTime:0.000000s ]
INFO: [ app_init ] --END-- [ RunTime:0.000000s ]
ERR: 无法加载模块:Public

[ 2018-01-16T16:35:33+08:00 ] ::1 /somegood/Public/uploads/_c200x200
INFO: [ app_init ] --START--
INFO: Run Behavior\BuildLiteBehavior [ RunTime:0.000000s ]
INFO: [ app_init ] --END-- [ RunTime:0.000000s ]
ERR: 无法加载模块:Public

[ 2018-01-16T16:35:33+08:00 ] ::1 /somegood/Public/uploads/20171025/59f03684ee092.png_c200x200
INFO: [ app_init ] --START--
INFO: Run Behavior\BuildLiteBehavior [ RunTime:0.000000s ]
INFO: [ app_init ] --END-- [ RunTime:0.000000s ]
ERR: 无法加载模块:Public

[ 2018-01-16T16:35:37+08:00 ] ::1 /somegood/Public/uploads/20171027/59f2e0f9d90fa.jpg_c200x200
INFO: [ app_init ] --START--
INFO: Run Behavior\BuildLiteBehavior [ RunTime:0.000000s ]
INFO: [ app_init ] --END-- [ RunTime:0.000000s ]
ERR: 无法加载模块:Public

[ 2018-01-16T16:35:38+08:00 ] ::1 /somegood/Public/uploads/20170829/yundonghuwai.jpg
INFO: [ app_init ] --START--
INFO: Run Behavior\BuildLiteBehavior [ RunTime:0.000000s ]
INFO: [ app_init ] --END-- [ RunTime:0.001000s ]
ERR: 无法加载模块:Public

[ 2018-01-16T16:35:38+08:00 ] ::1 /somegood/Public/uploads/20170829/meizhuang.jpg
INFO: [ app_init ] --START--
INFO: Run Behavior\BuildLiteBehavior [ RunTime:0.000000s ]
INFO: [ app_init ] --END-- [ RunTime:0.000000s ]
ERR: 无法加载模块:Public

[ 2018-01-16T16:35:38+08:00 ] ::1 /somegood/Public/uploads/20170829/yinxiangyishupin.jpg
INFO: [ app_init ] --START--
INFO: Run Behavior\BuildLiteBehavior [ RunTime:0.000000s ]
INFO: [ app_init ] --END-- [ RunTime:0.000000s ]
ERR: 无法加载模块:Public

[ 2018-01-16T16:35:38+08:00 ] ::1 /somegood/Public/uploads/20170829/jiajushipin.jpg
INFO: [ app_init ] --START--
INFO: Run Behavior\BuildLiteBehavior [ RunTime:0.000000s ]
INFO: [ app_init ] --END-- [ RunTime:0.000000s ]
ERR: 无法加载模块:Public

[ 2018-01-16T16:35:38+08:00 ] ::1 /somegood/Public/uploads/20170829/ertongwanju.jpg
INFO: [ app_init ] --START--
INFO: Run Behavior\BuildLiteBehavior [ RunTime:0.000000s ]
INFO: [ app_init ] --END-- [ RunTime:0.001000s ]
ERR: 无法加载模块:Public

[ 2018-01-16T16:59:31+08:00 ] ::1 /somegood/Public/uploads/20171027/59f2e0f9d90fa.jpg_c200x200
INFO: [ app_init ] --START--
INFO: Run Behavior\BuildLiteBehavior [ RunTime:0.000000s ]
INFO: [ app_init ] --END-- [ RunTime:0.000000s ]
ERR: 无法加载模块:Public

[ 2018-01-16T16:59:33+08:00 ] ::1 /somegood/Public/uploads/20171027/59f2e0f9d90fa.jpg_c200x200
INFO: [ app_init ] --START--
INFO: Run Behavior\BuildLiteBehavior [ RunTime:0.000000s ]
INFO: [ app_init ] --END-- [ RunTime:0.000000s ]
ERR: 无法加载模块:Public

[ 2018-01-16T16:59:34+08:00 ] ::1 /somegood/Public/uploads/20170829/yundonghuwai.jpg
INFO: [ app_init ] --START--
INFO: Run Behavior\BuildLiteBehavior [ RunTime:0.000000s ]
INFO: [ app_init ] --END-- [ RunTime:0.001000s ]
ERR: 无法加载模块:Public

[ 2018-01-16T16:59:34+08:00 ] ::1 /somegood/Public/uploads/20170829/ertongwanju.jpg
INFO: [ app_init ] --START--
INFO: Run Behavior\BuildLiteBehavior [ RunTime:0.001000s ]
INFO: [ app_init ] --END-- [ RunTime:0.001000s ]
ERR: 无法加载模块:Public

[ 2018-01-16T16:59:34+08:00 ] ::1 /somegood/Public/uploads/20170829/jiajushipin.jpg
INFO: [ app_init ] --START--
INFO: Run Behavior\BuildLiteBehavior [ RunTime:0.000000s ]
INFO: [ app_init ] --END-- [ RunTime:0.000000s ]
ERR: 无法加载模块:Public

[ 2018-01-16T16:59:34+08:00 ] ::1 /somegood/Public/uploads/20170829/meizhuang.jpg
INFO: [ app_init ] --START--
INFO: Run Behavior\BuildLiteBehavior [ RunTime:0.000000s ]
INFO: [ app_init ] --END-- [ RunTime:0.001000s ]
ERR: 无法加载模块:Public

[ 2018-01-16T16:59:34+08:00 ] ::1 /somegood/Public/uploads/20170829/yinxiangyishupin.jpg
INFO: [ app_init ] --START--
INFO: Run Behavior\BuildLiteBehavior [ RunTime:0.000000s ]
INFO: [ app_init ] --END-- [ RunTime:0.001000s ]
ERR: 无法加载模块:Public

[ 2018-01-16T16:59:35+08:00 ] ::1 /somegood/Public/uploads/20180102/5a4b36a77c9dd.png_c200x200
INFO: [ app_init ] --START--
INFO: Run Behavior\BuildLiteBehavior [ RunTime:0.000000s ]
INFO: [ app_init ] --END-- [ RunTime:0.000000s ]
ERR: 无法加载模块:Public

[ 2018-01-16T16:59:35+08:00 ] ::1 /somegood/Public/uploads/20171025/59f03684ee092.png_c200x200
INFO: [ app_init ] --START--
INFO: Run Behavior\BuildLiteBehavior [ RunTime:0.000000s ]
INFO: [ app_init ] --END-- [ RunTime:0.000000s ]
ERR: 无法加载模块:Public

[ 2018-01-16T16:59:37+08:00 ] ::1 /somegood/Public/uploads/20171025/59f03428401cb.png
INFO: [ app_init ] --START--
INFO: Run Behavior\BuildLiteBehavior [ RunTime:0.000000s ]
INFO: [ app_init ] --END-- [ RunTime:0.000000s ]
ERR: 无法加载模块:Public

[ 2018-01-16T16:59:37+08:00 ] ::1 /somegood/Public/uploads/20171025/59f034284ccee.jpg
INFO: [ app_init ] --START--
INFO: Run Behavior\BuildLiteBehavior [ RunTime:0.000000s ]
INFO: [ app_init ] --END-- [ RunTime:0.000000s ]
ERR: 无法加载模块:Public

[ 2018-01-16T16:59:37+08:00 ] ::1 /somegood/Public/uploads/20171025/59f034285bf22.jpg
INFO: [ app_init ] --START--
INFO: Run Behavior\BuildLiteBehavior [ RunTime:0.000000s ]
INFO: [ app_init ] --END-- [ RunTime:0.001000s ]
ERR: 无法加载模块:Public

[ 2018-01-16T16:59:37+08:00 ] ::1 /somegood/Public/uploads/20171219/5a38b892d2612.JPG_c200x200
INFO: [ app_init ] --START--
INFO: Run Behavior\BuildLiteBehavior [ RunTime:0.000000s ]
INFO: [ app_init ] --END-- [ RunTime:0.000000s ]
ERR: 无法加载模块:Public

[ 2018-01-16T16:59:37+08:00 ] ::1 /somegood/Public/uploads/20171025/59f03428401cb.png
INFO: [ app_init ] --START--
INFO: Run Behavior\BuildLiteBehavior [ RunTime:0.000000s ]
INFO: [ app_init ] --END-- [ RunTime:0.000000s ]
ERR: 无法加载模块:Public

[ 2018-01-16T16:59:37+08:00 ] ::1 /somegood/Public/uploads/20171025/59f034284ccee.jpg
INFO: [ app_init ] --START--
INFO: Run Behavior\BuildLiteBehavior [ RunTime:0.000000s ]
INFO: [ app_init ] --END-- [ RunTime:0.000000s ]
ERR: 无法加载模块:Public

[ 2018-01-16T17:06:17+08:00 ] ::1 /somegood/Public/uploads/20180102/5a4b36a77c9dd.png_c200x200
INFO: [ app_init ] --START--
INFO: Run Behavior\BuildLiteBehavior [ RunTime:0.000000s ]
INFO: [ app_init ] --END-- [ RunTime:0.000000s ]
ERR: 无法加载模块:Public

[ 2018-01-16T17:06:17+08:00 ] ::1 /somegood/Public/uploads/20180102/thumb_5a4aefa13c146.png_c200x200
INFO: [ app_init ] --START--
INFO: Run Behavior\BuildLiteBehavior [ RunTime:0.000000s ]
INFO: [ app_init ] --END-- [ RunTime:0.000000s ]
ERR: 无法加载模块:Public

[ 2018-01-16T17:06:17+08:00 ] ::1 /somegood/Public/uploads/20171201/thumb_5a213be504d0e.png_c200x200
INFO: [ app_init ] --START--
INFO: Run Behavior\BuildLiteBehavior [ RunTime:0.000000s ]
INFO: [ app_init ] --END-- [ RunTime:0.000000s ]
ERR: 无法加载模块:Public

[ 2018-01-16T17:06:17+08:00 ] ::1 /somegood/Public/uploads/20180102/5a4b36331b83e.png_c200x200
INFO: [ app_init ] --START--
INFO: Run Behavior\BuildLiteBehavior [ RunTime:0.000000s ]
INFO: [ app_init ] --END-- [ RunTime:0.000000s ]
ERR: 无法加载模块:Public

[ 2018-01-16T17:06:17+08:00 ] ::1 /somegood/Public/uploads/20171225/thumb_5a405aa7b5958.png_c200x200
INFO: [ app_init ] --START--
INFO: Run Behavior\BuildLiteBehavior [ RunTime:0.000000s ]
INFO: [ app_init ] --END-- [ RunTime:0.000000s ]
ERR: 无法加载模块:Public

[ 2018-01-16T17:06:56+08:00 ] ::1 /somegood/Public/uploads/20170829/yundonghuwai.jpg
INFO: [ app_init ] --START--
INFO: Run Behavior\BuildLiteBehavior [ RunTime:0.000000s ]
INFO: [ app_init ] --END-- [ RunTime:0.000000s ]
ERR: 无法加载模块:Public

[ 2018-01-16T17:06:56+08:00 ] ::1 /somegood/Public/uploads/20170829/jiajushipin.jpg
INFO: [ app_init ] --START--
INFO: Run Behavior\BuildLiteBehavior [ RunTime:0.000000s ]
INFO: [ app_init ] --END-- [ RunTime:0.000000s ]
ERR: 无法加载模块:Public

[ 2018-01-16T17:06:56+08:00 ] ::1 /somegood/Public/uploads/20170829/meizhuang.jpg
INFO: [ app_init ] --START--
INFO: Run Behavior\BuildLiteBehavior [ RunTime:0.000000s ]
INFO: [ app_init ] --END-- [ RunTime:0.000000s ]
ERR: 无法加载模块:Public

[ 2018-01-16T17:06:56+08:00 ] ::1 /somegood/Public/uploads/20170829/ertongwanju.jpg
INFO: [ app_init ] --START--
INFO: Run Behavior\BuildLiteBehavior [ RunTime:0.000000s ]
INFO: [ app_init ] --END-- [ RunTime:0.001000s ]
ERR: 无法加载模块:Public

[ 2018-01-16T17:06:56+08:00 ] ::1 /somegood/Public/uploads/20170829/yinxiangyishupin.jpg
INFO: [ app_init ] --START--
INFO: Run Behavior\BuildLiteBehavior [ RunTime:0.000000s ]
INFO: [ app_init ] --END-- [ RunTime:0.001000s ]
ERR: 无法加载模块:Public

[ 2018-01-16T17:06:58+08:00 ] ::1 /somegood/Public/uploads/20180102/5a4b36a77c9dd.png_c200x200
INFO: [ app_init ] --START--
INFO: Run Behavior\BuildLiteBehavior [ RunTime:0.000000s ]
INFO: [ app_init ] --END-- [ RunTime:0.000000s ]
ERR: 无法加载模块:Public

[ 2018-01-16T17:06:58+08:00 ] ::1 /somegood/Public/uploads/20171025/59f03684ee092.png_c200x200
INFO: [ app_init ] --START--
INFO: Run Behavior\BuildLiteBehavior [ RunTime:0.000000s ]
INFO: [ app_init ] --END-- [ RunTime:0.000000s ]
ERR: 无法加载模块:Public

[ 2018-01-16T17:06:59+08:00 ] ::1 /somegood/Public/uploads/20171025/59f03428401cb.png
INFO: [ app_init ] --START--
INFO: Run Behavior\BuildLiteBehavior [ RunTime:0.000000s ]
INFO: [ app_init ] --END-- [ RunTime:0.000000s ]
ERR: 无法加载模块:Public

[ 2018-01-16T17:06:59+08:00 ] ::1 /somegood/Public/uploads/20171025/59f034284ccee.jpg
INFO: [ app_init ] --START--
INFO: Run Behavior\BuildLiteBehavior [ RunTime:0.000000s ]
INFO: [ app_init ] --END-- [ RunTime:0.000000s ]
ERR: 无法加载模块:Public

[ 2018-01-16T17:06:59+08:00 ] ::1 /somegood/Public/uploads/20171025/59f034285bf22.jpg
INFO: [ app_init ] --START--
INFO: Run Behavior\BuildLiteBehavior [ RunTime:0.000000s ]
INFO: [ app_init ] --END-- [ RunTime:0.000000s ]
ERR: 无法加载模块:Public

[ 2018-01-16T17:06:59+08:00 ] ::1 /somegood/Public/uploads/20171219/5a38b892d2612.JPG_c200x200
INFO: [ app_init ] --START--
INFO: Run Behavior\BuildLiteBehavior [ RunTime:0.000000s ]
INFO: [ app_init ] --END-- [ RunTime:0.001000s ]
ERR: 无法加载模块:Public

[ 2018-01-16T17:06:59+08:00 ] ::1 /somegood/Public/uploads/20171025/59f03428401cb.png
INFO: [ app_init ] --START--
INFO: Run Behavior\BuildLiteBehavior [ RunTime:0.000000s ]
INFO: [ app_init ] --END-- [ RunTime:0.001000s ]
ERR: 无法加载模块:Public

[ 2018-01-16T17:13:56+08:00 ] ::1 /somegood/Public/uploads/20180102/5a4b36a77c9dd.png_c200x200
INFO: [ app_init ] --START--
INFO: Run Behavior\BuildLiteBehavior [ RunTime:0.000000s ]
INFO: [ app_init ] --END-- [ RunTime:0.000000s ]
ERR: 无法加载模块:Public

[ 2018-01-16T17:15:07+08:00 ] ::1 /somegood/Public/uploads/20180102/5a4b36a77c9dd.png_c200x200
INFO: [ app_init ] --START--
INFO: Run Behavior\BuildLiteBehavior [ RunTime:0.000000s ]
INFO: [ app_init ] --END-- [ RunTime:0.000000s ]
ERR: 无法加载模块:Public

[ 2018-01-16T17:15:35+08:00 ] ::1 /somegood/Public/uploads/20180102/5a4b36a77c9dd.png_c200x200
INFO: [ app_init ] --START--
INFO: Run Behavior\BuildLiteBehavior [ RunTime:0.000000s ]
INFO: [ app_init ] --END-- [ RunTime:0.000000s ]
ERR: 无法加载模块:Public

[ 2018-01-16T17:15:42+08:00 ] ::1 /somegood/Public/uploads/20180102/5a4b36a77c9dd.png_c200x200
INFO: [ app_init ] --START--
INFO: Run Behavior\BuildLiteBehavior [ RunTime:0.000000s ]
INFO: [ app_init ] --END-- [ RunTime:0.000000s ]
ERR: 无法加载模块:Public

[ 2018-01-16T17:16:09+08:00 ] ::1 /somegood/Public/uploads/20180102/5a4b36a77c9dd.png_c200x200
INFO: [ app_init ] --START--
INFO: Run Behavior\BuildLiteBehavior [ RunTime:0.000000s ]
INFO: [ app_init ] --END-- [ RunTime:0.000000s ]
ERR: 无法加载模块:Public

[ 2018-01-16T17:17:17+08:00 ] ::1 /somegood/Public/uploads/20180102/5a4b36a77c9dd.png_c200x200
INFO: [ app_init ] --START--
INFO: Run Behavior\BuildLiteBehavior [ RunTime:0.000000s ]
INFO: [ app_init ] --END-- [ RunTime:0.000000s ]
ERR: 无法加载模块:Public

[ 2018-01-16T17:17:37+08:00 ] ::1 /somegood/Public/uploads/20180102/5a4b36a77c9dd.png_c200x200
INFO: [ app_init ] --START--
INFO: Run Behavior\BuildLiteBehavior [ RunTime:0.000000s ]
INFO: [ app_init ] --END-- [ RunTime:0.000000s ]
ERR: 无法加载模块:Public

[ 2018-01-16T17:17:37+08:00 ] ::1 /somegood/Public/uploads/20180102/5a4b36a77c9dd.png_c200x200
INFO: [ app_init ] --START--
INFO: Run Behavior\BuildLiteBehavior [ RunTime:0.000000s ]
INFO: [ app_init ] --END-- [ RunTime:0.000000s ]
ERR: 无法加载模块:Public

[ 2018-01-16T17:17:37+08:00 ] ::1 /somegood/Public/uploads/20180102/5a4b36a77c9dd.png_c200x200
INFO: [ app_init ] --START--
INFO: Run Behavior\BuildLiteBehavior [ RunTime:0.000000s ]
INFO: [ app_init ] --END-- [ RunTime:0.001001s ]
ERR: 无法加载模块:Public

