[ 2018-01-04T09:36:08+08:00 ] ::1 /somegood/Public/uploads/20171025/59f03428401cb.png
INFO: [ app_init ] --START--
INFO: Run Behavior\BuildLiteBehavior [ RunTime:0.000000s ]
INFO: [ app_init ] --END-- [ RunTime:0.000000s ]
ERR: 无法加载模块:Public

[ 2018-01-04T09:36:08+08:00 ] ::1 /somegood/Public/uploads/20171025/59f034284ccee.jpg
INFO: [ app_init ] --START--
INFO: Run Behavior\BuildLiteBehavior [ RunTime:0.000000s ]
INFO: [ app_init ] --END-- [ RunTime:0.000000s ]
ERR: 无法加载模块:Public

[ 2018-01-04T09:36:08+08:00 ] ::1 /somegood/Public/uploads/20171219/5a38b892d2612.JPG
INFO: [ app_init ] --START--
INFO: Run Behavior\BuildLiteBehavior [ RunTime:0.000000s ]
INFO: [ app_init ] --END-- [ RunTime:0.000000s ]
ERR: 无法加载模块:Public

[ 2018-01-04T09:36:08+08:00 ] ::1 /somegood/Public/uploads/20171025/59f034285bf22.jpg
INFO: [ app_init ] --START--
INFO: Run Behavior\BuildLiteBehavior [ RunTime:0.000000s ]
INFO: [ app_init ] --END-- [ RunTime:0.000000s ]
ERR: 无法加载模块:Public

[ 2018-01-04T09:36:15+08:00 ] ::1 /somegood/Public/uploads/20171025/59f03428401cb.png
INFO: [ app_init ] --START--
INFO: Run Behavior\BuildLiteBehavior [ RunTime:0.001000s ]
INFO: [ app_init ] --END-- [ RunTime:0.001000s ]
ERR: 无法加载模块:Public

[ 2018-01-04T09:36:15+08:00 ] ::1 /somegood/Public/uploads/20171025/59f034284ccee.jpg
INFO: [ app_init ] --START--
INFO: Run Behavior\BuildLiteBehavior [ RunTime:0.000000s ]
INFO: [ app_init ] --END-- [ RunTime:0.000000s ]
ERR: 无法加载模块:Public

[ 2018-01-04T09:36:15+08:00 ] ::1 /somegood/Public/uploads/20171025/59f034285bf22.jpg
INFO: [ app_init ] --START--
INFO: Run Behavior\BuildLiteBehavior [ RunTime:0.000000s ]
INFO: [ app_init ] --END-- [ RunTime:0.001000s ]
ERR: 无法加载模块:Public

[ 2018-01-04T09:36:15+08:00 ] ::1 /somegood/Public/uploads/20171219/5a38b892d2612.JPG
INFO: [ app_init ] --START--
INFO: Run Behavior\BuildLiteBehavior [ RunTime:0.000000s ]
INFO: [ app_init ] --END-- [ RunTime:0.000000s ]
ERR: 无法加载模块:Public

[ 2018-01-04T09:36:15+08:00 ] ::1 /somegood/Public/uploads/20171025/59f03428401cb.png
INFO: [ app_init ] --START--
INFO: Run Behavior\BuildLiteBehavior [ RunTime:0.000000s ]
INFO: [ app_init ] --END-- [ RunTime:0.000000s ]
ERR: 无法加载模块:Public

[ 2018-01-04T09:36:15+08:00 ] ::1 /somegood/Public/uploads/20171025/59f034284ccee.jpg
INFO: [ app_init ] --START--
INFO: Run Behavior\BuildLiteBehavior [ RunTime:0.000000s ]
INFO: [ app_init ] --END-- [ RunTime:0.000000s ]
ERR: 无法加载模块:Public

[ 2018-01-04T09:36:19+08:00 ] ::1 /somegood/Public/uploads/20171025/59f03428401cb.png
INFO: [ app_init ] --START--
INFO: Run Behavior\BuildLiteBehavior [ RunTime:0.000000s ]
INFO: [ app_init ] --END-- [ RunTime:0.000000s ]
ERR: 无法加载模块:Public

[ 2018-01-04T09:36:19+08:00 ] ::1 /somegood/Public/uploads/20171025/59f034284ccee.jpg
INFO: [ app_init ] --START--
INFO: Run Behavior\BuildLiteBehavior [ RunTime:0.000000s ]
INFO: [ app_init ] --END-- [ RunTime:0.000000s ]
ERR: 无法加载模块:Public

[ 2018-01-04T09:36:19+08:00 ] ::1 /somegood/Public/uploads/20171025/59f034285bf22.jpg
INFO: [ app_init ] --START--
INFO: Run Behavior\BuildLiteBehavior [ RunTime:0.000000s ]
INFO: [ app_init ] --END-- [ RunTime:0.000000s ]
ERR: 无法加载模块:Public

[ 2018-01-04T09:36:19+08:00 ] ::1 /somegood/Public/uploads/20171219/5a38b892d2612.JPG
INFO: [ app_init ] --START--
INFO: Run Behavior\BuildLiteBehavior [ RunTime:0.000000s ]
INFO: [ app_init ] --END-- [ RunTime:0.000000s ]
ERR: 无法加载模块:Public

[ 2018-01-04T09:36:19+08:00 ] ::1 /somegood/Public/uploads/20171025/59f034284ccee.jpg
INFO: [ app_init ] --START--
INFO: Run Behavior\BuildLiteBehavior [ RunTime:0.000000s ]
INFO: [ app_init ] --END-- [ RunTime:0.000000s ]
ERR: 无法加载模块:Public

[ 2018-01-04T09:36:19+08:00 ] ::1 /somegood/Public/uploads/20171025/59f03428401cb.png
INFO: [ app_init ] --START--
INFO: Run Behavior\BuildLiteBehavior [ RunTime:0.000000s ]
INFO: [ app_init ] --END-- [ RunTime:0.000000s ]
ERR: 无法加载模块:Public

[ 2018-01-04T09:36:32+08:00 ] ::1 /somegood/Public/uploads/20171025/59f03428401cb.png
INFO: [ app_init ] --START--
INFO: Run Behavior\BuildLiteBehavior [ RunTime:0.000000s ]
INFO: [ app_init ] --END-- [ RunTime:0.001000s ]
ERR: 无法加载模块:Public

[ 2018-01-04T09:36:32+08:00 ] ::1 /somegood/Public/uploads/20171025/59f034284ccee.jpg
INFO: [ app_init ] --START--
INFO: Run Behavior\BuildLiteBehavior [ RunTime:0.000000s ]
INFO: [ app_init ] --END-- [ RunTime:0.000000s ]
ERR: 无法加载模块:Public

[ 2018-01-04T09:36:32+08:00 ] ::1 /somegood/Public/uploads/20171025/59f034285bf22.jpg
INFO: [ app_init ] --START--
INFO: Run Behavior\BuildLiteBehavior [ RunTime:0.000000s ]
INFO: [ app_init ] --END-- [ RunTime:0.000000s ]
ERR: 无法加载模块:Public

[ 2018-01-04T09:36:32+08:00 ] ::1 /somegood/Public/uploads/20171219/5a38b892d2612.JPG
INFO: [ app_init ] --START--
INFO: Run Behavior\BuildLiteBehavior [ RunTime:0.000000s ]
INFO: [ app_init ] --END-- [ RunTime:0.000000s ]
ERR: 无法加载模块:Public

[ 2018-01-04T09:36:32+08:00 ] ::1 /somegood/Public/uploads/20171025/59f03428401cb.png
INFO: [ app_init ] --START--
INFO: Run Behavior\BuildLiteBehavior [ RunTime:0.000000s ]
INFO: [ app_init ] --END-- [ RunTime:0.001000s ]
ERR: 无法加载模块:Public

[ 2018-01-04T09:36:32+08:00 ] ::1 /somegood/Public/uploads/20171025/59f034284ccee.jpg
INFO: [ app_init ] --START--
INFO: Run Behavior\BuildLiteBehavior [ RunTime:0.000000s ]
INFO: [ app_init ] --END-- [ RunTime:0.001000s ]
ERR: 无法加载模块:Public

[ 2018-01-04T09:36:43+08:00 ] ::1 /somegood/Public/uploads/20171201/thumb_5a213be504d0e.png_c200x200
INFO: [ app_init ] --START--
INFO: Run Behavior\BuildLiteBehavior [ RunTime:0.000000s ]
INFO: [ app_init ] --END-- [ RunTime:0.000000s ]
ERR: 无法加载模块:Public

[ 2018-01-04T09:36:43+08:00 ] ::1 /somegood/Public/uploads/20180102/5a4b36a77c9dd.png_c200x200
INFO: [ app_init ] --START--
INFO: Run Behavior\BuildLiteBehavior [ RunTime:0.000000s ]
INFO: [ app_init ] --END-- [ RunTime:0.001000s ]
ERR: 无法加载模块:Public

[ 2018-01-04T09:36:43+08:00 ] ::1 /somegood/Public/uploads/20171225/thumb_5a405aa7b5958.png_c200x200
INFO: [ app_init ] --START--
INFO: Run Behavior\BuildLiteBehavior [ RunTime:0.000000s ]
INFO: [ app_init ] --END-- [ RunTime:0.000000s ]
ERR: 无法加载模块:Public

[ 2018-01-04T09:36:43+08:00 ] ::1 /somegood/Public/uploads/20180102/thumb_5a4aefa13c146.png_c200x200
INFO: [ app_init ] --START--
INFO: Run Behavior\BuildLiteBehavior [ RunTime:0.000000s ]
INFO: [ app_init ] --END-- [ RunTime:0.000000s ]
ERR: 无法加载模块:Public

[ 2018-01-04T09:36:43+08:00 ] ::1 /somegood/Public/uploads/20180102/5a4b36331b83e.png_c200x200
INFO: [ app_init ] --START--
INFO: Run Behavior\BuildLiteBehavior [ RunTime:0.000000s ]
INFO: [ app_init ] --END-- [ RunTime:0.000000s ]
ERR: 无法加载模块:Public

[ 2018-01-04T09:37:08+08:00 ] ::1 /somegood/Public/uploads/20180102/5a4b36a77c9dd.png_c200x200
INFO: [ app_init ] --START--
INFO: Run Behavior\BuildLiteBehavior [ RunTime:0.000000s ]
INFO: [ app_init ] --END-- [ RunTime:0.000000s ]
ERR: 无法加载模块:Public

[ 2018-01-04T09:37:08+08:00 ] ::1 /somegood/Public/uploads/20180102/5a4b36331b83e.png_c200x200
INFO: [ app_init ] --START--
INFO: Run Behavior\BuildLiteBehavior [ RunTime:0.000000s ]
INFO: [ app_init ] --END-- [ RunTime:0.000000s ]
ERR: 无法加载模块:Public

[ 2018-01-04T09:37:08+08:00 ] ::1 /somegood/Public/uploads/20171201/thumb_5a213be504d0e.png_c200x200
INFO: [ app_init ] --START--
INFO: Run Behavior\BuildLiteBehavior [ RunTime:0.000000s ]
INFO: [ app_init ] --END-- [ RunTime:0.001000s ]
ERR: 无法加载模块:Public

[ 2018-01-04T09:37:08+08:00 ] ::1 /somegood/Public/uploads/20180102/thumb_5a4aefa13c146.png_c200x200
INFO: [ app_init ] --START--
INFO: Run Behavior\BuildLiteBehavior [ RunTime:0.000000s ]
INFO: [ app_init ] --END-- [ RunTime:0.000000s ]
ERR: 无法加载模块:Public

[ 2018-01-04T09:37:08+08:00 ] ::1 /somegood/Public/uploads/20171225/thumb_5a405aa7b5958.png_c200x200
INFO: [ app_init ] --START--
INFO: Run Behavior\BuildLiteBehavior [ RunTime:0.000000s ]
INFO: [ app_init ] --END-- [ RunTime:0.000000s ]
ERR: 无法加载模块:Public

[ 2018-01-04T09:37:09+08:00 ] ::1 /somegood/Public/uploads/20180102/5a4b36a77c9dd.png_c200x200
INFO: [ app_init ] --START--
INFO: Run Behavior\BuildLiteBehavior [ RunTime:0.001000s ]
INFO: [ app_init ] --END-- [ RunTime:0.001000s ]
ERR: 无法加载模块:Public

[ 2018-01-04T09:37:09+08:00 ] ::1 /somegood/Public/uploads/20171201/thumb_5a213be504d0e.png_c200x200
INFO: [ app_init ] --START--
INFO: Run Behavior\BuildLiteBehavior [ RunTime:0.000000s ]
INFO: [ app_init ] --END-- [ RunTime:0.000000s ]
ERR: 无法加载模块:Public

[ 2018-01-04T09:37:10+08:00 ] ::1 /somegood/Public/uploads/20171225/thumb_5a405aa7b5958.png_c200x200
INFO: [ app_init ] --START--
INFO: Run Behavior\BuildLiteBehavior [ RunTime:0.000000s ]
INFO: [ app_init ] --END-- [ RunTime:0.000000s ]
ERR: 无法加载模块:Public

[ 2018-01-04T09:37:10+08:00 ] ::1 /somegood/Public/uploads/20180102/5a4b36331b83e.png_c200x200
INFO: [ app_init ] --START--
INFO: Run Behavior\BuildLiteBehavior [ RunTime:0.000000s ]
INFO: [ app_init ] --END-- [ RunTime:0.001000s ]
ERR: 无法加载模块:Public

[ 2018-01-04T09:37:10+08:00 ] ::1 /somegood/Public/uploads/20180102/thumb_5a4aefa13c146.png_c200x200
INFO: [ app_init ] --START--
INFO: Run Behavior\BuildLiteBehavior [ RunTime:0.000000s ]
INFO: [ app_init ] --END-- [ RunTime:0.000000s ]
ERR: 无法加载模块:Public

[ 2018-01-04T09:37:10+08:00 ] ::1 /somegood/Public/uploads/20171201/thumb_5a213be504d0e.png_c200x200
INFO: [ app_init ] --START--
INFO: Run Behavior\BuildLiteBehavior [ RunTime:0.000000s ]
INFO: [ app_init ] --END-- [ RunTime:0.000000s ]
ERR: 无法加载模块:Public

[ 2018-01-04T09:37:10+08:00 ] ::1 /somegood/Public/uploads/20171225/thumb_5a405aa7b5958.png_c200x200
INFO: [ app_init ] --START--
INFO: Run Behavior\BuildLiteBehavior [ RunTime:0.000000s ]
INFO: [ app_init ] --END-- [ RunTime:0.000000s ]
ERR: 无法加载模块:Public

[ 2018-01-04T09:37:10+08:00 ] ::1 /somegood/Public/uploads/20180102/5a4b36331b83e.png_c200x200
INFO: [ app_init ] --START--
INFO: Run Behavior\BuildLiteBehavior [ RunTime:0.000000s ]
INFO: [ app_init ] --END-- [ RunTime:0.000000s ]
ERR: 无法加载模块:Public

[ 2018-01-04T09:37:10+08:00 ] ::1 /somegood/Public/uploads/20180102/thumb_5a4aefa13c146.png_c200x200
INFO: [ app_init ] --START--
INFO: Run Behavior\BuildLiteBehavior [ RunTime:0.000000s ]
INFO: [ app_init ] --END-- [ RunTime:0.000000s ]
ERR: 无法加载模块:Public

[ 2018-01-04T09:37:11+08:00 ] ::1 /somegood/Public/uploads/20180102/5a4b36a77c9dd.png_c200x200
INFO: [ app_init ] --START--
INFO: Run Behavior\BuildLiteBehavior [ RunTime:0.000000s ]
INFO: [ app_init ] --END-- [ RunTime:0.000000s ]
ERR: 无法加载模块:Public

[ 2018-01-04T09:37:11+08:00 ] ::1 /somegood/Public/uploads/20171225/thumb_5a405aa7b5958.png_c200x200
INFO: [ app_init ] --START--
INFO: Run Behavior\BuildLiteBehavior [ RunTime:0.000000s ]
INFO: [ app_init ] --END-- [ RunTime:0.001000s ]
ERR: 无法加载模块:Public

[ 2018-01-04T09:37:11+08:00 ] ::1 /somegood/Public/uploads/20171201/thumb_5a213be504d0e.png_c200x200
INFO: [ app_init ] --START--
INFO: Run Behavior\BuildLiteBehavior [ RunTime:0.000000s ]
INFO: [ app_init ] --END-- [ RunTime:0.000000s ]
ERR: 无法加载模块:Public

[ 2018-01-04T09:37:11+08:00 ] ::1 /somegood/Public/uploads/20180102/thumb_5a4aefa13c146.png_c200x200
INFO: [ app_init ] --START--
INFO: Run Behavior\BuildLiteBehavior [ RunTime:0.000000s ]
INFO: [ app_init ] --END-- [ RunTime:0.001000s ]
ERR: 无法加载模块:Public

[ 2018-01-04T09:37:11+08:00 ] ::1 /somegood/Public/uploads/20180102/5a4b36331b83e.png_c200x200
INFO: [ app_init ] --START--
INFO: Run Behavior\BuildLiteBehavior [ RunTime:0.000000s ]
INFO: [ app_init ] --END-- [ RunTime:0.000000s ]
ERR: 无法加载模块:Public

[ 2018-01-04T09:37:12+08:00 ] ::1 /somegood/Public/uploads/20180102/thumb_5a4aefa13c146.png_c200x200
INFO: [ app_init ] --START--
INFO: Run Behavior\BuildLiteBehavior [ RunTime:0.000000s ]
INFO: [ app_init ] --END-- [ RunTime:0.000000s ]
ERR: 无法加载模块:Public

[ 2018-01-04T09:37:12+08:00 ] ::1 /somegood/Public/uploads/20180102/5a4b36a77c9dd.png_c200x200
INFO: [ app_init ] --START--
INFO: Run Behavior\BuildLiteBehavior [ RunTime:0.000000s ]
INFO: [ app_init ] --END-- [ RunTime:0.001000s ]
ERR: 无法加载模块:Public

[ 2018-01-04T09:37:12+08:00 ] ::1 /somegood/Public/uploads/20180102/5a4b36331b83e.png_c200x200
INFO: [ app_init ] --START--
INFO: Run Behavior\BuildLiteBehavior [ RunTime:0.000000s ]
INFO: [ app_init ] --END-- [ RunTime:0.000000s ]
ERR: 无法加载模块:Public

[ 2018-01-04T09:37:12+08:00 ] ::1 /somegood/Public/uploads/20171201/thumb_5a213be504d0e.png_c200x200
INFO: [ app_init ] --START--
INFO: Run Behavior\BuildLiteBehavior [ RunTime:0.000000s ]
INFO: [ app_init ] --END-- [ RunTime:0.000000s ]
ERR: 无法加载模块:Public

[ 2018-01-04T09:37:13+08:00 ] ::1 /somegood/Public/uploads/20171201/thumb_5a213be504d0e.png_c200x200
INFO: [ app_init ] --START--
INFO: Run Behavior\BuildLiteBehavior [ RunTime:0.000000s ]
INFO: [ app_init ] --END-- [ RunTime:0.000000s ]
ERR: 无法加载模块:Public

[ 2018-01-04T09:37:13+08:00 ] ::1 /somegood/Public/uploads/20180102/5a4b36a77c9dd.png_c200x200
INFO: [ app_init ] --START--
INFO: Run Behavior\BuildLiteBehavior [ RunTime:0.000000s ]
INFO: [ app_init ] --END-- [ RunTime:0.000000s ]
ERR: 无法加载模块:Public

[ 2018-01-04T09:37:13+08:00 ] ::1 /somegood/Public/uploads/20171225/thumb_5a405aa7b5958.png_c200x200
INFO: [ app_init ] --START--
INFO: Run Behavior\BuildLiteBehavior [ RunTime:0.000000s ]
INFO: [ app_init ] --END-- [ RunTime:0.001000s ]
ERR: 无法加载模块:Public

[ 2018-01-04T09:37:14+08:00 ] ::1 /somegood/Public/uploads/20180102/5a4b36331b83e.png_c200x200
INFO: [ app_init ] --START--
INFO: Run Behavior\BuildLiteBehavior [ RunTime:0.000000s ]
INFO: [ app_init ] --END-- [ RunTime:0.000000s ]
ERR: 无法加载模块:Public

[ 2018-01-04T09:37:14+08:00 ] ::1 /somegood/Public/uploads/20180102/thumb_5a4aefa13c146.png_c200x200
INFO: [ app_init ] --START--
INFO: Run Behavior\BuildLiteBehavior [ RunTime:0.000000s ]
INFO: [ app_init ] --END-- [ RunTime:0.000000s ]
ERR: 无法加载模块:Public

[ 2018-01-04T09:37:14+08:00 ] ::1 /somegood/Public/uploads/20180102/5a4b36a77c9dd.png_c200x200
INFO: [ app_init ] --START--
INFO: Run Behavior\BuildLiteBehavior [ RunTime:0.000000s ]
INFO: [ app_init ] --END-- [ RunTime:0.001000s ]
ERR: 无法加载模块:Public

[ 2018-01-04T09:37:14+08:00 ] ::1 /somegood/Public/uploads/20171201/thumb_5a213be504d0e.png_c200x200
INFO: [ app_init ] --START--
INFO: Run Behavior\BuildLiteBehavior [ RunTime:0.000000s ]
INFO: [ app_init ] --END-- [ RunTime:0.000000s ]
ERR: 无法加载模块:Public

[ 2018-01-04T09:37:14+08:00 ] ::1 /somegood/Public/uploads/20171225/thumb_5a405aa7b5958.png_c200x200
INFO: [ app_init ] --START--
INFO: Run Behavior\BuildLiteBehavior [ RunTime:0.001000s ]
INFO: [ app_init ] --END-- [ RunTime:0.001000s ]
ERR: 无法加载模块:Public

[ 2018-01-04T09:40:54+08:00 ] ::1 /somegood/Public/uploads/20171201/thumb_5a213be504d0e.png_c200x200
INFO: [ app_init ] --START--
INFO: Run Behavior\BuildLiteBehavior [ RunTime:0.000000s ]
INFO: [ app_init ] --END-- [ RunTime:0.000000s ]
ERR: 无法加载模块:Public

[ 2018-01-04T09:40:54+08:00 ] ::1 /somegood/Public/uploads/20180102/5a4b36a77c9dd.png_c200x200
INFO: [ app_init ] --START--
INFO: Run Behavior\BuildLiteBehavior [ RunTime:0.000000s ]
INFO: [ app_init ] --END-- [ RunTime:0.000000s ]
ERR: 无法加载模块:Public

[ 2018-01-04T09:40:54+08:00 ] ::1 /somegood/Public/uploads/20180102/thumb_5a4aefa13c146.png_c200x200
INFO: [ app_init ] --START--
INFO: Run Behavior\BuildLiteBehavior [ RunTime:0.000000s ]
INFO: [ app_init ] --END-- [ RunTime:0.000000s ]
ERR: 无法加载模块:Public

[ 2018-01-04T09:40:54+08:00 ] ::1 /somegood/Public/uploads/20171225/thumb_5a405aa7b5958.png_c200x200
INFO: [ app_init ] --START--
INFO: Run Behavior\BuildLiteBehavior [ RunTime:0.000000s ]
INFO: [ app_init ] --END-- [ RunTime:0.000000s ]
ERR: 无法加载模块:Public

[ 2018-01-04T09:40:54+08:00 ] ::1 /somegood/Public/uploads/20180102/5a4b36331b83e.png_c200x200
INFO: [ app_init ] --START--
INFO: Run Behavior\BuildLiteBehavior [ RunTime:0.000000s ]
INFO: [ app_init ] --END-- [ RunTime:0.001000s ]
ERR: 无法加载模块:Public

[ 2018-01-04T09:43:01+08:00 ] ::1 /somegood/Public/uploads/20171025/59f03428401cb.png
INFO: [ app_init ] --START--
INFO: Run Behavior\BuildLiteBehavior [ RunTime:0.000000s ]
INFO: [ app_init ] --END-- [ RunTime:0.000000s ]
ERR: 无法加载模块:Public

[ 2018-01-04T09:43:01+08:00 ] ::1 /somegood/Public/uploads/20171025/59f034284ccee.jpg
INFO: [ app_init ] --START--
INFO: Run Behavior\BuildLiteBehavior [ RunTime:0.000000s ]
INFO: [ app_init ] --END-- [ RunTime:0.001000s ]
ERR: 无法加载模块:Public

[ 2018-01-04T09:43:01+08:00 ] ::1 /somegood/Public/uploads/20171025/59f034285bf22.jpg
INFO: [ app_init ] --START--
INFO: Run Behavior\BuildLiteBehavior [ RunTime:0.000000s ]
INFO: [ app_init ] --END-- [ RunTime:0.000000s ]
ERR: 无法加载模块:Public

[ 2018-01-04T09:43:01+08:00 ] ::1 /somegood/Public/uploads/20171219/5a38b892d2612.JPG
INFO: [ app_init ] --START--
INFO: Run Behavior\BuildLiteBehavior [ RunTime:0.000000s ]
INFO: [ app_init ] --END-- [ RunTime:0.000000s ]
ERR: 无法加载模块:Public

[ 2018-01-04T09:43:01+08:00 ] ::1 /somegood/Public/uploads/20171025/59f03428401cb.png
INFO: [ app_init ] --START--
INFO: Run Behavior\BuildLiteBehavior [ RunTime:0.000000s ]
INFO: [ app_init ] --END-- [ RunTime:0.000000s ]
ERR: 无法加载模块:Public

[ 2018-01-04T09:43:03+08:00 ] ::1 /somegood/Public/uploads/20171219/5a38b892d2612.JPG
INFO: [ app_init ] --START--
INFO: Run Behavior\BuildLiteBehavior [ RunTime:0.000000s ]
INFO: [ app_init ] --END-- [ RunTime:0.000000s ]
ERR: 无法加载模块:Public

[ 2018-01-04T09:49:03+08:00 ] ::1 /somegood/Public/uploads/20180102/5a4b36331b83e.png_c200x200
INFO: [ app_init ] --START--
INFO: Run Behavior\BuildLiteBehavior [ RunTime:0.000000s ]
INFO: [ app_init ] --END-- [ RunTime:0.000000s ]
ERR: 无法加载模块:Public

[ 2018-01-04T09:49:03+08:00 ] ::1 /somegood/Public/uploads/20180102/thumb_5a4aefa13c146.png_c200x200
INFO: [ app_init ] --START--
INFO: Run Behavior\BuildLiteBehavior [ RunTime:0.000000s ]
INFO: [ app_init ] --END-- [ RunTime:0.001000s ]
ERR: 无法加载模块:Public

[ 2018-01-04T09:49:03+08:00 ] ::1 /somegood/Public/uploads/20171225/thumb_5a405aa7b5958.png_c200x200
INFO: [ app_init ] --START--
INFO: Run Behavior\BuildLiteBehavior [ RunTime:0.000000s ]
INFO: [ app_init ] --END-- [ RunTime:0.000000s ]
ERR: 无法加载模块:Public

[ 2018-01-04T09:49:03+08:00 ] ::1 /somegood/Public/uploads/20171201/thumb_5a213be504d0e.png_c200x200
INFO: [ app_init ] --START--
INFO: Run Behavior\BuildLiteBehavior [ RunTime:0.000000s ]
INFO: [ app_init ] --END-- [ RunTime:0.001000s ]
ERR: 无法加载模块:Public

[ 2018-01-04T09:49:03+08:00 ] ::1 /somegood/Public/uploads/20180102/5a4b36a77c9dd.png_c200x200
INFO: [ app_init ] --START--
INFO: Run Behavior\BuildLiteBehavior [ RunTime:0.000000s ]
INFO: [ app_init ] --END-- [ RunTime:0.000000s ]
ERR: 无法加载模块:Public

[ 2018-01-04T09:49:29+08:00 ] ::1 /somegood/Public/uploads/20180102/5a4b36331b83e.png_c200x200
INFO: [ app_init ] --START--
INFO: Run Behavior\BuildLiteBehavior [ RunTime:0.000000s ]
INFO: [ app_init ] --END-- [ RunTime:0.001000s ]
ERR: 无法加载模块:Public

[ 2018-01-04T09:49:29+08:00 ] ::1 /somegood/Public/uploads/20180102/thumb_5a4aefa13c146.png_c200x200
INFO: [ app_init ] --START--
INFO: Run Behavior\BuildLiteBehavior [ RunTime:0.000000s ]
INFO: [ app_init ] --END-- [ RunTime:0.000000s ]
ERR: 无法加载模块:Public

[ 2018-01-04T09:49:29+08:00 ] ::1 /somegood/Public/uploads/20171201/thumb_5a213be504d0e.png_c200x200
INFO: [ app_init ] --START--
INFO: Run Behavior\BuildLiteBehavior [ RunTime:0.000000s ]
INFO: [ app_init ] --END-- [ RunTime:0.000000s ]
ERR: 无法加载模块:Public

[ 2018-01-04T09:49:29+08:00 ] ::1 /somegood/Public/uploads/20171225/thumb_5a405aa7b5958.png_c200x200
INFO: [ app_init ] --START--
INFO: Run Behavior\BuildLiteBehavior [ RunTime:0.000000s ]
INFO: [ app_init ] --END-- [ RunTime:0.001000s ]
ERR: 无法加载模块:Public

[ 2018-01-04T09:49:29+08:00 ] ::1 /somegood/Public/uploads/20180102/5a4b36a77c9dd.png_c200x200
INFO: [ app_init ] --START--
INFO: Run Behavior\BuildLiteBehavior [ RunTime:0.000000s ]
INFO: [ app_init ] --END-- [ RunTime:0.000000s ]
ERR: 无法加载模块:Public

[ 2018-01-04T09:49:33+08:00 ] ::1 /somegood/Public/uploads/20180102/5a4b36a77c9dd.png_c200x200
INFO: [ app_init ] --START--
INFO: Run Behavior\BuildLiteBehavior [ RunTime:0.000000s ]
INFO: [ app_init ] --END-- [ RunTime:0.000000s ]
ERR: 无法加载模块:Public

[ 2018-01-04T09:49:33+08:00 ] ::1 /somegood/Public/uploads/20171225/thumb_5a405aa7b5958.png_c200x200
INFO: [ app_init ] --START--
INFO: Run Behavior\BuildLiteBehavior [ RunTime:0.000000s ]
INFO: [ app_init ] --END-- [ RunTime:0.000000s ]
ERR: 无法加载模块:Public

[ 2018-01-04T09:49:33+08:00 ] ::1 /somegood/Public/uploads/20171201/thumb_5a213be504d0e.png_c200x200
INFO: [ app_init ] --START--
INFO: Run Behavior\BuildLiteBehavior [ RunTime:0.000000s ]
INFO: [ app_init ] --END-- [ RunTime:0.000000s ]
ERR: 无法加载模块:Public

[ 2018-01-04T09:49:33+08:00 ] ::1 /somegood/Public/uploads/20180102/thumb_5a4aefa13c146.png_c200x200
INFO: [ app_init ] --START--
INFO: Run Behavior\BuildLiteBehavior [ RunTime:0.000000s ]
INFO: [ app_init ] --END-- [ RunTime:0.000000s ]
ERR: 无法加载模块:Public

[ 2018-01-04T09:49:33+08:00 ] ::1 /somegood/Public/uploads/20180102/5a4b36331b83e.png_c200x200
INFO: [ app_init ] --START--
INFO: Run Behavior\BuildLiteBehavior [ RunTime:0.000000s ]
INFO: [ app_init ] --END-- [ RunTime:0.000000s ]
ERR: 无法加载模块:Public

[ 2018-01-04T09:52:18+08:00 ] ::1 /somegood/Public/uploads/20180102/5a4b36a77c9dd.png_c200x200
INFO: [ app_init ] --START--
INFO: Run Behavior\BuildLiteBehavior [ RunTime:0.000000s ]
INFO: [ app_init ] --END-- [ RunTime:0.001000s ]
ERR: 无法加载模块:Public

[ 2018-01-04T09:52:18+08:00 ] ::1 /somegood/Public/uploads/20171225/thumb_5a405aa7b5958.png_c200x200
INFO: [ app_init ] --START--
INFO: Run Behavior\BuildLiteBehavior [ RunTime:0.000000s ]
INFO: [ app_init ] --END-- [ RunTime:0.001000s ]
ERR: 无法加载模块:Public

[ 2018-01-04T09:52:18+08:00 ] ::1 /somegood/Public/uploads/20180102/5a4b36331b83e.png_c200x200
INFO: [ app_init ] --START--
INFO: Run Behavior\BuildLiteBehavior [ RunTime:0.000000s ]
INFO: [ app_init ] --END-- [ RunTime:0.001000s ]
ERR: 无法加载模块:Public

[ 2018-01-04T09:52:18+08:00 ] ::1 /somegood/Public/uploads/20180102/thumb_5a4aefa13c146.png_c200x200
INFO: [ app_init ] --START--
INFO: Run Behavior\BuildLiteBehavior [ RunTime:0.000000s ]
INFO: [ app_init ] --END-- [ RunTime:0.000000s ]
ERR: 无法加载模块:Public

[ 2018-01-04T09:52:18+08:00 ] ::1 /somegood/Public/uploads/20171201/thumb_5a213be504d0e.png_c200x200
INFO: [ app_init ] --START--
INFO: Run Behavior\BuildLiteBehavior [ RunTime:0.000000s ]
INFO: [ app_init ] --END-- [ RunTime:0.001000s ]
ERR: 无法加载模块:Public

[ 2018-01-04T09:52:22+08:00 ] ::1 /somegood/Public/uploads/20180102/5a4b36331b83e.png_c200x200
INFO: [ app_init ] --START--
INFO: Run Behavior\BuildLiteBehavior [ RunTime:0.000000s ]
INFO: [ app_init ] --END-- [ RunTime:0.000000s ]
ERR: 无法加载模块:Public

[ 2018-01-04T09:52:22+08:00 ] ::1 /somegood/Public/uploads/20180102/thumb_5a4aefa13c146.png_c200x200
INFO: [ app_init ] --START--
INFO: Run Behavior\BuildLiteBehavior [ RunTime:0.000000s ]
INFO: [ app_init ] --END-- [ RunTime:0.000000s ]
ERR: 无法加载模块:Public

[ 2018-01-04T09:52:22+08:00 ] ::1 /somegood/Public/uploads/20171201/thumb_5a213be504d0e.png_c200x200
INFO: [ app_init ] --START--
INFO: Run Behavior\BuildLiteBehavior [ RunTime:0.000000s ]
INFO: [ app_init ] --END-- [ RunTime:0.000000s ]
ERR: 无法加载模块:Public

[ 2018-01-04T09:52:22+08:00 ] ::1 /somegood/Public/uploads/20180102/5a4b36a77c9dd.png_c200x200
INFO: [ app_init ] --START--
INFO: Run Behavior\BuildLiteBehavior [ RunTime:0.000000s ]
INFO: [ app_init ] --END-- [ RunTime:0.000000s ]
ERR: 无法加载模块:Public

[ 2018-01-04T09:52:22+08:00 ] ::1 /somegood/Public/uploads/20171225/thumb_5a405aa7b5958.png_c200x200
INFO: [ app_init ] --START--
INFO: Run Behavior\BuildLiteBehavior [ RunTime:0.000000s ]
INFO: [ app_init ] --END-- [ RunTime:0.000000s ]
ERR: 无法加载模块:Public

[ 2018-01-04T09:53:11+08:00 ] ::1 /somegood/Public/uploads/20171025/59f03428401cb.png
INFO: [ app_init ] --START--
INFO: Run Behavior\BuildLiteBehavior [ RunTime:0.000000s ]
INFO: [ app_init ] --END-- [ RunTime:0.000000s ]
ERR: 无法加载模块:Public

[ 2018-01-04T09:53:11+08:00 ] ::1 /somegood/Public/uploads/20171025/59f034284ccee.jpg
INFO: [ app_init ] --START--
INFO: Run Behavior\BuildLiteBehavior [ RunTime:0.000000s ]
INFO: [ app_init ] --END-- [ RunTime:0.000000s ]
ERR: 无法加载模块:Public

[ 2018-01-04T09:53:11+08:00 ] ::1 /somegood/Public/uploads/20171219/5a38b892d2612.JPG
INFO: [ app_init ] --START--
INFO: Run Behavior\BuildLiteBehavior [ RunTime:0.000000s ]
INFO: [ app_init ] --END-- [ RunTime:0.001000s ]
ERR: 无法加载模块:Public

[ 2018-01-04T09:53:11+08:00 ] ::1 /somegood/Public/uploads/20171025/59f034285bf22.jpg
INFO: [ app_init ] --START--
INFO: Run Behavior\BuildLiteBehavior [ RunTime:0.000000s ]
INFO: [ app_init ] --END-- [ RunTime:0.000000s ]
ERR: 无法加载模块:Public

[ 2018-01-04T09:53:11+08:00 ] ::1 /somegood/Public/uploads/20171025/59f03428401cb.png
INFO: [ app_init ] --START--
INFO: Run Behavior\BuildLiteBehavior [ RunTime:0.000000s ]
INFO: [ app_init ] --END-- [ RunTime:0.000000s ]
ERR: 无法加载模块:Public

[ 2018-01-04T10:23:59+08:00 ] ::1 /somegood/Public/uploads/20180102/thumb_5a4aefa13c146.png_c200x200
INFO: [ app_init ] --START--
INFO: Run Behavior\BuildLiteBehavior [ RunTime:0.000000s ]
INFO: [ app_init ] --END-- [ RunTime:0.000000s ]
ERR: 无法加载模块:Public

[ 2018-01-04T10:23:59+08:00 ] ::1 /somegood/Public/uploads/20180102/5a4b36a77c9dd.png_c200x200
INFO: [ app_init ] --START--
INFO: Run Behavior\BuildLiteBehavior [ RunTime:0.000000s ]
INFO: [ app_init ] --END-- [ RunTime:0.000000s ]
ERR: 无法加载模块:Public

[ 2018-01-04T10:23:59+08:00 ] ::1 /somegood/Public/uploads/20171201/thumb_5a213be504d0e.png_c200x200
INFO: [ app_init ] --START--
INFO: Run Behavior\BuildLiteBehavior [ RunTime:0.000000s ]
INFO: [ app_init ] --END-- [ RunTime:0.000000s ]
ERR: 无法加载模块:Public

[ 2018-01-04T10:23:59+08:00 ] ::1 /somegood/Public/uploads/20180102/5a4b36331b83e.png_c200x200
INFO: [ app_init ] --START--
INFO: Run Behavior\BuildLiteBehavior [ RunTime:0.000000s ]
INFO: [ app_init ] --END-- [ RunTime:0.000000s ]
ERR: 无法加载模块:Public

[ 2018-01-04T10:23:59+08:00 ] ::1 /somegood/Public/uploads/20171225/thumb_5a405aa7b5958.png_c200x200
INFO: [ app_init ] --START--
INFO: Run Behavior\BuildLiteBehavior [ RunTime:0.000000s ]
INFO: [ app_init ] --END-- [ RunTime:0.000000s ]
ERR: 无法加载模块:Public

[ 2018-01-04T10:24:05+08:00 ] ::1 /somegood/Public/uploads/20170829/yundonghuwai.jpg
INFO: [ app_init ] --START--
INFO: Run Behavior\BuildLiteBehavior [ RunTime:0.000000s ]
INFO: [ app_init ] --END-- [ RunTime:0.001000s ]
ERR: 无法加载模块:Public

[ 2018-01-04T10:24:05+08:00 ] ::1 /somegood/Public/uploads/20170829/jiajushipin.jpg
INFO: [ app_init ] --START--
INFO: Run Behavior\BuildLiteBehavior [ RunTime:0.000000s ]
INFO: [ app_init ] --END-- [ RunTime:0.000000s ]
ERR: 无法加载模块:Public

[ 2018-01-04T10:24:05+08:00 ] ::1 /somegood/Public/uploads/20170829/meizhuang.jpg
INFO: [ app_init ] --START--
INFO: Run Behavior\BuildLiteBehavior [ RunTime:0.000000s ]
INFO: [ app_init ] --END-- [ RunTime:0.001000s ]
ERR: 无法加载模块:Public

[ 2018-01-04T10:24:05+08:00 ] ::1 /somegood/Public/uploads/20170829/ertongwanju.jpg
INFO: [ app_init ] --START--
INFO: Run Behavior\BuildLiteBehavior [ RunTime:0.000000s ]
INFO: [ app_init ] --END-- [ RunTime:0.000000s ]
ERR: 无法加载模块:Public

[ 2018-01-04T10:24:05+08:00 ] ::1 /somegood/Public/uploads/20170829/yinxiangyishupin.jpg
INFO: [ app_init ] --START--
INFO: Run Behavior\BuildLiteBehavior [ RunTime:0.000000s ]
INFO: [ app_init ] --END-- [ RunTime:0.001000s ]
ERR: 无法加载模块:Public

[ 2018-01-04T10:24:35+08:00 ] ::1 /somegood/Public/uploads/20171025/59f03428401cb.png
INFO: [ app_init ] --START--
INFO: Run Behavior\BuildLiteBehavior [ RunTime:0.000000s ]
INFO: [ app_init ] --END-- [ RunTime:0.000000s ]
ERR: 无法加载模块:Public

[ 2018-01-04T10:24:35+08:00 ] ::1 /somegood/Public/uploads/20171025/59f034284ccee.jpg
INFO: [ app_init ] --START--
INFO: Run Behavior\BuildLiteBehavior [ RunTime:0.000000s ]
INFO: [ app_init ] --END-- [ RunTime:0.001000s ]
ERR: 无法加载模块:Public

[ 2018-01-04T10:24:35+08:00 ] ::1 /somegood/Public/uploads/20171219/5a38b892d2612.JPG
INFO: [ app_init ] --START--
INFO: Run Behavior\BuildLiteBehavior [ RunTime:0.000000s ]
INFO: [ app_init ] --END-- [ RunTime:0.000000s ]
ERR: 无法加载模块:Public

[ 2018-01-04T10:24:35+08:00 ] ::1 /somegood/Public/uploads/20171025/59f034285bf22.jpg
INFO: [ app_init ] --START--
INFO: Run Behavior\BuildLiteBehavior [ RunTime:0.000000s ]
INFO: [ app_init ] --END-- [ RunTime:0.000000s ]
ERR: 无法加载模块:Public

[ 2018-01-04T10:24:35+08:00 ] ::1 /somegood/Public/uploads/20171025/59f03428401cb.png
INFO: [ app_init ] --START--
INFO: Run Behavior\BuildLiteBehavior [ RunTime:0.000000s ]
INFO: [ app_init ] --END-- [ RunTime:0.000000s ]
ERR: 无法加载模块:Public

[ 2018-01-04T10:33:37+08:00 ] ::1 /somegood/Public/uploads/20171025/59f03428401cb.png_c200x200
INFO: [ app_init ] --START--
INFO: Run Behavior\BuildLiteBehavior [ RunTime:0.000000s ]
INFO: [ app_init ] --END-- [ RunTime:0.000000s ]
ERR: 无法加载模块:Public

[ 2018-01-04T10:33:46+08:00 ] ::1 /somegood/Public/uploads/20171025/59f03428401cb.png
INFO: [ app_init ] --START--
INFO: Run Behavior\BuildLiteBehavior [ RunTime:0.000000s ]
INFO: [ app_init ] --END-- [ RunTime:0.000000s ]
ERR: 无法加载模块:Public

[ 2018-01-04T10:33:46+08:00 ] ::1 /somegood/Public/uploads/20171025/59f034284ccee.jpg
INFO: [ app_init ] --START--
INFO: Run Behavior\BuildLiteBehavior [ RunTime:0.000000s ]
INFO: [ app_init ] --END-- [ RunTime:0.000000s ]
ERR: 无法加载模块:Public

[ 2018-01-04T10:33:46+08:00 ] ::1 /somegood/Public/uploads/20171219/5a38b892d2612.JPG
INFO: [ app_init ] --START--
INFO: Run Behavior\BuildLiteBehavior [ RunTime:0.000000s ]
INFO: [ app_init ] --END-- [ RunTime:0.000000s ]
ERR: 无法加载模块:Public

[ 2018-01-04T10:33:46+08:00 ] ::1 /somegood/Public/uploads/20171025/59f034285bf22.jpg
INFO: [ app_init ] --START--
INFO: Run Behavior\BuildLiteBehavior [ RunTime:0.000000s ]
INFO: [ app_init ] --END-- [ RunTime:0.000000s ]
ERR: 无法加载模块:Public

[ 2018-01-04T10:33:46+08:00 ] ::1 /somegood/Public/uploads/20171025/59f03428401cb.png
INFO: [ app_init ] --START--
INFO: Run Behavior\BuildLiteBehavior [ RunTime:0.000000s ]
INFO: [ app_init ] --END-- [ RunTime:0.000000s ]
ERR: 无法加载模块:Public

[ 2018-01-04T10:38:47+08:00 ] ::1 /somegood/Public/uploads/20171204/5a24bd51587aa.JPG_c200x200
INFO: [ app_init ] --START--
INFO: Run Behavior\BuildLiteBehavior [ RunTime:0.000000s ]
INFO: [ app_init ] --END-- [ RunTime:0.000000s ]
ERR: 无法加载模块:Public

[ 2018-01-04T10:38:51+08:00 ] ::1 /somegood/Public/uploads/20170829/jiajushipin.jpg
INFO: [ app_init ] --START--
INFO: Run Behavior\BuildLiteBehavior [ RunTime:0.000000s ]
INFO: [ app_init ] --END-- [ RunTime:0.000000s ]
ERR: 无法加载模块:Public

[ 2018-01-04T10:38:51+08:00 ] ::1 /somegood/Public/uploads/20170829/yundonghuwai.jpg
INFO: [ app_init ] --START--
INFO: Run Behavior\BuildLiteBehavior [ RunTime:0.000000s ]
INFO: [ app_init ] --END-- [ RunTime:0.000000s ]
ERR: 无法加载模块:Public

[ 2018-01-04T10:38:51+08:00 ] ::1 /somegood/Public/uploads/20170829/meizhuang.jpg
INFO: [ app_init ] --START--
INFO: Run Behavior\BuildLiteBehavior [ RunTime:0.000000s ]
INFO: [ app_init ] --END-- [ RunTime:0.000000s ]
ERR: 无法加载模块:Public

[ 2018-01-04T10:38:51+08:00 ] ::1 /somegood/Public/uploads/20170829/ertongwanju.jpg
INFO: [ app_init ] --START--
INFO: Run Behavior\BuildLiteBehavior [ RunTime:0.000000s ]
INFO: [ app_init ] --END-- [ RunTime:0.001000s ]
ERR: 无法加载模块:Public

[ 2018-01-04T10:38:51+08:00 ] ::1 /somegood/Public/uploads/20170829/yinxiangyishupin.jpg
INFO: [ app_init ] --START--
INFO: Run Behavior\BuildLiteBehavior [ RunTime:0.000000s ]
INFO: [ app_init ] --END-- [ RunTime:0.000000s ]
ERR: 无法加载模块:Public

[ 2018-01-04T10:38:57+08:00 ] ::1 /somegood/Public/uploads/20180102/5a4b36a77c9dd.png_c200x200
INFO: [ app_init ] --START--
INFO: Run Behavior\BuildLiteBehavior [ RunTime:0.000000s ]
INFO: [ app_init ] --END-- [ RunTime:0.001000s ]
ERR: 无法加载模块:Public

[ 2018-01-04T10:38:57+08:00 ] ::1 /somegood/Public/uploads/20171025/59f03684ee092.png_c200x200
INFO: [ app_init ] --START--
INFO: Run Behavior\BuildLiteBehavior [ RunTime:0.000000s ]
INFO: [ app_init ] --END-- [ RunTime:0.000000s ]
ERR: 无法加载模块:Public

[ 2018-01-04T10:38:59+08:00 ] ::1 /somegood/Public/uploads/20171025/59f03428401cb.png
INFO: [ app_init ] --START--
INFO: Run Behavior\BuildLiteBehavior [ RunTime:0.000000s ]
INFO: [ app_init ] --END-- [ RunTime:0.000000s ]
ERR: 无法加载模块:Public

[ 2018-01-04T10:38:59+08:00 ] ::1 /somegood/Public/uploads/20171025/59f034284ccee.jpg
INFO: [ app_init ] --START--
INFO: Run Behavior\BuildLiteBehavior [ RunTime:0.000000s ]
INFO: [ app_init ] --END-- [ RunTime:0.000000s ]
ERR: 无法加载模块:Public

[ 2018-01-04T10:38:59+08:00 ] ::1 /somegood/Public/uploads/20171025/59f034285bf22.jpg
INFO: [ app_init ] --START--
INFO: Run Behavior\BuildLiteBehavior [ RunTime:0.000000s ]
INFO: [ app_init ] --END-- [ RunTime:0.000000s ]
ERR: 无法加载模块:Public

[ 2018-01-04T10:38:59+08:00 ] ::1 /somegood/Public/uploads/20171219/5a38b892d2612.JPG
INFO: [ app_init ] --START--
INFO: Run Behavior\BuildLiteBehavior [ RunTime:0.000000s ]
INFO: [ app_init ] --END-- [ RunTime:0.001000s ]
ERR: 无法加载模块:Public

[ 2018-01-04T10:38:59+08:00 ] ::1 /somegood/Public/uploads/20171025/59f03428401cb.png
INFO: [ app_init ] --START--
INFO: Run Behavior\BuildLiteBehavior [ RunTime:0.000000s ]
INFO: [ app_init ] --END-- [ RunTime:0.000000s ]
ERR: 无法加载模块:Public

[ 2018-01-04T10:38:59+08:00 ] ::1 /somegood/Public/uploads/20171025/59f034285bf22.jpg
INFO: [ app_init ] --START--
INFO: Run Behavior\BuildLiteBehavior [ RunTime:0.000000s ]
INFO: [ app_init ] --END-- [ RunTime:0.001000s ]
ERR: 无法加载模块:Public

[ 2018-01-04T10:38:59+08:00 ] ::1 /somegood/Public/uploads/20171025/59f034284ccee.jpg
INFO: [ app_init ] --START--
INFO: Run Behavior\BuildLiteBehavior [ RunTime:0.000000s ]
INFO: [ app_init ] --END-- [ RunTime:0.000000s ]
ERR: 无法加载模块:Public

[ 2018-01-04T11:15:52+08:00 ] ::1 /somegood/Public/uploads/20170829/jiajushipin.jpg
INFO: [ app_init ] --START--
INFO: Run Behavior\BuildLiteBehavior [ RunTime:0.001000s ]
INFO: [ app_init ] --END-- [ RunTime:0.001000s ]
ERR: 无法加载模块:Public

[ 2018-01-04T11:15:52+08:00 ] ::1 /somegood/Public/uploads/20170829/yundonghuwai.jpg
INFO: [ app_init ] --START--
INFO: Run Behavior\BuildLiteBehavior [ RunTime:0.000000s ]
INFO: [ app_init ] --END-- [ RunTime:0.000000s ]
ERR: 无法加载模块:Public

[ 2018-01-04T11:15:52+08:00 ] ::1 /somegood/Public/uploads/20170829/ertongwanju.jpg
INFO: [ app_init ] --START--
INFO: Run Behavior\BuildLiteBehavior [ RunTime:0.000000s ]
INFO: [ app_init ] --END-- [ RunTime:0.000000s ]
ERR: 无法加载模块:Public

[ 2018-01-04T11:15:52+08:00 ] ::1 /somegood/Public/uploads/20170829/meizhuang.jpg
INFO: [ app_init ] --START--
INFO: Run Behavior\BuildLiteBehavior [ RunTime:0.000000s ]
INFO: [ app_init ] --END-- [ RunTime:0.000000s ]
ERR: 无法加载模块:Public

[ 2018-01-04T11:15:52+08:00 ] ::1 /somegood/Public/uploads/20170829/yinxiangyishupin.jpg
INFO: [ app_init ] --START--
INFO: Run Behavior\BuildLiteBehavior [ RunTime:0.000000s ]
INFO: [ app_init ] --END-- [ RunTime:0.000000s ]
ERR: 无法加载模块:Public

[ 2018-01-04T11:15:55+08:00 ] ::1 /somegood/Public/uploads/20170829/yundonghuwai.jpg
INFO: [ app_init ] --START--
INFO: Run Behavior\BuildLiteBehavior [ RunTime:0.000000s ]
INFO: [ app_init ] --END-- [ RunTime:0.000000s ]
ERR: 无法加载模块:Public

[ 2018-01-04T11:15:55+08:00 ] ::1 /somegood/Public/uploads/20170829/jiajushipin.jpg
INFO: [ app_init ] --START--
INFO: Run Behavior\BuildLiteBehavior [ RunTime:0.000000s ]
INFO: [ app_init ] --END-- [ RunTime:0.000000s ]
ERR: 无法加载模块:Public

[ 2018-01-04T11:15:55+08:00 ] ::1 /somegood/Public/uploads/20170829/ertongwanju.jpg
INFO: [ app_init ] --START--
INFO: Run Behavior\BuildLiteBehavior [ RunTime:0.000000s ]
INFO: [ app_init ] --END-- [ RunTime:0.000000s ]
ERR: 无法加载模块:Public

[ 2018-01-04T11:15:55+08:00 ] ::1 /somegood/Public/uploads/20170829/meizhuang.jpg
INFO: [ app_init ] --START--
INFO: Run Behavior\BuildLiteBehavior [ RunTime:0.000000s ]
INFO: [ app_init ] --END-- [ RunTime:0.001000s ]
ERR: 无法加载模块:Public

[ 2018-01-04T11:15:55+08:00 ] ::1 /somegood/Public/uploads/20170829/yinxiangyishupin.jpg
INFO: [ app_init ] --START--
INFO: Run Behavior\BuildLiteBehavior [ RunTime:0.000000s ]
INFO: [ app_init ] --END-- [ RunTime:0.000000s ]
ERR: 无法加载模块:Public

[ 2018-01-04T11:15:56+08:00 ] ::1 /somegood/Public/uploads/20171025/59f03428401cb.png_c200x200
INFO: [ app_init ] --START--
INFO: Run Behavior\BuildLiteBehavior [ RunTime:0.000000s ]
INFO: [ app_init ] --END-- [ RunTime:0.000000s ]
ERR: 无法加载模块:Public

[ 2018-01-04T11:16:00+08:00 ] ::1 /somegood/Public/uploads/20170829/yundonghuwai.jpg
INFO: [ app_init ] --START--
INFO: Run Behavior\BuildLiteBehavior [ RunTime:0.000000s ]
INFO: [ app_init ] --END-- [ RunTime:0.000000s ]
ERR: 无法加载模块:Public

[ 2018-01-04T11:16:00+08:00 ] ::1 /somegood/Public/uploads/20170829/jiajushipin.jpg
INFO: [ app_init ] --START--
INFO: Run Behavior\BuildLiteBehavior [ RunTime:0.000000s ]
INFO: [ app_init ] --END-- [ RunTime:0.000000s ]
ERR: 无法加载模块:Public

[ 2018-01-04T11:16:00+08:00 ] ::1 /somegood/Public/uploads/20170829/meizhuang.jpg
INFO: [ app_init ] --START--
INFO: Run Behavior\BuildLiteBehavior [ RunTime:0.000000s ]
INFO: [ app_init ] --END-- [ RunTime:0.000000s ]
ERR: 无法加载模块:Public

[ 2018-01-04T11:16:00+08:00 ] ::1 /somegood/Public/uploads/20170829/yinxiangyishupin.jpg
INFO: [ app_init ] --START--
INFO: Run Behavior\BuildLiteBehavior [ RunTime:0.000000s ]
INFO: [ app_init ] --END-- [ RunTime:0.000000s ]
ERR: 无法加载模块:Public

[ 2018-01-04T11:16:00+08:00 ] ::1 /somegood/Public/uploads/20170829/ertongwanju.jpg
INFO: [ app_init ] --START--
INFO: Run Behavior\BuildLiteBehavior [ RunTime:0.000000s ]
INFO: [ app_init ] --END-- [ RunTime:0.000000s ]
ERR: 无法加载模块:Public

[ 2018-01-04T11:16:25+08:00 ] ::1 /somegood/Public/uploads/20171027/59f2e0f9d90fa.jpg_c200x200
INFO: [ app_init ] --START--
INFO: Run Behavior\BuildLiteBehavior [ RunTime:0.000000s ]
INFO: [ app_init ] --END-- [ RunTime:0.000000s ]
ERR: 无法加载模块:Public

[ 2018-01-04T11:16:27+08:00 ] ::1 /somegood/Public/uploads/20170829/yundonghuwai.jpg
INFO: [ app_init ] --START--
INFO: Run Behavior\BuildLiteBehavior [ RunTime:0.000000s ]
INFO: [ app_init ] --END-- [ RunTime:0.000000s ]
ERR: 无法加载模块:Public

[ 2018-01-04T11:16:27+08:00 ] ::1 /somegood/Public/uploads/20170829/yinxiangyishupin.jpg
INFO: [ app_init ] --START--
INFO: Run Behavior\BuildLiteBehavior [ RunTime:0.000000s ]
INFO: [ app_init ] --END-- [ RunTime:0.001000s ]
ERR: 无法加载模块:Public

[ 2018-01-04T11:16:27+08:00 ] ::1 /somegood/Public/uploads/20170829/meizhuang.jpg
INFO: [ app_init ] --START--
INFO: Run Behavior\BuildLiteBehavior [ RunTime:0.000000s ]
INFO: [ app_init ] --END-- [ RunTime:0.001001s ]
ERR: 无法加载模块:Public

[ 2018-01-04T11:16:27+08:00 ] ::1 /somegood/Public/uploads/20170829/ertongwanju.jpg
INFO: [ app_init ] --START--
INFO: Run Behavior\BuildLiteBehavior [ RunTime:0.000000s ]
INFO: [ app_init ] --END-- [ RunTime:0.001000s ]
ERR: 无法加载模块:Public

[ 2018-01-04T11:16:27+08:00 ] ::1 /somegood/Public/uploads/20170829/jiajushipin.jpg
INFO: [ app_init ] --START--
INFO: Run Behavior\BuildLiteBehavior [ RunTime:0.000000s ]
INFO: [ app_init ] --END-- [ RunTime:0.000000s ]
ERR: 无法加载模块:Public

[ 2018-01-04T11:16:29+08:00 ] ::1 /somegood/Public/uploads/20171027/59f2e0f9d90fa.jpg_c200x200
INFO: [ app_init ] --START--
INFO: Run Behavior\BuildLiteBehavior [ RunTime:0.000000s ]
INFO: [ app_init ] --END-- [ RunTime:0.000000s ]
ERR: 无法加载模块:Public

[ 2018-01-04T11:16:30+08:00 ] ::1 /somegood/Public/uploads/20171025/59f03428401cb.png_c200x200
INFO: [ app_init ] --START--
INFO: Run Behavior\BuildLiteBehavior [ RunTime:0.000000s ]
INFO: [ app_init ] --END-- [ RunTime:0.000000s ]
ERR: 无法加载模块:Public

[ 2018-01-04T11:16:30+08:00 ] ::1 /somegood/Public/uploads/20171025/59f03684ee092.png_c200x200
INFO: [ app_init ] --START--
INFO: Run Behavior\BuildLiteBehavior [ RunTime:0.001000s ]
INFO: [ app_init ] --END-- [ RunTime:0.001000s ]
ERR: 无法加载模块:Public

[ 2018-01-04T11:16:42+08:00 ] ::1 /somegood/Public/uploads/20171025/59f03428401cb.png_c200x200
INFO: [ app_init ] --START--
INFO: Run Behavior\BuildLiteBehavior [ RunTime:0.000000s ]
INFO: [ app_init ] --END-- [ RunTime:0.000000s ]
ERR: 无法加载模块:Public

[ 2018-01-04T11:16:42+08:00 ] ::1 /somegood/Public/uploads/20171025/59f03684ee092.png_c200x200
INFO: [ app_init ] --START--
INFO: Run Behavior\BuildLiteBehavior [ RunTime:0.000000s ]
INFO: [ app_init ] --END-- [ RunTime:0.001000s ]
ERR: 无法加载模块:Public

[ 2018-01-04T11:16:44+08:00 ] ::1 /somegood/Public/uploads/20170829/yundonghuwai.jpg
INFO: [ app_init ] --START--
INFO: Run Behavior\BuildLiteBehavior [ RunTime:0.000000s ]
INFO: [ app_init ] --END-- [ RunTime:0.000000s ]
ERR: 无法加载模块:Public

[ 2018-01-04T11:16:44+08:00 ] ::1 /somegood/Public/uploads/20170829/jiajushipin.jpg
INFO: [ app_init ] --START--
INFO: Run Behavior\BuildLiteBehavior [ RunTime:0.000000s ]
INFO: [ app_init ] --END-- [ RunTime:0.000000s ]
ERR: 无法加载模块:Public

[ 2018-01-04T11:16:44+08:00 ] ::1 /somegood/Public/uploads/20170829/meizhuang.jpg
INFO: [ app_init ] --START--
INFO: Run Behavior\BuildLiteBehavior [ RunTime:0.000000s ]
INFO: [ app_init ] --END-- [ RunTime:0.000000s ]
ERR: 无法加载模块:Public

[ 2018-01-04T11:16:44+08:00 ] ::1 /somegood/Public/uploads/20170829/ertongwanju.jpg
INFO: [ app_init ] --START--
INFO: Run Behavior\BuildLiteBehavior [ RunTime:0.000000s ]
INFO: [ app_init ] --END-- [ RunTime:0.002000s ]
ERR: 无法加载模块:Public

[ 2018-01-04T11:16:44+08:00 ] ::1 /somegood/Public/uploads/20170829/yinxiangyishupin.jpg
INFO: [ app_init ] --START--
INFO: Run Behavior\BuildLiteBehavior [ RunTime:0.000000s ]
INFO: [ app_init ] --END-- [ RunTime:0.000000s ]
ERR: 无法加载模块:Public

[ 2018-01-04T11:16:50+08:00 ] ::1 /somegood/Public/uploads/20180102/5a4b36a77c9dd.png_c200x200
INFO: [ app_init ] --START--
INFO: Run Behavior\BuildLiteBehavior [ RunTime:0.000000s ]
INFO: [ app_init ] --END-- [ RunTime:0.001000s ]
ERR: 无法加载模块:Public

[ 2018-01-04T11:16:50+08:00 ] ::1 /somegood/Public/uploads/20171025/59f03684ee092.png_c200x200
INFO: [ app_init ] --START--
INFO: Run Behavior\BuildLiteBehavior [ RunTime:0.000000s ]
INFO: [ app_init ] --END-- [ RunTime:0.000000s ]
ERR: 无法加载模块:Public

[ 2018-01-04T11:16:52+08:00 ] ::1 /somegood/Public/uploads/20171025/59f03428401cb.png
INFO: [ app_init ] --START--
INFO: Run Behavior\BuildLiteBehavior [ RunTime:0.000000s ]
INFO: [ app_init ] --END-- [ RunTime:0.000000s ]
ERR: 无法加载模块:Public

[ 2018-01-04T11:16:52+08:00 ] ::1 /somegood/Public/uploads/20171025/59f034284ccee.jpg
INFO: [ app_init ] --START--
INFO: Run Behavior\BuildLiteBehavior [ RunTime:0.000000s ]
INFO: [ app_init ] --END-- [ RunTime:0.000000s ]
ERR: 无法加载模块:Public

[ 2018-01-04T11:16:52+08:00 ] ::1 /somegood/Public/uploads/20171219/5a38b892d2612.JPG
INFO: [ app_init ] --START--
INFO: Run Behavior\BuildLiteBehavior [ RunTime:0.000000s ]
INFO: [ app_init ] --END-- [ RunTime:0.000000s ]
ERR: 无法加载模块:Public

[ 2018-01-04T11:16:52+08:00 ] ::1 /somegood/Public/uploads/20171025/59f034285bf22.jpg
INFO: [ app_init ] --START--
INFO: Run Behavior\BuildLiteBehavior [ RunTime:0.000000s ]
INFO: [ app_init ] --END-- [ RunTime:0.000000s ]
ERR: 无法加载模块:Public

[ 2018-01-04T11:16:52+08:00 ] ::1 /somegood/Public/uploads/20171025/59f03428401cb.png
INFO: [ app_init ] --START--
INFO: Run Behavior\BuildLiteBehavior [ RunTime:0.000000s ]
INFO: [ app_init ] --END-- [ RunTime:0.000000s ]
ERR: 无法加载模块:Public

[ 2018-01-04T11:19:13+08:00 ] ::1 /somegood/Public/uploads/20171025/59f03428401cb.png_c200x200
INFO: [ app_init ] --START--
INFO: Run Behavior\BuildLiteBehavior [ RunTime:0.000000s ]
INFO: [ app_init ] --END-- [ RunTime:0.000000s ]
ERR: 无法加载模块:Public

[ 2018-01-04T11:19:13+08:00 ] ::1 /somegood/Public/uploads/20171025/59f03684ee092.png,20171025/59f03428401cb.png_c200x200
INFO: [ app_init ] --START--
INFO: Run Behavior\BuildLiteBehavior [ RunTime:0.000000s ]
INFO: [ app_init ] --END-- [ RunTime:0.000000s ]
ERR: 无法加载模块:Public

[ 2018-01-04T11:19:13+08:00 ] ::1 /somegood/Public/uploads/20171025/59f03684ee092.png_c200x200
INFO: [ app_init ] --START--
INFO: Run Behavior\BuildLiteBehavior [ RunTime:0.000000s ]
INFO: [ app_init ] --END-- [ RunTime:0.001000s ]
ERR: 无法加载模块:Public

[ 2018-01-04T11:19:32+08:00 ] ::1 /somegood/Public/uploads/20171025/59f03684ee092.png,20171025/59f03428401cb.png_c200x200
INFO: [ app_init ] --START--
INFO: Run Behavior\BuildLiteBehavior [ RunTime:0.000000s ]
INFO: [ app_init ] --END-- [ RunTime:0.000000s ]
ERR: 无法加载模块:Public

[ 2018-01-04T11:19:32+08:00 ] ::1 /somegood/Public/uploads/20171025/59f03428401cb.png_c200x200
INFO: [ app_init ] --START--
INFO: Run Behavior\BuildLiteBehavior [ RunTime:0.000000s ]
INFO: [ app_init ] --END-- [ RunTime:0.000000s ]
ERR: 无法加载模块:Public

[ 2018-01-04T11:19:32+08:00 ] ::1 /somegood/Public/uploads/20171025/59f03684ee092.png,20171025/59f03428401cb.png_c200x200
INFO: [ app_init ] --START--
INFO: Run Behavior\BuildLiteBehavior [ RunTime:0.000000s ]
INFO: [ app_init ] --END-- [ RunTime:0.001000s ]
ERR: 无法加载模块:Public

[ 2018-01-04T11:19:33+08:00 ] ::1 /somegood/Public/uploads/20171025/59f03428401cb.png_c200x200
INFO: [ app_init ] --START--
INFO: Run Behavior\BuildLiteBehavior [ RunTime:0.000000s ]
INFO: [ app_init ] --END-- [ RunTime:0.001000s ]
ERR: 无法加载模块:Public

[ 2018-01-04T11:19:33+08:00 ] ::1 /somegood/Public/uploads/20171025/59f03684ee092.png_c200x200
INFO: [ app_init ] --START--
INFO: Run Behavior\BuildLiteBehavior [ RunTime:0.000000s ]
INFO: [ app_init ] --END-- [ RunTime:0.000000s ]
ERR: 无法加载模块:Public

[ 2018-01-04T11:19:34+08:00 ] ::1 /somegood/Public/uploads/20171025/59f03428401cb.png_c200x200
INFO: [ app_init ] --START--
INFO: Run Behavior\BuildLiteBehavior [ RunTime:0.000000s ]
INFO: [ app_init ] --END-- [ RunTime:0.000000s ]
ERR: 无法加载模块:Public

[ 2018-01-04T11:19:35+08:00 ] ::1 /somegood/Public/uploads/20171025/59f03684ee092.png,20171025/59f03428401cb.png_c200x200
INFO: [ app_init ] --START--
INFO: Run Behavior\BuildLiteBehavior [ RunTime:0.000000s ]
INFO: [ app_init ] --END-- [ RunTime:0.000000s ]
ERR: 无法加载模块:Public

[ 2018-01-04T11:19:35+08:00 ] ::1 /somegood/Public/uploads/20171025/59f03428401cb.png_c200x200
INFO: [ app_init ] --START--
INFO: Run Behavior\BuildLiteBehavior [ RunTime:0.000000s ]
INFO: [ app_init ] --END-- [ RunTime:0.001000s ]
ERR: 无法加载模块:Public

[ 2018-01-04T11:19:36+08:00 ] ::1 /somegood/Public/uploads/20171025/59f03684ee092.png,20171025/59f03428401cb.png_c200x200
INFO: [ app_init ] --START--
INFO: Run Behavior\BuildLiteBehavior [ RunTime:0.000000s ]
INFO: [ app_init ] --END-- [ RunTime:0.000000s ]
ERR: 无法加载模块:Public

[ 2018-01-04T11:19:36+08:00 ] ::1 /somegood/Public/uploads/20171025/59f03428401cb.png_c200x200
INFO: [ app_init ] --START--
INFO: Run Behavior\BuildLiteBehavior [ RunTime:0.000000s ]
INFO: [ app_init ] --END-- [ RunTime:0.000000s ]
ERR: 无法加载模块:Public

[ 2018-01-04T11:19:36+08:00 ] ::1 /somegood/Public/uploads/20171025/59f03428401cb.png,20171025/59f03684ee092.png_c200x200
INFO: [ app_init ] --START--
INFO: Run Behavior\BuildLiteBehavior [ RunTime:0.000000s ]
INFO: [ app_init ] --END-- [ RunTime:0.001000s ]
ERR: 无法加载模块:Public

[ 2018-01-04T11:19:36+08:00 ] ::1 /somegood/Public/uploads/20171025/59f03684ee092.png_c200x200
INFO: [ app_init ] --START--
INFO: Run Behavior\BuildLiteBehavior [ RunTime:0.000000s ]
INFO: [ app_init ] --END-- [ RunTime:0.000000s ]
ERR: 无法加载模块:Public

[ 2018-01-04T11:19:40+08:00 ] ::1 /somegood/Public/statics/shop/js/skin/WdatePicker.css
INFO: [ app_init ] --START--
INFO: Run Behavior\BuildLiteBehavior [ RunTime:0.000000s ]
INFO: [ app_init ] --END-- [ RunTime:0.000000s ]
ERR: 无法加载模块:Public

[ 2018-01-04T11:19:56+08:00 ] ::1 /somegood/Public/uploads/20171025/59f03428401cb.png
INFO: [ app_init ] --START--
INFO: Run Behavior\BuildLiteBehavior [ RunTime:0.000000s ]
INFO: [ app_init ] --END-- [ RunTime:0.000000s ]
ERR: 无法加载模块:Public

[ 2018-01-04T11:20:02+08:00 ] ::1 /somegood/Public/uploads/20171025/59f03428401cb.png
INFO: [ app_init ] --START--
INFO: Run Behavior\BuildLiteBehavior [ RunTime:0.000000s ]
INFO: [ app_init ] --END-- [ RunTime:0.000000s ]
ERR: 无法加载模块:Public

[ 2018-01-04T11:20:08+08:00 ] ::1 /somegood/Public/uploads/20171025/59f03428401cb.png
INFO: [ app_init ] --START--
INFO: Run Behavior\BuildLiteBehavior [ RunTime:0.000000s ]
INFO: [ app_init ] --END-- [ RunTime:0.001000s ]
ERR: 无法加载模块:Public

[ 2018-01-04T14:19:05+08:00 ] ::1 /somegood/Public/uploads/20170829/jiajushipin.jpg
INFO: [ app_init ] --START--
INFO: Run Behavior\BuildLiteBehavior [ RunTime:0.000000s ]
INFO: [ app_init ] --END-- [ RunTime:0.001000s ]
ERR: 无法加载模块:Public

[ 2018-01-04T14:19:05+08:00 ] ::1 /somegood/Public/uploads/20170829/meizhuang.jpg
INFO: [ app_init ] --START--
INFO: Run Behavior\BuildLiteBehavior [ RunTime:0.000000s ]
INFO: [ app_init ] --END-- [ RunTime:0.000000s ]
ERR: 无法加载模块:Public

[ 2018-01-04T14:19:05+08:00 ] ::1 /somegood/Public/uploads/20170829/yundonghuwai.jpg
INFO: [ app_init ] --START--
INFO: Run Behavior\BuildLiteBehavior [ RunTime:0.000000s ]
INFO: [ app_init ] --END-- [ RunTime:0.001000s ]
ERR: 无法加载模块:Public

[ 2018-01-04T14:19:05+08:00 ] ::1 /somegood/Public/uploads/20170829/yinxiangyishupin.jpg
INFO: [ app_init ] --START--
INFO: Run Behavior\BuildLiteBehavior [ RunTime:0.000000s ]
INFO: [ app_init ] --END-- [ RunTime:0.001000s ]
ERR: 无法加载模块:Public

[ 2018-01-04T14:19:05+08:00 ] ::1 /somegood/Public/uploads/20170829/ertongwanju.jpg
INFO: [ app_init ] --START--
INFO: Run Behavior\BuildLiteBehavior [ RunTime:0.000000s ]
INFO: [ app_init ] --END-- [ RunTime:0.001000s ]
ERR: 无法加载模块:Public

[ 2018-01-04T14:19:07+08:00 ] ::1 /somegood/Public/uploads/20171027/59f2e0f9d90fa.jpg_c200x200
INFO: [ app_init ] --START--
INFO: Run Behavior\BuildLiteBehavior [ RunTime:0.000000s ]
INFO: [ app_init ] --END-- [ RunTime:0.000000s ]
ERR: 无法加载模块:Public

[ 2018-01-04T14:19:09+08:00 ] ::1 /somegood/Public/uploads/20170829/yundonghuwai.jpg
INFO: [ app_init ] --START--
INFO: Run Behavior\BuildLiteBehavior [ RunTime:0.000000s ]
INFO: [ app_init ] --END-- [ RunTime:0.000000s ]
ERR: 无法加载模块:Public

[ 2018-01-04T14:19:09+08:00 ] ::1 /somegood/Public/uploads/20170829/jiajushipin.jpg
INFO: [ app_init ] --START--
INFO: Run Behavior\BuildLiteBehavior [ RunTime:0.000000s ]
INFO: [ app_init ] --END-- [ RunTime:0.000000s ]
ERR: 无法加载模块:Public

[ 2018-01-04T14:19:09+08:00 ] ::1 /somegood/Public/uploads/20170829/ertongwanju.jpg
INFO: [ app_init ] --START--
INFO: Run Behavior\BuildLiteBehavior [ RunTime:0.000000s ]
INFO: [ app_init ] --END-- [ RunTime:0.000000s ]
ERR: 无法加载模块:Public

[ 2018-01-04T14:19:09+08:00 ] ::1 /somegood/Public/uploads/20170829/yinxiangyishupin.jpg
INFO: [ app_init ] --START--
INFO: Run Behavior\BuildLiteBehavior [ RunTime:0.000000s ]
INFO: [ app_init ] --END-- [ RunTime:0.001000s ]
ERR: 无法加载模块:Public

[ 2018-01-04T14:19:09+08:00 ] ::1 /somegood/Public/uploads/20170829/meizhuang.jpg
INFO: [ app_init ] --START--
INFO: Run Behavior\BuildLiteBehavior [ RunTime:0.000000s ]
INFO: [ app_init ] --END-- [ RunTime:0.000000s ]
ERR: 无法加载模块:Public

[ 2018-01-04T14:19:11+08:00 ] ::1 /somegood/Public/uploads/20171027/59f2e0f9d90fa.jpg_c200x200
INFO: [ app_init ] --START--
INFO: Run Behavior\BuildLiteBehavior [ RunTime:0.000000s ]
INFO: [ app_init ] --END-- [ RunTime:0.000000s ]
ERR: 无法加载模块:Public

[ 2018-01-04T14:19:13+08:00 ] ::1 /somegood/Public/statics/mobile/css/dialog.css.map
INFO: [ app_init ] --START--
INFO: Run Behavior\BuildLiteBehavior [ RunTime:0.000000s ]
INFO: [ app_init ] --END-- [ RunTime:0.000000s ]
ERR: 无法加载模块:Public

[ 2018-01-04T14:19:17+08:00 ] ::1 /somegood/Public/uploads/20170829/yundonghuwai.jpg
INFO: [ app_init ] --START--
INFO: Run Behavior\BuildLiteBehavior [ RunTime:0.000000s ]
INFO: [ app_init ] --END-- [ RunTime:0.001000s ]
ERR: 无法加载模块:Public

[ 2018-01-04T14:19:17+08:00 ] ::1 /somegood/Public/uploads/20170829/jiajushipin.jpg
INFO: [ app_init ] --START--
INFO: Run Behavior\BuildLiteBehavior [ RunTime:0.000000s ]
INFO: [ app_init ] --END-- [ RunTime:0.000000s ]
ERR: 无法加载模块:Public

[ 2018-01-04T14:19:17+08:00 ] ::1 /somegood/Public/uploads/20170829/ertongwanju.jpg
INFO: [ app_init ] --START--
INFO: Run Behavior\BuildLiteBehavior [ RunTime:0.000000s ]
INFO: [ app_init ] --END-- [ RunTime:0.000000s ]
ERR: 无法加载模块:Public

[ 2018-01-04T14:19:17+08:00 ] ::1 /somegood/Public/uploads/20170829/yinxiangyishupin.jpg
INFO: [ app_init ] --START--
INFO: Run Behavior\BuildLiteBehavior [ RunTime:0.000000s ]
INFO: [ app_init ] --END-- [ RunTime:0.000000s ]
ERR: 无法加载模块:Public

[ 2018-01-04T14:19:17+08:00 ] ::1 /somegood/Public/uploads/20170829/meizhuang.jpg
INFO: [ app_init ] --START--
INFO: Run Behavior\BuildLiteBehavior [ RunTime:0.000000s ]
INFO: [ app_init ] --END-- [ RunTime:0.001000s ]
ERR: 无法加载模块:Public

[ 2018-01-04T14:19:22+08:00 ] ::1 /somegood/Public/uploads/20170829/yundonghuwai.jpg
INFO: [ app_init ] --START--
INFO: Run Behavior\BuildLiteBehavior [ RunTime:0.000000s ]
INFO: [ app_init ] --END-- [ RunTime:0.001000s ]
ERR: 无法加载模块:Public

[ 2018-01-04T14:19:22+08:00 ] ::1 /somegood/Public/uploads/20170829/jiajushipin.jpg
INFO: [ app_init ] --START--
INFO: Run Behavior\BuildLiteBehavior [ RunTime:0.000000s ]
INFO: [ app_init ] --END-- [ RunTime:0.000000s ]
ERR: 无法加载模块:Public

[ 2018-01-04T14:19:22+08:00 ] ::1 /somegood/Public/uploads/20170829/meizhuang.jpg
INFO: [ app_init ] --START--
INFO: Run Behavior\BuildLiteBehavior [ RunTime:0.000000s ]
INFO: [ app_init ] --END-- [ RunTime:0.000000s ]
ERR: 无法加载模块:Public

[ 2018-01-04T14:19:22+08:00 ] ::1 /somegood/Public/uploads/20170829/ertongwanju.jpg
INFO: [ app_init ] --START--
INFO: Run Behavior\BuildLiteBehavior [ RunTime:0.000000s ]
INFO: [ app_init ] --END-- [ RunTime:0.001000s ]
ERR: 无法加载模块:Public

[ 2018-01-04T14:19:22+08:00 ] ::1 /somegood/Public/uploads/20170829/yinxiangyishupin.jpg
INFO: [ app_init ] --START--
INFO: Run Behavior\BuildLiteBehavior [ RunTime:0.000000s ]
INFO: [ app_init ] --END-- [ RunTime:0.000000s ]
ERR: 无法加载模块:Public

[ 2018-01-04T14:19:31+08:00 ] ::1 /somegood/Public/uploads/20180102/5a4b36a77c9dd.png_c200x200
INFO: [ app_init ] --START--
INFO: Run Behavior\BuildLiteBehavior [ RunTime:0.000000s ]
INFO: [ app_init ] --END-- [ RunTime:0.000000s ]
ERR: 无法加载模块:Public

[ 2018-01-04T14:19:31+08:00 ] ::1 /somegood/Public/uploads/20171025/59f03684ee092.png_c200x200
INFO: [ app_init ] --START--
INFO: Run Behavior\BuildLiteBehavior [ RunTime:0.000000s ]
INFO: [ app_init ] --END-- [ RunTime:0.000000s ]
ERR: 无法加载模块:Public

[ 2018-01-04T14:19:33+08:00 ] ::1 /somegood/Public/uploads/20171025/59f03428401cb.png
INFO: [ app_init ] --START--
INFO: Run Behavior\BuildLiteBehavior [ RunTime:0.000000s ]
INFO: [ app_init ] --END-- [ RunTime:0.000000s ]
ERR: 无法加载模块:Public

[ 2018-01-04T14:19:33+08:00 ] ::1 /somegood/Public/uploads/20171025/59f034284ccee.jpg
INFO: [ app_init ] --START--
INFO: Run Behavior\BuildLiteBehavior [ RunTime:0.000000s ]
INFO: [ app_init ] --END-- [ RunTime:0.000000s ]
ERR: 无法加载模块:Public

[ 2018-01-04T14:19:33+08:00 ] ::1 /somegood/Public/uploads/20171025/59f034285bf22.jpg
INFO: [ app_init ] --START--
INFO: Run Behavior\BuildLiteBehavior [ RunTime:0.000000s ]
INFO: [ app_init ] --END-- [ RunTime:0.000000s ]
ERR: 无法加载模块:Public

[ 2018-01-04T14:19:33+08:00 ] ::1 /somegood/Public/uploads/20171219/5a38b892d2612.JPG
INFO: [ app_init ] --START--
INFO: Run Behavior\BuildLiteBehavior [ RunTime:0.000000s ]
INFO: [ app_init ] --END-- [ RunTime:0.000000s ]
ERR: 无法加载模块:Public

[ 2018-01-04T14:19:33+08:00 ] ::1 /somegood/Public/uploads/20171025/59f03428401cb.png
INFO: [ app_init ] --START--
INFO: Run Behavior\BuildLiteBehavior [ RunTime:0.000000s ]
INFO: [ app_init ] --END-- [ RunTime:0.001001s ]
ERR: 无法加载模块:Public

[ 2018-01-04T14:19:33+08:00 ] ::1 /somegood/Public/uploads/20171025/59f034284ccee.jpg
INFO: [ app_init ] --START--
INFO: Run Behavior\BuildLiteBehavior [ RunTime:0.000000s ]
INFO: [ app_init ] --END-- [ RunTime:0.001001s ]
ERR: 无法加载模块:Public

[ 2018-01-04T14:19:43+08:00 ] ::1 /somegood/Public/uploads/20180102/5a4b36a77c9dd.png_c200x200
INFO: [ app_init ] --START--
INFO: Run Behavior\BuildLiteBehavior [ RunTime:0.000000s ]
INFO: [ app_init ] --END-- [ RunTime:0.000000s ]
ERR: 无法加载模块:Public

[ 2018-01-04T14:19:43+08:00 ] ::1 /somegood/Public/uploads/20171225/thumb_5a405aa7b5958.png_c200x200
INFO: [ app_init ] --START--
INFO: Run Behavior\BuildLiteBehavior [ RunTime:0.000000s ]
INFO: [ app_init ] --END-- [ RunTime:0.000000s ]
ERR: 无法加载模块:Public

[ 2018-01-04T14:19:43+08:00 ] ::1 /somegood/Public/uploads/20171201/thumb_5a213be504d0e.png_c200x200
INFO: [ app_init ] --START--
INFO: Run Behavior\BuildLiteBehavior [ RunTime:0.000000s ]
INFO: [ app_init ] --END-- [ RunTime:0.000000s ]
ERR: 无法加载模块:Public

[ 2018-01-04T14:19:43+08:00 ] ::1 /somegood/Public/uploads/20180102/5a4b36331b83e.png_c200x200
INFO: [ app_init ] --START--
INFO: Run Behavior\BuildLiteBehavior [ RunTime:0.000000s ]
INFO: [ app_init ] --END-- [ RunTime:0.000000s ]
ERR: 无法加载模块:Public

[ 2018-01-04T14:19:43+08:00 ] ::1 /somegood/Public/uploads/20180102/thumb_5a4aefa13c146.png_c200x200
INFO: [ app_init ] --START--
INFO: Run Behavior\BuildLiteBehavior [ RunTime:0.000000s ]
INFO: [ app_init ] --END-- [ RunTime:0.000000s ]
ERR: 无法加载模块:Public

[ 2018-01-04T14:28:09+08:00 ] ::1 /somegood/Public/uploads/20170829/yundonghuwai.jpg
INFO: [ app_init ] --START--
INFO: Run Behavior\BuildLiteBehavior [ RunTime:0.000000s ]
INFO: [ app_init ] --END-- [ RunTime:0.000000s ]
ERR: 无法加载模块:Public

[ 2018-01-04T14:28:09+08:00 ] ::1 /somegood/Public/uploads/20170829/ertongwanju.jpg
INFO: [ app_init ] --START--
INFO: Run Behavior\BuildLiteBehavior [ RunTime:0.000000s ]
INFO: [ app_init ] --END-- [ RunTime:0.001000s ]
ERR: 无法加载模块:Public

[ 2018-01-04T14:28:09+08:00 ] ::1 /somegood/Public/uploads/20170829/jiajushipin.jpg
INFO: [ app_init ] --START--
INFO: Run Behavior\BuildLiteBehavior [ RunTime:0.000000s ]
INFO: [ app_init ] --END-- [ RunTime:0.000000s ]
ERR: 无法加载模块:Public

[ 2018-01-04T14:28:09+08:00 ] ::1 /somegood/Public/uploads/20170829/yinxiangyishupin.jpg
INFO: [ app_init ] --START--
INFO: Run Behavior\BuildLiteBehavior [ RunTime:0.000000s ]
INFO: [ app_init ] --END-- [ RunTime:0.001000s ]
ERR: 无法加载模块:Public

[ 2018-01-04T14:28:09+08:00 ] ::1 /somegood/Public/uploads/20170829/meizhuang.jpg
INFO: [ app_init ] --START--
INFO: Run Behavior\BuildLiteBehavior [ RunTime:0.000000s ]
INFO: [ app_init ] --END-- [ RunTime:0.000000s ]
ERR: 无法加载模块:Public

[ 2018-01-04T14:28:12+08:00 ] ::1 /somegood/Public/uploads/20180102/5a4b36a77c9dd.png_c200x200
INFO: [ app_init ] --START--
INFO: Run Behavior\BuildLiteBehavior [ RunTime:0.000000s ]
INFO: [ app_init ] --END-- [ RunTime:0.000000s ]
ERR: 无法加载模块:Public

[ 2018-01-04T14:28:12+08:00 ] ::1 /somegood/Public/uploads/20171025/59f03684ee092.png_c200x200
INFO: [ app_init ] --START--
INFO: Run Behavior\BuildLiteBehavior [ RunTime:0.000000s ]
INFO: [ app_init ] --END-- [ RunTime:0.000000s ]
ERR: 无法加载模块:Public

[ 2018-01-04T14:28:13+08:00 ] ::1 /somegood/Public/uploads/20171025/59f03428401cb.png
INFO: [ app_init ] --START--
INFO: Run Behavior\BuildLiteBehavior [ RunTime:0.000000s ]
INFO: [ app_init ] --END-- [ RunTime:0.000000s ]
ERR: 无法加载模块:Public

[ 2018-01-04T14:28:13+08:00 ] ::1 /somegood/Public/uploads/20171025/59f034284ccee.jpg
INFO: [ app_init ] --START--
INFO: Run Behavior\BuildLiteBehavior [ RunTime:0.000000s ]
INFO: [ app_init ] --END-- [ RunTime:0.001000s ]
ERR: 无法加载模块:Public

[ 2018-01-04T14:28:13+08:00 ] ::1 /somegood/Public/uploads/20171025/59f034285bf22.jpg
INFO: [ app_init ] --START--
INFO: Run Behavior\BuildLiteBehavior [ RunTime:0.000000s ]
INFO: [ app_init ] --END-- [ RunTime:0.000000s ]
ERR: 无法加载模块:Public

[ 2018-01-04T14:28:13+08:00 ] ::1 /somegood/Public/uploads/20171219/5a38b892d2612.JPG
INFO: [ app_init ] --START--
INFO: Run Behavior\BuildLiteBehavior [ RunTime:0.000000s ]
INFO: [ app_init ] --END-- [ RunTime:0.001000s ]
ERR: 无法加载模块:Public

[ 2018-01-04T14:28:13+08:00 ] ::1 /somegood/Public/uploads/20171025/59f034284ccee.jpg
INFO: [ app_init ] --START--
INFO: Run Behavior\BuildLiteBehavior [ RunTime:0.000000s ]
INFO: [ app_init ] --END-- [ RunTime:0.000000s ]
ERR: 无法加载模块:Public

[ 2018-01-04T14:28:13+08:00 ] ::1 /somegood/Public/uploads/20171025/59f03428401cb.png
INFO: [ app_init ] --START--
INFO: Run Behavior\BuildLiteBehavior [ RunTime:0.000000s ]
INFO: [ app_init ] --END-- [ RunTime:0.000000s ]
ERR: 无法加载模块:Public

[ 2018-01-04T14:28:20+08:00 ] ::1 /somegood/Public/uploads/20180102/5a4b36a77c9dd.png_c200x200
INFO: [ app_init ] --START--
INFO: Run Behavior\BuildLiteBehavior [ RunTime:0.000000s ]
INFO: [ app_init ] --END-- [ RunTime:0.000000s ]
ERR: 无法加载模块:Public

[ 2018-01-04T14:28:20+08:00 ] ::1 /somegood/Public/uploads/20171201/thumb_5a213be504d0e.png_c200x200
INFO: [ app_init ] --START--
INFO: Run Behavior\BuildLiteBehavior [ RunTime:0.000000s ]
INFO: [ app_init ] --END-- [ RunTime:0.000000s ]
ERR: 无法加载模块:Public

[ 2018-01-04T14:28:22+08:00 ] ::1 /somegood/Public/uploads/20180102/5a4b36a77c9dd.png_c200x200
INFO: [ app_init ] --START--
INFO: Run Behavior\BuildLiteBehavior [ RunTime:0.000000s ]
INFO: [ app_init ] --END-- [ RunTime:0.000000s ]
ERR: 无法加载模块:Public

[ 2018-01-04T14:28:22+08:00 ] ::1 /somegood/Public/uploads/20171201/thumb_5a213be504d0e.png_c200x200
INFO: [ app_init ] --START--
INFO: Run Behavior\BuildLiteBehavior [ RunTime:0.000000s ]
INFO: [ app_init ] --END-- [ RunTime:0.000000s ]
ERR: 无法加载模块:Public

[ 2018-01-04T14:28:24+08:00 ] ::1 /somegood/Public/uploads/20180102/5a4b36a77c9dd.png_c200x200
INFO: [ app_init ] --START--
INFO: Run Behavior\BuildLiteBehavior [ RunTime:0.000000s ]
INFO: [ app_init ] --END-- [ RunTime:0.000000s ]
ERR: 无法加载模块:Public

[ 2018-01-04T14:28:24+08:00 ] ::1 /somegood/Public/uploads/20171201/thumb_5a213be504d0e.png_c200x200
INFO: [ app_init ] --START--
INFO: Run Behavior\BuildLiteBehavior [ RunTime:0.000000s ]
INFO: [ app_init ] --END-- [ RunTime:0.001000s ]
ERR: 无法加载模块:Public

[ 2018-01-04T14:28:26+08:00 ] ::1 /somegood/Public/uploads/20180102/5a4b36a77c9dd.png_c200x200
INFO: [ app_init ] --START--
INFO: Run Behavior\BuildLiteBehavior [ RunTime:0.000000s ]
INFO: [ app_init ] --END-- [ RunTime:0.000000s ]
ERR: 无法加载模块:Public

[ 2018-01-04T14:28:26+08:00 ] ::1 /somegood/Public/uploads/20171201/thumb_5a213be504d0e.png_c200x200
INFO: [ app_init ] --START--
INFO: Run Behavior\BuildLiteBehavior [ RunTime:0.000000s ]
INFO: [ app_init ] --END-- [ RunTime:0.001000s ]
ERR: 无法加载模块:Public

[ 2018-01-04T14:28:30+08:00 ] ::1 /somegood/Public/uploads/20171201/thumb_5a213be504d0e.png_c200x200
INFO: [ app_init ] --START--
INFO: Run Behavior\BuildLiteBehavior [ RunTime:0.000000s ]
INFO: [ app_init ] --END-- [ RunTime:0.000000s ]
ERR: 无法加载模块:Public

[ 2018-01-04T14:28:30+08:00 ] ::1 /somegood/Public/uploads/20180102/5a4b36a77c9dd.png_c200x200
INFO: [ app_init ] --START--
INFO: Run Behavior\BuildLiteBehavior [ RunTime:0.000000s ]
INFO: [ app_init ] --END-- [ RunTime:0.000000s ]
ERR: 无法加载模块:Public

[ 2018-01-04T14:28:53+08:00 ] ::1 /somegood/Public/uploads/20170829/jiajushipin.jpg
INFO: [ app_init ] --START--
INFO: Run Behavior\BuildLiteBehavior [ RunTime:0.000000s ]
INFO: [ app_init ] --END-- [ RunTime:0.000000s ]
ERR: 无法加载模块:Public

[ 2018-01-04T14:28:53+08:00 ] ::1 /somegood/Public/uploads/20170829/meizhuang.jpg
INFO: [ app_init ] --START--
INFO: Run Behavior\BuildLiteBehavior [ RunTime:0.000000s ]
INFO: [ app_init ] --END-- [ RunTime:0.000000s ]
ERR: 无法加载模块:Public

[ 2018-01-04T14:28:53+08:00 ] ::1 /somegood/Public/uploads/20170829/ertongwanju.jpg
INFO: [ app_init ] --START--
INFO: Run Behavior\BuildLiteBehavior [ RunTime:0.000000s ]
INFO: [ app_init ] --END-- [ RunTime:0.000000s ]
ERR: 无法加载模块:Public

[ 2018-01-04T14:28:53+08:00 ] ::1 /somegood/Public/uploads/20170829/yinxiangyishupin.jpg
INFO: [ app_init ] --START--
INFO: Run Behavior\BuildLiteBehavior [ RunTime:0.000000s ]
INFO: [ app_init ] --END-- [ RunTime:0.000000s ]
ERR: 无法加载模块:Public

[ 2018-01-04T14:28:53+08:00 ] ::1 /somegood/Public/uploads/20170829/yundonghuwai.jpg
INFO: [ app_init ] --START--
INFO: Run Behavior\BuildLiteBehavior [ RunTime:0.000000s ]
INFO: [ app_init ] --END-- [ RunTime:0.000000s ]
ERR: 无法加载模块:Public

[ 2018-01-04T14:28:55+08:00 ] ::1 /somegood/Public/uploads/20180102/5a4b36a77c9dd.png_c200x200
INFO: [ app_init ] --START--
INFO: Run Behavior\BuildLiteBehavior [ RunTime:0.000000s ]
INFO: [ app_init ] --END-- [ RunTime:0.000000s ]
ERR: 无法加载模块:Public

[ 2018-01-04T14:28:55+08:00 ] ::1 /somegood/Public/uploads/20171025/59f03684ee092.png_c200x200
INFO: [ app_init ] --START--
INFO: Run Behavior\BuildLiteBehavior [ RunTime:0.000000s ]
INFO: [ app_init ] --END-- [ RunTime:0.000000s ]
ERR: 无法加载模块:Public

[ 2018-01-04T14:28:56+08:00 ] ::1 /somegood/Public/uploads/20171025/59f03428401cb.png
INFO: [ app_init ] --START--
INFO: Run Behavior\BuildLiteBehavior [ RunTime:0.000000s ]
INFO: [ app_init ] --END-- [ RunTime:0.000000s ]
ERR: 无法加载模块:Public

[ 2018-01-04T14:28:56+08:00 ] ::1 /somegood/Public/uploads/20171025/59f034284ccee.jpg
INFO: [ app_init ] --START--
INFO: Run Behavior\BuildLiteBehavior [ RunTime:0.000000s ]
INFO: [ app_init ] --END-- [ RunTime:0.000000s ]
ERR: 无法加载模块:Public

[ 2018-01-04T14:28:56+08:00 ] ::1 /somegood/Public/uploads/20171025/59f034285bf22.jpg
INFO: [ app_init ] --START--
INFO: Run Behavior\BuildLiteBehavior [ RunTime:0.000000s ]
INFO: [ app_init ] --END-- [ RunTime:0.000000s ]
ERR: 无法加载模块:Public

[ 2018-01-04T14:28:56+08:00 ] ::1 /somegood/Public/uploads/20171219/5a38b892d2612.JPG
INFO: [ app_init ] --START--
INFO: Run Behavior\BuildLiteBehavior [ RunTime:0.000000s ]
INFO: [ app_init ] --END-- [ RunTime:0.000000s ]
ERR: 无法加载模块:Public

[ 2018-01-04T14:28:56+08:00 ] ::1 /somegood/Public/uploads/20171025/59f03428401cb.png
INFO: [ app_init ] --START--
INFO: Run Behavior\BuildLiteBehavior [ RunTime:0.000000s ]
INFO: [ app_init ] --END-- [ RunTime:0.000000s ]
ERR: 无法加载模块:Public

