[ 2017-08-04T10:04:44+08:00 ] ::1 /somegood/Admin/
INFO: [ app_init ] --START--
INFO: Run Behavior\BuildLiteBehavior [ RunTime:0.000000s ]
INFO: [ app_init ] --END-- [ RunTime:0.010000s ]
INFO: [ app_begin ] --START--
INFO: Run Behavior\ReadHtmlCacheBehavior [ RunTime:0.002000s ]
INFO: [ app_begin ] --END-- [ RunTime:0.002000s ]
INFO: [ view_parse ] --START--
INFO: [ template_filter ] --START--
INFO: Run Behavior\ContentReplaceBehavior [ RunTime:0.001000s ]
INFO: [ template_filter ] --END-- [ RunTime:0.002000s ]
INFO: Run Behavior\ParseTemplateBehavior [ RunTime:0.017001s ]
INFO: [ view_parse ] --END-- [ RunTime:0.017001s ]
INFO: [ view_filter ] --START--
INFO: Run Behavior\WriteHtmlCacheBehavior [ RunTime:0.001000s ]
INFO: [ view_filter ] --END-- [ RunTime:0.001000s ]

[ 2017-08-04T10:04:47+08:00 ] ::1 /somegood/Admin/login/index.html
INFO: [ app_init ] --START--
INFO: Run Behavior\BuildLiteBehavior [ RunTime:0.000000s ]
INFO: [ app_init ] --END-- [ RunTime:0.001000s ]
INFO: [ app_begin ] --START--
INFO: Run Behavior\ReadHtmlCacheBehavior [ RunTime:0.001000s ]
INFO: [ app_begin ] --END-- [ RunTime:0.001000s ]
INFO: [ view_parse ] --START--
INFO: [ template_filter ] --START--
INFO: Run Behavior\ContentReplaceBehavior [ RunTime:0.000000s ]
INFO: [ template_filter ] --END-- [ RunTime:0.000000s ]
INFO: Run Behavior\ParseTemplateBehavior [ RunTime:0.004000s ]
INFO: [ view_parse ] --END-- [ RunTime:0.004000s ]
INFO: [ view_filter ] --START--
INFO: Run Behavior\WriteHtmlCacheBehavior [ RunTime:0.001000s ]
INFO: [ view_filter ] --END-- [ RunTime:0.001000s ]
INFO: [ app_end ] --START--
INFO: Run Behavior\ShowPageTraceBehavior [ RunTime:0.000000s ]
INFO: [ app_end ] --END-- [ RunTime:0.000000s ]

[ 2017-08-04T15:31:26+08:00 ] ::1 /somegood/Admin/GoodsCategory/list
INFO: [ app_init ] --START--
INFO: Run Behavior\BuildLiteBehavior [ RunTime:0.000000s ]
INFO: [ app_init ] --END-- [ RunTime:0.001000s ]
INFO: [ app_begin ] --START--
INFO: Run Behavior\ReadHtmlCacheBehavior [ RunTime:0.001000s ]
INFO: [ app_begin ] --END-- [ RunTime:0.001000s ]
SQL: SHOW COLUMNS FROM `sg_goods_category` [ RunTime:0.0330s ]
SQL: SELECT COUNT(*) AS tp_count FROM `sg_goods_category` LIMIT 1   [ RunTime:0.0010s ]
SQL: SELECT * FROM `sg_goods_category` LIMIT 0,20   [ RunTime:0.0020s ]
INFO: [ view_parse ] --START--
INFO: [ template_filter ] --START--
INFO: Run Behavior\ContentReplaceBehavior [ RunTime:0.000000s ]
INFO: [ template_filter ] --END-- [ RunTime:0.000000s ]
NOTIC: [8] Undefined index: channel_id D:\xampps\htdocs\somegood\Runtime\Cache\Admin\d6b793b86258c98f1835cddaecb5c52b.php 第 89 行.
INFO: Run Behavior\ParseTemplateBehavior [ RunTime:0.041002s ]
INFO: [ view_parse ] --END-- [ RunTime:0.041002s ]
INFO: [ view_filter ] --START--
INFO: Run Behavior\WriteHtmlCacheBehavior [ RunTime:0.042002s ]
INFO: [ view_filter ] --END-- [ RunTime:0.042002s ]
INFO: [ app_end ] --START--
INFO: Run Behavior\ShowPageTraceBehavior [ RunTime:0.032002s ]
INFO: [ app_end ] --END-- [ RunTime:0.032002s ]

[ 2017-08-04T15:31:47+08:00 ] ::1 /somegood/Admin/GoodsCategory/edit.html
INFO: [ app_init ] --START--
INFO: Run Behavior\BuildLiteBehavior [ RunTime:0.000000s ]
INFO: [ app_init ] --END-- [ RunTime:0.000000s ]
INFO: [ app_begin ] --START--
INFO: Run Behavior\ReadHtmlCacheBehavior [ RunTime:0.001000s ]
INFO: [ app_begin ] --END-- [ RunTime:0.001000s ]
SQL: SHOW COLUMNS FROM `sg_goods_category` [ RunTime:0.0060s ]
SQL: SELECT * FROM `sg_goods_category`  [ RunTime:0.0020s ]
SQL: SELECT * FROM `sg_goods_category` WHERE `id` = 0 LIMIT 1   [ RunTime:0.0010s ]
INFO: [ view_parse ] --START--
INFO: [ template_filter ] --START--
INFO: Run Behavior\ContentReplaceBehavior [ RunTime:0.000000s ]
INFO: [ template_filter ] --END-- [ RunTime:0.000000s ]
NOTIC: [8] Undefined variable: info D:\xampps\htdocs\somegood\Runtime\Cache\Admin\ea7921bd9e632f35cb20d6d3c41f1db1.php 第 72 行.
NOTIC: [8] Undefined variable: info D:\xampps\htdocs\somegood\Runtime\Cache\Admin\ea7921bd9e632f35cb20d6d3c41f1db1.php 第 78 行.
NOTIC: [8] Undefined variable: info D:\xampps\htdocs\somegood\Runtime\Cache\Admin\ea7921bd9e632f35cb20d6d3c41f1db1.php 第 83 行.
NOTIC: [8] Undefined variable: info D:\xampps\htdocs\somegood\Runtime\Cache\Admin\ea7921bd9e632f35cb20d6d3c41f1db1.php 第 83 行.
NOTIC: [8] Undefined variable: info D:\xampps\htdocs\somegood\Runtime\Cache\Admin\ea7921bd9e632f35cb20d6d3c41f1db1.php 第 91 行.
NOTIC: [8] Undefined variable: info D:\xampps\htdocs\somegood\Runtime\Cache\Admin\ea7921bd9e632f35cb20d6d3c41f1db1.php 第 92 行.
NOTIC: [8] Undefined variable: action D:\xampps\htdocs\somegood\Runtime\Cache\Admin\ea7921bd9e632f35cb20d6d3c41f1db1.php 第 102 行.
NOTIC: [8] Undefined variable: info D:\xampps\htdocs\somegood\Runtime\Cache\Admin\ea7921bd9e632f35cb20d6d3c41f1db1.php 第 103 行.
INFO: Run Behavior\ParseTemplateBehavior [ RunTime:0.047002s ]
INFO: [ view_parse ] --END-- [ RunTime:0.047002s ]
INFO: [ view_filter ] --START--
INFO: Run Behavior\WriteHtmlCacheBehavior [ RunTime:0.001000s ]
INFO: [ view_filter ] --END-- [ RunTime:0.001000s ]
INFO: [ app_end ] --START--
INFO: Run Behavior\ShowPageTraceBehavior [ RunTime:0.000000s ]
INFO: [ app_end ] --END-- [ RunTime:0.000000s ]

[ 2017-08-04T16:15:38+08:00 ] ::1 /somegood/Admin/Goods/goods_type_list
INFO: [ app_init ] --START--
INFO: Run Behavior\BuildLiteBehavior [ RunTime:0.000000s ]
INFO: [ app_init ] --END-- [ RunTime:0.000000s ]
INFO: [ app_begin ] --START--
INFO: Run Behavior\ReadHtmlCacheBehavior [ RunTime:0.001000s ]
INFO: [ app_begin ] --END-- [ RunTime:0.001000s ]
ERR: 非法操作:goods_type_list

[ 2017-08-04T16:15:44+08:00 ] ::1 /somegood/Admin/Goods/goods
INFO: [ app_init ] --START--
INFO: Run Behavior\BuildLiteBehavior [ RunTime:0.000000s ]
INFO: [ app_init ] --END-- [ RunTime:0.000000s ]
INFO: [ app_begin ] --START--
INFO: Run Behavior\ReadHtmlCacheBehavior [ RunTime:0.001000s ]
INFO: [ app_begin ] --END-- [ RunTime:0.001000s ]
INFO: [ view_parse ] --START--
INFO: [ template_filter ] --START--
INFO: Run Behavior\ContentReplaceBehavior [ RunTime:0.000000s ]
INFO: [ template_filter ] --END-- [ RunTime:0.000000s ]
NOTIC: [8] Undefined variable: category_list D:\xampps\htdocs\somegood\Runtime\Cache\Admin\14009d6233769dad092cdc929bb9c7a8.php 第 60 行.
NOTIC: [8] Undefined variable: category_list D:\xampps\htdocs\somegood\Runtime\Cache\Admin\14009d6233769dad092cdc929bb9c7a8.php 第 66 行.
NOTIC: [8] Undefined variable: property_list D:\xampps\htdocs\somegood\Runtime\Cache\Admin\14009d6233769dad092cdc929bb9c7a8.php 第 71 行.
NOTIC: [8] Undefined variable: list D:\xampps\htdocs\somegood\Runtime\Cache\Admin\14009d6233769dad092cdc929bb9c7a8.php 第 104 行.
NOTIC: [8] Undefined variable: page D:\xampps\htdocs\somegood\Runtime\Cache\Admin\14009d6233769dad092cdc929bb9c7a8.php 第 137 行.
INFO: Run Behavior\ParseTemplateBehavior [ RunTime:0.019001s ]
INFO: [ view_parse ] --END-- [ RunTime:0.019001s ]
INFO: [ view_filter ] --START--
INFO: Run Behavior\WriteHtmlCacheBehavior [ RunTime:0.001001s ]
INFO: [ view_filter ] --END-- [ RunTime:0.001001s ]
INFO: [ app_end ] --START--
INFO: Run Behavior\ShowPageTraceBehavior [ RunTime:0.001000s ]
INFO: [ app_end ] --END-- [ RunTime:0.001000s ]

[ 2017-08-04T16:26:46+08:00 ] ::1 /somegood/Admin/Goods/goods
INFO: [ app_init ] --START--
INFO: Run Behavior\BuildLiteBehavior [ RunTime:0.000000s ]
INFO: [ app_init ] --END-- [ RunTime:0.000000s ]
INFO: [ app_begin ] --START--
INFO: Run Behavior\ReadHtmlCacheBehavior [ RunTime:0.001000s ]
INFO: [ app_begin ] --END-- [ RunTime:0.001000s ]
INFO: [ view_parse ] --START--
INFO: [ template_filter ] --START--
INFO: Run Behavior\ContentReplaceBehavior [ RunTime:0.000000s ]
INFO: [ template_filter ] --END-- [ RunTime:0.000000s ]
NOTIC: [8] Undefined variable: category_list D:\xampps\htdocs\somegood\Runtime\Cache\Admin\14009d6233769dad092cdc929bb9c7a8.php 第 60 行.
NOTIC: [8] Undefined variable: category_list D:\xampps\htdocs\somegood\Runtime\Cache\Admin\14009d6233769dad092cdc929bb9c7a8.php 第 66 行.
NOTIC: [8] Undefined variable: property_list D:\xampps\htdocs\somegood\Runtime\Cache\Admin\14009d6233769dad092cdc929bb9c7a8.php 第 71 行.
NOTIC: [8] Undefined variable: list D:\xampps\htdocs\somegood\Runtime\Cache\Admin\14009d6233769dad092cdc929bb9c7a8.php 第 104 行.
NOTIC: [8] Undefined variable: page D:\xampps\htdocs\somegood\Runtime\Cache\Admin\14009d6233769dad092cdc929bb9c7a8.php 第 137 行.
INFO: Run Behavior\ParseTemplateBehavior [ RunTime:0.014001s ]
INFO: [ view_parse ] --END-- [ RunTime:0.014001s ]
INFO: [ view_filter ] --START--
INFO: Run Behavior\WriteHtmlCacheBehavior [ RunTime:0.001000s ]
INFO: [ view_filter ] --END-- [ RunTime:0.001000s ]
INFO: [ app_end ] --START--
INFO: Run Behavior\ShowPageTraceBehavior [ RunTime:0.001000s ]
INFO: [ app_end ] --END-- [ RunTime:0.001000s ]

[ 2017-08-04T16:27:47+08:00 ] ::1 /somegood/Admin/GoodsType/goods_type_list
INFO: [ app_init ] --START--
INFO: Run Behavior\BuildLiteBehavior [ RunTime:0.000000s ]
INFO: [ app_init ] --END-- [ RunTime:0.000000s ]
INFO: [ app_begin ] --START--
INFO: Run Behavior\ReadHtmlCacheBehavior [ RunTime:0.001000s ]
INFO: [ app_begin ] --END-- [ RunTime:0.001000s ]
SQL: SHOW COLUMNS FROM `sg_goods_type` [ RunTime:0.0050s ]
SQL: SELECT COUNT(*) AS tp_count FROM `sg_goods_type` LIMIT 1   [ RunTime:0.0010s ]
SQL: SELECT * FROM `sg_goods_type` LIMIT 0,10   [ RunTime:0.0010s ]
INFO: [ view_parse ] --START--
INFO: [ template_filter ] --START--
INFO: Run Behavior\ContentReplaceBehavior [ RunTime:0.000000s ]
INFO: [ template_filter ] --END-- [ RunTime:0.000000s ]
INFO: Run Behavior\ParseTemplateBehavior [ RunTime:0.010001s ]
INFO: [ view_parse ] --END-- [ RunTime:0.010001s ]
INFO: [ view_filter ] --START--
INFO: Run Behavior\WriteHtmlCacheBehavior [ RunTime:0.001000s ]
INFO: [ view_filter ] --END-- [ RunTime:0.001000s ]
INFO: [ app_end ] --START--
INFO: Run Behavior\ShowPageTraceBehavior [ RunTime:0.001000s ]
INFO: [ app_end ] --END-- [ RunTime:0.001000s ]

[ 2017-08-04T16:45:38+08:00 ] ::1 /somegood/Admin/GoodsType/goods_type_list.html
INFO: [ app_init ] --START--
INFO: Run Behavior\BuildLiteBehavior [ RunTime:0.000000s ]
INFO: [ app_init ] --END-- [ RunTime:0.000000s ]
INFO: [ app_begin ] --START--
INFO: Run Behavior\ReadHtmlCacheBehavior [ RunTime:0.001000s ]
INFO: [ app_begin ] --END-- [ RunTime:0.001000s ]
SQL: SHOW COLUMNS FROM `sg_goods_type` [ RunTime:0.0070s ]
SQL: SELECT COUNT(*) AS tp_count FROM `sg_goods_type` LIMIT 1   [ RunTime:0.0010s ]
SQL: SELECT * FROM `sg_goods_type` LIMIT 0,10   [ RunTime:0.0030s ]
INFO: [ view_parse ] --START--
INFO: [ template_filter ] --START--
INFO: Run Behavior\ContentReplaceBehavior [ RunTime:0.000000s ]
INFO: [ template_filter ] --END-- [ RunTime:0.000000s ]
INFO: Run Behavior\ParseTemplateBehavior [ RunTime:0.007001s ]
INFO: [ view_parse ] --END-- [ RunTime:0.007001s ]
INFO: [ view_filter ] --START--
INFO: Run Behavior\WriteHtmlCacheBehavior [ RunTime:0.001000s ]
INFO: [ view_filter ] --END-- [ RunTime:0.001000s ]
INFO: [ app_end ] --START--
INFO: Run Behavior\ShowPageTraceBehavior [ RunTime:0.001000s ]
INFO: [ app_end ] --END-- [ RunTime:0.001000s ]

[ 2017-08-04T16:45:43+08:00 ] ::1 /somegood/Admin/GoodsType/goods_type_edit.html
INFO: [ app_init ] --START--
INFO: Run Behavior\BuildLiteBehavior [ RunTime:0.000000s ]
INFO: [ app_init ] --END-- [ RunTime:0.000000s ]
INFO: [ app_begin ] --START--
INFO: Run Behavior\ReadHtmlCacheBehavior [ RunTime:0.001001s ]
INFO: [ app_begin ] --END-- [ RunTime:0.001001s ]
ERR: 非法操作:goods_type_edit

[ 2017-08-04T16:45:49+08:00 ] ::1 /somegood/Admin/GoodsType/goods_type_list.html
INFO: [ app_init ] --START--
INFO: Run Behavior\BuildLiteBehavior [ RunTime:0.001000s ]
INFO: [ app_init ] --END-- [ RunTime:0.001000s ]
INFO: [ app_begin ] --START--
INFO: Run Behavior\ReadHtmlCacheBehavior [ RunTime:0.001000s ]
INFO: [ app_begin ] --END-- [ RunTime:0.001000s ]
SQL: SHOW COLUMNS FROM `sg_goods_type` [ RunTime:0.0060s ]
SQL: SELECT COUNT(*) AS tp_count FROM `sg_goods_type` LIMIT 1   [ RunTime:0.0020s ]
SQL: SELECT * FROM `sg_goods_type` LIMIT 0,10   [ RunTime:0.0010s ]
INFO: [ view_parse ] --START--
INFO: [ template_filter ] --START--
INFO: Run Behavior\ContentReplaceBehavior [ RunTime:0.000000s ]
INFO: [ template_filter ] --END-- [ RunTime:0.000000s ]
INFO: Run Behavior\ParseTemplateBehavior [ RunTime:0.010000s ]
INFO: [ view_parse ] --END-- [ RunTime:0.010000s ]
INFO: [ view_filter ] --START--
INFO: Run Behavior\WriteHtmlCacheBehavior [ RunTime:0.000000s ]
INFO: [ view_filter ] --END-- [ RunTime:0.000000s ]
INFO: [ app_end ] --START--
INFO: Run Behavior\ShowPageTraceBehavior [ RunTime:0.000000s ]
INFO: [ app_end ] --END-- [ RunTime:0.001000s ]

[ 2017-08-04T16:46:06+08:00 ] ::1 /somegood/Admin/Goods/goods
INFO: [ app_init ] --START--
INFO: Run Behavior\BuildLiteBehavior [ RunTime:0.000000s ]
INFO: [ app_init ] --END-- [ RunTime:0.000000s ]
INFO: [ app_begin ] --START--
INFO: Run Behavior\ReadHtmlCacheBehavior [ RunTime:0.001000s ]
INFO: [ app_begin ] --END-- [ RunTime:0.001000s ]
SQL: SHOW COLUMNS FROM `sg_goods_category` [ RunTime:0.0050s ]
SQL: SELECT * FROM `sg_goods_category`  [ RunTime:0.0020s ]
INFO: [ view_parse ] --START--
INFO: [ template_filter ] --START--
INFO: Run Behavior\ContentReplaceBehavior [ RunTime:0.000000s ]
INFO: [ template_filter ] --END-- [ RunTime:0.000000s ]
NOTIC: [8] Undefined variable: category_list D:\xampps\htdocs\somegood\Runtime\Cache\Admin\14009d6233769dad092cdc929bb9c7a8.php 第 60 行.
NOTIC: [8] Undefined variable: category_list D:\xampps\htdocs\somegood\Runtime\Cache\Admin\14009d6233769dad092cdc929bb9c7a8.php 第 66 行.
NOTIC: [8] Undefined variable: property_list D:\xampps\htdocs\somegood\Runtime\Cache\Admin\14009d6233769dad092cdc929bb9c7a8.php 第 71 行.
NOTIC: [8] Undefined variable: list D:\xampps\htdocs\somegood\Runtime\Cache\Admin\14009d6233769dad092cdc929bb9c7a8.php 第 104 行.
NOTIC: [8] Undefined variable: page D:\xampps\htdocs\somegood\Runtime\Cache\Admin\14009d6233769dad092cdc929bb9c7a8.php 第 137 行.
INFO: Run Behavior\ParseTemplateBehavior [ RunTime:0.009000s ]
INFO: [ view_parse ] --END-- [ RunTime:0.009000s ]
INFO: [ view_filter ] --START--
INFO: Run Behavior\WriteHtmlCacheBehavior [ RunTime:0.001001s ]
INFO: [ view_filter ] --END-- [ RunTime:0.001001s ]
INFO: [ app_end ] --START--
INFO: Run Behavior\ShowPageTraceBehavior [ RunTime:0.001000s ]
INFO: [ app_end ] --END-- [ RunTime:0.001000s ]

[ 2017-08-04T16:50:16+08:00 ] ::1 /somegood/Admin/Goods/goods
INFO: [ app_init ] --START--
INFO: Run Behavior\BuildLiteBehavior [ RunTime:0.000000s ]
INFO: [ app_init ] --END-- [ RunTime:0.001000s ]
INFO: [ app_begin ] --START--
INFO: Run Behavior\ReadHtmlCacheBehavior [ RunTime:0.001000s ]
INFO: [ app_begin ] --END-- [ RunTime:0.001000s ]
SQL: SHOW COLUMNS FROM `sg_goods_category` [ RunTime:0.0040s ]
SQL: SELECT * FROM `sg_goods_category`  [ RunTime:0.0010s ]
SQL: SELECT * FROM `sg_goods_category` LIMIT 0,10   [ RunTime:0.0010s ]
INFO: [ view_parse ] --START--
INFO: [ template_filter ] --START--
INFO: Run Behavior\ContentReplaceBehavior [ RunTime:0.000000s ]
INFO: [ template_filter ] --END-- [ RunTime:0.000000s ]
NOTIC: [8] Undefined variable: category_list D:\xampps\htdocs\somegood\Runtime\Cache\Admin\14009d6233769dad092cdc929bb9c7a8.php 第 60 行.
NOTIC: [8] Undefined variable: category_list D:\xampps\htdocs\somegood\Runtime\Cache\Admin\14009d6233769dad092cdc929bb9c7a8.php 第 66 行.
NOTIC: [8] Undefined variable: property_list D:\xampps\htdocs\somegood\Runtime\Cache\Admin\14009d6233769dad092cdc929bb9c7a8.php 第 71 行.
NOTIC: [8] Undefined variable: list D:\xampps\htdocs\somegood\Runtime\Cache\Admin\14009d6233769dad092cdc929bb9c7a8.php 第 104 行.
NOTIC: [8] Undefined variable: page D:\xampps\htdocs\somegood\Runtime\Cache\Admin\14009d6233769dad092cdc929bb9c7a8.php 第 137 行.
INFO: Run Behavior\ParseTemplateBehavior [ RunTime:0.011001s ]
INFO: [ view_parse ] --END-- [ RunTime:0.011001s ]
INFO: [ view_filter ] --START--
INFO: Run Behavior\WriteHtmlCacheBehavior [ RunTime:0.000000s ]
INFO: [ view_filter ] --END-- [ RunTime:0.000000s ]
INFO: [ app_end ] --START--
INFO: Run Behavior\ShowPageTraceBehavior [ RunTime:0.001000s ]
INFO: [ app_end ] --END-- [ RunTime:0.001000s ]

[ 2017-08-04T16:52:32+08:00 ] ::1 /somegood/Admin/Goods/goods
INFO: [ app_init ] --START--
INFO: Run Behavior\BuildLiteBehavior [ RunTime:0.000000s ]
INFO: [ app_init ] --END-- [ RunTime:0.000000s ]
INFO: [ app_begin ] --START--
INFO: Run Behavior\ReadHtmlCacheBehavior [ RunTime:0.001000s ]
INFO: [ app_begin ] --END-- [ RunTime:0.001000s ]
SQL: SHOW COLUMNS FROM `sg_goods_category` [ RunTime:0.0060s ]
SQL: SELECT * FROM `sg_goods_category`  [ RunTime:0.0010s ]
SQL: SELECT * FROM `sg_goods_category` LIMIT 0,10   [ RunTime:0.0010s ]
INFO: [ view_parse ] --START--
INFO: [ template_filter ] --START--
INFO: Run Behavior\ContentReplaceBehavior [ RunTime:0.000000s ]
INFO: [ template_filter ] --END-- [ RunTime:0.000000s ]
NOTIC: [8] Undefined variable: category_list D:\xampps\htdocs\somegood\Runtime\Cache\Admin\14009d6233769dad092cdc929bb9c7a8.php 第 60 行.
NOTIC: [8] Undefined variable: category_list D:\xampps\htdocs\somegood\Runtime\Cache\Admin\14009d6233769dad092cdc929bb9c7a8.php 第 66 行.
NOTIC: [8] Undefined variable: property_list D:\xampps\htdocs\somegood\Runtime\Cache\Admin\14009d6233769dad092cdc929bb9c7a8.php 第 71 行.
NOTIC: [8] Undefined variable: list D:\xampps\htdocs\somegood\Runtime\Cache\Admin\14009d6233769dad092cdc929bb9c7a8.php 第 104 行.
INFO: Run Behavior\ParseTemplateBehavior [ RunTime:0.009000s ]
INFO: [ view_parse ] --END-- [ RunTime:0.009000s ]
INFO: [ view_filter ] --START--
INFO: Run Behavior\WriteHtmlCacheBehavior [ RunTime:0.000000s ]
INFO: [ view_filter ] --END-- [ RunTime:0.001000s ]
INFO: [ app_end ] --START--
INFO: Run Behavior\ShowPageTraceBehavior [ RunTime:0.000000s ]
INFO: [ app_end ] --END-- [ RunTime:0.000000s ]

[ 2017-08-04T16:52:51+08:00 ] ::1 /somegood/Admin/Goods/goods
INFO: [ app_init ] --START--
INFO: Run Behavior\BuildLiteBehavior [ RunTime:0.000000s ]
INFO: [ app_init ] --END-- [ RunTime:0.000000s ]
INFO: [ app_begin ] --START--
INFO: Run Behavior\ReadHtmlCacheBehavior [ RunTime:0.001000s ]
INFO: [ app_begin ] --END-- [ RunTime:0.001000s ]
SQL: SHOW COLUMNS FROM `sg_goods_category` [ RunTime:0.0070s ]
SQL: SELECT * FROM `sg_goods_category`  [ RunTime:0.0010s ]
SQL: SELECT * FROM `sg_goods_category` LIMIT 0,10   [ RunTime:0.0010s ]
INFO: [ view_parse ] --START--
INFO: [ template_filter ] --START--
INFO: Run Behavior\ContentReplaceBehavior [ RunTime:0.000000s ]
INFO: [ template_filter ] --END-- [ RunTime:0.000000s ]
NOTIC: [8] Undefined variable: category_list D:\xampps\htdocs\somegood\Runtime\Cache\Admin\14009d6233769dad092cdc929bb9c7a8.php 第 60 行.
NOTIC: [8] Undefined variable: category_list D:\xampps\htdocs\somegood\Runtime\Cache\Admin\14009d6233769dad092cdc929bb9c7a8.php 第 66 行.
NOTIC: [8] Undefined variable: property_list D:\xampps\htdocs\somegood\Runtime\Cache\Admin\14009d6233769dad092cdc929bb9c7a8.php 第 71 行.
NOTIC: [8] Undefined variable: list D:\xampps\htdocs\somegood\Runtime\Cache\Admin\14009d6233769dad092cdc929bb9c7a8.php 第 104 行.
INFO: Run Behavior\ParseTemplateBehavior [ RunTime:0.018001s ]
INFO: [ view_parse ] --END-- [ RunTime:0.018001s ]
INFO: [ view_filter ] --START--
INFO: Run Behavior\WriteHtmlCacheBehavior [ RunTime:0.001000s ]
INFO: [ view_filter ] --END-- [ RunTime:0.001000s ]
INFO: [ app_end ] --START--
INFO: Run Behavior\ShowPageTraceBehavior [ RunTime:0.002000s ]
INFO: [ app_end ] --END-- [ RunTime:0.002000s ]

[ 2017-08-04T16:53:12+08:00 ] ::1 /somegood/Admin/Goods/goods
INFO: [ app_init ] --START--
INFO: Run Behavior\BuildLiteBehavior [ RunTime:0.000000s ]
INFO: [ app_init ] --END-- [ RunTime:0.001000s ]
INFO: [ app_begin ] --START--
INFO: Run Behavior\ReadHtmlCacheBehavior [ RunTime:0.001001s ]
INFO: [ app_begin ] --END-- [ RunTime:0.001001s ]
SQL: SHOW COLUMNS FROM `sg_goods_category` [ RunTime:0.0070s ]
SQL: SELECT * FROM `sg_goods_category`  [ RunTime:0.0010s ]
SQL: SELECT * FROM `sg_goods_category` LIMIT 0,10   [ RunTime:0.0010s ]
INFO: [ view_parse ] --START--
INFO: [ template_filter ] --START--
INFO: Run Behavior\ContentReplaceBehavior [ RunTime:0.000000s ]
INFO: [ template_filter ] --END-- [ RunTime:0.000000s ]
NOTIC: [8] Undefined variable: category_list D:\xampps\htdocs\somegood\Runtime\Cache\Admin\14009d6233769dad092cdc929bb9c7a8.php 第 60 行.
NOTIC: [8] Undefined variable: category_list D:\xampps\htdocs\somegood\Runtime\Cache\Admin\14009d6233769dad092cdc929bb9c7a8.php 第 66 行.
NOTIC: [8] Undefined variable: property_list D:\xampps\htdocs\somegood\Runtime\Cache\Admin\14009d6233769dad092cdc929bb9c7a8.php 第 71 行.
NOTIC: [8] Undefined variable: list D:\xampps\htdocs\somegood\Runtime\Cache\Admin\14009d6233769dad092cdc929bb9c7a8.php 第 104 行.
INFO: Run Behavior\ParseTemplateBehavior [ RunTime:0.015001s ]
INFO: [ view_parse ] --END-- [ RunTime:0.015001s ]
INFO: [ view_filter ] --START--
INFO: Run Behavior\WriteHtmlCacheBehavior [ RunTime:0.001000s ]
INFO: [ view_filter ] --END-- [ RunTime:0.001000s ]
INFO: [ app_end ] --START--
INFO: Run Behavior\ShowPageTraceBehavior [ RunTime:0.001000s ]
INFO: [ app_end ] --END-- [ RunTime:0.001000s ]

[ 2017-08-04T16:54:19+08:00 ] ::1 /somegood/Admin/Goods/goods
INFO: [ app_init ] --START--
INFO: Run Behavior\BuildLiteBehavior [ RunTime:0.000000s ]
INFO: [ app_init ] --END-- [ RunTime:0.001000s ]
INFO: [ app_begin ] --START--
INFO: Run Behavior\ReadHtmlCacheBehavior [ RunTime:0.001000s ]
INFO: [ app_begin ] --END-- [ RunTime:0.001000s ]
SQL: SHOW COLUMNS FROM `sg_goods_category` [ RunTime:0.0040s ]
SQL: SELECT * FROM `sg_goods_category`  [ RunTime:0.0020s ]
SQL: SELECT * FROM `sg_goods_category` LIMIT 0,10   [ RunTime:0.0020s ]
INFO: [ view_parse ] --START--
INFO: [ template_filter ] --START--
INFO: Run Behavior\ContentReplaceBehavior [ RunTime:0.000000s ]
INFO: [ template_filter ] --END-- [ RunTime:0.000000s ]
NOTIC: [8] Undefined variable: category_list D:\xampps\htdocs\somegood\Runtime\Cache\Admin\14009d6233769dad092cdc929bb9c7a8.php 第 60 行.
NOTIC: [8] Undefined variable: category_list D:\xampps\htdocs\somegood\Runtime\Cache\Admin\14009d6233769dad092cdc929bb9c7a8.php 第 66 行.
NOTIC: [8] Undefined variable: property_list D:\xampps\htdocs\somegood\Runtime\Cache\Admin\14009d6233769dad092cdc929bb9c7a8.php 第 71 行.
NOTIC: [8] Undefined variable: list D:\xampps\htdocs\somegood\Runtime\Cache\Admin\14009d6233769dad092cdc929bb9c7a8.php 第 104 行.
INFO: Run Behavior\ParseTemplateBehavior [ RunTime:0.011001s ]
INFO: [ view_parse ] --END-- [ RunTime:0.011001s ]
INFO: [ view_filter ] --START--
INFO: Run Behavior\WriteHtmlCacheBehavior [ RunTime:0.000000s ]
INFO: [ view_filter ] --END-- [ RunTime:0.000000s ]
INFO: [ app_end ] --START--
INFO: Run Behavior\ShowPageTraceBehavior [ RunTime:0.000000s ]
INFO: [ app_end ] --END-- [ RunTime:0.000000s ]

[ 2017-08-04T16:55:27+08:00 ] ::1 /somegood/Admin/Goods/goods
INFO: [ app_init ] --START--
INFO: Run Behavior\BuildLiteBehavior [ RunTime:0.000000s ]
INFO: [ app_init ] --END-- [ RunTime:0.000000s ]
INFO: [ app_begin ] --START--
INFO: Run Behavior\ReadHtmlCacheBehavior [ RunTime:0.002000s ]
INFO: [ app_begin ] --END-- [ RunTime:0.002000s ]
SQL: SHOW COLUMNS FROM `sg_goods_category` [ RunTime:0.0060s ]
SQL: SELECT * FROM `sg_goods_category`  [ RunTime:0.0010s ]
SQL: SELECT * FROM `sg_goods_category` LIMIT 0,10   [ RunTime:0.0010s ]
INFO: [ view_parse ] --START--
INFO: [ template_filter ] --START--
INFO: Run Behavior\ContentReplaceBehavior [ RunTime:0.000000s ]
INFO: [ template_filter ] --END-- [ RunTime:0.000000s ]
NOTIC: [8] Undefined variable: category_list D:\xampps\htdocs\somegood\Runtime\Cache\Admin\14009d6233769dad092cdc929bb9c7a8.php 第 60 行.
NOTIC: [8] Undefined variable: category_list D:\xampps\htdocs\somegood\Runtime\Cache\Admin\14009d6233769dad092cdc929bb9c7a8.php 第 66 行.
NOTIC: [8] Undefined variable: property_list D:\xampps\htdocs\somegood\Runtime\Cache\Admin\14009d6233769dad092cdc929bb9c7a8.php 第 71 行.
NOTIC: [8] Undefined variable: list D:\xampps\htdocs\somegood\Runtime\Cache\Admin\14009d6233769dad092cdc929bb9c7a8.php 第 104 行.
INFO: Run Behavior\ParseTemplateBehavior [ RunTime:0.015001s ]
INFO: [ view_parse ] --END-- [ RunTime:0.015001s ]
INFO: [ view_filter ] --START--
INFO: Run Behavior\WriteHtmlCacheBehavior [ RunTime:0.000000s ]
INFO: [ view_filter ] --END-- [ RunTime:0.000000s ]
INFO: [ app_end ] --START--
INFO: Run Behavior\ShowPageTraceBehavior [ RunTime:0.001000s ]
INFO: [ app_end ] --END-- [ RunTime:0.001000s ]

[ 2017-08-04T16:55:27+08:00 ] ::1 /somegood/Admin/Goods/goods
INFO: [ app_init ] --START--
INFO: Run Behavior\BuildLiteBehavior [ RunTime:0.000000s ]
INFO: [ app_init ] --END-- [ RunTime:0.000000s ]
INFO: [ app_begin ] --START--
INFO: Run Behavior\ReadHtmlCacheBehavior [ RunTime:0.001000s ]
INFO: [ app_begin ] --END-- [ RunTime:0.001000s ]
SQL: SHOW COLUMNS FROM `sg_goods_category` [ RunTime:0.0070s ]
SQL: SELECT * FROM `sg_goods_category`  [ RunTime:0.0010s ]
SQL: SELECT * FROM `sg_goods_category` LIMIT 0,10   [ RunTime:0.0020s ]
INFO: [ view_parse ] --START--
INFO: [ template_filter ] --START--
INFO: Run Behavior\ContentReplaceBehavior [ RunTime:0.000000s ]
INFO: [ template_filter ] --END-- [ RunTime:0.000000s ]
NOTIC: [8] Undefined variable: category_list D:\xampps\htdocs\somegood\Runtime\Cache\Admin\14009d6233769dad092cdc929bb9c7a8.php 第 60 行.
NOTIC: [8] Undefined variable: category_list D:\xampps\htdocs\somegood\Runtime\Cache\Admin\14009d6233769dad092cdc929bb9c7a8.php 第 66 行.
NOTIC: [8] Undefined variable: property_list D:\xampps\htdocs\somegood\Runtime\Cache\Admin\14009d6233769dad092cdc929bb9c7a8.php 第 71 行.
NOTIC: [8] Undefined variable: list D:\xampps\htdocs\somegood\Runtime\Cache\Admin\14009d6233769dad092cdc929bb9c7a8.php 第 104 行.
INFO: Run Behavior\ParseTemplateBehavior [ RunTime:0.010001s ]
INFO: [ view_parse ] --END-- [ RunTime:0.010001s ]
INFO: [ view_filter ] --START--
INFO: Run Behavior\WriteHtmlCacheBehavior [ RunTime:0.000000s ]
INFO: [ view_filter ] --END-- [ RunTime:0.000000s ]
INFO: [ app_end ] --START--
INFO: Run Behavior\ShowPageTraceBehavior [ RunTime:0.001000s ]
INFO: [ app_end ] --END-- [ RunTime:0.001000s ]

[ 2017-08-04T16:56:11+08:00 ] ::1 /somegood/Admin/Goods/goods
INFO: [ app_init ] --START--
INFO: Run Behavior\BuildLiteBehavior [ RunTime:0.000000s ]
INFO: [ app_init ] --END-- [ RunTime:0.001001s ]
INFO: [ app_begin ] --START--
INFO: Run Behavior\ReadHtmlCacheBehavior [ RunTime:0.001000s ]
INFO: [ app_begin ] --END-- [ RunTime:0.001000s ]
SQL: SHOW COLUMNS FROM `sg_goods_category` [ RunTime:0.0050s ]
SQL: SELECT * FROM `sg_goods_category`  [ RunTime:0.0010s ]
SQL: SELECT * FROM `sg_goods_category` LIMIT 0,10   [ RunTime:0.0010s ]
INFO: [ view_parse ] --START--
INFO: [ template_filter ] --START--
INFO: Run Behavior\ContentReplaceBehavior [ RunTime:0.000000s ]
INFO: [ template_filter ] --END-- [ RunTime:0.000000s ]
NOTIC: [8] Undefined variable: category_list D:\xampps\htdocs\somegood\Runtime\Cache\Admin\14009d6233769dad092cdc929bb9c7a8.php 第 60 行.
NOTIC: [8] Undefined variable: category_list D:\xampps\htdocs\somegood\Runtime\Cache\Admin\14009d6233769dad092cdc929bb9c7a8.php 第 66 行.
NOTIC: [8] Undefined variable: property_list D:\xampps\htdocs\somegood\Runtime\Cache\Admin\14009d6233769dad092cdc929bb9c7a8.php 第 71 行.
NOTIC: [8] Undefined variable: list D:\xampps\htdocs\somegood\Runtime\Cache\Admin\14009d6233769dad092cdc929bb9c7a8.php 第 104 行.
INFO: Run Behavior\ParseTemplateBehavior [ RunTime:0.018001s ]
INFO: [ view_parse ] --END-- [ RunTime:0.018001s ]
INFO: [ view_filter ] --START--
INFO: Run Behavior\WriteHtmlCacheBehavior [ RunTime:0.000000s ]
INFO: [ view_filter ] --END-- [ RunTime:0.000000s ]
INFO: [ app_end ] --START--
INFO: Run Behavior\ShowPageTraceBehavior [ RunTime:0.001000s ]
INFO: [ app_end ] --END-- [ RunTime:0.001000s ]

[ 2017-08-04T16:56:33+08:00 ] ::1 /somegood/Admin/Goods/goods
INFO: [ app_init ] --START--
INFO: Run Behavior\BuildLiteBehavior [ RunTime:0.000000s ]
INFO: [ app_init ] --END-- [ RunTime:0.001000s ]
INFO: [ app_begin ] --START--
INFO: Run Behavior\ReadHtmlCacheBehavior [ RunTime:0.001000s ]
INFO: [ app_begin ] --END-- [ RunTime:0.001000s ]
SQL: SHOW COLUMNS FROM `sg_goods_category` [ RunTime:0.0030s ]
SQL: SELECT * FROM `sg_goods_category`  [ RunTime:0.0020s ]
SQL: SELECT * FROM `sg_goods_category` LIMIT 0,10   [ RunTime:0.0010s ]
INFO: [ view_parse ] --START--
INFO: [ template_filter ] --START--
INFO: Run Behavior\ContentReplaceBehavior [ RunTime:0.000000s ]
INFO: [ template_filter ] --END-- [ RunTime:0.000000s ]
NOTIC: [8] Undefined variable: category_list D:\xampps\htdocs\somegood\Runtime\Cache\Admin\14009d6233769dad092cdc929bb9c7a8.php 第 60 行.
NOTIC: [8] Undefined variable: category_list D:\xampps\htdocs\somegood\Runtime\Cache\Admin\14009d6233769dad092cdc929bb9c7a8.php 第 66 行.
NOTIC: [8] Undefined variable: property_list D:\xampps\htdocs\somegood\Runtime\Cache\Admin\14009d6233769dad092cdc929bb9c7a8.php 第 71 行.
NOTIC: [8] Undefined index: goods_title D:\xampps\htdocs\somegood\Runtime\Cache\Admin\14009d6233769dad092cdc929bb9c7a8.php 第 111 行.
NOTIC: [8] Undefined index: goods_title D:\xampps\htdocs\somegood\Runtime\Cache\Admin\14009d6233769dad092cdc929bb9c7a8.php 第 111 行.
NOTIC: [8] Undefined index: category_title D:\xampps\htdocs\somegood\Runtime\Cache\Admin\14009d6233769dad092cdc929bb9c7a8.php 第 112 行.
NOTIC: [8] Undefined index: keywords D:\xampps\htdocs\somegood\Runtime\Cache\Admin\14009d6233769dad092cdc929bb9c7a8.php 第 113 行.
NOTIC: [8] Undefined index: give_integral D:\xampps\htdocs\somegood\Runtime\Cache\Admin\14009d6233769dad092cdc929bb9c7a8.php 第 115 行.
NOTIC: [8] Undefined index: is_instalment D:\xampps\htdocs\somegood\Runtime\Cache\Admin\14009d6233769dad092cdc929bb9c7a8.php 第 116 行.
NOTIC: [8] Undefined index: add_time D:\xampps\htdocs\somegood\Runtime\Cache\Admin\14009d6233769dad092cdc929bb9c7a8.php 第 117 行.
NOTIC: [8] Undefined index: update_time D:\xampps\htdocs\somegood\Runtime\Cache\Admin\14009d6233769dad092cdc929bb9c7a8.php 第 118 行.
NOTIC: [8] Undefined index: status D:\xampps\htdocs\somegood\Runtime\Cache\Admin\14009d6233769dad092cdc929bb9c7a8.php 第 119 行.
INFO: Run Behavior\ParseTemplateBehavior [ RunTime:0.013001s ]
INFO: [ view_parse ] --END-- [ RunTime:0.013001s ]
INFO: [ view_filter ] --START--
INFO: Run Behavior\WriteHtmlCacheBehavior [ RunTime:0.001000s ]
INFO: [ view_filter ] --END-- [ RunTime:0.001000s ]
INFO: [ app_end ] --START--
INFO: Run Behavior\ShowPageTraceBehavior [ RunTime:0.001000s ]
INFO: [ app_end ] --END-- [ RunTime:0.001000s ]

[ 2017-08-04T17:01:35+08:00 ] ::1 /somegood/Admin/Goods/goods
INFO: [ app_init ] --START--
INFO: Run Behavior\BuildLiteBehavior [ RunTime:0.000000s ]
INFO: [ app_init ] --END-- [ RunTime:0.000000s ]
INFO: [ app_begin ] --START--
INFO: Run Behavior\ReadHtmlCacheBehavior [ RunTime:0.000000s ]
INFO: [ app_begin ] --END-- [ RunTime:0.001000s ]
SQL: SHOW COLUMNS FROM `sg_goods_category` [ RunTime:0.0030s ]
SQL: SELECT * FROM `sg_goods_category`  [ RunTime:0.0020s ]
SQL: SELECT * FROM `sg_goods_category` LIMIT 0,10   [ RunTime:0.0010s ]
INFO: [ view_parse ] --START--
INFO: [ template_filter ] --START--
INFO: Run Behavior\ContentReplaceBehavior [ RunTime:0.000000s ]
INFO: [ template_filter ] --END-- [ RunTime:0.000000s ]
NOTIC: [8] Undefined variable: category_list D:\xampps\htdocs\somegood\Runtime\Cache\Admin\14009d6233769dad092cdc929bb9c7a8.php 第 60 行.
NOTIC: [8] Undefined variable: category_list D:\xampps\htdocs\somegood\Runtime\Cache\Admin\14009d6233769dad092cdc929bb9c7a8.php 第 66 行.
NOTIC: [8] Undefined variable: property_list D:\xampps\htdocs\somegood\Runtime\Cache\Admin\14009d6233769dad092cdc929bb9c7a8.php 第 71 行.
NOTIC: [8] Undefined index: goods_title D:\xampps\htdocs\somegood\Runtime\Cache\Admin\14009d6233769dad092cdc929bb9c7a8.php 第 111 行.
NOTIC: [8] Undefined index: goods_title D:\xampps\htdocs\somegood\Runtime\Cache\Admin\14009d6233769dad092cdc929bb9c7a8.php 第 111 行.
NOTIC: [8] Undefined index: category_title D:\xampps\htdocs\somegood\Runtime\Cache\Admin\14009d6233769dad092cdc929bb9c7a8.php 第 112 行.
NOTIC: [8] Undefined index: keywords D:\xampps\htdocs\somegood\Runtime\Cache\Admin\14009d6233769dad092cdc929bb9c7a8.php 第 113 行.
NOTIC: [8] Undefined index: give_integral D:\xampps\htdocs\somegood\Runtime\Cache\Admin\14009d6233769dad092cdc929bb9c7a8.php 第 115 行.
NOTIC: [8] Undefined index: is_instalment D:\xampps\htdocs\somegood\Runtime\Cache\Admin\14009d6233769dad092cdc929bb9c7a8.php 第 116 行.
NOTIC: [8] Undefined index: add_time D:\xampps\htdocs\somegood\Runtime\Cache\Admin\14009d6233769dad092cdc929bb9c7a8.php 第 117 行.
NOTIC: [8] Undefined index: update_time D:\xampps\htdocs\somegood\Runtime\Cache\Admin\14009d6233769dad092cdc929bb9c7a8.php 第 118 行.
NOTIC: [8] Undefined index: status D:\xampps\htdocs\somegood\Runtime\Cache\Admin\14009d6233769dad092cdc929bb9c7a8.php 第 119 行.
INFO: Run Behavior\ParseTemplateBehavior [ RunTime:0.012001s ]
INFO: [ view_parse ] --END-- [ RunTime:0.012001s ]
INFO: [ view_filter ] --START--
INFO: Run Behavior\WriteHtmlCacheBehavior [ RunTime:0.000000s ]
INFO: [ view_filter ] --END-- [ RunTime:0.000000s ]
INFO: [ app_end ] --START--
INFO: Run Behavior\ShowPageTraceBehavior [ RunTime:0.001000s ]
INFO: [ app_end ] --END-- [ RunTime:0.001000s ]

[ 2017-08-04T17:05:11+08:00 ] ::1 /somegood/Admin/GoodsType/goods_type_list.html
INFO: [ app_init ] --START--
INFO: Run Behavior\BuildLiteBehavior [ RunTime:0.000000s ]
INFO: [ app_init ] --END-- [ RunTime:0.001001s ]
INFO: [ app_begin ] --START--
INFO: Run Behavior\ReadHtmlCacheBehavior [ RunTime:0.001000s ]
INFO: [ app_begin ] --END-- [ RunTime:0.001000s ]
SQL: SHOW COLUMNS FROM `sg_goods_type` [ RunTime:0.0060s ]
SQL: SELECT COUNT(*) AS tp_count FROM `sg_goods_type` LIMIT 1   [ RunTime:0.0020s ]
SQL: SELECT * FROM `sg_goods_type` LIMIT 0,10   [ RunTime:0.0010s ]
INFO: [ view_parse ] --START--
INFO: [ template_filter ] --START--
INFO: Run Behavior\ContentReplaceBehavior [ RunTime:0.000000s ]
INFO: [ template_filter ] --END-- [ RunTime:0.000000s ]
INFO: Run Behavior\ParseTemplateBehavior [ RunTime:0.007001s ]
INFO: [ view_parse ] --END-- [ RunTime:0.007001s ]
INFO: [ view_filter ] --START--
INFO: Run Behavior\WriteHtmlCacheBehavior [ RunTime:0.000000s ]
INFO: [ view_filter ] --END-- [ RunTime:0.000000s ]
INFO: [ app_end ] --START--
INFO: Run Behavior\ShowPageTraceBehavior [ RunTime:0.000000s ]
INFO: [ app_end ] --END-- [ RunTime:0.000000s ]

[ 2017-08-04T17:05:15+08:00 ] ::1 /somegood/Admin/GoodsType/goods_type_list/p/2.html
INFO: [ app_init ] --START--
INFO: Run Behavior\BuildLiteBehavior [ RunTime:0.000000s ]
INFO: [ app_init ] --END-- [ RunTime:0.000000s ]
INFO: [ app_begin ] --START--
INFO: Run Behavior\ReadHtmlCacheBehavior [ RunTime:0.001000s ]
INFO: [ app_begin ] --END-- [ RunTime:0.001000s ]
SQL: SHOW COLUMNS FROM `sg_goods_type` [ RunTime:0.0050s ]
SQL: SELECT COUNT(*) AS tp_count FROM `sg_goods_type` LIMIT 1   [ RunTime:0.0020s ]
SQL: SELECT * FROM `sg_goods_type` LIMIT 10,10   [ RunTime:0.0010s ]
INFO: [ view_parse ] --START--
INFO: [ template_filter ] --START--
INFO: Run Behavior\ContentReplaceBehavior [ RunTime:0.000000s ]
INFO: [ template_filter ] --END-- [ RunTime:0.000000s ]
INFO: Run Behavior\ParseTemplateBehavior [ RunTime:0.008001s ]
INFO: [ view_parse ] --END-- [ RunTime:0.008001s ]
INFO: [ view_filter ] --START--
INFO: Run Behavior\WriteHtmlCacheBehavior [ RunTime:0.000000s ]
INFO: [ view_filter ] --END-- [ RunTime:0.000000s ]
INFO: [ app_end ] --START--
INFO: Run Behavior\ShowPageTraceBehavior [ RunTime:0.001000s ]
INFO: [ app_end ] --END-- [ RunTime:0.001000s ]

[ 2017-08-04T17:05:16+08:00 ] ::1 /somegood/Admin/GoodsType/goods_type_list/p/3.html
INFO: [ app_init ] --START--
INFO: Run Behavior\BuildLiteBehavior [ RunTime:0.000000s ]
INFO: [ app_init ] --END-- [ RunTime:0.001001s ]
INFO: [ app_begin ] --START--
INFO: Run Behavior\ReadHtmlCacheBehavior [ RunTime:0.001000s ]
INFO: [ app_begin ] --END-- [ RunTime:0.001000s ]
SQL: SHOW COLUMNS FROM `sg_goods_type` [ RunTime:0.0040s ]
SQL: SELECT COUNT(*) AS tp_count FROM `sg_goods_type` LIMIT 1   [ RunTime:0.0010s ]
SQL: SELECT * FROM `sg_goods_type` LIMIT 20,10   [ RunTime:0.0010s ]
INFO: [ view_parse ] --START--
INFO: [ template_filter ] --START--
INFO: Run Behavior\ContentReplaceBehavior [ RunTime:0.000000s ]
INFO: [ template_filter ] --END-- [ RunTime:0.000000s ]
INFO: Run Behavior\ParseTemplateBehavior [ RunTime:0.008000s ]
INFO: [ view_parse ] --END-- [ RunTime:0.008000s ]
INFO: [ view_filter ] --START--
INFO: Run Behavior\WriteHtmlCacheBehavior [ RunTime:0.000000s ]
INFO: [ view_filter ] --END-- [ RunTime:0.000000s ]
INFO: [ app_end ] --START--
INFO: Run Behavior\ShowPageTraceBehavior [ RunTime:0.001000s ]
INFO: [ app_end ] --END-- [ RunTime:0.001000s ]

[ 2017-08-04T17:05:17+08:00 ] ::1 /somegood/Admin/GoodsType/goods_type_list/p/4.html
INFO: [ app_init ] --START--
INFO: Run Behavior\BuildLiteBehavior [ RunTime:0.000000s ]
INFO: [ app_init ] --END-- [ RunTime:0.001000s ]
INFO: [ app_begin ] --START--
INFO: Run Behavior\ReadHtmlCacheBehavior [ RunTime:0.000000s ]
INFO: [ app_begin ] --END-- [ RunTime:0.001000s ]
SQL: SHOW COLUMNS FROM `sg_goods_type` [ RunTime:0.0070s ]
SQL: SELECT COUNT(*) AS tp_count FROM `sg_goods_type` LIMIT 1   [ RunTime:0.0020s ]
SQL: SELECT * FROM `sg_goods_type` LIMIT 30,10   [ RunTime:0.0010s ]
INFO: [ view_parse ] --START--
INFO: [ template_filter ] --START--
INFO: Run Behavior\ContentReplaceBehavior [ RunTime:0.000000s ]
INFO: [ template_filter ] --END-- [ RunTime:0.000000s ]
INFO: Run Behavior\ParseTemplateBehavior [ RunTime:0.012000s ]
INFO: [ view_parse ] --END-- [ RunTime:0.012000s ]
INFO: [ view_filter ] --START--
INFO: Run Behavior\WriteHtmlCacheBehavior [ RunTime:0.001000s ]
INFO: [ view_filter ] --END-- [ RunTime:0.001000s ]
INFO: [ app_end ] --START--
INFO: Run Behavior\ShowPageTraceBehavior [ RunTime:0.001000s ]
INFO: [ app_end ] --END-- [ RunTime:0.001000s ]

[ 2017-08-04T17:05:17+08:00 ] ::1 /somegood/Admin/GoodsType/goods_type_list/p/5.html
INFO: [ app_init ] --START--
INFO: Run Behavior\BuildLiteBehavior [ RunTime:0.000000s ]
INFO: [ app_init ] --END-- [ RunTime:0.001000s ]
INFO: [ app_begin ] --START--
INFO: Run Behavior\ReadHtmlCacheBehavior [ RunTime:0.001000s ]
INFO: [ app_begin ] --END-- [ RunTime:0.001000s ]
SQL: SHOW COLUMNS FROM `sg_goods_type` [ RunTime:0.0030s ]
SQL: SELECT COUNT(*) AS tp_count FROM `sg_goods_type` LIMIT 1   [ RunTime:0.0010s ]
SQL: SELECT * FROM `sg_goods_type` LIMIT 40,10   [ RunTime:0.0000s ]
INFO: [ view_parse ] --START--
INFO: [ template_filter ] --START--
INFO: Run Behavior\ContentReplaceBehavior [ RunTime:0.000000s ]
INFO: [ template_filter ] --END-- [ RunTime:0.000000s ]
INFO: Run Behavior\ParseTemplateBehavior [ RunTime:0.008000s ]
INFO: [ view_parse ] --END-- [ RunTime:0.008000s ]
INFO: [ view_filter ] --START--
INFO: Run Behavior\WriteHtmlCacheBehavior [ RunTime:0.001001s ]
INFO: [ view_filter ] --END-- [ RunTime:0.001001s ]
INFO: [ app_end ] --START--
INFO: Run Behavior\ShowPageTraceBehavior [ RunTime:0.001000s ]
INFO: [ app_end ] --END-- [ RunTime:0.001000s ]

[ 2017-08-04T17:05:18+08:00 ] ::1 /somegood/Admin/GoodsType/goods_type_list/p/6.html
INFO: [ app_init ] --START--
INFO: Run Behavior\BuildLiteBehavior [ RunTime:0.000000s ]
INFO: [ app_init ] --END-- [ RunTime:0.001000s ]
INFO: [ app_begin ] --START--
INFO: Run Behavior\ReadHtmlCacheBehavior [ RunTime:0.002000s ]
INFO: [ app_begin ] --END-- [ RunTime:0.002000s ]
SQL: SHOW COLUMNS FROM `sg_goods_type` [ RunTime:0.0030s ]
SQL: SELECT COUNT(*) AS tp_count FROM `sg_goods_type` LIMIT 1   [ RunTime:0.0010s ]
SQL: SELECT * FROM `sg_goods_type` LIMIT 50,10   [ RunTime:0.0010s ]
INFO: [ view_parse ] --START--
INFO: [ template_filter ] --START--
INFO: Run Behavior\ContentReplaceBehavior [ RunTime:0.000000s ]
INFO: [ template_filter ] --END-- [ RunTime:0.000000s ]
INFO: Run Behavior\ParseTemplateBehavior [ RunTime:0.010000s ]
INFO: [ view_parse ] --END-- [ RunTime:0.010000s ]
INFO: [ view_filter ] --START--
INFO: Run Behavior\WriteHtmlCacheBehavior [ RunTime:0.000000s ]
INFO: [ view_filter ] --END-- [ RunTime:0.000000s ]
INFO: [ app_end ] --START--
INFO: Run Behavior\ShowPageTraceBehavior [ RunTime:0.001000s ]
INFO: [ app_end ] --END-- [ RunTime:0.001000s ]

[ 2017-08-04T17:05:18+08:00 ] ::1 /somegood/Admin/GoodsType/goods_type_list/p/8.html
INFO: [ app_init ] --START--
INFO: Run Behavior\BuildLiteBehavior [ RunTime:0.000000s ]
INFO: [ app_init ] --END-- [ RunTime:0.001000s ]
INFO: [ app_begin ] --START--
INFO: Run Behavior\ReadHtmlCacheBehavior [ RunTime:0.002000s ]
INFO: [ app_begin ] --END-- [ RunTime:0.002000s ]
SQL: SHOW COLUMNS FROM `sg_goods_type` [ RunTime:0.0030s ]
SQL: SELECT COUNT(*) AS tp_count FROM `sg_goods_type` LIMIT 1   [ RunTime:0.0010s ]
SQL: SELECT * FROM `sg_goods_type` LIMIT 70,10   [ RunTime:0.0030s ]
INFO: [ view_parse ] --START--
INFO: [ template_filter ] --START--
INFO: Run Behavior\ContentReplaceBehavior [ RunTime:0.000000s ]
INFO: [ template_filter ] --END-- [ RunTime:0.000000s ]
INFO: Run Behavior\ParseTemplateBehavior [ RunTime:0.008000s ]
INFO: [ view_parse ] --END-- [ RunTime:0.009000s ]
INFO: [ view_filter ] --START--
INFO: Run Behavior\WriteHtmlCacheBehavior [ RunTime:0.001000s ]
INFO: [ view_filter ] --END-- [ RunTime:0.001000s ]
INFO: [ app_end ] --START--
INFO: Run Behavior\ShowPageTraceBehavior [ RunTime:0.001000s ]
INFO: [ app_end ] --END-- [ RunTime:0.001000s ]

[ 2017-08-04T17:05:20+08:00 ] ::1 /somegood/Admin/GoodsType/goods_type_list/p/1.html
INFO: [ app_init ] --START--
INFO: Run Behavior\BuildLiteBehavior [ RunTime:0.000000s ]
INFO: [ app_init ] --END-- [ RunTime:0.001000s ]
INFO: [ app_begin ] --START--
INFO: Run Behavior\ReadHtmlCacheBehavior [ RunTime:0.002000s ]
INFO: [ app_begin ] --END-- [ RunTime:0.002000s ]
SQL: SHOW COLUMNS FROM `sg_goods_type` [ RunTime:0.0040s ]
SQL: SELECT COUNT(*) AS tp_count FROM `sg_goods_type` LIMIT 1   [ RunTime:0.0010s ]
SQL: SELECT * FROM `sg_goods_type` LIMIT 0,10   [ RunTime:0.0050s ]
INFO: [ view_parse ] --START--
INFO: [ template_filter ] --START--
INFO: Run Behavior\ContentReplaceBehavior [ RunTime:0.000000s ]
INFO: [ template_filter ] --END-- [ RunTime:0.000000s ]
INFO: Run Behavior\ParseTemplateBehavior [ RunTime:0.008000s ]
INFO: [ view_parse ] --END-- [ RunTime:0.008000s ]
INFO: [ view_filter ] --START--
INFO: Run Behavior\WriteHtmlCacheBehavior [ RunTime:0.000000s ]
INFO: [ view_filter ] --END-- [ RunTime:0.000000s ]
INFO: [ app_end ] --START--
INFO: Run Behavior\ShowPageTraceBehavior [ RunTime:0.001000s ]
INFO: [ app_end ] --END-- [ RunTime:0.001000s ]

[ 2017-08-04T17:05:30+08:00 ] ::1 /somegood/Admin/GoodsType/goods_type_list/p/2.html
INFO: [ app_init ] --START--
INFO: Run Behavior\BuildLiteBehavior [ RunTime:0.000000s ]
INFO: [ app_init ] --END-- [ RunTime:0.000000s ]
INFO: [ app_begin ] --START--
INFO: Run Behavior\ReadHtmlCacheBehavior [ RunTime:0.001000s ]
INFO: [ app_begin ] --END-- [ RunTime:0.001000s ]
SQL: SHOW COLUMNS FROM `sg_goods_type` [ RunTime:0.0030s ]
SQL: SELECT COUNT(*) AS tp_count FROM `sg_goods_type` LIMIT 1   [ RunTime:0.0010s ]
SQL: SELECT * FROM `sg_goods_type` LIMIT 10,10   [ RunTime:0.0010s ]
INFO: [ view_parse ] --START--
INFO: [ template_filter ] --START--
INFO: Run Behavior\ContentReplaceBehavior [ RunTime:0.000000s ]
INFO: [ template_filter ] --END-- [ RunTime:0.000000s ]
INFO: Run Behavior\ParseTemplateBehavior [ RunTime:0.011001s ]
INFO: [ view_parse ] --END-- [ RunTime:0.011001s ]
INFO: [ view_filter ] --START--
INFO: Run Behavior\WriteHtmlCacheBehavior [ RunTime:0.000000s ]
INFO: [ view_filter ] --END-- [ RunTime:0.000000s ]
INFO: [ app_end ] --START--
INFO: Run Behavior\ShowPageTraceBehavior [ RunTime:0.000000s ]
INFO: [ app_end ] --END-- [ RunTime:0.001000s ]

[ 2017-08-04T17:05:32+08:00 ] ::1 /somegood/Admin/GoodsType/goods_type_list/p/3.html
INFO: [ app_init ] --START--
INFO: Run Behavior\BuildLiteBehavior [ RunTime:0.000000s ]
INFO: [ app_init ] --END-- [ RunTime:0.001000s ]
INFO: [ app_begin ] --START--
INFO: Run Behavior\ReadHtmlCacheBehavior [ RunTime:0.002000s ]
INFO: [ app_begin ] --END-- [ RunTime:0.002000s ]
SQL: SHOW COLUMNS FROM `sg_goods_type` [ RunTime:0.0080s ]
SQL: SELECT COUNT(*) AS tp_count FROM `sg_goods_type` LIMIT 1   [ RunTime:0.0010s ]
SQL: SELECT * FROM `sg_goods_type` LIMIT 20,10   [ RunTime:0.0010s ]
INFO: [ view_parse ] --START--
INFO: [ template_filter ] --START--
INFO: Run Behavior\ContentReplaceBehavior [ RunTime:0.000000s ]
INFO: [ template_filter ] --END-- [ RunTime:0.000000s ]
INFO: Run Behavior\ParseTemplateBehavior [ RunTime:0.011001s ]
INFO: [ view_parse ] --END-- [ RunTime:0.011001s ]
INFO: [ view_filter ] --START--
INFO: Run Behavior\WriteHtmlCacheBehavior [ RunTime:0.001000s ]
INFO: [ view_filter ] --END-- [ RunTime:0.001000s ]
INFO: [ app_end ] --START--
INFO: Run Behavior\ShowPageTraceBehavior [ RunTime:0.002000s ]
INFO: [ app_end ] --END-- [ RunTime:0.002000s ]

[ 2017-08-04T17:05:34+08:00 ] ::1 /somegood/Admin/GoodsType/goods_type_list/p/4.html
INFO: [ app_init ] --START--
INFO: Run Behavior\BuildLiteBehavior [ RunTime:0.000000s ]
INFO: [ app_init ] --END-- [ RunTime:0.001000s ]
INFO: [ app_begin ] --START--
INFO: Run Behavior\ReadHtmlCacheBehavior [ RunTime:0.001001s ]
INFO: [ app_begin ] --END-- [ RunTime:0.001001s ]
SQL: SHOW COLUMNS FROM `sg_goods_type` [ RunTime:0.0040s ]
SQL: SELECT COUNT(*) AS tp_count FROM `sg_goods_type` LIMIT 1   [ RunTime:0.0010s ]
SQL: SELECT * FROM `sg_goods_type` LIMIT 30,10   [ RunTime:0.0010s ]
INFO: [ view_parse ] --START--
INFO: [ template_filter ] --START--
INFO: Run Behavior\ContentReplaceBehavior [ RunTime:0.000000s ]
INFO: [ template_filter ] --END-- [ RunTime:0.000000s ]
INFO: Run Behavior\ParseTemplateBehavior [ RunTime:0.008001s ]
INFO: [ view_parse ] --END-- [ RunTime:0.008001s ]
INFO: [ view_filter ] --START--
INFO: Run Behavior\WriteHtmlCacheBehavior [ RunTime:0.000000s ]
INFO: [ view_filter ] --END-- [ RunTime:0.000000s ]
INFO: [ app_end ] --START--
INFO: Run Behavior\ShowPageTraceBehavior [ RunTime:0.001000s ]
INFO: [ app_end ] --END-- [ RunTime:0.001000s ]

[ 2017-08-04T17:09:45+08:00 ] ::1 /somegood/Admin/Goods/goods
INFO: [ app_init ] --START--
INFO: Run Behavior\BuildLiteBehavior [ RunTime:0.000000s ]
INFO: [ app_init ] --END-- [ RunTime:0.001000s ]
INFO: [ app_begin ] --START--
INFO: Run Behavior\ReadHtmlCacheBehavior [ RunTime:0.001000s ]
INFO: [ app_begin ] --END-- [ RunTime:0.001000s ]
SQL: SHOW COLUMNS FROM `sg_goods_category` [ RunTime:0.0040s ]
SQL: SELECT * FROM `sg_goods_category`  [ RunTime:0.0010s ]
SQL: SELECT * FROM `sg_goods_category` LIMIT 0,10   [ RunTime:0.0010s ]
INFO: [ view_parse ] --START--
INFO: [ template_filter ] --START--
INFO: Run Behavior\ContentReplaceBehavior [ RunTime:0.000000s ]
INFO: [ template_filter ] --END-- [ RunTime:0.000000s ]
NOTIC: [8] Undefined variable: category_list D:\xampps\htdocs\somegood\Runtime\Cache\Admin\14009d6233769dad092cdc929bb9c7a8.php 第 60 行.
NOTIC: [8] Undefined variable: category_list D:\xampps\htdocs\somegood\Runtime\Cache\Admin\14009d6233769dad092cdc929bb9c7a8.php 第 66 行.
NOTIC: [8] Undefined variable: property_list D:\xampps\htdocs\somegood\Runtime\Cache\Admin\14009d6233769dad092cdc929bb9c7a8.php 第 71 行.
NOTIC: [8] Undefined index: goods_title D:\xampps\htdocs\somegood\Runtime\Cache\Admin\14009d6233769dad092cdc929bb9c7a8.php 第 111 行.
NOTIC: [8] Undefined index: goods_title D:\xampps\htdocs\somegood\Runtime\Cache\Admin\14009d6233769dad092cdc929bb9c7a8.php 第 111 行.
NOTIC: [8] Undefined index: category_title D:\xampps\htdocs\somegood\Runtime\Cache\Admin\14009d6233769dad092cdc929bb9c7a8.php 第 112 行.
NOTIC: [8] Undefined index: keywords D:\xampps\htdocs\somegood\Runtime\Cache\Admin\14009d6233769dad092cdc929bb9c7a8.php 第 113 行.
NOTIC: [8] Undefined index: give_integral D:\xampps\htdocs\somegood\Runtime\Cache\Admin\14009d6233769dad092cdc929bb9c7a8.php 第 115 行.
NOTIC: [8] Undefined index: is_instalment D:\xampps\htdocs\somegood\Runtime\Cache\Admin\14009d6233769dad092cdc929bb9c7a8.php 第 116 行.
NOTIC: [8] Undefined index: add_time D:\xampps\htdocs\somegood\Runtime\Cache\Admin\14009d6233769dad092cdc929bb9c7a8.php 第 117 行.
NOTIC: [8] Undefined index: update_time D:\xampps\htdocs\somegood\Runtime\Cache\Admin\14009d6233769dad092cdc929bb9c7a8.php 第 118 行.
NOTIC: [8] Undefined index: status D:\xampps\htdocs\somegood\Runtime\Cache\Admin\14009d6233769dad092cdc929bb9c7a8.php 第 119 行.
INFO: Run Behavior\ParseTemplateBehavior [ RunTime:0.013001s ]
INFO: [ view_parse ] --END-- [ RunTime:0.013001s ]
INFO: [ view_filter ] --START--
INFO: Run Behavior\WriteHtmlCacheBehavior [ RunTime:0.000000s ]
INFO: [ view_filter ] --END-- [ RunTime:0.000000s ]
INFO: [ app_end ] --START--
INFO: Run Behavior\ShowPageTraceBehavior [ RunTime:0.001000s ]
INFO: [ app_end ] --END-- [ RunTime:0.001000s ]

[ 2017-08-04T17:12:54+08:00 ] ::1 /somegood/Admin/Goods/goods
INFO: [ app_init ] --START--
INFO: Run Behavior\BuildLiteBehavior [ RunTime:0.000000s ]
INFO: [ app_init ] --END-- [ RunTime:0.001000s ]
INFO: [ app_begin ] --START--
INFO: Run Behavior\ReadHtmlCacheBehavior [ RunTime:0.001000s ]
INFO: [ app_begin ] --END-- [ RunTime:0.001000s ]
SQL: SHOW COLUMNS FROM `sg_goods_category` [ RunTime:0.0030s ]
SQL: SELECT * FROM `sg_goods_category`  [ RunTime:0.0010s ]
SQL: SELECT * FROM `sg_goods_category` LIMIT 0,10   [ RunTime:0.0010s ]
INFO: [ view_parse ] --START--
INFO: [ template_filter ] --START--
INFO: Run Behavior\ContentReplaceBehavior [ RunTime:0.000000s ]
INFO: [ template_filter ] --END-- [ RunTime:0.000000s ]
NOTIC: [8] Undefined variable: category_list D:\xampps\htdocs\somegood\Runtime\Cache\Admin\14009d6233769dad092cdc929bb9c7a8.php 第 60 行.
NOTIC: [8] Undefined variable: category_list D:\xampps\htdocs\somegood\Runtime\Cache\Admin\14009d6233769dad092cdc929bb9c7a8.php 第 66 行.
NOTIC: [8] Undefined variable: property_list D:\xampps\htdocs\somegood\Runtime\Cache\Admin\14009d6233769dad092cdc929bb9c7a8.php 第 71 行.
NOTIC: [8] Undefined index: goods_title D:\xampps\htdocs\somegood\Runtime\Cache\Admin\14009d6233769dad092cdc929bb9c7a8.php 第 111 行.
NOTIC: [8] Undefined index: goods_title D:\xampps\htdocs\somegood\Runtime\Cache\Admin\14009d6233769dad092cdc929bb9c7a8.php 第 111 行.
NOTIC: [8] Undefined index: category_title D:\xampps\htdocs\somegood\Runtime\Cache\Admin\14009d6233769dad092cdc929bb9c7a8.php 第 112 行.
NOTIC: [8] Undefined index: keywords D:\xampps\htdocs\somegood\Runtime\Cache\Admin\14009d6233769dad092cdc929bb9c7a8.php 第 113 行.
NOTIC: [8] Undefined index: give_integral D:\xampps\htdocs\somegood\Runtime\Cache\Admin\14009d6233769dad092cdc929bb9c7a8.php 第 115 行.
NOTIC: [8] Undefined index: is_instalment D:\xampps\htdocs\somegood\Runtime\Cache\Admin\14009d6233769dad092cdc929bb9c7a8.php 第 116 行.
NOTIC: [8] Undefined index: add_time D:\xampps\htdocs\somegood\Runtime\Cache\Admin\14009d6233769dad092cdc929bb9c7a8.php 第 117 行.
NOTIC: [8] Undefined index: update_time D:\xampps\htdocs\somegood\Runtime\Cache\Admin\14009d6233769dad092cdc929bb9c7a8.php 第 118 行.
NOTIC: [8] Undefined index: status D:\xampps\htdocs\somegood\Runtime\Cache\Admin\14009d6233769dad092cdc929bb9c7a8.php 第 119 行.
INFO: Run Behavior\ParseTemplateBehavior [ RunTime:0.012001s ]
INFO: [ view_parse ] --END-- [ RunTime:0.012001s ]
INFO: [ view_filter ] --START--
INFO: Run Behavior\WriteHtmlCacheBehavior [ RunTime:0.001000s ]
INFO: [ view_filter ] --END-- [ RunTime:0.001000s ]
INFO: [ app_end ] --START--
INFO: Run Behavior\ShowPageTraceBehavior [ RunTime:0.001000s ]
INFO: [ app_end ] --END-- [ RunTime:0.001000s ]

[ 2017-08-04T17:13:25+08:00 ] ::1 /somegood/Admin/Goods/goods
INFO: [ app_init ] --START--
INFO: Run Behavior\BuildLiteBehavior [ RunTime:0.000000s ]
INFO: [ app_init ] --END-- [ RunTime:0.001000s ]
INFO: [ app_begin ] --START--
INFO: Run Behavior\ReadHtmlCacheBehavior [ RunTime:0.001000s ]
INFO: [ app_begin ] --END-- [ RunTime:0.001000s ]
SQL: SHOW COLUMNS FROM `sg_goods_category` [ RunTime:0.0050s ]
SQL: SELECT * FROM `sg_goods_category`  [ RunTime:0.0010s ]
SQL: SELECT * FROM `sg_goods_category` LIMIT 0,10   [ RunTime:0.0010s ]
INFO: [ view_parse ] --START--
INFO: [ template_filter ] --START--
INFO: Run Behavior\ContentReplaceBehavior [ RunTime:0.000000s ]
INFO: [ template_filter ] --END-- [ RunTime:0.000000s ]
NOTIC: [8] Undefined variable: category_list D:\xampps\htdocs\somegood\Runtime\Cache\Admin\14009d6233769dad092cdc929bb9c7a8.php 第 60 行.
NOTIC: [8] Undefined variable: category_list D:\xampps\htdocs\somegood\Runtime\Cache\Admin\14009d6233769dad092cdc929bb9c7a8.php 第 66 行.
NOTIC: [8] Undefined variable: property_list D:\xampps\htdocs\somegood\Runtime\Cache\Admin\14009d6233769dad092cdc929bb9c7a8.php 第 71 行.
NOTIC: [8] Undefined index: goods_title D:\xampps\htdocs\somegood\Runtime\Cache\Admin\14009d6233769dad092cdc929bb9c7a8.php 第 111 行.
NOTIC: [8] Undefined index: goods_title D:\xampps\htdocs\somegood\Runtime\Cache\Admin\14009d6233769dad092cdc929bb9c7a8.php 第 111 行.
NOTIC: [8] Undefined index: category_title D:\xampps\htdocs\somegood\Runtime\Cache\Admin\14009d6233769dad092cdc929bb9c7a8.php 第 112 行.
NOTIC: [8] Undefined index: keywords D:\xampps\htdocs\somegood\Runtime\Cache\Admin\14009d6233769dad092cdc929bb9c7a8.php 第 113 行.
NOTIC: [8] Undefined index: give_integral D:\xampps\htdocs\somegood\Runtime\Cache\Admin\14009d6233769dad092cdc929bb9c7a8.php 第 115 行.
NOTIC: [8] Undefined index: is_instalment D:\xampps\htdocs\somegood\Runtime\Cache\Admin\14009d6233769dad092cdc929bb9c7a8.php 第 116 行.
NOTIC: [8] Undefined index: add_time D:\xampps\htdocs\somegood\Runtime\Cache\Admin\14009d6233769dad092cdc929bb9c7a8.php 第 117 行.
NOTIC: [8] Undefined index: update_time D:\xampps\htdocs\somegood\Runtime\Cache\Admin\14009d6233769dad092cdc929bb9c7a8.php 第 118 行.
NOTIC: [8] Undefined index: status D:\xampps\htdocs\somegood\Runtime\Cache\Admin\14009d6233769dad092cdc929bb9c7a8.php 第 119 行.
INFO: Run Behavior\ParseTemplateBehavior [ RunTime:0.011001s ]
INFO: [ view_parse ] --END-- [ RunTime:0.011001s ]
INFO: [ view_filter ] --START--
INFO: Run Behavior\WriteHtmlCacheBehavior [ RunTime:0.000000s ]
INFO: [ view_filter ] --END-- [ RunTime:0.000000s ]
INFO: [ app_end ] --START--
INFO: Run Behavior\ShowPageTraceBehavior [ RunTime:0.001000s ]
INFO: [ app_end ] --END-- [ RunTime:0.001000s ]

[ 2017-08-04T17:13:30+08:00 ] ::1 /somegood/Admin/Goods/goods
INFO: [ app_init ] --START--
INFO: Run Behavior\BuildLiteBehavior [ RunTime:0.000000s ]
INFO: [ app_init ] --END-- [ RunTime:0.001000s ]
INFO: [ app_begin ] --START--
INFO: Run Behavior\ReadHtmlCacheBehavior [ RunTime:0.001000s ]
INFO: [ app_begin ] --END-- [ RunTime:0.001000s ]
SQL: SHOW COLUMNS FROM `sg_goods_category` [ RunTime:0.0030s ]
SQL: SELECT * FROM `sg_goods_category`  [ RunTime:0.0010s ]
SQL: SELECT * FROM `sg_goods_category` LIMIT 0,10   [ RunTime:0.0010s ]
INFO: [ view_parse ] --START--
INFO: [ template_filter ] --START--
INFO: Run Behavior\ContentReplaceBehavior [ RunTime:0.000000s ]
INFO: [ template_filter ] --END-- [ RunTime:0.000000s ]
NOTIC: [8] Undefined variable: category_list D:\xampps\htdocs\somegood\Runtime\Cache\Admin\14009d6233769dad092cdc929bb9c7a8.php 第 60 行.
NOTIC: [8] Undefined variable: category_list D:\xampps\htdocs\somegood\Runtime\Cache\Admin\14009d6233769dad092cdc929bb9c7a8.php 第 66 行.
NOTIC: [8] Undefined variable: property_list D:\xampps\htdocs\somegood\Runtime\Cache\Admin\14009d6233769dad092cdc929bb9c7a8.php 第 71 行.
NOTIC: [8] Undefined index: goods_title D:\xampps\htdocs\somegood\Runtime\Cache\Admin\14009d6233769dad092cdc929bb9c7a8.php 第 111 行.
NOTIC: [8] Undefined index: goods_title D:\xampps\htdocs\somegood\Runtime\Cache\Admin\14009d6233769dad092cdc929bb9c7a8.php 第 111 行.
NOTIC: [8] Undefined index: category_title D:\xampps\htdocs\somegood\Runtime\Cache\Admin\14009d6233769dad092cdc929bb9c7a8.php 第 112 行.
NOTIC: [8] Undefined index: keywords D:\xampps\htdocs\somegood\Runtime\Cache\Admin\14009d6233769dad092cdc929bb9c7a8.php 第 113 行.
NOTIC: [8] Undefined index: give_integral D:\xampps\htdocs\somegood\Runtime\Cache\Admin\14009d6233769dad092cdc929bb9c7a8.php 第 115 行.
NOTIC: [8] Undefined index: is_instalment D:\xampps\htdocs\somegood\Runtime\Cache\Admin\14009d6233769dad092cdc929bb9c7a8.php 第 116 行.
NOTIC: [8] Undefined index: add_time D:\xampps\htdocs\somegood\Runtime\Cache\Admin\14009d6233769dad092cdc929bb9c7a8.php 第 117 行.
NOTIC: [8] Undefined index: update_time D:\xampps\htdocs\somegood\Runtime\Cache\Admin\14009d6233769dad092cdc929bb9c7a8.php 第 118 行.
NOTIC: [8] Undefined index: status D:\xampps\htdocs\somegood\Runtime\Cache\Admin\14009d6233769dad092cdc929bb9c7a8.php 第 119 行.
INFO: Run Behavior\ParseTemplateBehavior [ RunTime:0.012000s ]
INFO: [ view_parse ] --END-- [ RunTime:0.013000s ]
INFO: [ view_filter ] --START--
INFO: Run Behavior\WriteHtmlCacheBehavior [ RunTime:0.000000s ]
INFO: [ view_filter ] --END-- [ RunTime:0.000000s ]
INFO: [ app_end ] --START--
INFO: Run Behavior\ShowPageTraceBehavior [ RunTime:0.001000s ]
INFO: [ app_end ] --END-- [ RunTime:0.001000s ]

[ 2017-08-04T17:13:42+08:00 ] ::1 /somegood/Admin/Goods/goods
INFO: [ app_init ] --START--
INFO: Run Behavior\BuildLiteBehavior [ RunTime:0.001000s ]
INFO: [ app_init ] --END-- [ RunTime:0.001000s ]
INFO: [ app_begin ] --START--
INFO: Run Behavior\ReadHtmlCacheBehavior [ RunTime:0.000000s ]
INFO: [ app_begin ] --END-- [ RunTime:0.000000s ]
SQL: SHOW COLUMNS FROM `sg_goods_category` [ RunTime:0.0050s ]
SQL: SELECT * FROM `sg_goods_category`  [ RunTime:0.0020s ]
SQL: SELECT * FROM `sg_goods_category` LIMIT 0,10   [ RunTime:0.0020s ]
INFO: [ view_parse ] --START--
INFO: [ template_filter ] --START--
INFO: Run Behavior\ContentReplaceBehavior [ RunTime:0.000000s ]
INFO: [ template_filter ] --END-- [ RunTime:0.000000s ]
NOTIC: [8] Undefined variable: category_list D:\xampps\htdocs\somegood\Runtime\Cache\Admin\14009d6233769dad092cdc929bb9c7a8.php 第 60 行.
NOTIC: [8] Undefined variable: category_list D:\xampps\htdocs\somegood\Runtime\Cache\Admin\14009d6233769dad092cdc929bb9c7a8.php 第 66 行.
NOTIC: [8] Undefined variable: property_list D:\xampps\htdocs\somegood\Runtime\Cache\Admin\14009d6233769dad092cdc929bb9c7a8.php 第 71 行.
NOTIC: [8] Undefined index: goods_title D:\xampps\htdocs\somegood\Runtime\Cache\Admin\14009d6233769dad092cdc929bb9c7a8.php 第 111 行.
NOTIC: [8] Undefined index: goods_title D:\xampps\htdocs\somegood\Runtime\Cache\Admin\14009d6233769dad092cdc929bb9c7a8.php 第 111 行.
NOTIC: [8] Undefined index: category_title D:\xampps\htdocs\somegood\Runtime\Cache\Admin\14009d6233769dad092cdc929bb9c7a8.php 第 112 行.
NOTIC: [8] Undefined index: keywords D:\xampps\htdocs\somegood\Runtime\Cache\Admin\14009d6233769dad092cdc929bb9c7a8.php 第 113 行.
NOTIC: [8] Undefined index: give_integral D:\xampps\htdocs\somegood\Runtime\Cache\Admin\14009d6233769dad092cdc929bb9c7a8.php 第 115 行.
NOTIC: [8] Undefined index: is_instalment D:\xampps\htdocs\somegood\Runtime\Cache\Admin\14009d6233769dad092cdc929bb9c7a8.php 第 116 行.
NOTIC: [8] Undefined index: add_time D:\xampps\htdocs\somegood\Runtime\Cache\Admin\14009d6233769dad092cdc929bb9c7a8.php 第 117 行.
NOTIC: [8] Undefined index: update_time D:\xampps\htdocs\somegood\Runtime\Cache\Admin\14009d6233769dad092cdc929bb9c7a8.php 第 118 行.
NOTIC: [8] Undefined index: status D:\xampps\htdocs\somegood\Runtime\Cache\Admin\14009d6233769dad092cdc929bb9c7a8.php 第 119 行.
INFO: Run Behavior\ParseTemplateBehavior [ RunTime:0.010000s ]
INFO: [ view_parse ] --END-- [ RunTime:0.010000s ]
INFO: [ view_filter ] --START--
INFO: Run Behavior\WriteHtmlCacheBehavior [ RunTime:0.001001s ]
INFO: [ view_filter ] --END-- [ RunTime:0.001001s ]
INFO: [ app_end ] --START--
INFO: Run Behavior\ShowPageTraceBehavior [ RunTime:0.001000s ]
INFO: [ app_end ] --END-- [ RunTime:0.001000s ]

[ 2017-08-04T17:13:43+08:00 ] ::1 /somegood/Admin/GoodsType/goods_type_list.html
INFO: [ app_init ] --START--
INFO: Run Behavior\BuildLiteBehavior [ RunTime:0.000000s ]
INFO: [ app_init ] --END-- [ RunTime:0.001000s ]
INFO: [ app_begin ] --START--
INFO: Run Behavior\ReadHtmlCacheBehavior [ RunTime:0.001000s ]
INFO: [ app_begin ] --END-- [ RunTime:0.001000s ]
SQL: SHOW COLUMNS FROM `sg_goods_type` [ RunTime:0.0020s ]
SQL: SELECT COUNT(*) AS tp_count FROM `sg_goods_type` LIMIT 1   [ RunTime:0.0010s ]
SQL: SELECT * FROM `sg_goods_type` LIMIT 0,10   [ RunTime:0.0000s ]
INFO: [ view_parse ] --START--
INFO: [ template_filter ] --START--
INFO: Run Behavior\ContentReplaceBehavior [ RunTime:0.000000s ]
INFO: [ template_filter ] --END-- [ RunTime:0.000000s ]
INFO: Run Behavior\ParseTemplateBehavior [ RunTime:0.006000s ]
INFO: [ view_parse ] --END-- [ RunTime:0.006000s ]
INFO: [ view_filter ] --START--
INFO: Run Behavior\WriteHtmlCacheBehavior [ RunTime:0.001000s ]
INFO: [ view_filter ] --END-- [ RunTime:0.001000s ]
INFO: [ app_end ] --START--
INFO: Run Behavior\ShowPageTraceBehavior [ RunTime:0.001001s ]
INFO: [ app_end ] --END-- [ RunTime:0.001001s ]

[ 2017-08-04T17:15:32+08:00 ] ::1 /somegood/Admin/Goods/add.html
INFO: [ app_init ] --START--
INFO: Run Behavior\BuildLiteBehavior [ RunTime:0.000000s ]
INFO: [ app_init ] --END-- [ RunTime:0.000000s ]
INFO: [ app_begin ] --START--
INFO: Run Behavior\ReadHtmlCacheBehavior [ RunTime:0.001000s ]
INFO: [ app_begin ] --END-- [ RunTime:0.001000s ]
ERR: 非法操作:add

[ 2017-08-04T17:16:37+08:00 ] ::1 /somegood/Admin/Goods/goods
INFO: [ app_init ] --START--
INFO: Run Behavior\BuildLiteBehavior [ RunTime:0.000000s ]
INFO: [ app_init ] --END-- [ RunTime:0.001000s ]
INFO: [ app_begin ] --START--
INFO: Run Behavior\ReadHtmlCacheBehavior [ RunTime:0.002001s ]
INFO: [ app_begin ] --END-- [ RunTime:0.002001s ]
SQL: SHOW COLUMNS FROM `sg_goods_category` [ RunTime:0.0070s ]
SQL: SELECT * FROM `sg_goods_category`  [ RunTime:0.0020s ]
SQL: SELECT * FROM `sg_goods_category` LIMIT 0,10   [ RunTime:0.0020s ]
INFO: [ view_parse ] --START--
INFO: [ template_filter ] --START--
INFO: Run Behavior\ContentReplaceBehavior [ RunTime:0.000000s ]
INFO: [ template_filter ] --END-- [ RunTime:0.000000s ]
NOTIC: [8] Undefined variable: category_list D:\xampps\htdocs\somegood\Runtime\Cache\Admin\14009d6233769dad092cdc929bb9c7a8.php 第 60 行.
NOTIC: [8] Undefined variable: category_list D:\xampps\htdocs\somegood\Runtime\Cache\Admin\14009d6233769dad092cdc929bb9c7a8.php 第 66 行.
NOTIC: [8] Undefined variable: property_list D:\xampps\htdocs\somegood\Runtime\Cache\Admin\14009d6233769dad092cdc929bb9c7a8.php 第 71 行.
NOTIC: [8] Undefined index: goods_title D:\xampps\htdocs\somegood\Runtime\Cache\Admin\14009d6233769dad092cdc929bb9c7a8.php 第 111 行.
NOTIC: [8] Undefined index: goods_title D:\xampps\htdocs\somegood\Runtime\Cache\Admin\14009d6233769dad092cdc929bb9c7a8.php 第 111 行.
NOTIC: [8] Undefined index: category_title D:\xampps\htdocs\somegood\Runtime\Cache\Admin\14009d6233769dad092cdc929bb9c7a8.php 第 112 行.
NOTIC: [8] Undefined index: keywords D:\xampps\htdocs\somegood\Runtime\Cache\Admin\14009d6233769dad092cdc929bb9c7a8.php 第 113 行.
NOTIC: [8] Undefined index: give_integral D:\xampps\htdocs\somegood\Runtime\Cache\Admin\14009d6233769dad092cdc929bb9c7a8.php 第 115 行.
NOTIC: [8] Undefined index: is_instalment D:\xampps\htdocs\somegood\Runtime\Cache\Admin\14009d6233769dad092cdc929bb9c7a8.php 第 116 行.
NOTIC: [8] Undefined index: add_time D:\xampps\htdocs\somegood\Runtime\Cache\Admin\14009d6233769dad092cdc929bb9c7a8.php 第 117 行.
NOTIC: [8] Undefined index: update_time D:\xampps\htdocs\somegood\Runtime\Cache\Admin\14009d6233769dad092cdc929bb9c7a8.php 第 118 行.
NOTIC: [8] Undefined index: status D:\xampps\htdocs\somegood\Runtime\Cache\Admin\14009d6233769dad092cdc929bb9c7a8.php 第 119 行.
INFO: Run Behavior\ParseTemplateBehavior [ RunTime:0.010001s ]
INFO: [ view_parse ] --END-- [ RunTime:0.010001s ]
INFO: [ view_filter ] --START--
INFO: Run Behavior\WriteHtmlCacheBehavior [ RunTime:0.001000s ]
INFO: [ view_filter ] --END-- [ RunTime:0.001000s ]
INFO: [ app_end ] --START--
INFO: Run Behavior\ShowPageTraceBehavior [ RunTime:0.000000s ]
INFO: [ app_end ] --END-- [ RunTime:0.000000s ]

[ 2017-08-04T17:16:39+08:00 ] ::1 /somegood/Admin/Goods/add.html
INFO: [ app_init ] --START--
INFO: Run Behavior\BuildLiteBehavior [ RunTime:0.000000s ]
INFO: [ app_init ] --END-- [ RunTime:0.000000s ]
INFO: [ app_begin ] --START--
INFO: Run Behavior\ReadHtmlCacheBehavior [ RunTime:0.001000s ]
INFO: [ app_begin ] --END-- [ RunTime:0.001000s ]
ERR: 非法操作:add

[ 2017-08-04T17:16:50+08:00 ] ::1 /somegood/Admin/Goods/goods
INFO: [ app_init ] --START--
INFO: Run Behavior\BuildLiteBehavior [ RunTime:0.000000s ]
INFO: [ app_init ] --END-- [ RunTime:0.000000s ]
INFO: [ app_begin ] --START--
INFO: Run Behavior\ReadHtmlCacheBehavior [ RunTime:0.000000s ]
INFO: [ app_begin ] --END-- [ RunTime:0.000000s ]
SQL: SHOW COLUMNS FROM `sg_goods_category` [ RunTime:0.0070s ]
SQL: SELECT * FROM `sg_goods_category`  [ RunTime:0.0020s ]
SQL: SELECT * FROM `sg_goods_category` LIMIT 0,10   [ RunTime:0.0010s ]
INFO: [ view_parse ] --START--
INFO: [ template_filter ] --START--
INFO: Run Behavior\ContentReplaceBehavior [ RunTime:0.000000s ]
INFO: [ template_filter ] --END-- [ RunTime:0.000000s ]
NOTIC: [8] Undefined variable: category_list D:\xampps\htdocs\somegood\Runtime\Cache\Admin\14009d6233769dad092cdc929bb9c7a8.php 第 60 行.
NOTIC: [8] Undefined variable: category_list D:\xampps\htdocs\somegood\Runtime\Cache\Admin\14009d6233769dad092cdc929bb9c7a8.php 第 66 行.
NOTIC: [8] Undefined variable: property_list D:\xampps\htdocs\somegood\Runtime\Cache\Admin\14009d6233769dad092cdc929bb9c7a8.php 第 71 行.
NOTIC: [8] Undefined index: goods_title D:\xampps\htdocs\somegood\Runtime\Cache\Admin\14009d6233769dad092cdc929bb9c7a8.php 第 111 行.
NOTIC: [8] Undefined index: goods_title D:\xampps\htdocs\somegood\Runtime\Cache\Admin\14009d6233769dad092cdc929bb9c7a8.php 第 111 行.
NOTIC: [8] Undefined index: category_title D:\xampps\htdocs\somegood\Runtime\Cache\Admin\14009d6233769dad092cdc929bb9c7a8.php 第 112 行.
NOTIC: [8] Undefined index: keywords D:\xampps\htdocs\somegood\Runtime\Cache\Admin\14009d6233769dad092cdc929bb9c7a8.php 第 113 行.
NOTIC: [8] Undefined index: give_integral D:\xampps\htdocs\somegood\Runtime\Cache\Admin\14009d6233769dad092cdc929bb9c7a8.php 第 115 行.
NOTIC: [8] Undefined index: is_instalment D:\xampps\htdocs\somegood\Runtime\Cache\Admin\14009d6233769dad092cdc929bb9c7a8.php 第 116 行.
NOTIC: [8] Undefined index: add_time D:\xampps\htdocs\somegood\Runtime\Cache\Admin\14009d6233769dad092cdc929bb9c7a8.php 第 117 行.
NOTIC: [8] Undefined index: update_time D:\xampps\htdocs\somegood\Runtime\Cache\Admin\14009d6233769dad092cdc929bb9c7a8.php 第 118 行.
NOTIC: [8] Undefined index: status D:\xampps\htdocs\somegood\Runtime\Cache\Admin\14009d6233769dad092cdc929bb9c7a8.php 第 119 行.
INFO: Run Behavior\ParseTemplateBehavior [ RunTime:0.011001s ]
INFO: [ view_parse ] --END-- [ RunTime:0.012001s ]
INFO: [ view_filter ] --START--
INFO: Run Behavior\WriteHtmlCacheBehavior [ RunTime:0.000000s ]
INFO: [ view_filter ] --END-- [ RunTime:0.000000s ]
INFO: [ app_end ] --START--
INFO: Run Behavior\ShowPageTraceBehavior [ RunTime:0.000000s ]
INFO: [ app_end ] --END-- [ RunTime:0.000000s ]

[ 2017-08-04T17:16:50+08:00 ] ::1 /somegood/Admin/Goods/add.html
INFO: [ app_init ] --START--
INFO: Run Behavior\BuildLiteBehavior [ RunTime:0.000000s ]
INFO: [ app_init ] --END-- [ RunTime:0.001000s ]
INFO: [ app_begin ] --START--
INFO: Run Behavior\ReadHtmlCacheBehavior [ RunTime:0.001000s ]
INFO: [ app_begin ] --END-- [ RunTime:0.001000s ]
ERR: 模板不存在:./Apps/Admin/View/Goods/add.html

[ 2017-08-04T18:41:56+08:00 ] ::1 /somegood/Admin/GoodsType/goods_type_list/p/1.html
INFO: [ app_init ] --START--
INFO: Run Behavior\BuildLiteBehavior [ RunTime:0.000000s ]
INFO: [ app_init ] --END-- [ RunTime:0.000000s ]
INFO: [ app_begin ] --START--
INFO: Run Behavior\ReadHtmlCacheBehavior [ RunTime:0.000000s ]
INFO: [ app_begin ] --END-- [ RunTime:0.000000s ]
SQL: SHOW COLUMNS FROM `sg_goods_type` [ RunTime:0.0030s ]
SQL: SELECT COUNT(*) AS tp_count FROM `sg_goods_type` LIMIT 1   [ RunTime:0.0010s ]
SQL: SELECT * FROM `sg_goods_type` LIMIT 0,10   [ RunTime:0.0010s ]
INFO: [ view_parse ] --START--
INFO: [ template_filter ] --START--
INFO: Run Behavior\ContentReplaceBehavior [ RunTime:0.000000s ]
INFO: [ template_filter ] --END-- [ RunTime:0.000000s ]
INFO: Run Behavior\ParseTemplateBehavior [ RunTime:0.008000s ]
INFO: [ view_parse ] --END-- [ RunTime:0.008000s ]
INFO: [ view_filter ] --START--
INFO: Run Behavior\WriteHtmlCacheBehavior [ RunTime:0.000000s ]
INFO: [ view_filter ] --END-- [ RunTime:0.000000s ]
INFO: [ app_end ] --START--
INFO: Run Behavior\ShowPageTraceBehavior [ RunTime:0.000000s ]
INFO: [ app_end ] --END-- [ RunTime:0.001000s ]

[ 2017-08-04T18:41:59+08:00 ] ::1 /somegood/Admin/GoodsType/goods_type_list/p/1.html
INFO: [ app_init ] --START--
INFO: Run Behavior\BuildLiteBehavior [ RunTime:0.000000s ]
INFO: [ app_init ] --END-- [ RunTime:0.000000s ]
INFO: [ app_begin ] --START--
INFO: Run Behavior\ReadHtmlCacheBehavior [ RunTime:0.000000s ]
INFO: [ app_begin ] --END-- [ RunTime:0.000000s ]
SQL: SHOW COLUMNS FROM `sg_goods_type` [ RunTime:0.0060s ]
SQL: SELECT COUNT(*) AS tp_count FROM `sg_goods_type` LIMIT 1   [ RunTime:0.0010s ]
SQL: SELECT * FROM `sg_goods_type` LIMIT 0,10   [ RunTime:0.0010s ]
INFO: [ view_parse ] --START--
INFO: [ template_filter ] --START--
INFO: Run Behavior\ContentReplaceBehavior [ RunTime:0.000000s ]
INFO: [ template_filter ] --END-- [ RunTime:0.000000s ]
INFO: Run Behavior\ParseTemplateBehavior [ RunTime:0.007001s ]
INFO: [ view_parse ] --END-- [ RunTime:0.007001s ]
INFO: [ view_filter ] --START--
INFO: Run Behavior\WriteHtmlCacheBehavior [ RunTime:0.001000s ]
INFO: [ view_filter ] --END-- [ RunTime:0.001000s ]
INFO: [ app_end ] --START--
INFO: Run Behavior\ShowPageTraceBehavior [ RunTime:0.001000s ]
INFO: [ app_end ] --END-- [ RunTime:0.002000s ]

[ 2017-08-04T18:42:30+08:00 ] ::1 /somegood/Admin/Goods/goods
INFO: [ app_init ] --START--
INFO: Run Behavior\BuildLiteBehavior [ RunTime:0.000000s ]
INFO: [ app_init ] --END-- [ RunTime:0.000000s ]
INFO: [ app_begin ] --START--
INFO: Run Behavior\ReadHtmlCacheBehavior [ RunTime:0.001000s ]
INFO: [ app_begin ] --END-- [ RunTime:0.001000s ]
SQL: SHOW COLUMNS FROM `sg_goods_category` [ RunTime:0.0050s ]
SQL: SELECT * FROM `sg_goods_category`  [ RunTime:0.0130s ]
SQL: SELECT * FROM `sg_goods_category` LIMIT 0,10   [ RunTime:0.0020s ]
INFO: [ view_parse ] --START--
INFO: [ template_filter ] --START--
INFO: Run Behavior\ContentReplaceBehavior [ RunTime:0.000000s ]
INFO: [ template_filter ] --END-- [ RunTime:0.000000s ]
NOTIC: [8] Undefined variable: category_list D:\xampps\htdocs\somegood\Runtime\Cache\Admin\14009d6233769dad092cdc929bb9c7a8.php 第 60 行.
NOTIC: [8] Undefined variable: category_list D:\xampps\htdocs\somegood\Runtime\Cache\Admin\14009d6233769dad092cdc929bb9c7a8.php 第 66 行.
NOTIC: [8] Undefined variable: property_list D:\xampps\htdocs\somegood\Runtime\Cache\Admin\14009d6233769dad092cdc929bb9c7a8.php 第 71 行.
NOTIC: [8] Undefined index: goods_title D:\xampps\htdocs\somegood\Runtime\Cache\Admin\14009d6233769dad092cdc929bb9c7a8.php 第 111 行.
NOTIC: [8] Undefined index: goods_title D:\xampps\htdocs\somegood\Runtime\Cache\Admin\14009d6233769dad092cdc929bb9c7a8.php 第 111 行.
NOTIC: [8] Undefined index: category_title D:\xampps\htdocs\somegood\Runtime\Cache\Admin\14009d6233769dad092cdc929bb9c7a8.php 第 112 行.
NOTIC: [8] Undefined index: keywords D:\xampps\htdocs\somegood\Runtime\Cache\Admin\14009d6233769dad092cdc929bb9c7a8.php 第 113 行.
NOTIC: [8] Undefined index: give_integral D:\xampps\htdocs\somegood\Runtime\Cache\Admin\14009d6233769dad092cdc929bb9c7a8.php 第 115 行.
NOTIC: [8] Undefined index: is_instalment D:\xampps\htdocs\somegood\Runtime\Cache\Admin\14009d6233769dad092cdc929bb9c7a8.php 第 116 行.
NOTIC: [8] Undefined index: add_time D:\xampps\htdocs\somegood\Runtime\Cache\Admin\14009d6233769dad092cdc929bb9c7a8.php 第 117 行.
NOTIC: [8] Undefined index: update_time D:\xampps\htdocs\somegood\Runtime\Cache\Admin\14009d6233769dad092cdc929bb9c7a8.php 第 118 行.
NOTIC: [8] Undefined index: status D:\xampps\htdocs\somegood\Runtime\Cache\Admin\14009d6233769dad092cdc929bb9c7a8.php 第 119 行.
INFO: Run Behavior\ParseTemplateBehavior [ RunTime:0.011001s ]
INFO: [ view_parse ] --END-- [ RunTime:0.011001s ]
INFO: [ view_filter ] --START--
INFO: Run Behavior\WriteHtmlCacheBehavior [ RunTime:0.000000s ]
INFO: [ view_filter ] --END-- [ RunTime:0.000000s ]
INFO: [ app_end ] --START--
INFO: Run Behavior\ShowPageTraceBehavior [ RunTime:0.001000s ]
INFO: [ app_end ] --END-- [ RunTime:0.001000s ]

[ 2017-08-04T18:53:08+08:00 ] ::1 /somegood/Admin/Goods/goods
INFO: [ app_init ] --START--
INFO: Run Behavior\BuildLiteBehavior [ RunTime:0.000000s ]
INFO: [ app_init ] --END-- [ RunTime:0.001000s ]
INFO: [ app_begin ] --START--
INFO: Run Behavior\ReadHtmlCacheBehavior [ RunTime:0.001000s ]
INFO: [ app_begin ] --END-- [ RunTime:0.001000s ]
SQL: SHOW COLUMNS FROM `sg_goods_category` [ RunTime:0.0080s ]
SQL: SELECT * FROM `sg_goods_category`  [ RunTime:0.0010s ]
SQL: SELECT * FROM `sg_goods_category` LIMIT 0,10   [ RunTime:0.0020s ]
INFO: [ view_parse ] --START--
INFO: [ template_filter ] --START--
INFO: Run Behavior\ContentReplaceBehavior [ RunTime:0.000000s ]
INFO: [ template_filter ] --END-- [ RunTime:0.000000s ]
NOTIC: [8] Undefined variable: category_list D:\xampps\htdocs\somegood\Runtime\Cache\Admin\14009d6233769dad092cdc929bb9c7a8.php 第 60 行.
NOTIC: [8] Undefined variable: category_list D:\xampps\htdocs\somegood\Runtime\Cache\Admin\14009d6233769dad092cdc929bb9c7a8.php 第 66 行.
NOTIC: [8] Undefined variable: property_list D:\xampps\htdocs\somegood\Runtime\Cache\Admin\14009d6233769dad092cdc929bb9c7a8.php 第 71 行.
NOTIC: [8] Undefined index: goods_title D:\xampps\htdocs\somegood\Runtime\Cache\Admin\14009d6233769dad092cdc929bb9c7a8.php 第 111 行.
NOTIC: [8] Undefined index: goods_title D:\xampps\htdocs\somegood\Runtime\Cache\Admin\14009d6233769dad092cdc929bb9c7a8.php 第 111 行.
NOTIC: [8] Undefined index: category_title D:\xampps\htdocs\somegood\Runtime\Cache\Admin\14009d6233769dad092cdc929bb9c7a8.php 第 112 行.
NOTIC: [8] Undefined index: keywords D:\xampps\htdocs\somegood\Runtime\Cache\Admin\14009d6233769dad092cdc929bb9c7a8.php 第 113 行.
NOTIC: [8] Undefined index: give_integral D:\xampps\htdocs\somegood\Runtime\Cache\Admin\14009d6233769dad092cdc929bb9c7a8.php 第 115 行.
NOTIC: [8] Undefined index: is_instalment D:\xampps\htdocs\somegood\Runtime\Cache\Admin\14009d6233769dad092cdc929bb9c7a8.php 第 116 行.
NOTIC: [8] Undefined index: add_time D:\xampps\htdocs\somegood\Runtime\Cache\Admin\14009d6233769dad092cdc929bb9c7a8.php 第 117 行.
NOTIC: [8] Undefined index: update_time D:\xampps\htdocs\somegood\Runtime\Cache\Admin\14009d6233769dad092cdc929bb9c7a8.php 第 118 行.
NOTIC: [8] Undefined index: status D:\xampps\htdocs\somegood\Runtime\Cache\Admin\14009d6233769dad092cdc929bb9c7a8.php 第 119 行.
INFO: Run Behavior\ParseTemplateBehavior [ RunTime:0.010000s ]
INFO: [ view_parse ] --END-- [ RunTime:0.010000s ]
INFO: [ view_filter ] --START--
INFO: Run Behavior\WriteHtmlCacheBehavior [ RunTime:0.001000s ]
INFO: [ view_filter ] --END-- [ RunTime:0.001000s ]
INFO: [ app_end ] --START--
INFO: Run Behavior\ShowPageTraceBehavior [ RunTime:0.000000s ]
INFO: [ app_end ] --END-- [ RunTime:0.000000s ]

[ 2017-08-04T18:53:55+08:00 ] ::1 /somegood/Admin/Goods/goods
INFO: [ app_init ] --START--
INFO: Run Behavior\BuildLiteBehavior [ RunTime:0.000000s ]
INFO: [ app_init ] --END-- [ RunTime:0.001000s ]
INFO: [ app_begin ] --START--
INFO: Run Behavior\ReadHtmlCacheBehavior [ RunTime:0.002000s ]
INFO: [ app_begin ] --END-- [ RunTime:0.002000s ]
SQL: SHOW COLUMNS FROM `sg_goods` [ RunTime:0.0080s ]
SQL: SELECT * FROM `sg_goods`  [ RunTime:0.0010s ]
SQL: SELECT * FROM `sg_goods` LIMIT 0,10   [ RunTime:0.0010s ]
INFO: [ view_parse ] --START--
INFO: [ template_filter ] --START--
INFO: Run Behavior\ContentReplaceBehavior [ RunTime:0.000000s ]
INFO: [ template_filter ] --END-- [ RunTime:0.000000s ]
NOTIC: [8] Undefined variable: category_list D:\xampps\htdocs\somegood\Runtime\Cache\Admin\14009d6233769dad092cdc929bb9c7a8.php 第 60 行.
NOTIC: [8] Undefined variable: category_list D:\xampps\htdocs\somegood\Runtime\Cache\Admin\14009d6233769dad092cdc929bb9c7a8.php 第 66 行.
NOTIC: [8] Undefined variable: property_list D:\xampps\htdocs\somegood\Runtime\Cache\Admin\14009d6233769dad092cdc929bb9c7a8.php 第 71 行.
NOTIC: [8] Undefined index: category_title D:\xampps\htdocs\somegood\Runtime\Cache\Admin\14009d6233769dad092cdc929bb9c7a8.php 第 112 行.
NOTIC: [8] Undefined index: is_instalment D:\xampps\htdocs\somegood\Runtime\Cache\Admin\14009d6233769dad092cdc929bb9c7a8.php 第 116 行.
INFO: Run Behavior\ParseTemplateBehavior [ RunTime:0.010001s ]
INFO: [ view_parse ] --END-- [ RunTime:0.010001s ]
INFO: [ view_filter ] --START--
INFO: Run Behavior\WriteHtmlCacheBehavior [ RunTime:0.001000s ]
INFO: [ view_filter ] --END-- [ RunTime:0.001000s ]
INFO: [ app_end ] --START--
INFO: Run Behavior\ShowPageTraceBehavior [ RunTime:0.001000s ]
INFO: [ app_end ] --END-- [ RunTime:0.001000s ]

[ 2017-08-04T18:54:17+08:00 ] ::1 /somegood/Admin/Goods/goods
INFO: [ app_init ] --START--
INFO: Run Behavior\BuildLiteBehavior [ RunTime:0.000000s ]
INFO: [ app_init ] --END-- [ RunTime:0.000000s ]
INFO: [ app_begin ] --START--
INFO: Run Behavior\ReadHtmlCacheBehavior [ RunTime:0.001000s ]
INFO: [ app_begin ] --END-- [ RunTime:0.001000s ]
SQL: SHOW COLUMNS FROM `sg_goods` [ RunTime:0.0080s ]
SQL: SELECT * FROM `sg_goods`  [ RunTime:0.0020s ]
SQL: SELECT * FROM `sg_goods` LIMIT 0,10   [ RunTime:0.0020s ]
INFO: [ view_parse ] --START--
INFO: [ template_filter ] --START--
INFO: Run Behavior\ContentReplaceBehavior [ RunTime:0.000000s ]
INFO: [ template_filter ] --END-- [ RunTime:0.000000s ]
NOTIC: [8] Undefined variable: category_list D:\xampps\htdocs\somegood\Runtime\Cache\Admin\14009d6233769dad092cdc929bb9c7a8.php 第 60 行.
NOTIC: [8] Undefined variable: category_list D:\xampps\htdocs\somegood\Runtime\Cache\Admin\14009d6233769dad092cdc929bb9c7a8.php 第 66 行.
NOTIC: [8] Undefined variable: property_list D:\xampps\htdocs\somegood\Runtime\Cache\Admin\14009d6233769dad092cdc929bb9c7a8.php 第 71 行.
NOTIC: [8] Undefined index: category_title D:\xampps\htdocs\somegood\Runtime\Cache\Admin\14009d6233769dad092cdc929bb9c7a8.php 第 112 行.
NOTIC: [8] Undefined index: is_instalment D:\xampps\htdocs\somegood\Runtime\Cache\Admin\14009d6233769dad092cdc929bb9c7a8.php 第 116 行.
INFO: Run Behavior\ParseTemplateBehavior [ RunTime:0.013000s ]
INFO: [ view_parse ] --END-- [ RunTime:0.013000s ]
INFO: [ view_filter ] --START--
INFO: Run Behavior\WriteHtmlCacheBehavior [ RunTime:0.000000s ]
INFO: [ view_filter ] --END-- [ RunTime:0.001000s ]
INFO: [ app_end ] --START--
INFO: Run Behavior\ShowPageTraceBehavior [ RunTime:0.000000s ]
INFO: [ app_end ] --END-- [ RunTime:0.002001s ]

[ 2017-08-04T18:54:39+08:00 ] ::1 /somegood/Admin/Goods/goods
INFO: [ app_init ] --START--
INFO: Run Behavior\BuildLiteBehavior [ RunTime:0.000000s ]
INFO: [ app_init ] --END-- [ RunTime:0.001000s ]
INFO: [ app_begin ] --START--
INFO: Run Behavior\ReadHtmlCacheBehavior [ RunTime:0.001000s ]
INFO: [ app_begin ] --END-- [ RunTime:0.001000s ]
SQL: SHOW COLUMNS FROM `sg_goods` [ RunTime:0.0070s ]
SQL: SELECT * FROM `sg_goods`  [ RunTime:0.0010s ]
SQL: SELECT * FROM `sg_goods` LIMIT 0,10   [ RunTime:0.0040s ]
INFO: [ view_parse ] --START--
INFO: [ template_filter ] --START--
INFO: Run Behavior\ContentReplaceBehavior [ RunTime:0.000000s ]
INFO: [ template_filter ] --END-- [ RunTime:0.000000s ]
NOTIC: [8] Undefined variable: category_list D:\xampps\htdocs\somegood\Runtime\Cache\Admin\14009d6233769dad092cdc929bb9c7a8.php 第 60 行.
NOTIC: [8] Undefined variable: category_list D:\xampps\htdocs\somegood\Runtime\Cache\Admin\14009d6233769dad092cdc929bb9c7a8.php 第 66 行.
NOTIC: [8] Undefined variable: property_list D:\xampps\htdocs\somegood\Runtime\Cache\Admin\14009d6233769dad092cdc929bb9c7a8.php 第 71 行.
NOTIC: [8] Undefined index: category_title D:\xampps\htdocs\somegood\Runtime\Cache\Admin\14009d6233769dad092cdc929bb9c7a8.php 第 112 行.
NOTIC: [8] Undefined index: is_instalment D:\xampps\htdocs\somegood\Runtime\Cache\Admin\14009d6233769dad092cdc929bb9c7a8.php 第 116 行.
INFO: Run Behavior\ParseTemplateBehavior [ RunTime:0.010001s ]
INFO: [ view_parse ] --END-- [ RunTime:0.010001s ]
INFO: [ view_filter ] --START--
INFO: Run Behavior\WriteHtmlCacheBehavior [ RunTime:0.000000s ]
INFO: [ view_filter ] --END-- [ RunTime:0.000000s ]
INFO: [ app_end ] --START--
INFO: Run Behavior\ShowPageTraceBehavior [ RunTime:0.001000s ]
INFO: [ app_end ] --END-- [ RunTime:0.001000s ]

[ 2017-08-04T18:56:14+08:00 ] ::1 /somegood/Admin/Goods/goods
INFO: [ app_init ] --START--
INFO: Run Behavior\BuildLiteBehavior [ RunTime:0.000000s ]
INFO: [ app_init ] --END-- [ RunTime:0.001000s ]
INFO: [ app_begin ] --START--
INFO: Run Behavior\ReadHtmlCacheBehavior [ RunTime:0.001000s ]
INFO: [ app_begin ] --END-- [ RunTime:0.001000s ]
SQL: SHOW COLUMNS FROM `sg_goods` [ RunTime:0.0090s ]
SQL: SELECT * FROM `sg_goods`  [ RunTime:0.0020s ]
SQL: SELECT * FROM `sg_goods` LIMIT 0,10   [ RunTime:0.0020s ]
INFO: [ view_parse ] --START--
INFO: [ template_filter ] --START--
INFO: Run Behavior\ContentReplaceBehavior [ RunTime:0.000000s ]
INFO: [ template_filter ] --END-- [ RunTime:0.000000s ]
NOTIC: [8] Undefined variable: category_list D:\xampps\htdocs\somegood\Runtime\Cache\Admin\14009d6233769dad092cdc929bb9c7a8.php 第 60 行.
NOTIC: [8] Undefined variable: category_list D:\xampps\htdocs\somegood\Runtime\Cache\Admin\14009d6233769dad092cdc929bb9c7a8.php 第 66 行.
NOTIC: [8] Undefined variable: property_list D:\xampps\htdocs\somegood\Runtime\Cache\Admin\14009d6233769dad092cdc929bb9c7a8.php 第 71 行.
NOTIC: [8] Undefined index: is_instalment D:\xampps\htdocs\somegood\Runtime\Cache\Admin\14009d6233769dad092cdc929bb9c7a8.php 第 116 行.
INFO: Run Behavior\ParseTemplateBehavior [ RunTime:0.009000s ]
INFO: [ view_parse ] --END-- [ RunTime:0.009000s ]
INFO: [ view_filter ] --START--
INFO: Run Behavior\WriteHtmlCacheBehavior [ RunTime:0.001000s ]
INFO: [ view_filter ] --END-- [ RunTime:0.001000s ]
INFO: [ app_end ] --START--
INFO: Run Behavior\ShowPageTraceBehavior [ RunTime:0.001000s ]
INFO: [ app_end ] --END-- [ RunTime:0.001000s ]

[ 2017-08-04T18:56:33+08:00 ] ::1 /somegood/Admin/Goods/goods
INFO: [ app_init ] --START--
INFO: Run Behavior\BuildLiteBehavior [ RunTime:0.000000s ]
INFO: [ app_init ] --END-- [ RunTime:0.000000s ]
INFO: [ app_begin ] --START--
INFO: Run Behavior\ReadHtmlCacheBehavior [ RunTime:0.000000s ]
INFO: [ app_begin ] --END-- [ RunTime:0.000000s ]
SQL: SHOW COLUMNS FROM `sg_goods` [ RunTime:0.0080s ]
SQL: SELECT * FROM `sg_goods`  [ RunTime:0.0010s ]
SQL: SELECT * FROM `sg_goods` LIMIT 0,10   [ RunTime:0.0010s ]
INFO: [ view_parse ] --START--
INFO: [ template_filter ] --START--
INFO: Run Behavior\ContentReplaceBehavior [ RunTime:0.001000s ]
INFO: [ template_filter ] --END-- [ RunTime:0.001000s ]
NOTIC: [8] Undefined variable: category_list D:\xampps\htdocs\somegood\Runtime\Cache\Admin\14009d6233769dad092cdc929bb9c7a8.php 第 60 行.
NOTIC: [8] Undefined variable: category_list D:\xampps\htdocs\somegood\Runtime\Cache\Admin\14009d6233769dad092cdc929bb9c7a8.php 第 66 行.
NOTIC: [8] Undefined variable: property_list D:\xampps\htdocs\somegood\Runtime\Cache\Admin\14009d6233769dad092cdc929bb9c7a8.php 第 71 行.
NOTIC: [8] Undefined index: category_title D:\xampps\htdocs\somegood\Runtime\Cache\Admin\14009d6233769dad092cdc929bb9c7a8.php 第 112 行.
NOTIC: [8] Undefined index: is_instalment D:\xampps\htdocs\somegood\Runtime\Cache\Admin\14009d6233769dad092cdc929bb9c7a8.php 第 116 行.
INFO: Run Behavior\ParseTemplateBehavior [ RunTime:0.010000s ]
INFO: [ view_parse ] --END-- [ RunTime:0.010000s ]
INFO: [ view_filter ] --START--
INFO: Run Behavior\WriteHtmlCacheBehavior [ RunTime:0.000000s ]
INFO: [ view_filter ] --END-- [ RunTime:0.001000s ]
INFO: [ app_end ] --START--
INFO: Run Behavior\ShowPageTraceBehavior [ RunTime:0.000000s ]
INFO: [ app_end ] --END-- [ RunTime:0.000000s ]

[ 2017-08-04T18:58:23+08:00 ] ::1 /somegood/Admin/Goods/goods
INFO: [ app_init ] --START--
INFO: Run Behavior\BuildLiteBehavior [ RunTime:0.000000s ]
INFO: [ app_init ] --END-- [ RunTime:0.000000s ]
INFO: [ app_begin ] --START--
INFO: Run Behavior\ReadHtmlCacheBehavior [ RunTime:0.002000s ]
INFO: [ app_begin ] --END-- [ RunTime:0.002000s ]
SQL: SHOW COLUMNS FROM `sg_goods` [ RunTime:0.0080s ]
SQL: SELECT * FROM `sg_goods`  [ RunTime:0.0020s ]
SQL: SELECT * FROM `sg_goods` LIMIT 0,10   [ RunTime:0.0020s ]
INFO: [ view_parse ] --START--
INFO: [ template_filter ] --START--
INFO: Run Behavior\ContentReplaceBehavior [ RunTime:0.000000s ]
INFO: [ template_filter ] --END-- [ RunTime:0.000000s ]
NOTIC: [8] Undefined variable: category_list D:\xampps\htdocs\somegood\Runtime\Cache\Admin\14009d6233769dad092cdc929bb9c7a8.php 第 60 行.
NOTIC: [8] Undefined variable: category_list D:\xampps\htdocs\somegood\Runtime\Cache\Admin\14009d6233769dad092cdc929bb9c7a8.php 第 66 行.
NOTIC: [8] Undefined variable: property_list D:\xampps\htdocs\somegood\Runtime\Cache\Admin\14009d6233769dad092cdc929bb9c7a8.php 第 71 行.
NOTIC: [8] Undefined index: category_title D:\xampps\htdocs\somegood\Runtime\Cache\Admin\14009d6233769dad092cdc929bb9c7a8.php 第 112 行.
NOTIC: [8] Undefined index: is_instalment D:\xampps\htdocs\somegood\Runtime\Cache\Admin\14009d6233769dad092cdc929bb9c7a8.php 第 116 行.
INFO: Run Behavior\ParseTemplateBehavior [ RunTime:0.015001s ]
INFO: [ view_parse ] --END-- [ RunTime:0.015001s ]
INFO: [ view_filter ] --START--
INFO: Run Behavior\WriteHtmlCacheBehavior [ RunTime:0.001000s ]
INFO: [ view_filter ] --END-- [ RunTime:0.001000s ]
INFO: [ app_end ] --START--
INFO: Run Behavior\ShowPageTraceBehavior [ RunTime:0.001000s ]
INFO: [ app_end ] --END-- [ RunTime:0.002000s ]

[ 2017-08-04T18:59:06+08:00 ] ::1 /somegood/Admin/Goods/goods
INFO: [ app_init ] --START--
INFO: Run Behavior\BuildLiteBehavior [ RunTime:0.000000s ]
INFO: [ app_init ] --END-- [ RunTime:0.000000s ]
INFO: [ app_begin ] --START--
INFO: Run Behavior\ReadHtmlCacheBehavior [ RunTime:0.000000s ]
INFO: [ app_begin ] --END-- [ RunTime:0.001000s ]
SQL: SHOW COLUMNS FROM `sg_goods` [ RunTime:0.0080s ]
SQL: SELECT * FROM `sg_goods`  [ RunTime:0.0010s ]
SQL: SELECT * FROM `sg_goods` LIMIT 0,10   [ RunTime:0.0010s ]
INFO: [ view_parse ] --START--
INFO: [ template_filter ] --START--
INFO: Run Behavior\ContentReplaceBehavior [ RunTime:0.000000s ]
INFO: [ template_filter ] --END-- [ RunTime:0.000000s ]
NOTIC: [8] Undefined variable: category_list D:\xampps\htdocs\somegood\Runtime\Cache\Admin\14009d6233769dad092cdc929bb9c7a8.php 第 60 行.
NOTIC: [8] Undefined variable: category_list D:\xampps\htdocs\somegood\Runtime\Cache\Admin\14009d6233769dad092cdc929bb9c7a8.php 第 66 行.
NOTIC: [8] Undefined variable: property_list D:\xampps\htdocs\somegood\Runtime\Cache\Admin\14009d6233769dad092cdc929bb9c7a8.php 第 71 行.
NOTIC: [8] Undefined index: category_title D:\xampps\htdocs\somegood\Runtime\Cache\Admin\14009d6233769dad092cdc929bb9c7a8.php 第 112 行.
NOTIC: [8] Undefined index: is_instalment D:\xampps\htdocs\somegood\Runtime\Cache\Admin\14009d6233769dad092cdc929bb9c7a8.php 第 116 行.
INFO: Run Behavior\ParseTemplateBehavior [ RunTime:0.012001s ]
INFO: [ view_parse ] --END-- [ RunTime:0.013001s ]
INFO: [ view_filter ] --START--
INFO: Run Behavior\WriteHtmlCacheBehavior [ RunTime:0.000000s ]
INFO: [ view_filter ] --END-- [ RunTime:0.000000s ]
INFO: [ app_end ] --START--
INFO: Run Behavior\ShowPageTraceBehavior [ RunTime:0.001000s ]
INFO: [ app_end ] --END-- [ RunTime:0.001000s ]

