[ 2018-01-09T11:48:39+08:00 ] ::1 /somegood/Mobile/cart/index
INFO: [ app_init ] --START--
INFO: Run Behavior\BuildLiteBehavior [ RunTime:0.000000s ]
INFO: [ app_init ] --END-- [ RunTime:0.000000s ]
INFO: [ app_begin ] --START--
INFO: Run Behavior\ReadHtmlCacheBehavior [ RunTime:0.001001s ]
INFO: Run Behavior\CronRunBehavior [ RunTime:0.000000s ]
INFO: [ app_begin ] --END-- [ RunTime:0.001001s ]
SQL: SHOW COLUMNS FROM `sg_cart` [ RunTime:0.0040s ]
SQL: SELECT COUNT(*) AS tp_count FROM sg_cart c WHERE `phpsessid` = 'qc9263b8q7ji2s8qt7p5sisle5' AND c.user_id = 0 LIMIT 1   [ RunTime:0.0010s ]
SQL: SELECT c.cart_id,c.real_goods_id,sd.stock,sd.sg_id,g.id,g.online_stock,c.goods_id,c.seller_id,c.store_name,c.store_id,sd.is_onsale as is_on_sale,c.goods_title,c.counts,c.goods_thumb,c.store_name as s_name,c.market_price,c.goods_price FROM sg_cart c LEFT JOIN sg_seller_delivery AS sd ON sd.id = c.goods_id LEFT JOIN sg_goods AS g ON c.real_goods_id = g.id  WHERE `phpsessid` = 'qc9263b8q7ji2s8qt7p5sisle5' AND c.user_id = 0  [ RunTime:0.0020s ]
SQL: SELECT c.*,u.user_name,group_concat(c.store_name) FROM sg_cart c LEFT JOIN sg_users AS u ON u.uid = c.seller_id  WHERE `phpsessid` = 'qc9263b8q7ji2s8qt7p5sisle5' AND c.user_id = 0 GROUP BY c.seller_id  [ RunTime:0.0020s ]
NOTIC: [8] Undefined index: HTTP_REFERER D:\xampps\htdocs\somegood\Apps\Mobile\Controller\CartController.class.php 第 35 行.
INFO: [ view_parse ] --START--
INFO: [ template_filter ] --START--
INFO: Run Behavior\ContentReplaceBehavior [ RunTime:0.001000s ]
INFO: [ template_filter ] --END-- [ RunTime:0.001000s ]
NOTIC: [8] Undefined variable: Think D:\xampps\htdocs\somegood\Runtime\Cache\Mobile\87fceaacfa5c8d0dd3235647d4c529fb.php 第 34 行.
NOTIC: [8] Undefined variable:  D:\xampps\htdocs\somegood\Runtime\Cache\Mobile\87fceaacfa5c8d0dd3235647d4c529fb.php 第 34 行.
NOTIC: [8] Undefined variable: Think D:\xampps\htdocs\somegood\Runtime\Cache\Mobile\87fceaacfa5c8d0dd3235647d4c529fb.php 第 38 行.
NOTIC: [8] Undefined variable:  D:\xampps\htdocs\somegood\Runtime\Cache\Mobile\87fceaacfa5c8d0dd3235647d4c529fb.php 第 38 行.
NOTIC: [8] Undefined variable: web_title D:\xampps\htdocs\somegood\Runtime\Cache\Mobile\87fceaacfa5c8d0dd3235647d4c529fb.php 第 145 行.
INFO: Run Behavior\ParseTemplateBehavior [ RunTime:0.012001s ]
INFO: [ view_parse ] --END-- [ RunTime:0.012001s ]
INFO: [ view_filter ] --START--
INFO: Run Behavior\WriteHtmlCacheBehavior [ RunTime:0.000000s ]
INFO: Run Behavior\TokenBuildBehavior [ RunTime:0.001000s ]
INFO: [ view_filter ] --END-- [ RunTime:0.001000s ]
INFO: [ app_end ] --START--
INFO: Run Behavior\ShowPageTraceBehavior [ RunTime:0.001000s ]
INFO: [ app_end ] --END-- [ RunTime:0.001000s ]

[ 2018-01-09T11:48:40+08:00 ] ::1 /somegood/Mobile/Cart/getCartNum.html
INFO: [ app_init ] --START--
INFO: Run Behavior\BuildLiteBehavior [ RunTime:0.000000s ]
INFO: [ app_init ] --END-- [ RunTime:0.000000s ]
INFO: [ app_begin ] --START--
INFO: Run Behavior\ReadHtmlCacheBehavior [ RunTime:0.000000s ]
INFO: Run Behavior\CronRunBehavior [ RunTime:0.001000s ]
INFO: [ app_begin ] --END-- [ RunTime:0.001000s ]
NOTIC: [2048] Declaration of Common\Model\RegionModel::add() should be compatible with Think\Model::add($data = '', $options = Array, $replace = false) D:\xampps\htdocs\somegood\Apps\Common\Model\RegionModel.class.php 第 5 行.
NOTIC: [2048] Declaration of Common\Model\RegionModel::save() should be compatible with Think\Model::save($data = '', $options = Array) D:\xampps\htdocs\somegood\Apps\Common\Model\RegionModel.class.php 第 5 行.
SQL: SHOW COLUMNS FROM `sg_region` [ RunTime:0.0050s ]
SQL: SHOW COLUMNS FROM `sg_region` [ RunTime:0.0060s ]
SQL: SELECT * FROM `sg_region` WHERE `name` = '深圳' LIMIT 1   [ RunTime:0.0030s ]
SQL: SHOW COLUMNS FROM `sg_cart` [ RunTime:0.0050s ]
SQL: SELECT SUM(counts) AS tp_sum FROM `sg_cart` WHERE `phpsessid` = 'qc9263b8q7ji2s8qt7p5sisle5' AND `user_id` = 0 LIMIT 1   [ RunTime:0.0030s ]

[ 2018-01-09T11:48:40+08:00 ] ::1 /somegood/Mobile/Cart/isWho.html
INFO: [ app_init ] --START--
INFO: Run Behavior\BuildLiteBehavior [ RunTime:0.000000s ]
INFO: [ app_init ] --END-- [ RunTime:0.000000s ]
INFO: [ app_begin ] --START--
INFO: Run Behavior\ReadHtmlCacheBehavior [ RunTime:0.001000s ]
INFO: Run Behavior\CronRunBehavior [ RunTime:0.000000s ]
INFO: [ app_begin ] --END-- [ RunTime:0.001000s ]
NOTIC: [2048] Declaration of Common\Model\RegionModel::add() should be compatible with Think\Model::add($data = '', $options = Array, $replace = false) D:\xampps\htdocs\somegood\Apps\Common\Model\RegionModel.class.php 第 5 行.
NOTIC: [2048] Declaration of Common\Model\RegionModel::save() should be compatible with Think\Model::save($data = '', $options = Array) D:\xampps\htdocs\somegood\Apps\Common\Model\RegionModel.class.php 第 5 行.
SQL: SHOW COLUMNS FROM `sg_region` [ RunTime:0.0040s ]
SQL: SHOW COLUMNS FROM `sg_region` [ RunTime:0.0030s ]
SQL: SELECT * FROM `sg_region` WHERE `name` = '深圳' LIMIT 1   [ RunTime:0.0020s ]

[ 2018-01-09T11:48:46+08:00 ] ::1 /somegood/Mobile/Index/index.html
INFO: [ app_init ] --START--
INFO: Run Behavior\BuildLiteBehavior [ RunTime:0.000000s ]
INFO: [ app_init ] --END-- [ RunTime:0.001000s ]
INFO: [ app_begin ] --START--
INFO: Run Behavior\ReadHtmlCacheBehavior [ RunTime:0.001000s ]
INFO: Run Behavior\CronRunBehavior [ RunTime:0.000000s ]
INFO: [ app_begin ] --END-- [ RunTime:0.001000s ]
NOTIC: [2048] Declaration of Common\Model\RegionModel::add() should be compatible with Think\Model::add($data = '', $options = Array, $replace = false) D:\xampps\htdocs\somegood\Apps\Common\Model\RegionModel.class.php 第 5 行.
NOTIC: [2048] Declaration of Common\Model\RegionModel::save() should be compatible with Think\Model::save($data = '', $options = Array) D:\xampps\htdocs\somegood\Apps\Common\Model\RegionModel.class.php 第 5 行.
SQL: SHOW COLUMNS FROM `sg_region` [ RunTime:0.0050s ]
SQL: SHOW COLUMNS FROM `sg_region` [ RunTime:0.0040s ]
SQL: SELECT * FROM `sg_region` WHERE `name` = '深圳' LIMIT 1   [ RunTime:0.0040s ]
SQL: SHOW COLUMNS FROM `sg_adv` [ RunTime:0.0050s ]
SQL: SHOW COLUMNS FROM `sg_adv` [ RunTime:0.0050s ]
SQL: SELECT * FROM `sg_adv` ORDER BY sort_num ASC,id DESC LIMIT 4   [ RunTime:0.0010s ]
SQL: SHOW COLUMNS FROM `sg_keywords` [ RunTime:0.0050s ]
SQL: SELECT * FROM `sg_keywords` ORDER BY count DESC LIMIT 0,4   [ RunTime:0.0020s ]
SQL: SHOW COLUMNS FROM `sg_goods` [ RunTime:0.0050s ]
SQL: SHOW COLUMNS FROM `sg_goods` [ RunTime:0.0050s ]
SQL: SELECT g.id,g.goods_title,g.price,g.content,gc.title AS category_name,SUM(sd.sales_volume) as sales_volume FROM sg_goods g LEFT JOIN sg_goods_category AS gc ON g.category_id = gc.id LEFT JOIN sg_seller_delivery AS sd ON g.id = sd.sg_id  WHERE g.status = 1 ORDER BY update_time desc, id desc LIMIT 10   [ RunTime:0.0020s ]
SQL: SHOW COLUMNS FROM `sg_store_type` [ RunTime:0.0040s ]
SQL: SELECT * FROM `sg_store_type`  [ RunTime:0.0020s ]
SQL: SHOW COLUMNS FROM `sg_store` [ RunTime:0.0050s ]
SQL: SELECT COUNT(*) AS tp_count FROM `sg_store` WHERE `status` = 1 LIMIT 1   [ RunTime:0.0010s ]
INFO: [ view_parse ] --START--
INFO: [ template_filter ] --START--
INFO: Run Behavior\ContentReplaceBehavior [ RunTime:0.000000s ]
INFO: [ template_filter ] --END-- [ RunTime:0.000000s ]
NOTIC: [8] Undefined variable: isAjax D:\xampps\htdocs\somegood\Runtime\Cache\Mobile\cfca91beb49811c39e2bad25e2e139a4.php 第 1 行.
NOTIC: [8] Undefined variable: keywords D:\xampps\htdocs\somegood\Runtime\Cache\Mobile\cfca91beb49811c39e2bad25e2e139a4.php 第 49 行.
NOTIC: [8] Undefined variable: hotKeywords D:\xampps\htdocs\somegood\Runtime\Cache\Mobile\cfca91beb49811c39e2bad25e2e139a4.php 第 69 行.
NOTIC: [8] Use of undefined constant img_url - assumed 'img_url' D:\xampps\htdocs\somegood\Runtime\Cache\Mobile\cfca91beb49811c39e2bad25e2e139a4.php 第 99 行.
NOTIC: [8] Use of undefined constant title - assumed 'title' D:\xampps\htdocs\somegood\Runtime\Cache\Mobile\cfca91beb49811c39e2bad25e2e139a4.php 第 99 行.
NOTIC: [8] Use of undefined constant title - assumed 'title' D:\xampps\htdocs\somegood\Runtime\Cache\Mobile\cfca91beb49811c39e2bad25e2e139a4.php 第 99 行.
NOTIC: [8] Use of undefined constant img_url - assumed 'img_url' D:\xampps\htdocs\somegood\Runtime\Cache\Mobile\cfca91beb49811c39e2bad25e2e139a4.php 第 99 行.
NOTIC: [8] Use of undefined constant title - assumed 'title' D:\xampps\htdocs\somegood\Runtime\Cache\Mobile\cfca91beb49811c39e2bad25e2e139a4.php 第 99 行.
NOTIC: [8] Use of undefined constant title - assumed 'title' D:\xampps\htdocs\somegood\Runtime\Cache\Mobile\cfca91beb49811c39e2bad25e2e139a4.php 第 99 行.
NOTIC: [8] Use of undefined constant img_url - assumed 'img_url' D:\xampps\htdocs\somegood\Runtime\Cache\Mobile\cfca91beb49811c39e2bad25e2e139a4.php 第 99 行.
NOTIC: [8] Use of undefined constant title - assumed 'title' D:\xampps\htdocs\somegood\Runtime\Cache\Mobile\cfca91beb49811c39e2bad25e2e139a4.php 第 99 行.
NOTIC: [8] Use of undefined constant title - assumed 'title' D:\xampps\htdocs\somegood\Runtime\Cache\Mobile\cfca91beb49811c39e2bad25e2e139a4.php 第 99 行.
NOTIC: [8] Use of undefined constant img_url - assumed 'img_url' D:\xampps\htdocs\somegood\Runtime\Cache\Mobile\cfca91beb49811c39e2bad25e2e139a4.php 第 99 行.
NOTIC: [8] Use of undefined constant title - assumed 'title' D:\xampps\htdocs\somegood\Runtime\Cache\Mobile\cfca91beb49811c39e2bad25e2e139a4.php 第 99 行.
NOTIC: [8] Use of undefined constant title - assumed 'title' D:\xampps\htdocs\somegood\Runtime\Cache\Mobile\cfca91beb49811c39e2bad25e2e139a4.php 第 99 行.
NOTIC: [8] Use of undefined constant img_url - assumed 'img_url' D:\xampps\htdocs\somegood\Runtime\Cache\Mobile\cfca91beb49811c39e2bad25e2e139a4.php 第 99 行.
NOTIC: [8] Use of undefined constant title - assumed 'title' D:\xampps\htdocs\somegood\Runtime\Cache\Mobile\cfca91beb49811c39e2bad25e2e139a4.php 第 99 行.
NOTIC: [8] Use of undefined constant title - assumed 'title' D:\xampps\htdocs\somegood\Runtime\Cache\Mobile\cfca91beb49811c39e2bad25e2e139a4.php 第 99 行.
NOTIC: [8] Use of undefined constant img_url - assumed 'img_url' D:\xampps\htdocs\somegood\Runtime\Cache\Mobile\cfca91beb49811c39e2bad25e2e139a4.php 第 99 行.
NOTIC: [8] Use of undefined constant title - assumed 'title' D:\xampps\htdocs\somegood\Runtime\Cache\Mobile\cfca91beb49811c39e2bad25e2e139a4.php 第 99 行.
NOTIC: [8] Use of undefined constant title - assumed 'title' D:\xampps\htdocs\somegood\Runtime\Cache\Mobile\cfca91beb49811c39e2bad25e2e139a4.php 第 99 行.
NOTIC: [8] Use of undefined constant img_url - assumed 'img_url' D:\xampps\htdocs\somegood\Runtime\Cache\Mobile\cfca91beb49811c39e2bad25e2e139a4.php 第 99 行.
NOTIC: [8] Use of undefined constant title - assumed 'title' D:\xampps\htdocs\somegood\Runtime\Cache\Mobile\cfca91beb49811c39e2bad25e2e139a4.php 第 99 行.
NOTIC: [8] Use of undefined constant title - assumed 'title' D:\xampps\htdocs\somegood\Runtime\Cache\Mobile\cfca91beb49811c39e2bad25e2e139a4.php 第 99 行.
NOTIC: [8] Use of undefined constant img_url - assumed 'img_url' D:\xampps\htdocs\somegood\Runtime\Cache\Mobile\cfca91beb49811c39e2bad25e2e139a4.php 第 99 行.
NOTIC: [8] Use of undefined constant title - assumed 'title' D:\xampps\htdocs\somegood\Runtime\Cache\Mobile\cfca91beb49811c39e2bad25e2e139a4.php 第 99 行.
NOTIC: [8] Use of undefined constant title - assumed 'title' D:\xampps\htdocs\somegood\Runtime\Cache\Mobile\cfca91beb49811c39e2bad25e2e139a4.php 第 99 行.
NOTIC: [8] Undefined variable: Think D:\xampps\htdocs\somegood\Runtime\Cache\Mobile\cfca91beb49811c39e2bad25e2e139a4.php 第 218 行.
NOTIC: [8] Undefined variable:  D:\xampps\htdocs\somegood\Runtime\Cache\Mobile\cfca91beb49811c39e2bad25e2e139a4.php 第 218 行.
NOTIC: [8] Undefined variable: Think D:\xampps\htdocs\somegood\Runtime\Cache\Mobile\cfca91beb49811c39e2bad25e2e139a4.php 第 222 行.
NOTIC: [8] Undefined variable:  D:\xampps\htdocs\somegood\Runtime\Cache\Mobile\cfca91beb49811c39e2bad25e2e139a4.php 第 222 行.
INFO: Run Behavior\ParseTemplateBehavior [ RunTime:0.028001s ]
INFO: [ view_parse ] --END-- [ RunTime:0.028001s ]
INFO: [ view_filter ] --START--
INFO: Run Behavior\WriteHtmlCacheBehavior [ RunTime:0.000000s ]
INFO: Run Behavior\TokenBuildBehavior [ RunTime:0.002000s ]
INFO: [ view_filter ] --END-- [ RunTime:0.002000s ]
INFO: [ app_end ] --START--
INFO: Run Behavior\ShowPageTraceBehavior [ RunTime:0.000000s ]
INFO: [ app_end ] --END-- [ RunTime:0.001000s ]

[ 2018-01-09T11:48:46+08:00 ] ::1 /somegood/Mobile/Cart/isWho.html
INFO: [ app_init ] --START--
INFO: Run Behavior\BuildLiteBehavior [ RunTime:0.000000s ]
INFO: [ app_init ] --END-- [ RunTime:0.000000s ]
INFO: [ app_begin ] --START--
INFO: Run Behavior\ReadHtmlCacheBehavior [ RunTime:0.000000s ]
INFO: Run Behavior\CronRunBehavior [ RunTime:0.001000s ]
INFO: [ app_begin ] --END-- [ RunTime:0.001000s ]
NOTIC: [2048] Declaration of Common\Model\RegionModel::add() should be compatible with Think\Model::add($data = '', $options = Array, $replace = false) D:\xampps\htdocs\somegood\Apps\Common\Model\RegionModel.class.php 第 5 行.
NOTIC: [2048] Declaration of Common\Model\RegionModel::save() should be compatible with Think\Model::save($data = '', $options = Array) D:\xampps\htdocs\somegood\Apps\Common\Model\RegionModel.class.php 第 5 行.
SQL: SHOW COLUMNS FROM `sg_region` [ RunTime:0.0050s ]
SQL: SHOW COLUMNS FROM `sg_region` [ RunTime:0.0050s ]
SQL: SELECT * FROM `sg_region` WHERE `name` = '深圳' LIMIT 1   [ RunTime:0.0040s ]

[ 2018-01-09T11:48:46+08:00 ] ::1 /somegood/Mobile/Cart/getCartNum.html
INFO: [ app_init ] --START--
INFO: Run Behavior\BuildLiteBehavior [ RunTime:0.000000s ]
INFO: [ app_init ] --END-- [ RunTime:0.000000s ]
INFO: [ app_begin ] --START--
INFO: Run Behavior\ReadHtmlCacheBehavior [ RunTime:0.000000s ]
INFO: Run Behavior\CronRunBehavior [ RunTime:0.001000s ]
INFO: [ app_begin ] --END-- [ RunTime:0.001000s ]
NOTIC: [2048] Declaration of Common\Model\RegionModel::add() should be compatible with Think\Model::add($data = '', $options = Array, $replace = false) D:\xampps\htdocs\somegood\Apps\Common\Model\RegionModel.class.php 第 5 行.
NOTIC: [2048] Declaration of Common\Model\RegionModel::save() should be compatible with Think\Model::save($data = '', $options = Array) D:\xampps\htdocs\somegood\Apps\Common\Model\RegionModel.class.php 第 5 行.
SQL: SHOW COLUMNS FROM `sg_region` [ RunTime:0.0050s ]
SQL: SHOW COLUMNS FROM `sg_region` [ RunTime:0.0050s ]
SQL: SELECT * FROM `sg_region` WHERE `name` = '深圳' LIMIT 1   [ RunTime:0.0030s ]
SQL: SHOW COLUMNS FROM `sg_cart` [ RunTime:0.0050s ]
SQL: SELECT SUM(counts) AS tp_sum FROM `sg_cart` WHERE `phpsessid` = 'qc9263b8q7ji2s8qt7p5sisle5' AND `user_id` = 0 LIMIT 1   [ RunTime:0.0010s ]

[ 2018-01-09T11:48:52+08:00 ] ::1 /somegood/Mobile/Users/index.html
INFO: [ app_init ] --START--
INFO: Run Behavior\BuildLiteBehavior [ RunTime:0.000000s ]
INFO: [ app_init ] --END-- [ RunTime:0.000000s ]
INFO: [ app_begin ] --START--
INFO: Run Behavior\ReadHtmlCacheBehavior [ RunTime:0.001000s ]
INFO: Run Behavior\CronRunBehavior [ RunTime:0.000000s ]
INFO: [ app_begin ] --END-- [ RunTime:0.001000s ]
INFO: [ view_parse ] --START--
INFO: [ template_filter ] --START--
INFO: Run Behavior\ContentReplaceBehavior [ RunTime:0.000000s ]
INFO: [ template_filter ] --END-- [ RunTime:0.000000s ]
INFO: Run Behavior\ParseTemplateBehavior [ RunTime:0.016001s ]
INFO: [ view_parse ] --END-- [ RunTime:0.016001s ]
INFO: [ view_filter ] --START--
INFO: Run Behavior\WriteHtmlCacheBehavior [ RunTime:0.001000s ]
INFO: Run Behavior\TokenBuildBehavior [ RunTime:0.000000s ]
INFO: [ view_filter ] --END-- [ RunTime:0.001000s ]

[ 2018-01-09T11:48:54+08:00 ] ::1 /somegood/Mobile/login/login.html
INFO: [ app_init ] --START--
INFO: Run Behavior\BuildLiteBehavior [ RunTime:0.000000s ]
INFO: [ app_init ] --END-- [ RunTime:0.000000s ]
INFO: [ app_begin ] --START--
INFO: Run Behavior\ReadHtmlCacheBehavior [ RunTime:0.001000s ]
INFO: Run Behavior\CronRunBehavior [ RunTime:0.000000s ]
INFO: [ app_begin ] --END-- [ RunTime:0.001000s ]
INFO: [ view_parse ] --START--
INFO: [ template_filter ] --START--
INFO: Run Behavior\ContentReplaceBehavior [ RunTime:0.000000s ]
INFO: [ template_filter ] --END-- [ RunTime:0.000000s ]
INFO: Run Behavior\ParseTemplateBehavior [ RunTime:0.012000s ]
INFO: [ view_parse ] --END-- [ RunTime:0.013000s ]
INFO: [ view_filter ] --START--
INFO: Run Behavior\WriteHtmlCacheBehavior [ RunTime:0.000000s ]
INFO: Run Behavior\TokenBuildBehavior [ RunTime:0.001001s ]
INFO: [ view_filter ] --END-- [ RunTime:0.001001s ]
INFO: [ app_end ] --START--
INFO: Run Behavior\ShowPageTraceBehavior [ RunTime:0.000000s ]
INFO: [ app_end ] --END-- [ RunTime:0.000000s ]

[ 2018-01-09T11:48:59+08:00 ] ::1 /somegood/Mobile/Login/checkMobileExist.html
INFO: [ app_init ] --START--
INFO: Run Behavior\BuildLiteBehavior [ RunTime:0.000000s ]
INFO: [ app_init ] --END-- [ RunTime:0.000000s ]
INFO: [ app_begin ] --START--
INFO: Run Behavior\ReadHtmlCacheBehavior [ RunTime:0.001000s ]
INFO: Run Behavior\CronRunBehavior [ RunTime:0.001000s ]
INFO: [ app_begin ] --END-- [ RunTime:0.002000s ]
SQL: SHOW COLUMNS FROM `sg_verification` [ RunTime:0.0490s ]
SQL: SELECT * FROM `sg_verification` WHERE `mobile` = '18664988205' AND `type` = 'bind' LIMIT 1   [ RunTime:0.0020s ]
SQL: UPDATE `sg_verification` SET `mobile`='18664988205',`type`='bind',`code`='478576',`ip`='0.0.0.0',`time`='1515469739',`second`='61' WHERE `mobile` = '18664988205' AND `type` = 'bind' [ RunTime:0.0010s ]

[ 2018-01-09T11:49:28+08:00 ] ::1 /somegood/Mobile/Login/login.html
INFO: [ app_init ] --START--
INFO: Run Behavior\BuildLiteBehavior [ RunTime:0.000000s ]
INFO: [ app_init ] --END-- [ RunTime:0.001000s ]
INFO: [ app_begin ] --START--
INFO: Run Behavior\ReadHtmlCacheBehavior [ RunTime:0.001000s ]
INFO: Run Behavior\CronRunBehavior [ RunTime:0.000000s ]
INFO: [ app_begin ] --END-- [ RunTime:0.001000s ]
SQL: SHOW COLUMNS FROM `sg_users` [ RunTime:0.0030s ]
SQL: SHOW COLUMNS FROM `sg_verification` [ RunTime:0.0020s ]
SQL: SELECT * FROM `sg_verification` WHERE `mobile` = '18664988205' AND `type` = 'bind' LIMIT 1   [ RunTime:0.0010s ]
SQL: SELECT * FROM `sg_users` WHERE `mobile` = '18664988205' LIMIT 1   [ RunTime:0.0020s ]
NOTIC: [2048] Declaration of Common\Model\UsersModel::save() should be compatible with Think\Model::save($data = '', $options = Array) D:\xampps\htdocs\somegood\Apps\Common\Model\UsersModel.class.php 第 5 行.
SQL: SHOW COLUMNS FROM `sg_users` [ RunTime:0.0080s ]
NOTIC: [8] Undefined variable: sid D:\xampps\htdocs\somegood\Apps\Mobile\Controller\LoginController.class.php 第 246 行.
SQL: UPDATE `sg_users` SET `last_time`='1515469768',`last_ip`='0.0.0.0' WHERE `mobile` = '18664988205' [ RunTime:0.0020s ]
SQL: SHOW COLUMNS FROM `sg_cart` [ RunTime:0.0060s ]
SQL: SELECT COUNT(*) AS tp_count FROM `sg_cart` WHERE `phpsessid` = 'qc9263b8q7ji2s8qt7p5sisle5' AND `user_id` = 0 LIMIT 1   [ RunTime:0.0010s ]

[ 2018-01-09T11:49:31+08:00 ] ::1 /somegood/Mobile/Users/index.html
INFO: [ app_init ] --START--
INFO: Run Behavior\BuildLiteBehavior [ RunTime:0.000000s ]
INFO: [ app_init ] --END-- [ RunTime:0.000000s ]
INFO: [ app_begin ] --START--
INFO: Run Behavior\ReadHtmlCacheBehavior [ RunTime:0.000000s ]
INFO: Run Behavior\CronRunBehavior [ RunTime:0.000000s ]
INFO: [ app_begin ] --END-- [ RunTime:0.000000s ]
NOTIC: [2048] Declaration of Common\Model\UsersModel::save() should be compatible with Think\Model::save($data = '', $options = Array) D:\xampps\htdocs\somegood\Apps\Common\Model\UsersModel.class.php 第 5 行.
SQL: SHOW COLUMNS FROM `sg_users` [ RunTime:0.0060s ]
SQL: SHOW COLUMNS FROM `sg_users` [ RunTime:0.0060s ]
SQL: SELECT u.*,s.sid,s.store_name FROM sg_users u LEFT JOIN sg_store AS s ON s.user_id=u.uid  WHERE `uid` = '843' LIMIT 1   [ RunTime:0.0030s ]
SQL: SHOW COLUMNS FROM `sg_order_goods` [ RunTime:0.0550s ]
SQL: SELECT `counts` FROM sg_order_goods og LEFT JOIN sg_order AS o ON og.order_sn = o.order_sn LEFT JOIN sg_goods AS g ON og.goods_id = g.id  WHERE `user_id` = '843' AND o.status = 3  [ RunTime:0.0620s ]
NOTIC: [2] Invalid argument supplied for foreach() D:\xampps\htdocs\somegood\Apps\Mobile\Controller\UsersController.class.php 第 23 行.
SQL: SHOW COLUMNS FROM `sg_goods` [ RunTime:0.0070s ]
SQL: SELECT COUNT(*) AS tp_count FROM `sg_goods` WHERE `user_id` = 843 LIMIT 1   [ RunTime:0.0020s ]
SQL: SHOW COLUMNS FROM `sg_want` [ RunTime:0.0270s ]
SQL: SELECT COUNT(*) AS tp_count FROM `sg_want` WHERE `w_uid` = 843 LIMIT 1   [ RunTime:0.0040s ]
SQL: SHOW COLUMNS FROM `sg_favorites` [ RunTime:0.0390s ]
SQL: SELECT COUNT(*) AS tp_count FROM `sg_favorites` WHERE `fuser_id` = 843 LIMIT 1   [ RunTime:0.0010s ]
SQL: SHOW COLUMNS FROM `sg_coupon` [ RunTime:0.0400s ]
SQL: SELECT COUNT(*) AS tp_count FROM `sg_coupon` WHERE `user_id` = 843 LIMIT 1   [ RunTime:0.0010s ]
SQL: SELECT u.uid,u.user_name,s.*,g.gid,g.group_name FROM sg_users u LEFT JOIN sg_store AS s on u.uid = s.user_id LEFT JOIN sg_users_group AS g on g.gid = u.group_id  WHERE `uid` = '843' LIMIT 1   [ RunTime:0.0270s ]
INFO: [ view_parse ] --START--
INFO: [ template_filter ] --START--
INFO: Run Behavior\ContentReplaceBehavior [ RunTime:0.001000s ]
INFO: [ template_filter ] --END-- [ RunTime:0.001000s ]
NOTIC: [8] Undefined variable: page_title D:\xampps\htdocs\somegood\Runtime\Cache\Mobile\22809c6464f64bdc8565d19810258b80.php 第 10 行.
NOTIC: [8] Undefined variable: address_info D:\xampps\htdocs\somegood\Runtime\Cache\Mobile\22809c6464f64bdc8565d19810258b80.php 第 59 行.
NOTIC: [8] Undefined variable: Think D:\xampps\htdocs\somegood\Runtime\Cache\Mobile\22809c6464f64bdc8565d19810258b80.php 第 105 行.
NOTIC: [8] Undefined variable:  D:\xampps\htdocs\somegood\Runtime\Cache\Mobile\22809c6464f64bdc8565d19810258b80.php 第 105 行.
NOTIC: [8] Undefined variable: Think D:\xampps\htdocs\somegood\Runtime\Cache\Mobile\22809c6464f64bdc8565d19810258b80.php 第 109 行.
NOTIC: [8] Undefined variable:  D:\xampps\htdocs\somegood\Runtime\Cache\Mobile\22809c6464f64bdc8565d19810258b80.php 第 109 行.
NOTIC: [8] Undefined variable: web_title D:\xampps\htdocs\somegood\Runtime\Cache\Mobile\22809c6464f64bdc8565d19810258b80.php 第 188 行.
INFO: Run Behavior\ParseTemplateBehavior [ RunTime:0.049003s ]
INFO: [ view_parse ] --END-- [ RunTime:0.049003s ]
INFO: [ view_filter ] --START--
INFO: Run Behavior\WriteHtmlCacheBehavior [ RunTime:0.001000s ]
INFO: Run Behavior\TokenBuildBehavior [ RunTime:0.001000s ]
INFO: [ view_filter ] --END-- [ RunTime:0.002000s ]
INFO: [ app_end ] --START--
INFO: Run Behavior\ShowPageTraceBehavior [ RunTime:0.001000s ]
INFO: [ app_end ] --END-- [ RunTime:0.001000s ]

[ 2018-01-09T11:49:32+08:00 ] ::1 /somegood/Mobile/Cart/isWho.html
INFO: [ app_init ] --START--
INFO: Run Behavior\BuildLiteBehavior [ RunTime:0.000000s ]
INFO: [ app_init ] --END-- [ RunTime:0.000000s ]
INFO: [ app_begin ] --START--
INFO: Run Behavior\ReadHtmlCacheBehavior [ RunTime:0.001000s ]
INFO: Run Behavior\CronRunBehavior [ RunTime:0.000000s ]
INFO: [ app_begin ] --END-- [ RunTime:0.001000s ]
NOTIC: [2048] Declaration of Common\Model\RegionModel::add() should be compatible with Think\Model::add($data = '', $options = Array, $replace = false) D:\xampps\htdocs\somegood\Apps\Common\Model\RegionModel.class.php 第 5 行.
NOTIC: [2048] Declaration of Common\Model\RegionModel::save() should be compatible with Think\Model::save($data = '', $options = Array) D:\xampps\htdocs\somegood\Apps\Common\Model\RegionModel.class.php 第 5 行.
SQL: SHOW COLUMNS FROM `sg_region` [ RunTime:0.0040s ]
SQL: SHOW COLUMNS FROM `sg_region` [ RunTime:0.0040s ]
SQL: SELECT * FROM `sg_region` WHERE `name` = '深圳' LIMIT 1   [ RunTime:0.0030s ]
SQL: SHOW COLUMNS FROM `sg_users` [ RunTime:0.0040s ]
SQL: SELECT `is_seller` FROM `sg_users` WHERE ( uid=843 ) LIMIT 1   [ RunTime:0.0010s ]
SQL: SELECT `is_store` FROM `sg_users` WHERE ( uid=843 ) LIMIT 1   [ RunTime:0.0010s ]

[ 2018-01-09T11:49:33+08:00 ] ::1 /somegood/Mobile/Index/index.html
INFO: [ app_init ] --START--
INFO: Run Behavior\BuildLiteBehavior [ RunTime:0.000000s ]
INFO: [ app_init ] --END-- [ RunTime:0.000000s ]
INFO: [ app_begin ] --START--
INFO: Run Behavior\ReadHtmlCacheBehavior [ RunTime:0.001000s ]
INFO: Run Behavior\CronRunBehavior [ RunTime:0.000000s ]
INFO: [ app_begin ] --END-- [ RunTime:0.001000s ]
NOTIC: [2048] Declaration of Common\Model\RegionModel::add() should be compatible with Think\Model::add($data = '', $options = Array, $replace = false) D:\xampps\htdocs\somegood\Apps\Common\Model\RegionModel.class.php 第 5 行.
NOTIC: [2048] Declaration of Common\Model\RegionModel::save() should be compatible with Think\Model::save($data = '', $options = Array) D:\xampps\htdocs\somegood\Apps\Common\Model\RegionModel.class.php 第 5 行.
SQL: SHOW COLUMNS FROM `sg_region` [ RunTime:0.0050s ]
SQL: SHOW COLUMNS FROM `sg_region` [ RunTime:0.0040s ]
SQL: SELECT * FROM `sg_region` WHERE `name` = '深圳' LIMIT 1   [ RunTime:0.0030s ]
SQL: SHOW COLUMNS FROM `sg_goods` [ RunTime:0.0040s ]
SQL: SHOW COLUMNS FROM `sg_goods` [ RunTime:0.0050s ]
SQL: SELECT g.id,g.goods_title,g.price,g.content,gc.title AS category_name,SUM(sd.sales_volume) as sales_volume FROM sg_goods g LEFT JOIN sg_goods_category AS gc ON g.category_id = gc.id LEFT JOIN sg_seller_delivery AS sd ON g.id = sd.sg_id  WHERE g.status = 1 ORDER BY update_time desc, id desc LIMIT 10   [ RunTime:0.0020s ]
SQL: SHOW COLUMNS FROM `sg_store_type` [ RunTime:0.0040s ]
SQL: SELECT * FROM `sg_store_type`  [ RunTime:0.0010s ]
SQL: SHOW COLUMNS FROM `sg_store` [ RunTime:0.0050s ]
SQL: SELECT COUNT(*) AS tp_count FROM `sg_store` WHERE `status` = 1 LIMIT 1   [ RunTime:0.0010s ]
INFO: [ view_parse ] --START--
INFO: [ template_filter ] --START--
INFO: Run Behavior\ContentReplaceBehavior [ RunTime:0.000000s ]
INFO: [ template_filter ] --END-- [ RunTime:0.000000s ]
NOTIC: [8] Undefined variable: isAjax D:\xampps\htdocs\somegood\Runtime\Cache\Mobile\cfca91beb49811c39e2bad25e2e139a4.php 第 1 行.
NOTIC: [8] Undefined variable: keywords D:\xampps\htdocs\somegood\Runtime\Cache\Mobile\cfca91beb49811c39e2bad25e2e139a4.php 第 49 行.
NOTIC: [8] Undefined variable: hotKeywords D:\xampps\htdocs\somegood\Runtime\Cache\Mobile\cfca91beb49811c39e2bad25e2e139a4.php 第 69 行.
NOTIC: [8] Use of undefined constant img_url - assumed 'img_url' D:\xampps\htdocs\somegood\Runtime\Cache\Mobile\cfca91beb49811c39e2bad25e2e139a4.php 第 99 行.
NOTIC: [8] Use of undefined constant title - assumed 'title' D:\xampps\htdocs\somegood\Runtime\Cache\Mobile\cfca91beb49811c39e2bad25e2e139a4.php 第 99 行.
NOTIC: [8] Use of undefined constant title - assumed 'title' D:\xampps\htdocs\somegood\Runtime\Cache\Mobile\cfca91beb49811c39e2bad25e2e139a4.php 第 99 行.
NOTIC: [8] Use of undefined constant img_url - assumed 'img_url' D:\xampps\htdocs\somegood\Runtime\Cache\Mobile\cfca91beb49811c39e2bad25e2e139a4.php 第 99 行.
NOTIC: [8] Use of undefined constant title - assumed 'title' D:\xampps\htdocs\somegood\Runtime\Cache\Mobile\cfca91beb49811c39e2bad25e2e139a4.php 第 99 行.
NOTIC: [8] Use of undefined constant title - assumed 'title' D:\xampps\htdocs\somegood\Runtime\Cache\Mobile\cfca91beb49811c39e2bad25e2e139a4.php 第 99 行.
NOTIC: [8] Use of undefined constant img_url - assumed 'img_url' D:\xampps\htdocs\somegood\Runtime\Cache\Mobile\cfca91beb49811c39e2bad25e2e139a4.php 第 99 行.
NOTIC: [8] Use of undefined constant title - assumed 'title' D:\xampps\htdocs\somegood\Runtime\Cache\Mobile\cfca91beb49811c39e2bad25e2e139a4.php 第 99 行.
NOTIC: [8] Use of undefined constant title - assumed 'title' D:\xampps\htdocs\somegood\Runtime\Cache\Mobile\cfca91beb49811c39e2bad25e2e139a4.php 第 99 行.
NOTIC: [8] Use of undefined constant img_url - assumed 'img_url' D:\xampps\htdocs\somegood\Runtime\Cache\Mobile\cfca91beb49811c39e2bad25e2e139a4.php 第 99 行.
NOTIC: [8] Use of undefined constant title - assumed 'title' D:\xampps\htdocs\somegood\Runtime\Cache\Mobile\cfca91beb49811c39e2bad25e2e139a4.php 第 99 行.
NOTIC: [8] Use of undefined constant title - assumed 'title' D:\xampps\htdocs\somegood\Runtime\Cache\Mobile\cfca91beb49811c39e2bad25e2e139a4.php 第 99 行.
NOTIC: [8] Use of undefined constant img_url - assumed 'img_url' D:\xampps\htdocs\somegood\Runtime\Cache\Mobile\cfca91beb49811c39e2bad25e2e139a4.php 第 99 行.
NOTIC: [8] Use of undefined constant title - assumed 'title' D:\xampps\htdocs\somegood\Runtime\Cache\Mobile\cfca91beb49811c39e2bad25e2e139a4.php 第 99 行.
NOTIC: [8] Use of undefined constant title - assumed 'title' D:\xampps\htdocs\somegood\Runtime\Cache\Mobile\cfca91beb49811c39e2bad25e2e139a4.php 第 99 行.
NOTIC: [8] Use of undefined constant img_url - assumed 'img_url' D:\xampps\htdocs\somegood\Runtime\Cache\Mobile\cfca91beb49811c39e2bad25e2e139a4.php 第 99 行.
NOTIC: [8] Use of undefined constant title - assumed 'title' D:\xampps\htdocs\somegood\Runtime\Cache\Mobile\cfca91beb49811c39e2bad25e2e139a4.php 第 99 行.
NOTIC: [8] Use of undefined constant title - assumed 'title' D:\xampps\htdocs\somegood\Runtime\Cache\Mobile\cfca91beb49811c39e2bad25e2e139a4.php 第 99 行.
NOTIC: [8] Use of undefined constant img_url - assumed 'img_url' D:\xampps\htdocs\somegood\Runtime\Cache\Mobile\cfca91beb49811c39e2bad25e2e139a4.php 第 99 行.
NOTIC: [8] Use of undefined constant title - assumed 'title' D:\xampps\htdocs\somegood\Runtime\Cache\Mobile\cfca91beb49811c39e2bad25e2e139a4.php 第 99 行.
NOTIC: [8] Use of undefined constant title - assumed 'title' D:\xampps\htdocs\somegood\Runtime\Cache\Mobile\cfca91beb49811c39e2bad25e2e139a4.php 第 99 行.
NOTIC: [8] Use of undefined constant img_url - assumed 'img_url' D:\xampps\htdocs\somegood\Runtime\Cache\Mobile\cfca91beb49811c39e2bad25e2e139a4.php 第 99 行.
NOTIC: [8] Use of undefined constant title - assumed 'title' D:\xampps\htdocs\somegood\Runtime\Cache\Mobile\cfca91beb49811c39e2bad25e2e139a4.php 第 99 行.
NOTIC: [8] Use of undefined constant title - assumed 'title' D:\xampps\htdocs\somegood\Runtime\Cache\Mobile\cfca91beb49811c39e2bad25e2e139a4.php 第 99 行.
NOTIC: [8] Undefined variable: Think D:\xampps\htdocs\somegood\Runtime\Cache\Mobile\cfca91beb49811c39e2bad25e2e139a4.php 第 218 行.
NOTIC: [8] Undefined variable:  D:\xampps\htdocs\somegood\Runtime\Cache\Mobile\cfca91beb49811c39e2bad25e2e139a4.php 第 218 行.
NOTIC: [8] Undefined variable: Think D:\xampps\htdocs\somegood\Runtime\Cache\Mobile\cfca91beb49811c39e2bad25e2e139a4.php 第 222 行.
NOTIC: [8] Undefined variable:  D:\xampps\htdocs\somegood\Runtime\Cache\Mobile\cfca91beb49811c39e2bad25e2e139a4.php 第 222 行.
INFO: Run Behavior\ParseTemplateBehavior [ RunTime:0.014001s ]
INFO: [ view_parse ] --END-- [ RunTime:0.014001s ]
INFO: [ view_filter ] --START--
INFO: Run Behavior\WriteHtmlCacheBehavior [ RunTime:0.000000s ]
INFO: Run Behavior\TokenBuildBehavior [ RunTime:0.000000s ]
INFO: [ view_filter ] --END-- [ RunTime:0.002000s ]
INFO: [ app_end ] --START--
INFO: Run Behavior\ShowPageTraceBehavior [ RunTime:0.000000s ]
INFO: [ app_end ] --END-- [ RunTime:0.000000s ]

[ 2018-01-09T11:49:34+08:00 ] ::1 /somegood/Mobile/Cart/isWho.html
INFO: [ app_init ] --START--
INFO: Run Behavior\BuildLiteBehavior [ RunTime:0.000000s ]
INFO: [ app_init ] --END-- [ RunTime:0.001000s ]
INFO: [ app_begin ] --START--
INFO: Run Behavior\ReadHtmlCacheBehavior [ RunTime:0.000000s ]
INFO: Run Behavior\CronRunBehavior [ RunTime:0.000000s ]
INFO: [ app_begin ] --END-- [ RunTime:0.000000s ]
NOTIC: [2048] Declaration of Common\Model\RegionModel::add() should be compatible with Think\Model::add($data = '', $options = Array, $replace = false) D:\xampps\htdocs\somegood\Apps\Common\Model\RegionModel.class.php 第 5 行.
NOTIC: [2048] Declaration of Common\Model\RegionModel::save() should be compatible with Think\Model::save($data = '', $options = Array) D:\xampps\htdocs\somegood\Apps\Common\Model\RegionModel.class.php 第 5 行.
SQL: SHOW COLUMNS FROM `sg_region` [ RunTime:0.0040s ]
SQL: SHOW COLUMNS FROM `sg_region` [ RunTime:0.0040s ]
SQL: SELECT * FROM `sg_region` WHERE `name` = '深圳' LIMIT 1   [ RunTime:0.0040s ]
SQL: SHOW COLUMNS FROM `sg_users` [ RunTime:0.0050s ]
SQL: SELECT `is_seller` FROM `sg_users` WHERE ( uid=843 ) LIMIT 1   [ RunTime:0.0010s ]
SQL: SELECT `is_store` FROM `sg_users` WHERE ( uid=843 ) LIMIT 1   [ RunTime:0.0010s ]

[ 2018-01-09T11:49:34+08:00 ] ::1 /somegood/Mobile/Cart/getCartNum.html
INFO: [ app_init ] --START--
INFO: Run Behavior\BuildLiteBehavior [ RunTime:0.000000s ]
INFO: [ app_init ] --END-- [ RunTime:0.000000s ]
INFO: [ app_begin ] --START--
INFO: Run Behavior\ReadHtmlCacheBehavior [ RunTime:0.000000s ]
INFO: Run Behavior\CronRunBehavior [ RunTime:0.001000s ]
INFO: [ app_begin ] --END-- [ RunTime:0.001000s ]
NOTIC: [2048] Declaration of Common\Model\RegionModel::add() should be compatible with Think\Model::add($data = '', $options = Array, $replace = false) D:\xampps\htdocs\somegood\Apps\Common\Model\RegionModel.class.php 第 5 行.
NOTIC: [2048] Declaration of Common\Model\RegionModel::save() should be compatible with Think\Model::save($data = '', $options = Array) D:\xampps\htdocs\somegood\Apps\Common\Model\RegionModel.class.php 第 5 行.
SQL: SHOW COLUMNS FROM `sg_region` [ RunTime:0.0040s ]
SQL: SHOW COLUMNS FROM `sg_region` [ RunTime:0.0030s ]
SQL: SELECT * FROM `sg_region` WHERE `name` = '深圳' LIMIT 1   [ RunTime:0.0030s ]
SQL: SHOW COLUMNS FROM `sg_cart` [ RunTime:0.0040s ]
SQL: SELECT SUM(counts) AS tp_sum FROM `sg_cart` WHERE `user_id` = 843 LIMIT 1   [ RunTime:0.0020s ]

[ 2018-01-09T11:49:35+08:00 ] ::1 /somegood/Mobile/Cart/index.html
INFO: [ app_init ] --START--
INFO: Run Behavior\BuildLiteBehavior [ RunTime:0.001000s ]
INFO: [ app_init ] --END-- [ RunTime:0.001000s ]
INFO: [ app_begin ] --START--
INFO: Run Behavior\ReadHtmlCacheBehavior [ RunTime:0.001000s ]
INFO: Run Behavior\CronRunBehavior [ RunTime:0.000000s ]
INFO: [ app_begin ] --END-- [ RunTime:0.001000s ]
NOTIC: [2048] Declaration of Common\Model\RegionModel::add() should be compatible with Think\Model::add($data = '', $options = Array, $replace = false) D:\xampps\htdocs\somegood\Apps\Common\Model\RegionModel.class.php 第 5 行.
NOTIC: [2048] Declaration of Common\Model\RegionModel::save() should be compatible with Think\Model::save($data = '', $options = Array) D:\xampps\htdocs\somegood\Apps\Common\Model\RegionModel.class.php 第 5 行.
SQL: SHOW COLUMNS FROM `sg_region` [ RunTime:0.0050s ]
SQL: SHOW COLUMNS FROM `sg_region` [ RunTime:0.0050s ]
SQL: SELECT * FROM `sg_region` WHERE `name` = '深圳' LIMIT 1   [ RunTime:0.0040s ]
SQL: SHOW COLUMNS FROM `sg_cart` [ RunTime:0.0050s ]
SQL: SELECT COUNT(*) AS tp_count FROM sg_cart c WHERE c.user_id = '843' LIMIT 1   [ RunTime:0.0010s ]
SQL: SELECT c.cart_id,c.real_goods_id,sd.stock,sd.sg_id,g.id,g.online_stock,c.goods_id,c.seller_id,c.store_name,c.store_id,sd.is_onsale as is_on_sale,c.goods_title,c.counts,c.goods_thumb,c.store_name as s_name,c.market_price,c.goods_price FROM sg_cart c LEFT JOIN sg_seller_delivery AS sd ON sd.id = c.goods_id LEFT JOIN sg_goods AS g ON c.real_goods_id = g.id  WHERE c.user_id = '843'  [ RunTime:0.0020s ]
SQL: SELECT c.*,u.user_name,group_concat(c.store_name) FROM sg_cart c LEFT JOIN sg_users AS u ON u.uid = c.seller_id  WHERE c.user_id = '843' GROUP BY c.seller_id  [ RunTime:0.0010s ]
INFO: [ view_parse ] --START--
INFO: [ template_filter ] --START--
INFO: Run Behavior\ContentReplaceBehavior [ RunTime:0.000000s ]
INFO: [ template_filter ] --END-- [ RunTime:0.000000s ]
NOTIC: [8] Use of undefined constant user_name - assumed 'user_name' D:\xampps\htdocs\somegood\Runtime\Cache\Mobile\87fceaacfa5c8d0dd3235647d4c529fb.php 第 215 行.
NOTIC: [8] Use of undefined constant goods_price - assumed 'goods_price' D:\xampps\htdocs\somegood\Runtime\Cache\Mobile\87fceaacfa5c8d0dd3235647d4c529fb.php 第 235 行.
NOTIC: [8] Use of undefined constant goods_price - assumed 'goods_price' D:\xampps\htdocs\somegood\Runtime\Cache\Mobile\87fceaacfa5c8d0dd3235647d4c529fb.php 第 235 行.
INFO: Run Behavior\ParseTemplateBehavior [ RunTime:0.012001s ]
INFO: [ view_parse ] --END-- [ RunTime:0.012001s ]
INFO: [ view_filter ] --START--
INFO: Run Behavior\WriteHtmlCacheBehavior [ RunTime:0.000000s ]
INFO: Run Behavior\TokenBuildBehavior [ RunTime:0.001000s ]
INFO: [ view_filter ] --END-- [ RunTime:0.001000s ]
INFO: [ app_end ] --START--
INFO: Run Behavior\ShowPageTraceBehavior [ RunTime:0.001000s ]
INFO: [ app_end ] --END-- [ RunTime:0.001000s ]

[ 2018-01-09T14:17:57+08:00 ] 127.0.0.1 /somegood/Mobile/UserOrder/order.html
INFO: [ app_init ] --START--
INFO: Run Behavior\BuildLiteBehavior [ RunTime:0.000000s ]
INFO: [ app_init ] --END-- [ RunTime:0.001000s ]
INFO: [ app_begin ] --START--
INFO: Run Behavior\ReadHtmlCacheBehavior [ RunTime:0.001000s ]
INFO: Run Behavior\CronRunBehavior [ RunTime:0.000000s ]
INFO: [ app_begin ] --END-- [ RunTime:0.001000s ]
INFO: [ view_parse ] --START--
INFO: [ template_filter ] --START--
INFO: Run Behavior\ContentReplaceBehavior [ RunTime:0.000000s ]
INFO: [ template_filter ] --END-- [ RunTime:0.000000s ]
INFO: Run Behavior\ParseTemplateBehavior [ RunTime:0.004000s ]
INFO: [ view_parse ] --END-- [ RunTime:0.004000s ]
INFO: [ view_filter ] --START--
INFO: Run Behavior\WriteHtmlCacheBehavior [ RunTime:0.001000s ]
INFO: Run Behavior\TokenBuildBehavior [ RunTime:0.000000s ]
INFO: [ view_filter ] --END-- [ RunTime:0.001000s ]

[ 2018-01-09T14:49:10+08:00 ] 127.0.0.1 /somegood/Mobile/UserOrder/order.html
INFO: [ app_init ] --START--
INFO: Run Behavior\BuildLiteBehavior [ RunTime:0.000000s ]
INFO: [ app_init ] --END-- [ RunTime:0.000000s ]
INFO: [ app_begin ] --START--
INFO: Run Behavior\ReadHtmlCacheBehavior [ RunTime:0.000000s ]
INFO: Run Behavior\CronRunBehavior [ RunTime:0.001000s ]
INFO: [ app_begin ] --END-- [ RunTime:0.001000s ]
INFO: [ view_parse ] --START--
INFO: [ template_filter ] --START--
INFO: Run Behavior\ContentReplaceBehavior [ RunTime:0.000000s ]
INFO: [ template_filter ] --END-- [ RunTime:0.000000s ]
INFO: Run Behavior\ParseTemplateBehavior [ RunTime:0.005001s ]
INFO: [ view_parse ] --END-- [ RunTime:0.005001s ]
INFO: [ view_filter ] --START--
INFO: Run Behavior\WriteHtmlCacheBehavior [ RunTime:0.000000s ]
INFO: Run Behavior\TokenBuildBehavior [ RunTime:0.000000s ]
INFO: [ view_filter ] --END-- [ RunTime:0.000000s ]

