[ 2017-11-16T11:14:01+08:00 ] ::1 /somegood/Ershou/goods/detail
INFO: [ app_init ] --START--
INFO: Run Behavior\BuildLiteBehavior [ RunTime:0.000000s ]
INFO: [ app_init ] --END-- [ RunTime:0.000000s ]
INFO: [ app_begin ] --START--
INFO: Run Behavior\ReadHtmlCacheBehavior [ RunTime:0.000000s ]
INFO: Run Behavior\CronRunBehavior [ RunTime:0.000000s ]
INFO: [ app_begin ] --END-- [ RunTime:0.000000s ]
NOTIC: [2048] Declaration of Common\Model\ShGoodsModel::add() should be compatible with Think\Model::add($data = '', $options = Array, $replace = false) D:\xampps\htdocs\somegood\Apps\Common\Model\ShGoodsModel.class.php 第 6 行.
SQL: SHOW COLUMNS FROM `sg_sh_goods` [ RunTime:0.0040s ]
NOTIC: [8] Undefined index: HTTP_REFERER D:\xampps\htdocs\somegood\Apps\Ershou\Controller\GoodsController.class.php 第 174 行.
SQL: SHOW COLUMNS FROM `sg_sh_goods` [ RunTime:0.0020s ]
SQL: SHOW COLUMNS FROM `sg_order_goods` [ RunTime:0.0020s ]
SQL: SELECT g.*,gc.title AS category_name,u.uid,u.user_name,u.avatar,u.nick_name,u.mobile,r.pid,r.name AS area_name,r.merger_name AS region,IFNULL(t.totalSaleCount,0) as sale_counts FROM sg_sh_goods g LEFT JOIN sg_goods_category AS gc ON g.category_id = gc.id LEFT JOIN sg_users AS u ON g.user_id = u.uid LEFT JOIN sg_region AS r ON g.area_id = r.id LEFT JOIN ( SELECT o.store_id,SUM(o.counts) as totalSaleCount FROM sg_order_goods o GROUP BY o.store_id  ) as t on u.uid=t.store_id   WHERE g.id = 0 LIMIT 1   [ RunTime:0.0010s ]
SQL: SELECT COUNT(*) AS tp_count FROM sg_sh_goods g WHERE g.status = 1 AND `user_id` = null LIMIT 1   [ RunTime:0.0010s ]
SQL: SHOW COLUMNS FROM `sg_sh_goods` [ RunTime:0.0030s ]
NOTIC: [8] Undefined index: original_img D:\xampps\htdocs\somegood\Apps\Ershou\Controller\GoodsController.class.php 第 188 行.
NOTIC: [8] Undefined index: user_id D:\xampps\htdocs\somegood\Apps\Ershou\Controller\GoodsController.class.php 第 194 行.
NOTIC: [8] Undefined index: user_id D:\xampps\htdocs\somegood\Apps\Ershou\Controller\GoodsController.class.php 第 199 行.
SQL: SELECT g.*,gc.id AS catid,gc.title AS category_name,u.nick_name,u.avatar FROM sg_sh_goods g LEFT JOIN sg_goods_category AS gc ON g.category_id = gc.id LEFT JOIN sg_users AS u ON g.user_id = u.uid  WHERE g.is_rec = 1 AND g.status = 1 AND g.user_id = null ORDER BY g.update_time desc, g.id desc LIMIT 10   [ RunTime:0.0020s ]
NOTIC: [8] Undefined index: user_id D:\xampps\htdocs\somegood\Apps\Ershou\Controller\GoodsController.class.php 第 202 行.
NOTIC: [8] Undefined index: goods_title D:\xampps\htdocs\somegood\Apps\Ershou\Controller\GoodsController.class.php 第 204 行.
NOTIC: [2] unserialize() expects parameter 1 to be string, array given D:\xampps\htdocs\somegood\Apps\Ershou\Controller\GoodsController.class.php 第 206 行.
NOTIC: [2] unserialize() expects parameter 1 to be string, array given D:\xampps\htdocs\somegood\Apps\Ershou\Controller\GoodsController.class.php 第 207 行.
INFO: [ view_parse ] --START--
INFO: [ template_filter ] --START--
INFO: Run Behavior\ContentReplaceBehavior [ RunTime:0.000000s ]
INFO: [ template_filter ] --END-- [ RunTime:0.000000s ]
NOTIC: [8] Undefined index: goods_title D:\xampps\htdocs\somegood\Runtime\Cache\Ershou\55f3097c1428ad91d94f61a862ddf204.php 第 37 行.
NOTIC: [8] Undefined index: id D:\xampps\htdocs\somegood\Runtime\Cache\Ershou\55f3097c1428ad91d94f61a862ddf204.php 第 38 行.
NOTIC: [8] Undefined index: goods_price D:\xampps\htdocs\somegood\Runtime\Cache\Ershou\55f3097c1428ad91d94f61a862ddf204.php 第 42 行.
NOTIC: [8] Undefined index: goods_num D:\xampps\htdocs\somegood\Runtime\Cache\Ershou\55f3097c1428ad91d94f61a862ddf204.php 第 43 行.
NOTIC: [8] Undefined index: browse_num D:\xampps\htdocs\somegood\Runtime\Cache\Ershou\55f3097c1428ad91d94f61a862ddf204.php 第 44 行.
NOTIC: [8] Undefined index: lng D:\xampps\htdocs\somegood\Runtime\Cache\Ershou\55f3097c1428ad91d94f61a862ddf204.php 第 49 行.
NOTIC: [8] Undefined index: lat D:\xampps\htdocs\somegood\Runtime\Cache\Ershou\55f3097c1428ad91d94f61a862ddf204.php 第 49 行.
NOTIC: [8] Undefined index: goods_desc D:\xampps\htdocs\somegood\Runtime\Cache\Ershou\55f3097c1428ad91d94f61a862ddf204.php 第 60 行.
NOTIC: [8] Undefined variable: remarkList D:\xampps\htdocs\somegood\Runtime\Cache\Ershou\55f3097c1428ad91d94f61a862ddf204.php 第 62 行.
NOTIC: [8] Undefined index: user_id D:\xampps\htdocs\somegood\Runtime\Cache\Ershou\55f3097c1428ad91d94f61a862ddf204.php 第 82 行.
NOTIC: [8] Undefined index: nick_name D:\xampps\htdocs\somegood\Runtime\Cache\Ershou\55f3097c1428ad91d94f61a862ddf204.php 第 83 行.
NOTIC: [8] Undefined index: nick_name D:\xampps\htdocs\somegood\Runtime\Cache\Ershou\55f3097c1428ad91d94f61a862ddf204.php 第 85 行.
NOTIC: [8] Undefined index: sale_counts D:\xampps\htdocs\somegood\Runtime\Cache\Ershou\55f3097c1428ad91d94f61a862ddf204.php 第 96 行.
NOTIC: [8] Undefined index: store_status D:\xampps\htdocs\somegood\Runtime\Cache\Ershou\55f3097c1428ad91d94f61a862ddf204.php 第 100 行.
NOTIC: [8] Undefined index: user_id D:\xampps\htdocs\somegood\Runtime\Cache\Ershou\55f3097c1428ad91d94f61a862ddf204.php 第 109 行.
NOTIC: [8] Undefined index: goods_num D:\xampps\htdocs\somegood\Runtime\Cache\Ershou\55f3097c1428ad91d94f61a862ddf204.php 第 135 行.
NOTIC: [8] Undefined index: goods_num D:\xampps\htdocs\somegood\Runtime\Cache\Ershou\55f3097c1428ad91d94f61a862ddf204.php 第 135 行.
NOTIC: [8] Use of undefined constant id - assumed 'id' D:\xampps\htdocs\somegood\Runtime\Cache\Ershou\55f3097c1428ad91d94f61a862ddf204.php 第 138 行.
NOTIC: [8] Undefined index: id D:\xampps\htdocs\somegood\Runtime\Cache\Ershou\55f3097c1428ad91d94f61a862ddf204.php 第 138 行.
INFO: Run Behavior\ParseTemplateBehavior [ RunTime:0.038002s ]
INFO: [ view_parse ] --END-- [ RunTime:0.038002s ]
INFO: [ view_filter ] --START--
INFO: Run Behavior\WriteHtmlCacheBehavior [ RunTime:0.000000s ]
INFO: Run Behavior\TokenBuildBehavior [ RunTime:0.007000s ]
INFO: [ view_filter ] --END-- [ RunTime:0.007000s ]
INFO: [ app_end ] --START--
INFO: Run Behavior\ShowPageTraceBehavior [ RunTime:0.000000s ]
INFO: [ app_end ] --END-- [ RunTime:0.000000s ]

[ 2017-11-16T11:14:04+08:00 ] ::1 /somegood/Ershou/goods/detail
INFO: [ app_init ] --START--
INFO: Run Behavior\BuildLiteBehavior [ RunTime:0.000000s ]
INFO: [ app_init ] --END-- [ RunTime:0.001000s ]
INFO: [ app_begin ] --START--
INFO: Run Behavior\ReadHtmlCacheBehavior [ RunTime:0.001000s ]
INFO: Run Behavior\CronRunBehavior [ RunTime:0.000000s ]
INFO: [ app_begin ] --END-- [ RunTime:0.001000s ]
NOTIC: [2048] Declaration of Common\Model\RegionModel::add() should be compatible with Think\Model::add($data = '', $options = Array, $replace = false) D:\xampps\htdocs\somegood\Apps\Common\Model\RegionModel.class.php 第 5 行.
NOTIC: [2048] Declaration of Common\Model\RegionModel::save() should be compatible with Think\Model::save($data = '', $options = Array) D:\xampps\htdocs\somegood\Apps\Common\Model\RegionModel.class.php 第 5 行.
SQL: SHOW COLUMNS FROM `sg_region` [ RunTime:0.0030s ]
SQL: SHOW COLUMNS FROM `sg_region` [ RunTime:0.0020s ]
SQL: SELECT * FROM `sg_region` WHERE `name` = '深圳' LIMIT 1   [ RunTime:0.0020s ]
NOTIC: [2048] Declaration of Common\Model\ShGoodsModel::add() should be compatible with Think\Model::add($data = '', $options = Array, $replace = false) D:\xampps\htdocs\somegood\Apps\Common\Model\ShGoodsModel.class.php 第 204 行.
SQL: SHOW COLUMNS FROM `sg_sh_goods` [ RunTime:0.0030s ]
NOTIC: [8] Undefined index: HTTP_REFERER D:\xampps\htdocs\somegood\Apps\Ershou\Controller\GoodsController.class.php 第 174 行.
SQL: SHOW COLUMNS FROM `sg_sh_goods` [ RunTime:0.0030s ]
SQL: SHOW COLUMNS FROM `sg_order_goods` [ RunTime:0.0020s ]
SQL: SELECT g.*,gc.title AS category_name,u.uid,u.user_name,u.avatar,u.nick_name,u.mobile,r.pid,r.name AS area_name,r.merger_name AS region,IFNULL(t.totalSaleCount,0) as sale_counts FROM sg_sh_goods g LEFT JOIN sg_goods_category AS gc ON g.category_id = gc.id LEFT JOIN sg_users AS u ON g.user_id = u.uid LEFT JOIN sg_region AS r ON g.area_id = r.id LEFT JOIN ( SELECT o.store_id,SUM(o.counts) as totalSaleCount FROM sg_order_goods o GROUP BY o.store_id  ) as t on u.uid=t.store_id   WHERE g.id = 0 LIMIT 1   [ RunTime:0.0020s ]
SQL: SELECT COUNT(*) AS tp_count FROM sg_sh_goods g WHERE g.status = 1 AND `user_id` = null LIMIT 1   [ RunTime:0.0010s ]
SQL: SHOW COLUMNS FROM `sg_sh_goods` [ RunTime:0.0030s ]
NOTIC: [8] Undefined index: original_img D:\xampps\htdocs\somegood\Apps\Ershou\Controller\GoodsController.class.php 第 188 行.
NOTIC: [8] Undefined index: user_id D:\xampps\htdocs\somegood\Apps\Ershou\Controller\GoodsController.class.php 第 194 行.
NOTIC: [8] Undefined index: user_id D:\xampps\htdocs\somegood\Apps\Ershou\Controller\GoodsController.class.php 第 195 行.
NOTIC: [8] Undefined index: goods_title D:\xampps\htdocs\somegood\Apps\Ershou\Controller\GoodsController.class.php 第 204 行.
NOTIC: [2] unserialize() expects parameter 1 to be string, array given D:\xampps\htdocs\somegood\Apps\Ershou\Controller\GoodsController.class.php 第 206 行.
NOTIC: [2] unserialize() expects parameter 1 to be string, array given D:\xampps\htdocs\somegood\Apps\Ershou\Controller\GoodsController.class.php 第 207 行.
INFO: [ view_parse ] --START--
INFO: [ template_filter ] --START--
INFO: Run Behavior\ContentReplaceBehavior [ RunTime:0.000000s ]
INFO: [ template_filter ] --END-- [ RunTime:0.000000s ]
NOTIC: [8] Undefined index: goods_title D:\xampps\htdocs\somegood\Runtime\Cache\Ershou\55f3097c1428ad91d94f61a862ddf204.php 第 37 行.
NOTIC: [8] Undefined index: id D:\xampps\htdocs\somegood\Runtime\Cache\Ershou\55f3097c1428ad91d94f61a862ddf204.php 第 38 行.
NOTIC: [8] Undefined index: goods_price D:\xampps\htdocs\somegood\Runtime\Cache\Ershou\55f3097c1428ad91d94f61a862ddf204.php 第 42 行.
NOTIC: [8] Undefined index: goods_num D:\xampps\htdocs\somegood\Runtime\Cache\Ershou\55f3097c1428ad91d94f61a862ddf204.php 第 43 行.
NOTIC: [8] Undefined index: browse_num D:\xampps\htdocs\somegood\Runtime\Cache\Ershou\55f3097c1428ad91d94f61a862ddf204.php 第 44 行.
NOTIC: [8] Undefined index: lng D:\xampps\htdocs\somegood\Runtime\Cache\Ershou\55f3097c1428ad91d94f61a862ddf204.php 第 49 行.
NOTIC: [8] Undefined index: lat D:\xampps\htdocs\somegood\Runtime\Cache\Ershou\55f3097c1428ad91d94f61a862ddf204.php 第 49 行.
NOTIC: [8] Undefined index: goods_desc D:\xampps\htdocs\somegood\Runtime\Cache\Ershou\55f3097c1428ad91d94f61a862ddf204.php 第 60 行.
NOTIC: [8] Undefined variable: remarkList D:\xampps\htdocs\somegood\Runtime\Cache\Ershou\55f3097c1428ad91d94f61a862ddf204.php 第 62 行.
NOTIC: [8] Undefined index: user_id D:\xampps\htdocs\somegood\Runtime\Cache\Ershou\55f3097c1428ad91d94f61a862ddf204.php 第 82 行.
NOTIC: [8] Undefined index: nick_name D:\xampps\htdocs\somegood\Runtime\Cache\Ershou\55f3097c1428ad91d94f61a862ddf204.php 第 83 行.
NOTIC: [8] Undefined index: nick_name D:\xampps\htdocs\somegood\Runtime\Cache\Ershou\55f3097c1428ad91d94f61a862ddf204.php 第 85 行.
NOTIC: [8] Undefined index: sale_counts D:\xampps\htdocs\somegood\Runtime\Cache\Ershou\55f3097c1428ad91d94f61a862ddf204.php 第 96 行.
NOTIC: [8] Undefined index: store_status D:\xampps\htdocs\somegood\Runtime\Cache\Ershou\55f3097c1428ad91d94f61a862ddf204.php 第 100 行.
NOTIC: [8] Undefined index: user_id D:\xampps\htdocs\somegood\Runtime\Cache\Ershou\55f3097c1428ad91d94f61a862ddf204.php 第 109 行.
NOTIC: [8] Undefined index: goods_num D:\xampps\htdocs\somegood\Runtime\Cache\Ershou\55f3097c1428ad91d94f61a862ddf204.php 第 135 行.
NOTIC: [8] Undefined index: goods_num D:\xampps\htdocs\somegood\Runtime\Cache\Ershou\55f3097c1428ad91d94f61a862ddf204.php 第 135 行.
NOTIC: [8] Use of undefined constant id - assumed 'id' D:\xampps\htdocs\somegood\Runtime\Cache\Ershou\55f3097c1428ad91d94f61a862ddf204.php 第 138 行.
NOTIC: [8] Undefined index: id D:\xampps\htdocs\somegood\Runtime\Cache\Ershou\55f3097c1428ad91d94f61a862ddf204.php 第 138 行.
INFO: Run Behavior\ParseTemplateBehavior [ RunTime:0.009001s ]
INFO: [ view_parse ] --END-- [ RunTime:0.009001s ]
INFO: [ view_filter ] --START--
INFO: Run Behavior\WriteHtmlCacheBehavior [ RunTime:0.000000s ]
INFO: Run Behavior\TokenBuildBehavior [ RunTime:0.001000s ]
INFO: [ view_filter ] --END-- [ RunTime:0.001000s ]
INFO: [ app_end ] --START--
INFO: Run Behavior\ShowPageTraceBehavior [ RunTime:0.000000s ]
INFO: [ app_end ] --END-- [ RunTime:0.000000s ]

[ 2017-11-16T11:14:34+08:00 ] ::1 /somegood/Ershou/goods/detail
INFO: [ app_init ] --START--
INFO: Run Behavior\BuildLiteBehavior [ RunTime:0.000000s ]
INFO: [ app_init ] --END-- [ RunTime:0.000000s ]
INFO: [ app_begin ] --START--
INFO: Run Behavior\ReadHtmlCacheBehavior [ RunTime:0.001000s ]
INFO: Run Behavior\CronRunBehavior [ RunTime:0.000000s ]
INFO: [ app_begin ] --END-- [ RunTime:0.001000s ]
NOTIC: [2048] Declaration of Common\Model\RegionModel::add() should be compatible with Think\Model::add($data = '', $options = Array, $replace = false) D:\xampps\htdocs\somegood\Apps\Common\Model\RegionModel.class.php 第 5 行.
NOTIC: [2048] Declaration of Common\Model\RegionModel::save() should be compatible with Think\Model::save($data = '', $options = Array) D:\xampps\htdocs\somegood\Apps\Common\Model\RegionModel.class.php 第 5 行.
SQL: SHOW COLUMNS FROM `sg_region` [ RunTime:0.0030s ]
SQL: SHOW COLUMNS FROM `sg_region` [ RunTime:0.0020s ]
SQL: SELECT * FROM `sg_region` WHERE `name` = '深圳' LIMIT 1   [ RunTime:0.0020s ]
NOTIC: [2048] Declaration of Common\Model\ShGoodsModel::add() should be compatible with Think\Model::add($data = '', $options = Array, $replace = false) D:\xampps\htdocs\somegood\Apps\Common\Model\ShGoodsModel.class.php 第 204 行.
SQL: SHOW COLUMNS FROM `sg_sh_goods` [ RunTime:0.0030s ]
NOTIC: [8] Undefined index: HTTP_REFERER D:\xampps\htdocs\somegood\Apps\Ershou\Controller\GoodsController.class.php 第 174 行.
SQL: SHOW COLUMNS FROM `sg_sh_goods` [ RunTime:0.0030s ]
SQL: SHOW COLUMNS FROM `sg_order_goods` [ RunTime:0.0020s ]
SQL: SELECT g.*,gc.title AS category_name,u.uid,u.user_name,u.avatar,u.nick_name,u.mobile,r.pid,r.name AS area_name,r.merger_name AS region,IFNULL(t.totalSaleCount,0) as sale_counts FROM sg_sh_goods g LEFT JOIN sg_goods_category AS gc ON g.category_id = gc.id LEFT JOIN sg_users AS u ON g.user_id = u.uid LEFT JOIN sg_region AS r ON g.area_id = r.id LEFT JOIN ( SELECT o.store_id,SUM(o.counts) as totalSaleCount FROM sg_order_goods o GROUP BY o.store_id  ) as t on u.uid=t.store_id   WHERE g.id = 0 LIMIT 1   [ RunTime:0.0010s ]
SQL: SELECT COUNT(*) AS tp_count FROM sg_sh_goods g WHERE g.status = 1 AND `user_id` = null LIMIT 1   [ RunTime:0.0010s ]

[ 2017-11-16T11:14:36+08:00 ] ::1 /somegood/Ershou/goods/detail
INFO: [ app_init ] --START--
INFO: Run Behavior\BuildLiteBehavior [ RunTime:0.000000s ]
INFO: [ app_init ] --END-- [ RunTime:0.001000s ]
INFO: [ app_begin ] --START--
INFO: Run Behavior\ReadHtmlCacheBehavior [ RunTime:0.000000s ]
INFO: Run Behavior\CronRunBehavior [ RunTime:0.000000s ]
INFO: [ app_begin ] --END-- [ RunTime:0.000000s ]
NOTIC: [2048] Declaration of Common\Model\RegionModel::add() should be compatible with Think\Model::add($data = '', $options = Array, $replace = false) D:\xampps\htdocs\somegood\Apps\Common\Model\RegionModel.class.php 第 5 行.
NOTIC: [2048] Declaration of Common\Model\RegionModel::save() should be compatible with Think\Model::save($data = '', $options = Array) D:\xampps\htdocs\somegood\Apps\Common\Model\RegionModel.class.php 第 5 行.
SQL: SHOW COLUMNS FROM `sg_region` [ RunTime:0.0030s ]
SQL: SHOW COLUMNS FROM `sg_region` [ RunTime:0.0020s ]
SQL: SELECT * FROM `sg_region` WHERE `name` = '深圳' LIMIT 1   [ RunTime:0.0060s ]
NOTIC: [2048] Declaration of Common\Model\ShGoodsModel::add() should be compatible with Think\Model::add($data = '', $options = Array, $replace = false) D:\xampps\htdocs\somegood\Apps\Common\Model\ShGoodsModel.class.php 第 204 行.
SQL: SHOW COLUMNS FROM `sg_sh_goods` [ RunTime:0.0030s ]
NOTIC: [8] Undefined index: HTTP_REFERER D:\xampps\htdocs\somegood\Apps\Ershou\Controller\GoodsController.class.php 第 174 行.
SQL: SHOW COLUMNS FROM `sg_sh_goods` [ RunTime:0.0040s ]
SQL: SHOW COLUMNS FROM `sg_order_goods` [ RunTime:0.0030s ]
SQL: SELECT g.*,gc.title AS category_name,u.uid,u.user_name,u.avatar,u.nick_name,u.mobile,r.pid,r.name AS area_name,r.merger_name AS region,IFNULL(t.totalSaleCount,0) as sale_counts FROM sg_sh_goods g LEFT JOIN sg_goods_category AS gc ON g.category_id = gc.id LEFT JOIN sg_users AS u ON g.user_id = u.uid LEFT JOIN sg_region AS r ON g.area_id = r.id LEFT JOIN ( SELECT o.store_id,SUM(o.counts) as totalSaleCount FROM sg_order_goods o GROUP BY o.store_id  ) as t on u.uid=t.store_id   WHERE g.id = 0 LIMIT 1   [ RunTime:0.0020s ]
SQL: SELECT COUNT(*) AS tp_count FROM sg_sh_goods g WHERE g.status = 1 AND `user_id` = null LIMIT 1   [ RunTime:0.0020s ]

[ 2017-11-16T11:18:45+08:00 ] ::1 /somegood/Ershou/goods/detail
INFO: [ app_init ] --START--
INFO: Run Behavior\BuildLiteBehavior [ RunTime:0.000000s ]
INFO: [ app_init ] --END-- [ RunTime:0.000000s ]
INFO: [ app_begin ] --START--
INFO: Run Behavior\ReadHtmlCacheBehavior [ RunTime:0.000000s ]
INFO: Run Behavior\CronRunBehavior [ RunTime:0.000000s ]
INFO: [ app_begin ] --END-- [ RunTime:0.000000s ]
NOTIC: [2048] Declaration of Common\Model\RegionModel::add() should be compatible with Think\Model::add($data = '', $options = Array, $replace = false) D:\xampps\htdocs\somegood\Apps\Common\Model\RegionModel.class.php 第 5 行.
NOTIC: [2048] Declaration of Common\Model\RegionModel::save() should be compatible with Think\Model::save($data = '', $options = Array) D:\xampps\htdocs\somegood\Apps\Common\Model\RegionModel.class.php 第 5 行.
SQL: SHOW COLUMNS FROM `sg_region` [ RunTime:0.0030s ]
SQL: SHOW COLUMNS FROM `sg_region` [ RunTime:0.0020s ]
SQL: SELECT * FROM `sg_region` WHERE `name` = '深圳' LIMIT 1   [ RunTime:0.0020s ]
NOTIC: [2048] Declaration of Common\Model\ShGoodsModel::add() should be compatible with Think\Model::add($data = '', $options = Array, $replace = false) D:\xampps\htdocs\somegood\Apps\Common\Model\ShGoodsModel.class.php 第 204 行.
SQL: SHOW COLUMNS FROM `sg_sh_goods` [ RunTime:0.0020s ]
NOTIC: [8] Undefined index: HTTP_REFERER D:\xampps\htdocs\somegood\Apps\Ershou\Controller\GoodsController.class.php 第 174 行.
SQL: SHOW COLUMNS FROM `sg_sh_goods` [ RunTime:0.0020s ]
SQL: SHOW COLUMNS FROM `sg_order_goods` [ RunTime:0.0020s ]
SQL: SELECT g.*,gc.title AS category_name,u.uid,u.user_name,u.avatar,u.nick_name,u.mobile,r.pid,r.name AS area_name,r.merger_name AS region,IFNULL(t.totalSaleCount,0) as sale_counts FROM sg_sh_goods g LEFT JOIN sg_goods_category AS gc ON g.category_id = gc.id LEFT JOIN sg_users AS u ON g.user_id = u.uid LEFT JOIN sg_region AS r ON g.area_id = r.id LEFT JOIN ( SELECT o.store_id,SUM(o.counts) as totalSaleCount FROM sg_order_goods o GROUP BY o.store_id  ) as t on u.uid=t.store_id   WHERE g.id = 0 LIMIT 1   [ RunTime:0.0010s ]
SQL: SELECT COUNT(*) AS tp_count FROM sg_sh_goods g WHERE g.status = 1 AND `user_id` = null LIMIT 1   [ RunTime:0.0020s ]

[ 2017-11-16T11:18:46+08:00 ] ::1 /somegood/Ershou/goods/detail
INFO: [ app_init ] --START--
INFO: Run Behavior\BuildLiteBehavior [ RunTime:0.000000s ]
INFO: [ app_init ] --END-- [ RunTime:0.000000s ]
INFO: [ app_begin ] --START--
INFO: Run Behavior\ReadHtmlCacheBehavior [ RunTime:0.001000s ]
INFO: Run Behavior\CronRunBehavior [ RunTime:0.000000s ]
INFO: [ app_begin ] --END-- [ RunTime:0.001000s ]
NOTIC: [2048] Declaration of Common\Model\RegionModel::add() should be compatible with Think\Model::add($data = '', $options = Array, $replace = false) D:\xampps\htdocs\somegood\Apps\Common\Model\RegionModel.class.php 第 5 行.
NOTIC: [2048] Declaration of Common\Model\RegionModel::save() should be compatible with Think\Model::save($data = '', $options = Array) D:\xampps\htdocs\somegood\Apps\Common\Model\RegionModel.class.php 第 5 行.
SQL: SHOW COLUMNS FROM `sg_region` [ RunTime:0.0030s ]
SQL: SHOW COLUMNS FROM `sg_region` [ RunTime:0.0020s ]
SQL: SELECT * FROM `sg_region` WHERE `name` = '深圳' LIMIT 1   [ RunTime:0.0010s ]
NOTIC: [2048] Declaration of Common\Model\ShGoodsModel::add() should be compatible with Think\Model::add($data = '', $options = Array, $replace = false) D:\xampps\htdocs\somegood\Apps\Common\Model\ShGoodsModel.class.php 第 204 行.
SQL: SHOW COLUMNS FROM `sg_sh_goods` [ RunTime:0.0030s ]
NOTIC: [8] Undefined index: HTTP_REFERER D:\xampps\htdocs\somegood\Apps\Ershou\Controller\GoodsController.class.php 第 174 行.
SQL: SHOW COLUMNS FROM `sg_sh_goods` [ RunTime:0.0030s ]
SQL: SHOW COLUMNS FROM `sg_order_goods` [ RunTime:0.0020s ]
SQL: SELECT g.*,gc.title AS category_name,u.uid,u.user_name,u.avatar,u.nick_name,u.mobile,r.pid,r.name AS area_name,r.merger_name AS region,IFNULL(t.totalSaleCount,0) as sale_counts FROM sg_sh_goods g LEFT JOIN sg_goods_category AS gc ON g.category_id = gc.id LEFT JOIN sg_users AS u ON g.user_id = u.uid LEFT JOIN sg_region AS r ON g.area_id = r.id LEFT JOIN ( SELECT o.store_id,SUM(o.counts) as totalSaleCount FROM sg_order_goods o GROUP BY o.store_id  ) as t on u.uid=t.store_id   WHERE g.id = 0 LIMIT 1   [ RunTime:0.0010s ]
SQL: SELECT COUNT(*) AS tp_count FROM sg_sh_goods g WHERE g.status = 1 AND `user_id` = null LIMIT 1   [ RunTime:0.0010s ]

[ 2017-11-16T11:18:46+08:00 ] ::1 /somegood/Ershou/goods/detail
INFO: [ app_init ] --START--
INFO: Run Behavior\BuildLiteBehavior [ RunTime:0.000000s ]
INFO: [ app_init ] --END-- [ RunTime:0.000000s ]
INFO: [ app_begin ] --START--
INFO: Run Behavior\ReadHtmlCacheBehavior [ RunTime:0.000000s ]
INFO: Run Behavior\CronRunBehavior [ RunTime:0.001000s ]
INFO: [ app_begin ] --END-- [ RunTime:0.001000s ]
NOTIC: [2048] Declaration of Common\Model\RegionModel::add() should be compatible with Think\Model::add($data = '', $options = Array, $replace = false) D:\xampps\htdocs\somegood\Apps\Common\Model\RegionModel.class.php 第 5 行.
NOTIC: [2048] Declaration of Common\Model\RegionModel::save() should be compatible with Think\Model::save($data = '', $options = Array) D:\xampps\htdocs\somegood\Apps\Common\Model\RegionModel.class.php 第 5 行.
SQL: SHOW COLUMNS FROM `sg_region` [ RunTime:0.0030s ]
SQL: SHOW COLUMNS FROM `sg_region` [ RunTime:0.0030s ]
SQL: SELECT * FROM `sg_region` WHERE `name` = '深圳' LIMIT 1   [ RunTime:0.0020s ]
NOTIC: [2048] Declaration of Common\Model\ShGoodsModel::add() should be compatible with Think\Model::add($data = '', $options = Array, $replace = false) D:\xampps\htdocs\somegood\Apps\Common\Model\ShGoodsModel.class.php 第 204 行.
SQL: SHOW COLUMNS FROM `sg_sh_goods` [ RunTime:0.0030s ]
NOTIC: [8] Undefined index: HTTP_REFERER D:\xampps\htdocs\somegood\Apps\Ershou\Controller\GoodsController.class.php 第 174 行.
SQL: SHOW COLUMNS FROM `sg_sh_goods` [ RunTime:0.0030s ]
SQL: SHOW COLUMNS FROM `sg_order_goods` [ RunTime:0.0020s ]
SQL: SELECT g.*,gc.title AS category_name,u.uid,u.user_name,u.avatar,u.nick_name,u.mobile,r.pid,r.name AS area_name,r.merger_name AS region,IFNULL(t.totalSaleCount,0) as sale_counts FROM sg_sh_goods g LEFT JOIN sg_goods_category AS gc ON g.category_id = gc.id LEFT JOIN sg_users AS u ON g.user_id = u.uid LEFT JOIN sg_region AS r ON g.area_id = r.id LEFT JOIN ( SELECT o.store_id,SUM(o.counts) as totalSaleCount FROM sg_order_goods o GROUP BY o.store_id  ) as t on u.uid=t.store_id   WHERE g.id = 0 LIMIT 1   [ RunTime:0.0020s ]
SQL: SELECT COUNT(*) AS tp_count FROM sg_sh_goods g WHERE g.status = 1 AND `user_id` = null LIMIT 1   [ RunTime:0.0000s ]

[ 2017-11-16T11:41:59+08:00 ] ::1 /somegood/Ershou/goods/detail
INFO: [ app_init ] --START--
INFO: Run Behavior\BuildLiteBehavior [ RunTime:0.000000s ]
INFO: [ app_init ] --END-- [ RunTime:0.001000s ]
INFO: [ app_begin ] --START--
INFO: Run Behavior\ReadHtmlCacheBehavior [ RunTime:0.001000s ]
INFO: Run Behavior\CronRunBehavior [ RunTime:0.000000s ]
INFO: [ app_begin ] --END-- [ RunTime:0.001000s ]
NOTIC: [2048] Declaration of Common\Model\RegionModel::add() should be compatible with Think\Model::add($data = '', $options = Array, $replace = false) D:\xampps\htdocs\somegood\Apps\Common\Model\RegionModel.class.php 第 5 行.
NOTIC: [2048] Declaration of Common\Model\RegionModel::save() should be compatible with Think\Model::save($data = '', $options = Array) D:\xampps\htdocs\somegood\Apps\Common\Model\RegionModel.class.php 第 5 行.
SQL: SHOW COLUMNS FROM `sg_region` [ RunTime:0.0030s ]
SQL: SHOW COLUMNS FROM `sg_region` [ RunTime:0.0030s ]
SQL: SELECT * FROM `sg_region` WHERE `name` = '深圳' LIMIT 1   [ RunTime:0.0030s ]
NOTIC: [2048] Declaration of Common\Model\ShGoodsModel::add() should be compatible with Think\Model::add($data = '', $options = Array, $replace = false) D:\xampps\htdocs\somegood\Apps\Common\Model\ShGoodsModel.class.php 第 204 行.
SQL: SHOW COLUMNS FROM `sg_sh_goods` [ RunTime:0.0030s ]
NOTIC: [8] Undefined index: HTTP_REFERER D:\xampps\htdocs\somegood\Apps\Ershou\Controller\GoodsController.class.php 第 174 行.
SQL: SHOW COLUMNS FROM `sg_sh_goods` [ RunTime:0.0020s ]
SQL: SHOW COLUMNS FROM `sg_order_goods` [ RunTime:0.0020s ]
SQL: SELECT g.*,gc.title AS category_name,u.uid,u.user_name,u.avatar,u.nick_name,u.mobile,r.pid,r.name AS area_name,r.merger_name AS region,IFNULL(t.totalSaleCount,0) as sale_counts FROM sg_sh_goods g LEFT JOIN sg_goods_category AS gc ON g.category_id = gc.id LEFT JOIN sg_users AS u ON g.user_id = u.uid LEFT JOIN sg_region AS r ON g.area_id = r.id LEFT JOIN ( SELECT o.store_id,SUM(o.counts) as totalSaleCount FROM sg_order_goods o GROUP BY o.store_id  ) as t on u.uid=t.store_id   WHERE g.id = 0 LIMIT 1   [ RunTime:0.0010s ]
SQL: SELECT COUNT(*) AS tp_count FROM sg_sh_goods g WHERE g.status = 1 AND `user_id` = null LIMIT 1   [ RunTime:0.0020s ]

[ 2017-11-16T11:42:01+08:00 ] ::1 /somegood/Ershou/goods/detail
INFO: [ app_init ] --START--
INFO: Run Behavior\BuildLiteBehavior [ RunTime:0.000000s ]
INFO: [ app_init ] --END-- [ RunTime:0.001000s ]
INFO: [ app_begin ] --START--
INFO: Run Behavior\ReadHtmlCacheBehavior [ RunTime:0.000000s ]
INFO: Run Behavior\CronRunBehavior [ RunTime:0.000000s ]
INFO: [ app_begin ] --END-- [ RunTime:0.000000s ]
NOTIC: [2048] Declaration of Common\Model\RegionModel::add() should be compatible with Think\Model::add($data = '', $options = Array, $replace = false) D:\xampps\htdocs\somegood\Apps\Common\Model\RegionModel.class.php 第 5 行.
NOTIC: [2048] Declaration of Common\Model\RegionModel::save() should be compatible with Think\Model::save($data = '', $options = Array) D:\xampps\htdocs\somegood\Apps\Common\Model\RegionModel.class.php 第 5 行.
SQL: SHOW COLUMNS FROM `sg_region` [ RunTime:0.0030s ]
SQL: SHOW COLUMNS FROM `sg_region` [ RunTime:0.0030s ]
SQL: SELECT * FROM `sg_region` WHERE `name` = '深圳' LIMIT 1   [ RunTime:0.0020s ]
NOTIC: [2048] Declaration of Common\Model\ShGoodsModel::add() should be compatible with Think\Model::add($data = '', $options = Array, $replace = false) D:\xampps\htdocs\somegood\Apps\Common\Model\ShGoodsModel.class.php 第 204 行.
SQL: SHOW COLUMNS FROM `sg_sh_goods` [ RunTime:0.0030s ]
NOTIC: [8] Undefined index: HTTP_REFERER D:\xampps\htdocs\somegood\Apps\Ershou\Controller\GoodsController.class.php 第 174 行.
SQL: SHOW COLUMNS FROM `sg_sh_goods` [ RunTime:0.0030s ]
SQL: SHOW COLUMNS FROM `sg_order_goods` [ RunTime:0.0030s ]
SQL: SELECT g.*,gc.title AS category_name,u.uid,u.user_name,u.avatar,u.nick_name,u.mobile,r.pid,r.name AS area_name,r.merger_name AS region,IFNULL(t.totalSaleCount,0) as sale_counts FROM sg_sh_goods g LEFT JOIN sg_goods_category AS gc ON g.category_id = gc.id LEFT JOIN sg_users AS u ON g.user_id = u.uid LEFT JOIN sg_region AS r ON g.area_id = r.id LEFT JOIN ( SELECT o.store_id,SUM(o.counts) as totalSaleCount FROM sg_order_goods o GROUP BY o.store_id  ) as t on u.uid=t.store_id   WHERE g.id = 0 LIMIT 1   [ RunTime:0.0010s ]
SQL: SELECT COUNT(*) AS tp_count FROM sg_sh_goods g WHERE g.status = 1 AND `user_id` = null LIMIT 1   [ RunTime:0.0010s ]

[ 2017-11-16T11:42:06+08:00 ] ::1 /somegood/Ershou/goods/detail
INFO: [ app_init ] --START--
INFO: Run Behavior\BuildLiteBehavior [ RunTime:0.000000s ]
INFO: [ app_init ] --END-- [ RunTime:0.001000s ]
INFO: [ app_begin ] --START--
INFO: Run Behavior\ReadHtmlCacheBehavior [ RunTime:0.000000s ]
INFO: Run Behavior\CronRunBehavior [ RunTime:0.001001s ]
INFO: [ app_begin ] --END-- [ RunTime:0.001001s ]
NOTIC: [2048] Declaration of Common\Model\RegionModel::add() should be compatible with Think\Model::add($data = '', $options = Array, $replace = false) D:\xampps\htdocs\somegood\Apps\Common\Model\RegionModel.class.php 第 5 行.
NOTIC: [2048] Declaration of Common\Model\RegionModel::save() should be compatible with Think\Model::save($data = '', $options = Array) D:\xampps\htdocs\somegood\Apps\Common\Model\RegionModel.class.php 第 5 行.
SQL: SHOW COLUMNS FROM `sg_region` [ RunTime:0.0020s ]
SQL: SHOW COLUMNS FROM `sg_region` [ RunTime:0.0020s ]
SQL: SELECT * FROM `sg_region` WHERE `name` = '深圳' LIMIT 1   [ RunTime:0.0020s ]
NOTIC: [2048] Declaration of Common\Model\ShGoodsModel::add() should be compatible with Think\Model::add($data = '', $options = Array, $replace = false) D:\xampps\htdocs\somegood\Apps\Common\Model\ShGoodsModel.class.php 第 204 行.
SQL: SHOW COLUMNS FROM `sg_sh_goods` [ RunTime:0.0020s ]
NOTIC: [8] Undefined index: HTTP_REFERER D:\xampps\htdocs\somegood\Apps\Ershou\Controller\GoodsController.class.php 第 174 行.
SQL: SHOW COLUMNS FROM `sg_sh_goods` [ RunTime:0.0030s ]
SQL: SHOW COLUMNS FROM `sg_order_goods` [ RunTime:0.0020s ]
SQL: SELECT g.*,gc.title AS category_name,u.uid,u.user_name,u.avatar,u.nick_name,u.mobile,r.pid,r.name AS area_name,r.merger_name AS region,IFNULL(t.totalSaleCount,0) as sale_counts FROM sg_sh_goods g LEFT JOIN sg_goods_category AS gc ON g.category_id = gc.id LEFT JOIN sg_users AS u ON g.user_id = u.uid LEFT JOIN sg_region AS r ON g.area_id = r.id LEFT JOIN ( SELECT o.store_id,SUM(o.counts) as totalSaleCount FROM sg_order_goods o GROUP BY o.store_id  ) as t on u.uid=t.store_id   WHERE g.id = 0 LIMIT 1   [ RunTime:0.0020s ]
SQL: SELECT COUNT(*) AS tp_count FROM sg_sh_goods g WHERE g.status = 1 AND `user_id` = null LIMIT 1   [ RunTime:0.0010s ]

[ 2017-11-16T11:42:07+08:00 ] ::1 /somegood/Ershou/goods/detail
INFO: [ app_init ] --START--
INFO: Run Behavior\BuildLiteBehavior [ RunTime:0.000000s ]
INFO: [ app_init ] --END-- [ RunTime:0.000000s ]
INFO: [ app_begin ] --START--
INFO: Run Behavior\ReadHtmlCacheBehavior [ RunTime:0.000000s ]
INFO: Run Behavior\CronRunBehavior [ RunTime:0.000000s ]
INFO: [ app_begin ] --END-- [ RunTime:0.001000s ]
NOTIC: [2048] Declaration of Common\Model\RegionModel::add() should be compatible with Think\Model::add($data = '', $options = Array, $replace = false) D:\xampps\htdocs\somegood\Apps\Common\Model\RegionModel.class.php 第 5 行.
NOTIC: [2048] Declaration of Common\Model\RegionModel::save() should be compatible with Think\Model::save($data = '', $options = Array) D:\xampps\htdocs\somegood\Apps\Common\Model\RegionModel.class.php 第 5 行.
SQL: SHOW COLUMNS FROM `sg_region` [ RunTime:0.0030s ]
SQL: SHOW COLUMNS FROM `sg_region` [ RunTime:0.0020s ]
SQL: SELECT * FROM `sg_region` WHERE `name` = '深圳' LIMIT 1   [ RunTime:0.0010s ]
NOTIC: [2048] Declaration of Common\Model\ShGoodsModel::add() should be compatible with Think\Model::add($data = '', $options = Array, $replace = false) D:\xampps\htdocs\somegood\Apps\Common\Model\ShGoodsModel.class.php 第 204 行.
SQL: SHOW COLUMNS FROM `sg_sh_goods` [ RunTime:0.0030s ]
NOTIC: [8] Undefined index: HTTP_REFERER D:\xampps\htdocs\somegood\Apps\Ershou\Controller\GoodsController.class.php 第 174 行.
SQL: SHOW COLUMNS FROM `sg_sh_goods` [ RunTime:0.0020s ]
SQL: SHOW COLUMNS FROM `sg_order_goods` [ RunTime:0.0020s ]
SQL: SELECT g.*,gc.title AS category_name,u.uid,u.user_name,u.avatar,u.nick_name,u.mobile,r.pid,r.name AS area_name,r.merger_name AS region,IFNULL(t.totalSaleCount,0) as sale_counts FROM sg_sh_goods g LEFT JOIN sg_goods_category AS gc ON g.category_id = gc.id LEFT JOIN sg_users AS u ON g.user_id = u.uid LEFT JOIN sg_region AS r ON g.area_id = r.id LEFT JOIN ( SELECT o.store_id,SUM(o.counts) as totalSaleCount FROM sg_order_goods o GROUP BY o.store_id  ) as t on u.uid=t.store_id   WHERE g.id = 0 LIMIT 1   [ RunTime:0.0010s ]
SQL: SELECT COUNT(*) AS tp_count FROM sg_sh_goods g WHERE g.status = 1 AND `user_id` = null LIMIT 1   [ RunTime:0.0020s ]

[ 2017-11-16T11:42:07+08:00 ] ::1 /somegood/Ershou/goods/detail
INFO: [ app_init ] --START--
INFO: Run Behavior\BuildLiteBehavior [ RunTime:0.000000s ]
INFO: [ app_init ] --END-- [ RunTime:0.001000s ]
INFO: [ app_begin ] --START--
INFO: Run Behavior\ReadHtmlCacheBehavior [ RunTime:0.000000s ]
INFO: Run Behavior\CronRunBehavior [ RunTime:0.000000s ]
INFO: [ app_begin ] --END-- [ RunTime:0.000000s ]
NOTIC: [2048] Declaration of Common\Model\RegionModel::add() should be compatible with Think\Model::add($data = '', $options = Array, $replace = false) D:\xampps\htdocs\somegood\Apps\Common\Model\RegionModel.class.php 第 5 行.
NOTIC: [2048] Declaration of Common\Model\RegionModel::save() should be compatible with Think\Model::save($data = '', $options = Array) D:\xampps\htdocs\somegood\Apps\Common\Model\RegionModel.class.php 第 5 行.
SQL: SHOW COLUMNS FROM `sg_region` [ RunTime:0.0030s ]
SQL: SHOW COLUMNS FROM `sg_region` [ RunTime:0.0030s ]
SQL: SELECT * FROM `sg_region` WHERE `name` = '深圳' LIMIT 1   [ RunTime:0.0020s ]
NOTIC: [2048] Declaration of Common\Model\ShGoodsModel::add() should be compatible with Think\Model::add($data = '', $options = Array, $replace = false) D:\xampps\htdocs\somegood\Apps\Common\Model\ShGoodsModel.class.php 第 204 行.
SQL: SHOW COLUMNS FROM `sg_sh_goods` [ RunTime:0.0030s ]
NOTIC: [8] Undefined index: HTTP_REFERER D:\xampps\htdocs\somegood\Apps\Ershou\Controller\GoodsController.class.php 第 174 行.
SQL: SHOW COLUMNS FROM `sg_sh_goods` [ RunTime:0.0020s ]
SQL: SHOW COLUMNS FROM `sg_order_goods` [ RunTime:0.0020s ]
SQL: SELECT g.*,gc.title AS category_name,u.uid,u.user_name,u.avatar,u.nick_name,u.mobile,r.pid,r.name AS area_name,r.merger_name AS region,IFNULL(t.totalSaleCount,0) as sale_counts FROM sg_sh_goods g LEFT JOIN sg_goods_category AS gc ON g.category_id = gc.id LEFT JOIN sg_users AS u ON g.user_id = u.uid LEFT JOIN sg_region AS r ON g.area_id = r.id LEFT JOIN ( SELECT o.store_id,SUM(o.counts) as totalSaleCount FROM sg_order_goods o GROUP BY o.store_id  ) as t on u.uid=t.store_id   WHERE g.id = 0 LIMIT 1   [ RunTime:0.0010s ]
SQL: SELECT COUNT(*) AS tp_count FROM sg_sh_goods g WHERE g.status = 1 AND `user_id` = null LIMIT 1   [ RunTime:0.0020s ]

[ 2017-11-16T11:42:07+08:00 ] ::1 /somegood/Ershou/goods/detail
INFO: [ app_init ] --START--
INFO: Run Behavior\BuildLiteBehavior [ RunTime:0.000000s ]
INFO: [ app_init ] --END-- [ RunTime:0.000000s ]
INFO: [ app_begin ] --START--
INFO: Run Behavior\ReadHtmlCacheBehavior [ RunTime:0.000000s ]
INFO: Run Behavior\CronRunBehavior [ RunTime:0.000000s ]
INFO: [ app_begin ] --END-- [ RunTime:0.000000s ]
NOTIC: [2048] Declaration of Common\Model\RegionModel::add() should be compatible with Think\Model::add($data = '', $options = Array, $replace = false) D:\xampps\htdocs\somegood\Apps\Common\Model\RegionModel.class.php 第 5 行.
NOTIC: [2048] Declaration of Common\Model\RegionModel::save() should be compatible with Think\Model::save($data = '', $options = Array) D:\xampps\htdocs\somegood\Apps\Common\Model\RegionModel.class.php 第 5 行.
SQL: SHOW COLUMNS FROM `sg_region` [ RunTime:0.0030s ]
SQL: SHOW COLUMNS FROM `sg_region` [ RunTime:0.0020s ]
SQL: SELECT * FROM `sg_region` WHERE `name` = '深圳' LIMIT 1   [ RunTime:0.0020s ]
NOTIC: [2048] Declaration of Common\Model\ShGoodsModel::add() should be compatible with Think\Model::add($data = '', $options = Array, $replace = false) D:\xampps\htdocs\somegood\Apps\Common\Model\ShGoodsModel.class.php 第 204 行.
SQL: SHOW COLUMNS FROM `sg_sh_goods` [ RunTime:0.0020s ]
NOTIC: [8] Undefined index: HTTP_REFERER D:\xampps\htdocs\somegood\Apps\Ershou\Controller\GoodsController.class.php 第 174 行.
SQL: SHOW COLUMNS FROM `sg_sh_goods` [ RunTime:0.0020s ]
SQL: SHOW COLUMNS FROM `sg_order_goods` [ RunTime:0.0020s ]
SQL: SELECT g.*,gc.title AS category_name,u.uid,u.user_name,u.avatar,u.nick_name,u.mobile,r.pid,r.name AS area_name,r.merger_name AS region,IFNULL(t.totalSaleCount,0) as sale_counts FROM sg_sh_goods g LEFT JOIN sg_goods_category AS gc ON g.category_id = gc.id LEFT JOIN sg_users AS u ON g.user_id = u.uid LEFT JOIN sg_region AS r ON g.area_id = r.id LEFT JOIN ( SELECT o.store_id,SUM(o.counts) as totalSaleCount FROM sg_order_goods o GROUP BY o.store_id  ) as t on u.uid=t.store_id   WHERE g.id = 0 LIMIT 1   [ RunTime:0.0020s ]
SQL: SELECT COUNT(*) AS tp_count FROM sg_sh_goods g WHERE g.status = 1 AND `user_id` = null LIMIT 1   [ RunTime:0.0010s ]

[ 2017-11-16T11:42:08+08:00 ] ::1 /somegood/Ershou/goods/detail
INFO: [ app_init ] --START--
INFO: Run Behavior\BuildLiteBehavior [ RunTime:0.000000s ]
INFO: [ app_init ] --END-- [ RunTime:0.000000s ]
INFO: [ app_begin ] --START--
INFO: Run Behavior\ReadHtmlCacheBehavior [ RunTime:0.000000s ]
INFO: Run Behavior\CronRunBehavior [ RunTime:0.000000s ]
INFO: [ app_begin ] --END-- [ RunTime:0.000000s ]
NOTIC: [2048] Declaration of Common\Model\RegionModel::add() should be compatible with Think\Model::add($data = '', $options = Array, $replace = false) D:\xampps\htdocs\somegood\Apps\Common\Model\RegionModel.class.php 第 5 行.
NOTIC: [2048] Declaration of Common\Model\RegionModel::save() should be compatible with Think\Model::save($data = '', $options = Array) D:\xampps\htdocs\somegood\Apps\Common\Model\RegionModel.class.php 第 5 行.
SQL: SHOW COLUMNS FROM `sg_region` [ RunTime:0.0030s ]
SQL: SHOW COLUMNS FROM `sg_region` [ RunTime:0.0030s ]
SQL: SELECT * FROM `sg_region` WHERE `name` = '深圳' LIMIT 1   [ RunTime:0.0020s ]
NOTIC: [2048] Declaration of Common\Model\ShGoodsModel::add() should be compatible with Think\Model::add($data = '', $options = Array, $replace = false) D:\xampps\htdocs\somegood\Apps\Common\Model\ShGoodsModel.class.php 第 204 行.
SQL: SHOW COLUMNS FROM `sg_sh_goods` [ RunTime:0.0030s ]
NOTIC: [8] Undefined index: HTTP_REFERER D:\xampps\htdocs\somegood\Apps\Ershou\Controller\GoodsController.class.php 第 174 行.
SQL: SHOW COLUMNS FROM `sg_sh_goods` [ RunTime:0.0020s ]
SQL: SHOW COLUMNS FROM `sg_order_goods` [ RunTime:0.0020s ]
SQL: SELECT g.*,gc.title AS category_name,u.uid,u.user_name,u.avatar,u.nick_name,u.mobile,r.pid,r.name AS area_name,r.merger_name AS region,IFNULL(t.totalSaleCount,0) as sale_counts FROM sg_sh_goods g LEFT JOIN sg_goods_category AS gc ON g.category_id = gc.id LEFT JOIN sg_users AS u ON g.user_id = u.uid LEFT JOIN sg_region AS r ON g.area_id = r.id LEFT JOIN ( SELECT o.store_id,SUM(o.counts) as totalSaleCount FROM sg_order_goods o GROUP BY o.store_id  ) as t on u.uid=t.store_id   WHERE g.id = 0 LIMIT 1   [ RunTime:0.0010s ]
SQL: SELECT COUNT(*) AS tp_count FROM sg_sh_goods g WHERE g.status = 1 AND `user_id` = null LIMIT 1   [ RunTime:0.0020s ]

[ 2017-11-16T11:42:08+08:00 ] ::1 /somegood/Ershou/goods/detail
INFO: [ app_init ] --START--
INFO: Run Behavior\BuildLiteBehavior [ RunTime:0.000000s ]
INFO: [ app_init ] --END-- [ RunTime:0.000000s ]
INFO: [ app_begin ] --START--
INFO: Run Behavior\ReadHtmlCacheBehavior [ RunTime:0.001000s ]
INFO: Run Behavior\CronRunBehavior [ RunTime:0.000000s ]
INFO: [ app_begin ] --END-- [ RunTime:0.001000s ]
NOTIC: [2048] Declaration of Common\Model\RegionModel::add() should be compatible with Think\Model::add($data = '', $options = Array, $replace = false) D:\xampps\htdocs\somegood\Apps\Common\Model\RegionModel.class.php 第 5 行.
NOTIC: [2048] Declaration of Common\Model\RegionModel::save() should be compatible with Think\Model::save($data = '', $options = Array) D:\xampps\htdocs\somegood\Apps\Common\Model\RegionModel.class.php 第 5 行.
SQL: SHOW COLUMNS FROM `sg_region` [ RunTime:0.0030s ]
SQL: SHOW COLUMNS FROM `sg_region` [ RunTime:0.0030s ]
SQL: SELECT * FROM `sg_region` WHERE `name` = '深圳' LIMIT 1   [ RunTime:0.0020s ]
NOTIC: [2048] Declaration of Common\Model\ShGoodsModel::add() should be compatible with Think\Model::add($data = '', $options = Array, $replace = false) D:\xampps\htdocs\somegood\Apps\Common\Model\ShGoodsModel.class.php 第 204 行.
SQL: SHOW COLUMNS FROM `sg_sh_goods` [ RunTime:0.0030s ]
NOTIC: [8] Undefined index: HTTP_REFERER D:\xampps\htdocs\somegood\Apps\Ershou\Controller\GoodsController.class.php 第 174 行.
SQL: SHOW COLUMNS FROM `sg_sh_goods` [ RunTime:0.0030s ]
SQL: SHOW COLUMNS FROM `sg_order_goods` [ RunTime:0.0020s ]
SQL: SELECT g.*,gc.title AS category_name,u.uid,u.user_name,u.avatar,u.nick_name,u.mobile,r.pid,r.name AS area_name,r.merger_name AS region,IFNULL(t.totalSaleCount,0) as sale_counts FROM sg_sh_goods g LEFT JOIN sg_goods_category AS gc ON g.category_id = gc.id LEFT JOIN sg_users AS u ON g.user_id = u.uid LEFT JOIN sg_region AS r ON g.area_id = r.id LEFT JOIN ( SELECT o.store_id,SUM(o.counts) as totalSaleCount FROM sg_order_goods o GROUP BY o.store_id  ) as t on u.uid=t.store_id   WHERE g.id = 0 LIMIT 1   [ RunTime:0.0010s ]
SQL: SELECT COUNT(*) AS tp_count FROM sg_sh_goods g WHERE g.status = 1 AND `user_id` = null LIMIT 1   [ RunTime:0.0010s ]

[ 2017-11-16T11:42:18+08:00 ] ::1 /somegood/Ershou/goods/detail
INFO: [ app_init ] --START--
INFO: Run Behavior\BuildLiteBehavior [ RunTime:0.000000s ]
INFO: [ app_init ] --END-- [ RunTime:0.000000s ]
INFO: [ app_begin ] --START--
INFO: Run Behavior\ReadHtmlCacheBehavior [ RunTime:0.001000s ]
INFO: Run Behavior\CronRunBehavior [ RunTime:0.000000s ]
INFO: [ app_begin ] --END-- [ RunTime:0.001000s ]
NOTIC: [2048] Declaration of Common\Model\RegionModel::add() should be compatible with Think\Model::add($data = '', $options = Array, $replace = false) D:\xampps\htdocs\somegood\Apps\Common\Model\RegionModel.class.php 第 5 行.
NOTIC: [2048] Declaration of Common\Model\RegionModel::save() should be compatible with Think\Model::save($data = '', $options = Array) D:\xampps\htdocs\somegood\Apps\Common\Model\RegionModel.class.php 第 5 行.
SQL: SHOW COLUMNS FROM `sg_region` [ RunTime:0.0030s ]
SQL: SHOW COLUMNS FROM `sg_region` [ RunTime:0.0030s ]
SQL: SELECT * FROM `sg_region` WHERE `name` = '深圳' LIMIT 1   [ RunTime:0.0020s ]
NOTIC: [2048] Declaration of Common\Model\ShGoodsModel::add() should be compatible with Think\Model::add($data = '', $options = Array, $replace = false) D:\xampps\htdocs\somegood\Apps\Common\Model\ShGoodsModel.class.php 第 204 行.
SQL: SHOW COLUMNS FROM `sg_sh_goods` [ RunTime:0.0030s ]
NOTIC: [8] Undefined index: HTTP_REFERER D:\xampps\htdocs\somegood\Apps\Ershou\Controller\GoodsController.class.php 第 174 行.
SQL: SHOW COLUMNS FROM `sg_sh_goods` [ RunTime:0.0020s ]
SQL: SHOW COLUMNS FROM `sg_order_goods` [ RunTime:0.0020s ]
SQL: SELECT g.*,gc.title AS category_name,u.uid,u.user_name,u.avatar,u.nick_name,u.mobile,r.pid,r.name AS area_name,r.merger_name AS region,IFNULL(t.totalSaleCount,0) as sale_counts FROM sg_sh_goods g LEFT JOIN sg_goods_category AS gc ON g.category_id = gc.id LEFT JOIN sg_users AS u ON g.user_id = u.uid LEFT JOIN sg_region AS r ON g.area_id = r.id LEFT JOIN ( SELECT o.store_id,SUM(o.counts) as totalSaleCount FROM sg_order_goods o GROUP BY o.store_id  ) as t on u.uid=t.store_id   WHERE g.id = 0 LIMIT 1   [ RunTime:0.0010s ]
SQL: SELECT COUNT(*) AS tp_count FROM sg_sh_goods g WHERE g.status = 1 AND `user_id` = null LIMIT 1   [ RunTime:0.0010s ]

[ 2017-11-16T11:42:33+08:00 ] ::1 /somegood/Ershou/goods/detail
INFO: [ app_init ] --START--
INFO: Run Behavior\BuildLiteBehavior [ RunTime:0.000000s ]
INFO: [ app_init ] --END-- [ RunTime:0.001000s ]
INFO: [ app_begin ] --START--
INFO: Run Behavior\ReadHtmlCacheBehavior [ RunTime:0.000000s ]
INFO: Run Behavior\CronRunBehavior [ RunTime:0.001000s ]
INFO: [ app_begin ] --END-- [ RunTime:0.001000s ]
NOTIC: [2048] Declaration of Common\Model\RegionModel::add() should be compatible with Think\Model::add($data = '', $options = Array, $replace = false) D:\xampps\htdocs\somegood\Apps\Common\Model\RegionModel.class.php 第 5 行.
NOTIC: [2048] Declaration of Common\Model\RegionModel::save() should be compatible with Think\Model::save($data = '', $options = Array) D:\xampps\htdocs\somegood\Apps\Common\Model\RegionModel.class.php 第 5 行.
SQL: SHOW COLUMNS FROM `sg_region` [ RunTime:0.0030s ]
SQL: SHOW COLUMNS FROM `sg_region` [ RunTime:0.0020s ]
SQL: SELECT * FROM `sg_region` WHERE `name` = '深圳' LIMIT 1   [ RunTime:0.0020s ]
NOTIC: [2048] Declaration of Common\Model\ShGoodsModel::add() should be compatible with Think\Model::add($data = '', $options = Array, $replace = false) D:\xampps\htdocs\somegood\Apps\Common\Model\ShGoodsModel.class.php 第 204 行.
SQL: SHOW COLUMNS FROM `sg_sh_goods` [ RunTime:0.0020s ]
NOTIC: [8] Undefined index: HTTP_REFERER D:\xampps\htdocs\somegood\Apps\Ershou\Controller\GoodsController.class.php 第 174 行.
SQL: SHOW COLUMNS FROM `sg_sh_goods` [ RunTime:0.0030s ]
SQL: SHOW COLUMNS FROM `sg_order_goods` [ RunTime:0.0020s ]
SQL: SELECT g.*,gc.title AS category_name,u.uid,u.user_name,u.avatar,u.nick_name,u.mobile,r.pid,r.name AS area_name,r.merger_name AS region,IFNULL(t.totalSaleCount,0) as sale_counts FROM sg_sh_goods g LEFT JOIN sg_goods_category AS gc ON g.category_id = gc.id LEFT JOIN sg_users AS u ON g.user_id = u.uid LEFT JOIN sg_region AS r ON g.area_id = r.id LEFT JOIN ( SELECT o.store_id,SUM(o.counts) as totalSaleCount FROM sg_order_goods o GROUP BY o.store_id  ) as t on u.uid=t.store_id   WHERE g.id = 0 LIMIT 1   [ RunTime:0.0020s ]
SQL: SELECT COUNT(*) AS tp_count FROM sg_sh_goods g WHERE g.status = 1 AND `user_id` = null LIMIT 1   [ RunTime:0.0010s ]

[ 2017-11-16T11:42:35+08:00 ] ::1 /somegood/Ershou/goods/detail
INFO: [ app_init ] --START--
INFO: Run Behavior\BuildLiteBehavior [ RunTime:0.000000s ]
INFO: [ app_init ] --END-- [ RunTime:0.000000s ]
INFO: [ app_begin ] --START--
INFO: Run Behavior\ReadHtmlCacheBehavior [ RunTime:0.001000s ]
INFO: Run Behavior\CronRunBehavior [ RunTime:0.000000s ]
INFO: [ app_begin ] --END-- [ RunTime:0.001000s ]
NOTIC: [2048] Declaration of Common\Model\RegionModel::add() should be compatible with Think\Model::add($data = '', $options = Array, $replace = false) D:\xampps\htdocs\somegood\Apps\Common\Model\RegionModel.class.php 第 5 行.
NOTIC: [2048] Declaration of Common\Model\RegionModel::save() should be compatible with Think\Model::save($data = '', $options = Array) D:\xampps\htdocs\somegood\Apps\Common\Model\RegionModel.class.php 第 5 行.
SQL: SHOW COLUMNS FROM `sg_region` [ RunTime:0.0030s ]
SQL: SHOW COLUMNS FROM `sg_region` [ RunTime:0.0020s ]
SQL: SELECT * FROM `sg_region` WHERE `name` = '深圳' LIMIT 1   [ RunTime:0.0020s ]
NOTIC: [2048] Declaration of Common\Model\ShGoodsModel::add() should be compatible with Think\Model::add($data = '', $options = Array, $replace = false) D:\xampps\htdocs\somegood\Apps\Common\Model\ShGoodsModel.class.php 第 204 行.
SQL: SHOW COLUMNS FROM `sg_sh_goods` [ RunTime:0.0030s ]
NOTIC: [8] Undefined index: HTTP_REFERER D:\xampps\htdocs\somegood\Apps\Ershou\Controller\GoodsController.class.php 第 174 行.
SQL: SHOW COLUMNS FROM `sg_sh_goods` [ RunTime:0.0030s ]
SQL: SHOW COLUMNS FROM `sg_order_goods` [ RunTime:0.0020s ]
SQL: SELECT g.*,gc.title AS category_name,u.uid,u.user_name,u.avatar,u.nick_name,u.mobile,r.pid,r.name AS area_name,r.merger_name AS region,IFNULL(t.totalSaleCount,0) as sale_counts FROM sg_sh_goods g LEFT JOIN sg_goods_category AS gc ON g.category_id = gc.id LEFT JOIN sg_users AS u ON g.user_id = u.uid LEFT JOIN sg_region AS r ON g.area_id = r.id LEFT JOIN ( SELECT o.store_id,SUM(o.counts) as totalSaleCount FROM sg_order_goods o GROUP BY o.store_id  ) as t on u.uid=t.store_id   WHERE g.id = 0 LIMIT 1   [ RunTime:0.0010s ]
SQL: SELECT COUNT(*) AS tp_count FROM sg_sh_goods g WHERE g.status = 1 AND `user_id` = null LIMIT 1   [ RunTime:0.0010s ]

