[ 2017-10-27T14:59:26+08:00 ] ::1 /somegood/Ershou/Search/list.html?keywords=%E7%AC%AC%E4%B8%80%E4%B8%AA&__hash__=062e8c450af83bcf8367dc7ac69d5766_3f61d071a364ed2825c4e5f09ae617f8
INFO: [ app_init ] --START--
INFO: Run Behavior\BuildLiteBehavior [ RunTime:0.000000s ]
INFO: [ app_init ] --END-- [ RunTime:0.001000s ]
INFO: [ app_begin ] --START--
INFO: Run Behavior\ReadHtmlCacheBehavior [ RunTime:0.001000s ]
INFO: Run Behavior\CronRunBehavior [ RunTime:0.000000s ]
INFO: [ app_begin ] --END-- [ RunTime:0.001000s ]
NOTIC: [2048] Declaration of Common\Model\RegionModel::add() should be compatible with Think\Model::add($data = '', $options = Array, $replace = false) D:\xampps\htdocs\somegood\Apps\Common\Model\RegionModel.class.php 第 5 行.
NOTIC: [2048] Declaration of Common\Model\RegionModel::save() should be compatible with Think\Model::save($data = '', $options = Array) D:\xampps\htdocs\somegood\Apps\Common\Model\RegionModel.class.php 第 5 行.
SQL: SHOW COLUMNS FROM `sg_region` [ RunTime:0.0070s ]
SQL: SHOW COLUMNS FROM `sg_region` [ RunTime:0.0070s ]
SQL: SELECT * FROM `sg_region` WHERE `name` = '深圳' LIMIT 1   [ RunTime:0.0060s ]
SQL: SHOW COLUMNS FROM `sg_keywords` [ RunTime:0.0070s ]
SQL: SHOW COLUMNS FROM `sg_keywords_user` [ RunTime:0.0070s ]
SQL: SELECT * FROM `sg_keywords` WHERE `keyword` = '第一个' LIMIT 1   [ RunTime:0.0020s ]
SQL: INSERT INTO `sg_keywords` (`date`,`keyword`,`count`,`prod_key`,`alias_name`) VALUES ('1509087566','第一个','1','d','diyige') [ RunTime:0.0470s ]
SQL: INSERT INTO `sg_keywords_user` (`user_id`,`first_time`,`last_time`,`user_ip`,`user_count`,`kid`) VALUES ('843','1509087566','1509087566','0.0.0.0','1','26') [ RunTime:0.0580s ]
SQL: SHOW COLUMNS FROM `sg_region` [ RunTime:0.0060s ]
SQL: SELECT * FROM `sg_region` WHERE `name` = '深圳市' LIMIT 1   [ RunTime:0.0030s ]
SQL: SELECT * FROM `sg_region` WHERE ( pid=1988 )  [ RunTime:0.0060s ]
NOTIC: [2048] Declaration of Common\Model\ShGoodsModel::add() should be compatible with Think\Model::add($data = '', $options = Array, $replace = false) D:\xampps\htdocs\somegood\Apps\Common\Model\ShGoodsModel.class.php 第 191 行.
SQL: SHOW COLUMNS FROM `sg_sh_goods` [ RunTime:0.0070s ]
SQL: SHOW COLUMNS FROM `sg_sh_goods` [ RunTime:0.0060s ]
SQL: SELECT COUNT(*) AS tp_count FROM sg_sh_goods g LEFT JOIN sg_goods_category AS gc ON g.category_id = gc.id  WHERE ( `goods_title` LIKE '%第一个%' ) AND g.status = 1 LIMIT 1   [ RunTime:0.0150s ]
SQL: SELECT g.*,gc.id AS catid,gc.title AS category_name FROM sg_sh_goods g LEFT JOIN sg_goods_category AS gc ON g.category_id = gc.id  WHERE ( `goods_title` LIKE '%第一个%' ) AND g.status = 1 ORDER BY ACOS(SIN((22.598102 * 3.1415) / 180 ) *SIN((g.lat * 3.1415) / 180 ) + COS((22.598102 * 3.1415) / 180 )
                              * COS((g.lat * 3.1415) / 180 ) *COS((114.000709* 3.1415) / 180 - (g.lng * 3.1415) / 180 ) ) * 6380 asc LIMIT 0,10   [ RunTime:0.0030s ]
INFO: [ view_parse ] --START--
INFO: [ template_filter ] --START--
INFO: Run Behavior\ContentReplaceBehavior [ RunTime:0.001000s ]
INFO: [ template_filter ] --END-- [ RunTime:0.001000s ]
NOTIC: [8] Undefined variable: hotKeywords D:\xampps\htdocs\somegood\Runtime\Cache\Ershou\dc4f345543f4f1295409add934334ea2.php 第 103 行.
NOTIC: [8] Undefined variable: item D:\xampps\htdocs\somegood\Runtime\Cache\Ershou\dc4f345543f4f1295409add934334ea2.php 第 174 行.
NOTIC: [8] Undefined variable: item D:\xampps\htdocs\somegood\Runtime\Cache\Ershou\dc4f345543f4f1295409add934334ea2.php 第 176 行.
NOTIC: [8] Undefined variable: item D:\xampps\htdocs\somegood\Runtime\Cache\Ershou\dc4f345543f4f1295409add934334ea2.php 第 176 行.
NOTIC: [8] Undefined variable: item D:\xampps\htdocs\somegood\Runtime\Cache\Ershou\dc4f345543f4f1295409add934334ea2.php 第 177 行.
NOTIC: [8] Undefined variable: item D:\xampps\htdocs\somegood\Runtime\Cache\Ershou\dc4f345543f4f1295409add934334ea2.php 第 180 行.
NOTIC: [8] Undefined variable: item D:\xampps\htdocs\somegood\Runtime\Cache\Ershou\dc4f345543f4f1295409add934334ea2.php 第 180 行.
NOTIC: [8] Undefined variable: item D:\xampps\htdocs\somegood\Runtime\Cache\Ershou\dc4f345543f4f1295409add934334ea2.php 第 180 行.
NOTIC: [8] Undefined variable: item D:\xampps\htdocs\somegood\Runtime\Cache\Ershou\dc4f345543f4f1295409add934334ea2.php 第 185 行.
NOTIC: [8] Undefined variable: item D:\xampps\htdocs\somegood\Runtime\Cache\Ershou\dc4f345543f4f1295409add934334ea2.php 第 187 行.
NOTIC: [8] Undefined variable: photo D:\xampps\htdocs\somegood\Runtime\Cache\Ershou\dc4f345543f4f1295409add934334ea2.php 第 187 行.
NOTIC: [8] Undefined variable: item D:\xampps\htdocs\somegood\Runtime\Cache\Ershou\dc4f345543f4f1295409add934334ea2.php 第 188 行.
NOTIC: [8] Undefined variable: photo D:\xampps\htdocs\somegood\Runtime\Cache\Ershou\dc4f345543f4f1295409add934334ea2.php 第 188 行.
NOTIC: [8] Undefined variable: item D:\xampps\htdocs\somegood\Runtime\Cache\Ershou\dc4f345543f4f1295409add934334ea2.php 第 189 行.
NOTIC: [8] Undefined variable: photo D:\xampps\htdocs\somegood\Runtime\Cache\Ershou\dc4f345543f4f1295409add934334ea2.php 第 189 行.
NOTIC: [8] Undefined variable: item D:\xampps\htdocs\somegood\Runtime\Cache\Ershou\dc4f345543f4f1295409add934334ea2.php 第 192 行.
NOTIC: [8] Undefined variable: item D:\xampps\htdocs\somegood\Runtime\Cache\Ershou\dc4f345543f4f1295409add934334ea2.php 第 192 行.
NOTIC: [8] Undefined variable: item D:\xampps\htdocs\somegood\Runtime\Cache\Ershou\dc4f345543f4f1295409add934334ea2.php 第 194 行.
NOTIC: [8] Undefined variable: item D:\xampps\htdocs\somegood\Runtime\Cache\Ershou\dc4f345543f4f1295409add934334ea2.php 第 194 行.
INFO: Run Behavior\ParseTemplateBehavior [ RunTime:0.062003s ]
INFO: [ view_parse ] --END-- [ RunTime:0.062003s ]
INFO: [ view_filter ] --START--
INFO: Run Behavior\WriteHtmlCacheBehavior [ RunTime:0.000000s ]
INFO: Run Behavior\TokenBuildBehavior [ RunTime:0.001000s ]
INFO: [ view_filter ] --END-- [ RunTime:0.001000s ]
INFO: [ app_end ] --START--
INFO: Run Behavior\ShowPageTraceBehavior [ RunTime:0.001000s ]
INFO: [ app_end ] --END-- [ RunTime:0.001000s ]

[ 2017-10-27T14:59:27+08:00 ] ::1 /somegood/Ershou/Goods/category.html
INFO: [ app_init ] --START--
INFO: Run Behavior\BuildLiteBehavior [ RunTime:0.000000s ]
INFO: [ app_init ] --END-- [ RunTime:0.001000s ]
INFO: [ app_begin ] --START--
INFO: Run Behavior\ReadHtmlCacheBehavior [ RunTime:0.000000s ]
INFO: Run Behavior\CronRunBehavior [ RunTime:0.000000s ]
INFO: [ app_begin ] --END-- [ RunTime:0.001000s ]
NOTIC: [2048] Declaration of Common\Model\RegionModel::add() should be compatible with Think\Model::add($data = '', $options = Array, $replace = false) D:\xampps\htdocs\somegood\Apps\Common\Model\RegionModel.class.php 第 5 行.
NOTIC: [2048] Declaration of Common\Model\RegionModel::save() should be compatible with Think\Model::save($data = '', $options = Array) D:\xampps\htdocs\somegood\Apps\Common\Model\RegionModel.class.php 第 5 行.
SQL: SHOW COLUMNS FROM `sg_region` [ RunTime:0.0080s ]
SQL: SHOW COLUMNS FROM `sg_region` [ RunTime:0.0120s ]
SQL: SELECT * FROM `sg_region` WHERE `name` = '深圳' LIMIT 1   [ RunTime:0.0060s ]

[ 2017-10-27T14:59:37+08:00 ] ::1 /somegood/Ershou/Store/myShop.html
INFO: [ app_init ] --START--
INFO: Run Behavior\BuildLiteBehavior [ RunTime:0.000000s ]
INFO: [ app_init ] --END-- [ RunTime:0.000000s ]
INFO: [ app_begin ] --START--
INFO: Run Behavior\ReadHtmlCacheBehavior [ RunTime:0.001000s ]
INFO: Run Behavior\CronRunBehavior [ RunTime:0.000000s ]
INFO: [ app_begin ] --END-- [ RunTime:0.001000s ]
NOTIC: [2048] Declaration of Common\Model\RegionModel::add() should be compatible with Think\Model::add($data = '', $options = Array, $replace = false) D:\xampps\htdocs\somegood\Apps\Common\Model\RegionModel.class.php 第 5 行.
NOTIC: [2048] Declaration of Common\Model\RegionModel::save() should be compatible with Think\Model::save($data = '', $options = Array) D:\xampps\htdocs\somegood\Apps\Common\Model\RegionModel.class.php 第 5 行.
SQL: SHOW COLUMNS FROM `sg_region` [ RunTime:0.0070s ]
SQL: SHOW COLUMNS FROM `sg_region` [ RunTime:0.0060s ]
SQL: SELECT * FROM `sg_region` WHERE `name` = '深圳' LIMIT 1   [ RunTime:0.0050s ]
NOTIC: [2048] Declaration of Common\Model\UsersModel::save() should be compatible with Think\Model::save($data = '', $options = Array) D:\xampps\htdocs\somegood\Apps\Common\Model\UsersModel.class.php 第 5 行.
SQL: SHOW COLUMNS FROM `sg_users` [ RunTime:0.0070s ]
SQL: SHOW COLUMNS FROM `sg_sh_goods` [ RunTime:0.0070s ]
SQL: SHOW COLUMNS FROM `sg_order` [ RunTime:0.0060s ]
SQL: SHOW COLUMNS FROM `sg_users` [ RunTime:0.0060s ]
SQL: SELECT COUNT(*) AS tp_count FROM `sg_order` WHERE `status` = 3 AND `is_used` = 1 LIMIT 1   [ RunTime:0.0160s ]
SQL: SELECT COUNT(*) AS tp_count FROM `sg_sh_goods` WHERE `user_id` = 0 AND `status` = 1 LIMIT 1   [ RunTime:0.0010s ]
SQL: SELECT `uid`,`user_name`,`mobile`,`email`,`area_id`,`avatar`,`nick_name`,`is_lock` FROM `sg_users` WHERE `uid` = 0 LIMIT 1   [ RunTime:0.0010s ]
NOTIC: [2048] Declaration of Common\Model\ShGoodsModel::add() should be compatible with Think\Model::add($data = '', $options = Array, $replace = false) D:\xampps\htdocs\somegood\Apps\Common\Model\ShGoodsModel.class.php 第 191 行.
SQL: SHOW COLUMNS FROM `sg_sh_goods` [ RunTime:0.0040s ]
SQL: SELECT COUNT(*) AS tp_count FROM sg_sh_goods g LEFT JOIN sg_goods_category AS gc ON g.category_id = gc.id  WHERE `user_id` = '' AND `status` = 1 LIMIT 1   [ RunTime:0.0010s ]
SQL: SELECT g.*,gc.id AS catid,gc.title AS category_name FROM sg_sh_goods g LEFT JOIN sg_goods_category AS gc ON g.category_id = gc.id  WHERE `user_id` = '' AND `status` = 1 LIMIT 0,10   [ RunTime:0.0020s ]
SQL: SHOW COLUMNS FROM `sg_favorites` [ RunTime:0.0030s ]
SQL: SELECT COUNT(*) AS tp_count FROM `sg_favorites` WHERE `favorite_id` = 0 AND `favorite_type` = 1 LIMIT 1   [ RunTime:0.0010s ]
INFO: [ view_parse ] --START--
INFO: [ template_filter ] --START--
INFO: Run Behavior\ContentReplaceBehavior [ RunTime:0.001000s ]
INFO: [ template_filter ] --END-- [ RunTime:0.001000s ]
NOTIC: [8] Undefined variable: isAjax D:\xampps\htdocs\somegood\Runtime\Cache\Ershou\a7fe376f56f6cd8dd2b013c9c7f2dded.php 第 1 行.
NOTIC: [8] Undefined index: nick_name D:\xampps\htdocs\somegood\Runtime\Cache\Ershou\a7fe376f56f6cd8dd2b013c9c7f2dded.php 第 24 行.
NOTIC: [8] Undefined index: sid D:\xampps\htdocs\somegood\Runtime\Cache\Ershou\a7fe376f56f6cd8dd2b013c9c7f2dded.php 第 53 行.
NOTIC: [8] Undefined index: nick_name D:\xampps\htdocs\somegood\Runtime\Cache\Ershou\a7fe376f56f6cd8dd2b013c9c7f2dded.php 第 54 行.
NOTIC: [8] Undefined index: nick_name D:\xampps\htdocs\somegood\Runtime\Cache\Ershou\a7fe376f56f6cd8dd2b013c9c7f2dded.php 第 60 行.
INFO: Run Behavior\ParseTemplateBehavior [ RunTime:0.027002s ]
INFO: [ view_parse ] --END-- [ RunTime:0.027002s ]
INFO: [ view_filter ] --START--
INFO: Run Behavior\WriteHtmlCacheBehavior [ RunTime:0.000000s ]
INFO: Run Behavior\TokenBuildBehavior [ RunTime:0.001000s ]
INFO: [ view_filter ] --END-- [ RunTime:0.001000s ]
INFO: [ app_end ] --START--
INFO: Run Behavior\ShowPageTraceBehavior [ RunTime:0.000000s ]
INFO: [ app_end ] --END-- [ RunTime:0.000000s ]

[ 2017-10-27T14:59:39+08:00 ] ::1 /somegood/Ershou/Search/list.html?keywords=%E7%AC%AC%E4%B8%80%E4%B8%AA&__hash__=062e8c450af83bcf8367dc7ac69d5766_3f61d071a364ed2825c4e5f09ae617f8
INFO: [ app_init ] --START--
INFO: Run Behavior\BuildLiteBehavior [ RunTime:0.000000s ]
INFO: [ app_init ] --END-- [ RunTime:0.000000s ]
INFO: [ app_begin ] --START--
INFO: Run Behavior\ReadHtmlCacheBehavior [ RunTime:0.001000s ]
INFO: Run Behavior\CronRunBehavior [ RunTime:0.001000s ]
INFO: [ app_begin ] --END-- [ RunTime:0.002000s ]
NOTIC: [2048] Declaration of Common\Model\RegionModel::add() should be compatible with Think\Model::add($data = '', $options = Array, $replace = false) D:\xampps\htdocs\somegood\Apps\Common\Model\RegionModel.class.php 第 5 行.
NOTIC: [2048] Declaration of Common\Model\RegionModel::save() should be compatible with Think\Model::save($data = '', $options = Array) D:\xampps\htdocs\somegood\Apps\Common\Model\RegionModel.class.php 第 5 行.
SQL: SHOW COLUMNS FROM `sg_region` [ RunTime:0.0040s ]
SQL: SHOW COLUMNS FROM `sg_region` [ RunTime:0.0040s ]
SQL: SELECT * FROM `sg_region` WHERE `name` = '深圳' LIMIT 1   [ RunTime:0.0030s ]
SQL: SHOW COLUMNS FROM `sg_keywords` [ RunTime:0.0040s ]
SQL: SHOW COLUMNS FROM `sg_keywords_user` [ RunTime:0.0030s ]
SQL: SELECT * FROM `sg_keywords` WHERE `keyword` = '第一个' LIMIT 1   [ RunTime:0.0010s ]
SQL: SELECT * FROM `sg_keywords` WHERE `keyword` = '第一个' LIMIT 1   [ RunTime:0.0020s ]
SQL: UPDATE `sg_keywords` SET `count`=count+1 WHERE `id` = 26 [ RunTime:0.0490s ]
SQL: SELECT * FROM `sg_keywords_user` WHERE ( kid=26 ) LIMIT 1   [ RunTime:0.0020s ]
SQL: UPDATE `sg_keywords_user` SET `user_count`=user_count+1 WHERE ( id=121 ) [ RunTime:0.0410s ]
SQL: SHOW COLUMNS FROM `sg_region` [ RunTime:0.0060s ]
SQL: SELECT * FROM `sg_region` WHERE `name` = '深圳市' LIMIT 1   [ RunTime:0.0040s ]
SQL: SELECT * FROM `sg_region` WHERE ( pid=1988 )  [ RunTime:0.0050s ]
NOTIC: [2048] Declaration of Common\Model\ShGoodsModel::add() should be compatible with Think\Model::add($data = '', $options = Array, $replace = false) D:\xampps\htdocs\somegood\Apps\Common\Model\ShGoodsModel.class.php 第 191 行.
SQL: SHOW COLUMNS FROM `sg_sh_goods` [ RunTime:0.0060s ]
SQL: SHOW COLUMNS FROM `sg_sh_goods` [ RunTime:0.0070s ]
SQL: SELECT COUNT(*) AS tp_count FROM sg_sh_goods g LEFT JOIN sg_goods_category AS gc ON g.category_id = gc.id  WHERE ( `goods_title` LIKE '%第一个%' ) AND g.status = 1 LIMIT 1   [ RunTime:0.0010s ]
SQL: SELECT g.*,gc.id AS catid,gc.title AS category_name FROM sg_sh_goods g LEFT JOIN sg_goods_category AS gc ON g.category_id = gc.id  WHERE ( `goods_title` LIKE '%第一个%' ) AND g.status = 1 ORDER BY ACOS(SIN((22.598102 * 3.1415) / 180 ) *SIN((g.lat * 3.1415) / 180 ) + COS((22.598102 * 3.1415) / 180 )
                              * COS((g.lat * 3.1415) / 180 ) *COS((114.000709* 3.1415) / 180 - (g.lng * 3.1415) / 180 ) ) * 6380 asc LIMIT 0,10   [ RunTime:0.0020s ]
INFO: [ view_parse ] --START--
INFO: [ template_filter ] --START--
INFO: Run Behavior\ContentReplaceBehavior [ RunTime:0.001000s ]
INFO: [ template_filter ] --END-- [ RunTime:0.001000s ]
NOTIC: [8] Undefined variable: hotKeywords D:\xampps\htdocs\somegood\Runtime\Cache\Ershou\dc4f345543f4f1295409add934334ea2.php 第 103 行.
NOTIC: [8] Undefined variable: item D:\xampps\htdocs\somegood\Runtime\Cache\Ershou\dc4f345543f4f1295409add934334ea2.php 第 174 行.
NOTIC: [8] Undefined variable: item D:\xampps\htdocs\somegood\Runtime\Cache\Ershou\dc4f345543f4f1295409add934334ea2.php 第 176 行.
NOTIC: [8] Undefined variable: item D:\xampps\htdocs\somegood\Runtime\Cache\Ershou\dc4f345543f4f1295409add934334ea2.php 第 176 行.
NOTIC: [8] Undefined variable: item D:\xampps\htdocs\somegood\Runtime\Cache\Ershou\dc4f345543f4f1295409add934334ea2.php 第 177 行.
NOTIC: [8] Undefined variable: item D:\xampps\htdocs\somegood\Runtime\Cache\Ershou\dc4f345543f4f1295409add934334ea2.php 第 180 行.
NOTIC: [8] Undefined variable: item D:\xampps\htdocs\somegood\Runtime\Cache\Ershou\dc4f345543f4f1295409add934334ea2.php 第 180 行.
NOTIC: [8] Undefined variable: item D:\xampps\htdocs\somegood\Runtime\Cache\Ershou\dc4f345543f4f1295409add934334ea2.php 第 180 行.
NOTIC: [8] Undefined variable: item D:\xampps\htdocs\somegood\Runtime\Cache\Ershou\dc4f345543f4f1295409add934334ea2.php 第 185 行.
NOTIC: [8] Undefined variable: item D:\xampps\htdocs\somegood\Runtime\Cache\Ershou\dc4f345543f4f1295409add934334ea2.php 第 187 行.
NOTIC: [8] Undefined variable: photo D:\xampps\htdocs\somegood\Runtime\Cache\Ershou\dc4f345543f4f1295409add934334ea2.php 第 187 行.
NOTIC: [8] Undefined variable: item D:\xampps\htdocs\somegood\Runtime\Cache\Ershou\dc4f345543f4f1295409add934334ea2.php 第 188 行.
NOTIC: [8] Undefined variable: photo D:\xampps\htdocs\somegood\Runtime\Cache\Ershou\dc4f345543f4f1295409add934334ea2.php 第 188 行.
NOTIC: [8] Undefined variable: item D:\xampps\htdocs\somegood\Runtime\Cache\Ershou\dc4f345543f4f1295409add934334ea2.php 第 189 行.
NOTIC: [8] Undefined variable: photo D:\xampps\htdocs\somegood\Runtime\Cache\Ershou\dc4f345543f4f1295409add934334ea2.php 第 189 行.
NOTIC: [8] Undefined variable: item D:\xampps\htdocs\somegood\Runtime\Cache\Ershou\dc4f345543f4f1295409add934334ea2.php 第 192 行.
NOTIC: [8] Undefined variable: item D:\xampps\htdocs\somegood\Runtime\Cache\Ershou\dc4f345543f4f1295409add934334ea2.php 第 192 行.
NOTIC: [8] Undefined variable: item D:\xampps\htdocs\somegood\Runtime\Cache\Ershou\dc4f345543f4f1295409add934334ea2.php 第 194 行.
NOTIC: [8] Undefined variable: item D:\xampps\htdocs\somegood\Runtime\Cache\Ershou\dc4f345543f4f1295409add934334ea2.php 第 194 行.
INFO: Run Behavior\ParseTemplateBehavior [ RunTime:0.031002s ]
INFO: [ view_parse ] --END-- [ RunTime:0.031002s ]
INFO: [ view_filter ] --START--
INFO: Run Behavior\WriteHtmlCacheBehavior [ RunTime:0.001000s ]
INFO: Run Behavior\TokenBuildBehavior [ RunTime:0.002000s ]
INFO: [ view_filter ] --END-- [ RunTime:0.003000s ]
INFO: [ app_end ] --START--
INFO: Run Behavior\ShowPageTraceBehavior [ RunTime:0.001000s ]
INFO: [ app_end ] --END-- [ RunTime:0.001000s ]

[ 2017-10-27T14:59:39+08:00 ] ::1 /somegood/Ershou/Goods/category.html
INFO: [ app_init ] --START--
INFO: Run Behavior\BuildLiteBehavior [ RunTime:0.000000s ]
INFO: [ app_init ] --END-- [ RunTime:0.000000s ]
INFO: [ app_begin ] --START--
INFO: Run Behavior\ReadHtmlCacheBehavior [ RunTime:0.000000s ]
INFO: Run Behavior\CronRunBehavior [ RunTime:0.001000s ]
INFO: [ app_begin ] --END-- [ RunTime:0.001000s ]
NOTIC: [2048] Declaration of Common\Model\RegionModel::add() should be compatible with Think\Model::add($data = '', $options = Array, $replace = false) D:\xampps\htdocs\somegood\Apps\Common\Model\RegionModel.class.php 第 5 行.
NOTIC: [2048] Declaration of Common\Model\RegionModel::save() should be compatible with Think\Model::save($data = '', $options = Array) D:\xampps\htdocs\somegood\Apps\Common\Model\RegionModel.class.php 第 5 行.
SQL: SHOW COLUMNS FROM `sg_region` [ RunTime:0.0070s ]
SQL: SHOW COLUMNS FROM `sg_region` [ RunTime:0.0080s ]
SQL: SELECT * FROM `sg_region` WHERE `name` = '深圳' LIMIT 1   [ RunTime:0.0060s ]

[ 2017-10-27T14:59:40+08:00 ] ::1 /somegood/Ershou/Goods/detail.html
INFO: [ app_init ] --START--
INFO: Run Behavior\BuildLiteBehavior [ RunTime:0.000000s ]
INFO: [ app_init ] --END-- [ RunTime:0.000000s ]
INFO: [ app_begin ] --START--
INFO: Run Behavior\ReadHtmlCacheBehavior [ RunTime:0.001000s ]
INFO: Run Behavior\CronRunBehavior [ RunTime:0.000000s ]
INFO: [ app_begin ] --END-- [ RunTime:0.001000s ]
NOTIC: [2048] Declaration of Common\Model\RegionModel::add() should be compatible with Think\Model::add($data = '', $options = Array, $replace = false) D:\xampps\htdocs\somegood\Apps\Common\Model\RegionModel.class.php 第 5 行.
NOTIC: [2048] Declaration of Common\Model\RegionModel::save() should be compatible with Think\Model::save($data = '', $options = Array) D:\xampps\htdocs\somegood\Apps\Common\Model\RegionModel.class.php 第 5 行.
SQL: SHOW COLUMNS FROM `sg_region` [ RunTime:0.0080s ]
SQL: SHOW COLUMNS FROM `sg_region` [ RunTime:0.0070s ]
SQL: SELECT * FROM `sg_region` WHERE `name` = '深圳' LIMIT 1   [ RunTime:0.0050s ]
NOTIC: [2048] Declaration of Common\Model\ShGoodsModel::add() should be compatible with Think\Model::add($data = '', $options = Array, $replace = false) D:\xampps\htdocs\somegood\Apps\Common\Model\ShGoodsModel.class.php 第 191 行.
SQL: SHOW COLUMNS FROM `sg_sh_goods` [ RunTime:0.0060s ]
SQL: SHOW COLUMNS FROM `sg_sh_goods` [ RunTime:0.0060s ]
SQL: SHOW COLUMNS FROM `sg_order_goods` [ RunTime:0.0070s ]
SQL: SELECT g.*,gc.title AS category_name,u.uid,u.user_name,u.avatar,u.nick_name,u.mobile,r.pid,r.name AS area_name,r.merger_name AS region,IFNULL(t.totalSaleCount,0) as sale_counts FROM sg_sh_goods g LEFT JOIN sg_goods_category AS gc ON g.category_id = gc.id LEFT JOIN sg_users AS u ON g.user_id = u.uid LEFT JOIN sg_region AS r ON g.area_id = r.id LEFT JOIN ( SELECT o.store_id,SUM(o.counts) as totalSaleCount FROM sg_order_goods o GROUP BY o.store_id  ) as t on u.uid=t.store_id   WHERE g.id = 0 LIMIT 1   [ RunTime:0.0030s ]
SQL: SHOW COLUMNS FROM `sg_sh_goods` [ RunTime:0.0060s ]
SQL: SHOW COLUMNS FROM `sg_favorites` [ RunTime:0.0060s ]
SQL: SELECT COUNT(*) AS tp_count FROM `sg_favorites` WHERE `fuser_id` = 843 AND `favorite_id` = 0 AND `favorite_type` = 0 LIMIT 1   [ RunTime:0.0010s ]
SQL: SELECT g.*,gc.id AS catid,gc.title AS category_name,u.nick_name,u.avatar FROM sg_sh_goods g LEFT JOIN sg_goods_category AS gc ON g.category_id = gc.id LEFT JOIN sg_users AS u ON g.user_id = u.uid  WHERE g.is_rec = 1 AND g.status = 1 AND g.user_id = null ORDER BY g.update_time desc, g.id desc LIMIT 10   [ RunTime:0.0010s ]
NOTIC: [2] unserialize() expects parameter 1 to be string, array given D:\xampps\htdocs\somegood\Apps\Ershou\Controller\GoodsController.class.php 第 206 行.
NOTIC: [2] unserialize() expects parameter 1 to be string, array given D:\xampps\htdocs\somegood\Apps\Ershou\Controller\GoodsController.class.php 第 207 行.
INFO: [ view_parse ] --START--
INFO: [ template_filter ] --START--
INFO: Run Behavior\ContentReplaceBehavior [ RunTime:0.000000s ]
INFO: [ template_filter ] --END-- [ RunTime:0.000000s ]
NOTIC: [8] Undefined variable: remarkList D:\xampps\htdocs\somegood\Runtime\Cache\Ershou\55f3097c1428ad91d94f61a862ddf204.php 第 62 行.
NOTIC: [8] Use of undefined constant id - assumed 'id' D:\xampps\htdocs\somegood\Runtime\Cache\Ershou\55f3097c1428ad91d94f61a862ddf204.php 第 138 行.
INFO: Run Behavior\ParseTemplateBehavior [ RunTime:0.014000s ]
INFO: [ view_parse ] --END-- [ RunTime:0.014000s ]
INFO: [ view_filter ] --START--
INFO: Run Behavior\WriteHtmlCacheBehavior [ RunTime:0.000000s ]
INFO: Run Behavior\TokenBuildBehavior [ RunTime:0.001001s ]
INFO: [ view_filter ] --END-- [ RunTime:0.001001s ]
INFO: [ app_end ] --START--
INFO: Run Behavior\ShowPageTraceBehavior [ RunTime:0.001000s ]
INFO: [ app_end ] --END-- [ RunTime:0.001000s ]

[ 2017-10-27T14:59:53+08:00 ] ::1 /somegood/Ershou/Search/list.html?keywords=%E7%AC%AC%E4%B8%80%E4%B8%AA&__hash__=062e8c450af83bcf8367dc7ac69d5766_3f61d071a364ed2825c4e5f09ae617f8
INFO: [ app_init ] --START--
INFO: Run Behavior\BuildLiteBehavior [ RunTime:0.000000s ]
INFO: [ app_init ] --END-- [ RunTime:0.000000s ]
INFO: [ app_begin ] --START--
INFO: Run Behavior\ReadHtmlCacheBehavior [ RunTime:0.000000s ]
INFO: Run Behavior\CronRunBehavior [ RunTime:0.000000s ]
INFO: [ app_begin ] --END-- [ RunTime:0.001000s ]
NOTIC: [2048] Declaration of Common\Model\RegionModel::add() should be compatible with Think\Model::add($data = '', $options = Array, $replace = false) D:\xampps\htdocs\somegood\Apps\Common\Model\RegionModel.class.php 第 5 行.
NOTIC: [2048] Declaration of Common\Model\RegionModel::save() should be compatible with Think\Model::save($data = '', $options = Array) D:\xampps\htdocs\somegood\Apps\Common\Model\RegionModel.class.php 第 5 行.
SQL: SHOW COLUMNS FROM `sg_region` [ RunTime:0.0080s ]
SQL: SHOW COLUMNS FROM `sg_region` [ RunTime:0.0050s ]
SQL: SELECT * FROM `sg_region` WHERE `name` = '深圳' LIMIT 1   [ RunTime:0.0040s ]
SQL: SHOW COLUMNS FROM `sg_keywords` [ RunTime:0.0050s ]
SQL: SHOW COLUMNS FROM `sg_keywords_user` [ RunTime:0.0060s ]
SQL: SELECT * FROM `sg_keywords` WHERE `keyword` = '第一个' LIMIT 1   [ RunTime:0.0010s ]
SQL: SELECT * FROM `sg_keywords` WHERE `keyword` = '第一个' LIMIT 1   [ RunTime:0.0020s ]
SQL: UPDATE `sg_keywords` SET `count`=count+1 WHERE `id` = 26 [ RunTime:0.0620s ]
SQL: SELECT * FROM `sg_keywords_user` WHERE ( kid=26 ) LIMIT 1   [ RunTime:0.0020s ]
SQL: UPDATE `sg_keywords_user` SET `user_count`=user_count+1 WHERE ( id=121 ) [ RunTime:0.0400s ]
SQL: SHOW COLUMNS FROM `sg_region` [ RunTime:0.0080s ]
SQL: SELECT * FROM `sg_region` WHERE `name` = '深圳市' LIMIT 1   [ RunTime:0.0040s ]
SQL: SELECT * FROM `sg_region` WHERE ( pid=1988 )  [ RunTime:0.0070s ]
NOTIC: [2048] Declaration of Common\Model\ShGoodsModel::add() should be compatible with Think\Model::add($data = '', $options = Array, $replace = false) D:\xampps\htdocs\somegood\Apps\Common\Model\ShGoodsModel.class.php 第 191 行.
SQL: SHOW COLUMNS FROM `sg_sh_goods` [ RunTime:0.0080s ]
SQL: SHOW COLUMNS FROM `sg_sh_goods` [ RunTime:0.0080s ]
SQL: SELECT COUNT(*) AS tp_count FROM sg_sh_goods g LEFT JOIN sg_goods_category AS gc ON g.category_id = gc.id  WHERE ( `goods_title` LIKE '%第一个%' ) AND g.status = 1 LIMIT 1   [ RunTime:0.0020s ]
SQL: SELECT g.*,gc.id AS catid,gc.title AS category_name FROM sg_sh_goods g LEFT JOIN sg_goods_category AS gc ON g.category_id = gc.id  WHERE ( `goods_title` LIKE '%第一个%' ) AND g.status = 1 ORDER BY ACOS(SIN((22.598102 * 3.1415) / 180 ) *SIN((g.lat * 3.1415) / 180 ) + COS((22.598102 * 3.1415) / 180 )
                              * COS((g.lat * 3.1415) / 180 ) *COS((114.000709* 3.1415) / 180 - (g.lng * 3.1415) / 180 ) ) * 6380 asc LIMIT 0,10   [ RunTime:0.0030s ]
INFO: [ view_parse ] --START--
INFO: [ template_filter ] --START--
INFO: Run Behavior\ContentReplaceBehavior [ RunTime:0.000000s ]
INFO: [ template_filter ] --END-- [ RunTime:0.000000s ]
NOTIC: [8] Undefined variable: hotKeywords D:\xampps\htdocs\somegood\Runtime\Cache\Ershou\dc4f345543f4f1295409add934334ea2.php 第 103 行.
NOTIC: [8] Undefined variable: item D:\xampps\htdocs\somegood\Runtime\Cache\Ershou\dc4f345543f4f1295409add934334ea2.php 第 174 行.
NOTIC: [8] Undefined variable: item D:\xampps\htdocs\somegood\Runtime\Cache\Ershou\dc4f345543f4f1295409add934334ea2.php 第 176 行.
NOTIC: [8] Undefined variable: item D:\xampps\htdocs\somegood\Runtime\Cache\Ershou\dc4f345543f4f1295409add934334ea2.php 第 176 行.
NOTIC: [8] Undefined variable: item D:\xampps\htdocs\somegood\Runtime\Cache\Ershou\dc4f345543f4f1295409add934334ea2.php 第 177 行.
NOTIC: [8] Undefined variable: item D:\xampps\htdocs\somegood\Runtime\Cache\Ershou\dc4f345543f4f1295409add934334ea2.php 第 180 行.
NOTIC: [8] Undefined variable: item D:\xampps\htdocs\somegood\Runtime\Cache\Ershou\dc4f345543f4f1295409add934334ea2.php 第 180 行.
NOTIC: [8] Undefined variable: item D:\xampps\htdocs\somegood\Runtime\Cache\Ershou\dc4f345543f4f1295409add934334ea2.php 第 180 行.
NOTIC: [8] Undefined variable: item D:\xampps\htdocs\somegood\Runtime\Cache\Ershou\dc4f345543f4f1295409add934334ea2.php 第 185 行.
NOTIC: [8] Undefined variable: item D:\xampps\htdocs\somegood\Runtime\Cache\Ershou\dc4f345543f4f1295409add934334ea2.php 第 187 行.
NOTIC: [8] Undefined variable: photo D:\xampps\htdocs\somegood\Runtime\Cache\Ershou\dc4f345543f4f1295409add934334ea2.php 第 187 行.
NOTIC: [8] Undefined variable: item D:\xampps\htdocs\somegood\Runtime\Cache\Ershou\dc4f345543f4f1295409add934334ea2.php 第 188 行.
NOTIC: [8] Undefined variable: photo D:\xampps\htdocs\somegood\Runtime\Cache\Ershou\dc4f345543f4f1295409add934334ea2.php 第 188 行.
NOTIC: [8] Undefined variable: item D:\xampps\htdocs\somegood\Runtime\Cache\Ershou\dc4f345543f4f1295409add934334ea2.php 第 189 行.
NOTIC: [8] Undefined variable: photo D:\xampps\htdocs\somegood\Runtime\Cache\Ershou\dc4f345543f4f1295409add934334ea2.php 第 189 行.
NOTIC: [8] Undefined variable: item D:\xampps\htdocs\somegood\Runtime\Cache\Ershou\dc4f345543f4f1295409add934334ea2.php 第 192 行.
NOTIC: [8] Undefined variable: item D:\xampps\htdocs\somegood\Runtime\Cache\Ershou\dc4f345543f4f1295409add934334ea2.php 第 192 行.
NOTIC: [8] Undefined variable: item D:\xampps\htdocs\somegood\Runtime\Cache\Ershou\dc4f345543f4f1295409add934334ea2.php 第 194 行.
NOTIC: [8] Undefined variable: item D:\xampps\htdocs\somegood\Runtime\Cache\Ershou\dc4f345543f4f1295409add934334ea2.php 第 194 行.
INFO: Run Behavior\ParseTemplateBehavior [ RunTime:0.032002s ]
INFO: [ view_parse ] --END-- [ RunTime:0.032002s ]
INFO: [ view_filter ] --START--
INFO: Run Behavior\WriteHtmlCacheBehavior [ RunTime:0.000000s ]
INFO: Run Behavior\TokenBuildBehavior [ RunTime:0.002000s ]
INFO: [ view_filter ] --END-- [ RunTime:0.002000s ]
INFO: [ app_end ] --START--
INFO: Run Behavior\ShowPageTraceBehavior [ RunTime:0.001000s ]
INFO: [ app_end ] --END-- [ RunTime:0.001000s ]

[ 2017-10-27T14:59:53+08:00 ] ::1 /somegood/Ershou/Goods/category.html
INFO: [ app_init ] --START--
INFO: Run Behavior\BuildLiteBehavior [ RunTime:0.000000s ]
INFO: [ app_init ] --END-- [ RunTime:0.001000s ]
INFO: [ app_begin ] --START--
INFO: Run Behavior\ReadHtmlCacheBehavior [ RunTime:0.001000s ]
INFO: Run Behavior\CronRunBehavior [ RunTime:0.000000s ]
INFO: [ app_begin ] --END-- [ RunTime:0.001000s ]
NOTIC: [2048] Declaration of Common\Model\RegionModel::add() should be compatible with Think\Model::add($data = '', $options = Array, $replace = false) D:\xampps\htdocs\somegood\Apps\Common\Model\RegionModel.class.php 第 5 行.
NOTIC: [2048] Declaration of Common\Model\RegionModel::save() should be compatible with Think\Model::save($data = '', $options = Array) D:\xampps\htdocs\somegood\Apps\Common\Model\RegionModel.class.php 第 5 行.
SQL: SHOW COLUMNS FROM `sg_region` [ RunTime:0.0080s ]
SQL: SHOW COLUMNS FROM `sg_region` [ RunTime:0.0070s ]
SQL: SELECT * FROM `sg_region` WHERE `name` = '深圳' LIMIT 1   [ RunTime:0.0060s ]

