[ 2017-12-01T09:15:07+08:00 ] ::1 /somegood/Shop/Wxpay/index
INFO: [ app_init ] --START--
INFO: Run Behavior\BuildLiteBehavior [ RunTime:0.000000s ]
INFO: [ app_init ] --END-- [ RunTime:0.000000s ]
INFO: [ app_begin ] --START--
INFO: Run Behavior\ReadHtmlCacheBehavior [ RunTime:0.000000s ]
INFO: Run Behavior\CronRunBehavior [ RunTime:0.000000s ]
INFO: [ app_begin ] --END-- [ RunTime:0.000000s ]
SQL: SHOW COLUMNS FROM `sg_order` [ RunTime:0.0550s ]
SQL: SELECT * FROM `sg_order` WHERE `order_sn` = '201711222629651564' LIMIT 1   [ RunTime:0.0030s ]
INFO: [ view_parse ] --START--
INFO: [ template_filter ] --START--
INFO: Run Behavior\ContentReplaceBehavior [ RunTime:0.000000s ]
INFO: [ template_filter ] --END-- [ RunTime:0.000000s ]
NOTIC: [8] Undefined variable: web_title D:\xampps\htdocs\somegood\Runtime\Cache\Shop\930417471d8ec548a94e5eacdc4a7ae2.php 第 13 行.
INFO: Run Behavior\ParseTemplateBehavior [ RunTime:0.008000s ]
INFO: [ view_parse ] --END-- [ RunTime:0.008000s ]
INFO: [ view_filter ] --START--
INFO: Run Behavior\WriteHtmlCacheBehavior [ RunTime:0.001000s ]
INFO: Run Behavior\TokenBuildBehavior [ RunTime:0.001000s ]
INFO: [ view_filter ] --END-- [ RunTime:0.002000s ]
INFO: [ app_end ] --START--
INFO: Run Behavior\ShowPageTraceBehavior [ RunTime:0.000000s ]
INFO: [ app_end ] --END-- [ RunTime:0.000000s ]

[ 2017-12-01T10:01:44+08:00 ] ::1 /somegood/Shop/Cart/index.html
INFO: [ app_init ] --START--
INFO: Run Behavior\BuildLiteBehavior [ RunTime:0.000000s ]
INFO: [ app_init ] --END-- [ RunTime:0.000000s ]
INFO: [ app_begin ] --START--
INFO: Run Behavior\ReadHtmlCacheBehavior [ RunTime:0.000000s ]
INFO: Run Behavior\CronRunBehavior [ RunTime:0.001000s ]
INFO: [ app_begin ] --END-- [ RunTime:0.001000s ]
SQL: SHOW COLUMNS FROM `sg_cart` [ RunTime:0.0080s ]
SQL: SELECT COUNT(*) AS tp_count FROM sg_cart c WHERE c.user_id = '843' LIMIT 1   [ RunTime:0.0020s ]
SQL: SELECT c.cart_id,sd.stock,sd.sg_id,g.id,g.online_stock,c.goods_id,c.seller_id,c.store_name,c.store_id,sd.is_onsale as is_on_sale,c.goods_title,c.counts,c.goods_thumb,c.store_name as s_name,c.market_price,c.goods_price FROM sg_cart c LEFT JOIN sg_seller_delivery AS sd ON sd.id = c.goods_id LEFT JOIN sg_goods AS g ON g.id = sd.sg_id  WHERE c.user_id = '843'  [ RunTime:0.0010s ]
SQL: SELECT c.*,u.user_name,group_concat(c.store_name) FROM sg_cart c LEFT JOIN sg_users AS u ON u.uid = c.seller_id  WHERE c.user_id = '843' GROUP BY c.seller_id  [ RunTime:0.0010s ]
NOTIC: [8] Undefined index: HTTP_REFERER D:\xampps\htdocs\somegood\Apps\Shop\Controller\CartController.class.php 第 30 行.
INFO: [ view_parse ] --START--
INFO: [ template_filter ] --START--
INFO: Run Behavior\ContentReplaceBehavior [ RunTime:0.000000s ]
INFO: [ template_filter ] --END-- [ RunTime:0.000000s ]
NOTIC: [8] Undefined variable: web_keywords D:\xampps\htdocs\somegood\Runtime\Cache\Shop\c788990fb2e6a2df7ebba0fae9e2dfd3.php 第 6 行.
NOTIC: [8] Undefined variable: web_description D:\xampps\htdocs\somegood\Runtime\Cache\Shop\c788990fb2e6a2df7ebba0fae9e2dfd3.php 第 7 行.
NOTIC: [8] Use of undefined constant Shop - assumed 'Shop' D:\xampps\htdocs\somegood\Runtime\Cache\Shop\c788990fb2e6a2df7ebba0fae9e2dfd3.php 第 54 行.
NOTIC: [8] Use of undefined constant Index - assumed 'Index' D:\xampps\htdocs\somegood\Runtime\Cache\Shop\c788990fb2e6a2df7ebba0fae9e2dfd3.php 第 54 行.
NOTIC: [2] Division by zero D:\xampps\htdocs\somegood\Runtime\Cache\Shop\c788990fb2e6a2df7ebba0fae9e2dfd3.php 第 54 行.
NOTIC: [8] Use of undefined constant index - assumed 'index' D:\xampps\htdocs\somegood\Runtime\Cache\Shop\c788990fb2e6a2df7ebba0fae9e2dfd3.php 第 54 行.
NOTIC: [2] Division by zero D:\xampps\htdocs\somegood\Runtime\Cache\Shop\c788990fb2e6a2df7ebba0fae9e2dfd3.php 第 54 行.
NOTIC: [8] Use of undefined constant user_name - assumed 'user_name' D:\xampps\htdocs\somegood\Runtime\Cache\Shop\c788990fb2e6a2df7ebba0fae9e2dfd3.php 第 96 行.
NOTIC: [8] Undefined index: real_goods_id D:\xampps\htdocs\somegood\Runtime\Cache\Shop\c788990fb2e6a2df7ebba0fae9e2dfd3.php 第 103 行.
NOTIC: [8] Use of undefined constant user_name - assumed 'user_name' D:\xampps\htdocs\somegood\Runtime\Cache\Shop\c788990fb2e6a2df7ebba0fae9e2dfd3.php 第 96 行.
NOTIC: [8] Undefined index: real_goods_id D:\xampps\htdocs\somegood\Runtime\Cache\Shop\c788990fb2e6a2df7ebba0fae9e2dfd3.php 第 103 行.
INFO: Run Behavior\ParseTemplateBehavior [ RunTime:0.041002s ]
INFO: [ view_parse ] --END-- [ RunTime:0.041002s ]
INFO: [ view_filter ] --START--
INFO: Run Behavior\WriteHtmlCacheBehavior [ RunTime:0.001000s ]
INFO: Run Behavior\TokenBuildBehavior [ RunTime:0.001000s ]
INFO: [ view_filter ] --END-- [ RunTime:0.002000s ]
INFO: [ app_end ] --START--
INFO: Run Behavior\ShowPageTraceBehavior [ RunTime:0.000000s ]
INFO: [ app_end ] --END-- [ RunTime:0.000000s ]

[ 2017-12-01T10:01:44+08:00 ] ::1 /somegood/Shop/Cart/getCartGoods.html
INFO: [ app_init ] --START--
INFO: Run Behavior\BuildLiteBehavior [ RunTime:0.000000s ]
INFO: [ app_init ] --END-- [ RunTime:0.000000s ]
INFO: [ app_begin ] --START--
INFO: Run Behavior\ReadHtmlCacheBehavior [ RunTime:0.001000s ]
INFO: Run Behavior\CronRunBehavior [ RunTime:0.000000s ]
INFO: [ app_begin ] --END-- [ RunTime:0.001000s ]
SQL: SHOW COLUMNS FROM `sg_cart` [ RunTime:0.0040s ]
SQL: SELECT * FROM `sg_cart` WHERE `phpsessid` = 'qc9263b8q7ji2s8qt7p5sisle5' AND `user_id` = 0  [ RunTime:0.0010s ]
SQL: SHOW COLUMNS FROM `sg_cart` [ RunTime:0.0030s ]
SQL: SELECT SUM(counts) AS tp_sum FROM `sg_cart` WHERE `phpsessid` = 'qc9263b8q7ji2s8qt7p5sisle5' AND `user_id` = 0 LIMIT 1   [ RunTime:0.0010s ]

[ 2017-12-01T10:04:11+08:00 ] ::1 /somegood/Shop/Wxpay/index
INFO: [ app_init ] --START--
INFO: Run Behavior\BuildLiteBehavior [ RunTime:0.000000s ]
INFO: [ app_init ] --END-- [ RunTime:0.000000s ]
INFO: [ app_begin ] --START--
INFO: Run Behavior\ReadHtmlCacheBehavior [ RunTime:0.001000s ]
INFO: Run Behavior\CronRunBehavior [ RunTime:0.001001s ]
INFO: [ app_begin ] --END-- [ RunTime:0.002001s ]
SQL: SHOW COLUMNS FROM `sg_order` [ RunTime:0.0090s ]
SQL: SELECT * FROM `sg_order` WHERE `order_sn` = '201711222629651564' LIMIT 1   [ RunTime:0.0020s ]
INFO: [ view_parse ] --START--
INFO: [ template_filter ] --START--
INFO: Run Behavior\ContentReplaceBehavior [ RunTime:0.000000s ]
INFO: [ template_filter ] --END-- [ RunTime:0.000000s ]
NOTIC: [8] Undefined variable: web_title D:\xampps\htdocs\somegood\Runtime\Cache\Shop\930417471d8ec548a94e5eacdc4a7ae2.php 第 13 行.
INFO: Run Behavior\ParseTemplateBehavior [ RunTime:0.012001s ]
INFO: [ view_parse ] --END-- [ RunTime:0.012001s ]
INFO: [ view_filter ] --START--
INFO: Run Behavior\WriteHtmlCacheBehavior [ RunTime:0.001000s ]
INFO: Run Behavior\TokenBuildBehavior [ RunTime:0.001000s ]
INFO: [ view_filter ] --END-- [ RunTime:0.002000s ]
INFO: [ app_end ] --START--
INFO: Run Behavior\ShowPageTraceBehavior [ RunTime:0.001000s ]
INFO: [ app_end ] --END-- [ RunTime:0.001000s ]

[ 2017-12-01T10:16:34+08:00 ] ::1 /somegood/Shop/Wxpay/index
INFO: [ app_init ] --START--
INFO: Run Behavior\BuildLiteBehavior [ RunTime:0.000000s ]
INFO: [ app_init ] --END-- [ RunTime:0.000000s ]
INFO: [ app_begin ] --START--
INFO: Run Behavior\ReadHtmlCacheBehavior [ RunTime:0.000000s ]
INFO: Run Behavior\CronRunBehavior [ RunTime:0.001000s ]
INFO: [ app_begin ] --END-- [ RunTime:0.001000s ]
SQL: SHOW COLUMNS FROM `sg_order` [ RunTime:0.0030s ]
SQL: SELECT * FROM `sg_order` WHERE `order_sn` = '201711222629651564' LIMIT 1   [ RunTime:0.0010s ]

[ 2017-12-01T10:25:27+08:00 ] ::1 /somegood/Shop/Wxpay/index
INFO: [ app_init ] --START--
INFO: Run Behavior\BuildLiteBehavior [ RunTime:0.000000s ]
INFO: [ app_init ] --END-- [ RunTime:0.001000s ]
INFO: [ app_begin ] --START--
INFO: Run Behavior\ReadHtmlCacheBehavior [ RunTime:0.001000s ]
INFO: Run Behavior\CronRunBehavior [ RunTime:0.000000s ]
INFO: [ app_begin ] --END-- [ RunTime:0.001000s ]
SQL: SHOW COLUMNS FROM `sg_order` [ RunTime:0.0090s ]
SQL: SELECT * FROM `sg_order` WHERE `order_sn` = '201711222629651564' LIMIT 1   [ RunTime:0.0020s ]
INFO: [ view_parse ] --START--
INFO: [ template_filter ] --START--
INFO: Run Behavior\ContentReplaceBehavior [ RunTime:0.000000s ]
INFO: [ template_filter ] --END-- [ RunTime:0.000000s ]
NOTIC: [8] Undefined variable: web_title D:\xampps\htdocs\somegood\Runtime\Cache\Shop\930417471d8ec548a94e5eacdc4a7ae2.php 第 13 行.
INFO: Run Behavior\ParseTemplateBehavior [ RunTime:0.016001s ]
INFO: [ view_parse ] --END-- [ RunTime:0.016001s ]
INFO: [ view_filter ] --START--
INFO: Run Behavior\WriteHtmlCacheBehavior [ RunTime:0.001000s ]
INFO: Run Behavior\TokenBuildBehavior [ RunTime:0.001001s ]
INFO: [ view_filter ] --END-- [ RunTime:0.002001s ]
INFO: [ app_end ] --START--
INFO: Run Behavior\ShowPageTraceBehavior [ RunTime:0.001000s ]
INFO: [ app_end ] --END-- [ RunTime:0.002000s ]

