[ 2018-01-02T14:22:01+08:00 ] ::1 /somegood/shop/index/index
INFO: [ app_init ] --START--
INFO: Run Behavior\BuildLiteBehavior [ RunTime:0.000000s ]
INFO: [ app_init ] --END-- [ RunTime:0.001000s ]
INFO: [ app_begin ] --START--
INFO: Run Behavior\ReadHtmlCacheBehavior [ RunTime:0.001001s ]
INFO: Run Behavior\CronRunBehavior [ RunTime:0.000000s ]
INFO: [ app_begin ] --END-- [ RunTime:0.001001s ]
INFO: [ view_parse ] --START--
INFO: [ template_filter ] --START--
INFO: Run Behavior\ContentReplaceBehavior [ RunTime:0.001000s ]
INFO: [ template_filter ] --END-- [ RunTime:0.001000s ]
NOTIC: [8] Undefined variable: web_keywords D:\xampps\htdocs\somegood\Runtime\Cache\Shop\ae708c66cec6f9d7ecb4a80282dd4c4a.php 第 6 行.
NOTIC: [8] Undefined variable: web_description D:\xampps\htdocs\somegood\Runtime\Cache\Shop\ae708c66cec6f9d7ecb4a80282dd4c4a.php 第 7 行.
INFO: Run Behavior\ParseTemplateBehavior [ RunTime:0.046003s ]
INFO: [ view_parse ] --END-- [ RunTime:0.046003s ]
INFO: [ view_filter ] --START--
INFO: Run Behavior\WriteHtmlCacheBehavior [ RunTime:0.000000s ]
INFO: Run Behavior\TokenBuildBehavior [ RunTime:0.002000s ]
INFO: [ view_filter ] --END-- [ RunTime:0.003000s ]
INFO: [ app_end ] --START--
INFO: Run Behavior\ShowPageTraceBehavior [ RunTime:0.001000s ]
INFO: [ app_end ] --END-- [ RunTime:0.001000s ]

[ 2018-01-02T14:22:01+08:00 ] ::1 /somegood/Shop/Cart/getCartGoods.html
INFO: [ app_init ] --START--
INFO: Run Behavior\BuildLiteBehavior [ RunTime:0.000000s ]
INFO: [ app_init ] --END-- [ RunTime:0.001000s ]
INFO: [ app_begin ] --START--
INFO: Run Behavior\ReadHtmlCacheBehavior [ RunTime:0.000000s ]
INFO: Run Behavior\CronRunBehavior [ RunTime:0.000000s ]
INFO: [ app_begin ] --END-- [ RunTime:0.000000s ]
SQL: SHOW COLUMNS FROM `sg_cart` [ RunTime:0.0080s ]
SQL: SELECT * FROM `sg_cart` WHERE `phpsessid` = 'qc9263b8q7ji2s8qt7p5sisle5' AND `user_id` = 0  [ RunTime:0.0010s ]
SQL: SHOW COLUMNS FROM `sg_cart` [ RunTime:0.0070s ]
SQL: SELECT SUM(counts) AS tp_sum FROM `sg_cart` WHERE `phpsessid` = 'qc9263b8q7ji2s8qt7p5sisle5' AND `user_id` = 0 LIMIT 1   [ RunTime:0.0010s ]

[ 2018-01-02T14:22:51+08:00 ] ::1 /somegood/Shop/Login/index.html
INFO: [ app_init ] --START--
INFO: Run Behavior\BuildLiteBehavior [ RunTime:0.000000s ]
INFO: [ app_init ] --END-- [ RunTime:0.001000s ]
INFO: [ app_begin ] --START--
INFO: Run Behavior\ReadHtmlCacheBehavior [ RunTime:0.001000s ]
INFO: Run Behavior\CronRunBehavior [ RunTime:0.000000s ]
INFO: [ app_begin ] --END-- [ RunTime:0.001000s ]
INFO: [ view_parse ] --START--
INFO: [ template_filter ] --START--
INFO: Run Behavior\ContentReplaceBehavior [ RunTime:0.000000s ]
INFO: [ template_filter ] --END-- [ RunTime:0.000000s ]
NOTIC: [8] Undefined variable: type D:\xampps\htdocs\somegood\Runtime\Cache\Shop\d6ce59d9ac134434adf3e98b46839542.php 第 135 行.
INFO: Run Behavior\ParseTemplateBehavior [ RunTime:0.017001s ]
INFO: [ view_parse ] --END-- [ RunTime:0.017001s ]
INFO: [ view_filter ] --START--
INFO: Run Behavior\WriteHtmlCacheBehavior [ RunTime:0.000000s ]
INFO: Run Behavior\TokenBuildBehavior [ RunTime:0.002000s ]
INFO: [ view_filter ] --END-- [ RunTime:0.002000s ]
INFO: [ app_end ] --START--
INFO: Run Behavior\ShowPageTraceBehavior [ RunTime:0.001000s ]
INFO: [ app_end ] --END-- [ RunTime:0.001000s ]

[ 2018-01-02T14:22:52+08:00 ] ::1 /somegood/Shop/Code/verify.html
INFO: [ app_init ] --START--
INFO: Run Behavior\BuildLiteBehavior [ RunTime:0.000000s ]
INFO: [ app_init ] --END-- [ RunTime:0.000000s ]
INFO: [ app_begin ] --START--
INFO: Run Behavior\ReadHtmlCacheBehavior [ RunTime:0.001000s ]
INFO: Run Behavior\CronRunBehavior [ RunTime:0.000000s ]
INFO: [ app_begin ] --END-- [ RunTime:0.001000s ]
INFO: [ app_end ] --START--
INFO: Run Behavior\ShowPageTraceBehavior [ RunTime:0.001000s ]
INFO: [ app_end ] --END-- [ RunTime:0.001000s ]

[ 2018-01-02T14:22:54+08:00 ] ::1 /somegood/Shop/Login/login.html
INFO: [ app_init ] --START--
INFO: Run Behavior\BuildLiteBehavior [ RunTime:0.000000s ]
INFO: [ app_init ] --END-- [ RunTime:0.000000s ]
INFO: [ app_begin ] --START--
INFO: Run Behavior\ReadHtmlCacheBehavior [ RunTime:0.000000s ]
INFO: Run Behavior\CronRunBehavior [ RunTime:0.000000s ]
INFO: [ app_begin ] --END-- [ RunTime:0.000000s ]
SQL: SHOW COLUMNS FROM `sg_users` [ RunTime:0.0080s ]
SQL: SELECT * FROM `sg_users` WHERE `mobile` = '18664988205' LIMIT 1   [ RunTime:0.0160s ]
SQL: SELECT u.uid,`password`,`salt`,u.mobile as mobile,u.error_num,u.error_time,ug.* FROM sg_users u LEFT JOIN sg_users_group as ug ON ug.gid = u.group_id  WHERE u.mobile = '18664988205' LIMIT 1   [ RunTime:0.0230s ]
SQL: UPDATE `sg_users` SET `error_num`='0',`error_time`='0' WHERE `mobile` = '18664988205' [ RunTime:0.0010s ]
NOTIC: [8] Undefined index: remeber D:\xampps\htdocs\somegood\Apps\Shop\Controller\LoginController.class.php 第 76 行.

[ 2018-01-02T14:22:55+08:00 ] ::1 /somegood/Shop/Index/index.html
INFO: [ app_init ] --START--
INFO: Run Behavior\BuildLiteBehavior [ RunTime:0.000000s ]
INFO: [ app_init ] --END-- [ RunTime:0.000000s ]
INFO: [ app_begin ] --START--
INFO: Run Behavior\ReadHtmlCacheBehavior [ RunTime:0.001001s ]
INFO: Run Behavior\CronRunBehavior [ RunTime:0.000000s ]
INFO: [ app_begin ] --END-- [ RunTime:0.001001s ]
INFO: [ view_parse ] --START--
INFO: [ template_filter ] --START--
INFO: Run Behavior\ContentReplaceBehavior [ RunTime:0.000000s ]
INFO: [ template_filter ] --END-- [ RunTime:0.000000s ]
NOTIC: [8] Undefined variable: web_keywords D:\xampps\htdocs\somegood\Runtime\Cache\Shop\ae708c66cec6f9d7ecb4a80282dd4c4a.php 第 6 行.
NOTIC: [8] Undefined variable: web_description D:\xampps\htdocs\somegood\Runtime\Cache\Shop\ae708c66cec6f9d7ecb4a80282dd4c4a.php 第 7 行.
INFO: Run Behavior\ParseTemplateBehavior [ RunTime:0.017001s ]
INFO: [ view_parse ] --END-- [ RunTime:0.017001s ]
INFO: [ view_filter ] --START--
INFO: Run Behavior\WriteHtmlCacheBehavior [ RunTime:0.000000s ]
INFO: Run Behavior\TokenBuildBehavior [ RunTime:0.003000s ]
INFO: [ view_filter ] --END-- [ RunTime:0.003000s ]
INFO: [ app_end ] --START--
INFO: Run Behavior\ShowPageTraceBehavior [ RunTime:0.000000s ]
INFO: [ app_end ] --END-- [ RunTime:0.000000s ]

[ 2018-01-02T14:22:55+08:00 ] ::1 /somegood/Shop/Cart/getCartGoods.html
INFO: [ app_init ] --START--
INFO: Run Behavior\BuildLiteBehavior [ RunTime:0.000000s ]
INFO: [ app_init ] --END-- [ RunTime:0.000000s ]
INFO: [ app_begin ] --START--
INFO: Run Behavior\ReadHtmlCacheBehavior [ RunTime:0.001000s ]
INFO: Run Behavior\CronRunBehavior [ RunTime:0.000000s ]
INFO: [ app_begin ] --END-- [ RunTime:0.001000s ]
SQL: SHOW COLUMNS FROM `sg_cart` [ RunTime:0.0080s ]
SQL: SELECT * FROM `sg_cart` WHERE `user_id` = 843  [ RunTime:0.0010s ]
SQL: SHOW COLUMNS FROM `sg_cart` [ RunTime:0.0070s ]
SQL: SELECT SUM(counts) AS tp_sum FROM `sg_cart` WHERE `user_id` = 843 LIMIT 1   [ RunTime:0.0020s ]

[ 2018-01-02T14:55:48+08:00 ] ::1 /somegood/Shop/Index/index.html
INFO: [ app_init ] --START--
INFO: Run Behavior\BuildLiteBehavior [ RunTime:0.000000s ]
INFO: [ app_init ] --END-- [ RunTime:0.001000s ]
INFO: [ app_begin ] --START--
INFO: Run Behavior\ReadHtmlCacheBehavior [ RunTime:0.001000s ]
INFO: Run Behavior\CronRunBehavior [ RunTime:0.000000s ]
INFO: [ app_begin ] --END-- [ RunTime:0.001000s ]
INFO: [ view_parse ] --START--
INFO: [ template_filter ] --START--
INFO: Run Behavior\ContentReplaceBehavior [ RunTime:0.001000s ]
INFO: [ template_filter ] --END-- [ RunTime:0.001000s ]
NOTIC: [8] Undefined variable: web_keywords D:\xampps\htdocs\somegood\Runtime\Cache\Shop\ae708c66cec6f9d7ecb4a80282dd4c4a.php 第 6 行.
NOTIC: [8] Undefined variable: web_description D:\xampps\htdocs\somegood\Runtime\Cache\Shop\ae708c66cec6f9d7ecb4a80282dd4c4a.php 第 7 行.
INFO: Run Behavior\ParseTemplateBehavior [ RunTime:0.017001s ]
INFO: [ view_parse ] --END-- [ RunTime:0.017001s ]
INFO: [ view_filter ] --START--
INFO: Run Behavior\WriteHtmlCacheBehavior [ RunTime:0.000000s ]
INFO: Run Behavior\TokenBuildBehavior [ RunTime:0.002000s ]
INFO: [ view_filter ] --END-- [ RunTime:0.002000s ]
INFO: [ app_end ] --START--
INFO: Run Behavior\ShowPageTraceBehavior [ RunTime:0.000000s ]
INFO: [ app_end ] --END-- [ RunTime:0.000000s ]

[ 2018-01-02T14:55:49+08:00 ] ::1 /somegood/Shop/Cart/getCartGoods.html
INFO: [ app_init ] --START--
INFO: Run Behavior\BuildLiteBehavior [ RunTime:0.000000s ]
INFO: [ app_init ] --END-- [ RunTime:0.000000s ]
INFO: [ app_begin ] --START--
INFO: Run Behavior\ReadHtmlCacheBehavior [ RunTime:0.001000s ]
INFO: Run Behavior\CronRunBehavior [ RunTime:0.000000s ]
INFO: [ app_begin ] --END-- [ RunTime:0.001000s ]
SQL: SHOW COLUMNS FROM `sg_cart` [ RunTime:0.0080s ]
SQL: SELECT * FROM `sg_cart` WHERE `user_id` = 843  [ RunTime:0.0010s ]
SQL: SHOW COLUMNS FROM `sg_cart` [ RunTime:0.0070s ]
SQL: SELECT SUM(counts) AS tp_sum FROM `sg_cart` WHERE `user_id` = 843 LIMIT 1   [ RunTime:0.0020s ]

