[ 2017-10-25T17:45:50+08:00 ] ::1 /somegood/seller/index/index
INFO: [ app_init ] --START--
INFO: Run Behavior\BuildLiteBehavior [ RunTime:0.000000s ]
INFO: [ app_init ] --END-- [ RunTime:0.000000s ]
INFO: [ app_begin ] --START--
INFO: Run Behavior\ReadHtmlCacheBehavior [ RunTime:0.001001s ]
INFO: Run Behavior\CronRunBehavior [ RunTime:0.000000s ]
INFO: [ app_begin ] --END-- [ RunTime:0.001001s ]
NOTIC: [2048] Declaration of Common\Model\UsersModel::save() should be compatible with Think\Model::save($data = '', $options = Array) D:\xampps\htdocs\somegood\Apps\Common\Model\UsersModel.class.php 第 5 行.
SQL: SHOW COLUMNS FROM `sg_users` [ RunTime:0.0040s ]
SQL: SHOW COLUMNS FROM `sg_users_seller` [ RunTime:0.0030s ]
SQL: SELECT `uid`,s.company_name,u.avatar FROM sg_users_seller s LEFT JOIN sg_users AS u on s.user_id = u.uid  WHERE `user_id` = '843' LIMIT 1   [ RunTime:0.0020s ]
INFO: [ view_parse ] --START--
INFO: [ template_filter ] --START--
INFO: Run Behavior\ContentReplaceBehavior [ RunTime:0.000000s ]
INFO: [ template_filter ] --END-- [ RunTime:0.000000s ]
NOTIC: [8] Undefined index: logo D:\xampps\htdocs\somegood\Runtime\Cache\Seller\cc1a03633cf73a8f41508f71cc3f5c5d.php 第 14 行.
INFO: Run Behavior\ParseTemplateBehavior [ RunTime:0.016001s ]
INFO: [ view_parse ] --END-- [ RunTime:0.016001s ]
INFO: [ view_filter ] --START--
INFO: Run Behavior\WriteHtmlCacheBehavior [ RunTime:0.000000s ]
INFO: Run Behavior\TokenBuildBehavior [ RunTime:0.001000s ]
INFO: [ view_filter ] --END-- [ RunTime:0.001000s ]
INFO: [ app_end ] --START--
INFO: Run Behavior\ShowPageTraceBehavior [ RunTime:0.000000s ]
INFO: [ app_end ] --END-- [ RunTime:0.000000s ]

[ 2017-10-25T17:45:51+08:00 ] ::1 /somegood/Seller/Order/settlement.html
INFO: [ app_init ] --START--
INFO: Run Behavior\BuildLiteBehavior [ RunTime:0.000000s ]
INFO: [ app_init ] --END-- [ RunTime:0.000000s ]
INFO: [ app_begin ] --START--
INFO: Run Behavior\ReadHtmlCacheBehavior [ RunTime:0.000000s ]
INFO: Run Behavior\CronRunBehavior [ RunTime:0.001000s ]
INFO: [ app_begin ] --END-- [ RunTime:0.001000s ]
SQL: SHOW COLUMNS FROM `sg_order` [ RunTime:0.0030s ]
SQL: SHOW COLUMNS FROM `sg_order` [ RunTime:0.0050s ]
SQL: SELECT COUNT(*) AS tp_count FROM `sg_order` WHERE ( status=3 or status=6 ) AND `seller_id` = 843 AND `is_son` <> '0' AND `order_sn` LIKE '%' ORDER BY add_time DESC,id DESC LIMIT 1   [ RunTime:0.0010s ]
NOTIC: [8] Undefined variable: count D:\xampps\htdocs\somegood\Apps\Common\Model\OrderModel.class.php 第 833 行.
SQL: SELECT `order_sn`,`original_price`,original_price * 0.8 as store_money,`status`,`complete_time` FROM `sg_order` WHERE ( status=3 or status=6 ) AND `seller_id` = 843 AND `is_son` <> '0' AND `order_sn` LIKE '%' ORDER BY add_time DESC,id DESC LIMIT 0,10   [ RunTime:0.0010s ]
SQL: SELECT SUM(original_price) AS tp_sum FROM `sg_order` WHERE `status` = 6 AND `seller_id` = 843 LIMIT 1   [ RunTime:0.0020s ]
SQL: SELECT COUNT(*) AS tp_count FROM `sg_order` WHERE `status` = 6 AND `seller_id` = 843 AND `settlement_time` BETWEEN 1508774400 AND 1508860800 LIMIT 1   [ RunTime:0.0010s ]
SQL: SELECT SUM(original_price) AS tp_sum FROM `sg_order` WHERE `status` = 6 AND `seller_id` = 843 AND `settlement_time` BETWEEN 1508774400 AND 1508860800 LIMIT 1   [ RunTime:0.0010s ]
SQL: SELECT COUNT(*) AS tp_count FROM `sg_order` WHERE `status` = 6 AND `seller_id` = 843 AND `settlement_time` BETWEEN 1508860800 AND 1508947200 LIMIT 1   [ RunTime:0.0010s ]
SQL: SELECT SUM(original_price) AS tp_sum FROM `sg_order` WHERE `status` = 6 AND `seller_id` = 843 AND `settlement_time` BETWEEN 1508860800 AND 1508947200 LIMIT 1   [ RunTime:0.0010s ]
INFO: [ view_parse ] --START--
INFO: [ template_filter ] --START--
INFO: Run Behavior\ContentReplaceBehavior [ RunTime:0.000000s ]
INFO: [ template_filter ] --END-- [ RunTime:0.000000s ]
NOTIC: [8] Use of undefined constant all - assumed 'all' D:\xampps\htdocs\somegood\Runtime\Cache\Seller\4925a80900a29c1b88bde9b8ab9d3b6b.php 第 28 行.
NOTIC: [8] Use of undefined constant ing - assumed 'ing' D:\xampps\htdocs\somegood\Runtime\Cache\Seller\4925a80900a29c1b88bde9b8ab9d3b6b.php 第 29 行.
NOTIC: [8] Use of undefined constant ed - assumed 'ed' D:\xampps\htdocs\somegood\Runtime\Cache\Seller\4925a80900a29c1b88bde9b8ab9d3b6b.php 第 30 行.
INFO: Run Behavior\ParseTemplateBehavior [ RunTime:0.023001s ]
INFO: [ view_parse ] --END-- [ RunTime:0.023001s ]
INFO: [ view_filter ] --START--
INFO: Run Behavior\WriteHtmlCacheBehavior [ RunTime:0.001000s ]
INFO: Run Behavior\TokenBuildBehavior [ RunTime:0.000000s ]
INFO: [ view_filter ] --END-- [ RunTime:0.001000s ]
INFO: [ app_end ] --START--
INFO: Run Behavior\ShowPageTraceBehavior [ RunTime:0.001000s ]
INFO: [ app_end ] --END-- [ RunTime:0.001000s ]

[ 2017-10-25T17:45:51+08:00 ] ::1 /somegood/Seller/Index/getNotice.html
INFO: [ app_init ] --START--
INFO: Run Behavior\BuildLiteBehavior [ RunTime:0.000000s ]
INFO: [ app_init ] --END-- [ RunTime:0.000000s ]
INFO: [ app_begin ] --START--
INFO: Run Behavior\ReadHtmlCacheBehavior [ RunTime:0.000000s ]
INFO: Run Behavior\CronRunBehavior [ RunTime:0.000000s ]
INFO: [ app_begin ] --END-- [ RunTime:0.000000s ]
SQL: SHOW COLUMNS FROM `sg_notice` [ RunTime:0.0030s ]
SQL: SELECT COUNT(*) AS tp_count FROM `sg_notice` WHERE `time` < 1508924751 AND `to` = 'seller' AND `s_id` = 843 AND `is_readed` = 0 AND `type` = 'waitSend' LIMIT 1   [ RunTime:0.0010s ]

[ 2017-10-25T17:45:53+08:00 ] ::1 /somegood/Seller/Order/index.html?pageType=1
INFO: [ app_init ] --START--
INFO: Run Behavior\BuildLiteBehavior [ RunTime:0.000000s ]
INFO: [ app_init ] --END-- [ RunTime:0.000000s ]
INFO: [ app_begin ] --START--
INFO: Run Behavior\ReadHtmlCacheBehavior [ RunTime:0.001000s ]
INFO: Run Behavior\CronRunBehavior [ RunTime:0.000000s ]
INFO: [ app_begin ] --END-- [ RunTime:0.001000s ]
SQL: SHOW COLUMNS FROM `sg_order` [ RunTime:0.0040s ]
SQL: SELECT COUNT(*) AS tp_count FROM ( SELECT o.*,s.sid,group_concat(g.id) as g_id,group_concat(og.goods_title) as goods_title,group_concat(og.goods_thumb) as goods_thumb,ol.logistics_sn,ol.type,a.consignee,a.mobile,a.address FROM sg_order o LEFT JOIN sg_order_goods AS og ON o.order_sn=og.order_sn LEFT JOIN sg_store AS s ON og.store_id=s.sid LEFT JOIN sg_goods AS g ON og.goods_id=g.id LEFT JOIN sg_order_logistics AS ol ON ol.order_sn=o.order_sn LEFT JOIN sg_users_address AS a ON a.address_id=o.address_id  WHERE o.seller_id = '843' AND o.status = '1' GROUP BY o.order_sn  ) a LIMIT 1   [ RunTime:0.0030s ]
SQL: SELECT o.*,s.sid,group_concat(g.id) as g_id,group_concat(og.goods_title) as goods_title,group_concat(og.goods_thumb) as goods_thumb,ol.logistics_sn,ol.type,a.consignee,a.mobile,a.address FROM sg_order o LEFT JOIN sg_order_goods AS og ON o.order_sn=og.order_sn LEFT JOIN sg_store AS s ON og.store_id=s.sid LEFT JOIN sg_goods AS g ON og.goods_id=g.id LEFT JOIN sg_order_logistics AS ol ON ol.order_sn=o.order_sn LEFT JOIN sg_users_address AS a ON a.address_id=o.address_id  WHERE o.seller_id = '843' AND o.status = '1' GROUP BY o.order_sn LIMIT 0,8   [ RunTime:0.0020s ]
SQL: SHOW COLUMNS FROM `sg_logistics` [ RunTime:0.0020s ]
SQL: SELECT * FROM `sg_logistics` ORDER BY sort_num ASC  [ RunTime:0.0010s ]
INFO: [ view_parse ] --START--
INFO: [ template_filter ] --START--
INFO: Run Behavior\ContentReplaceBehavior [ RunTime:0.000000s ]
INFO: [ template_filter ] --END-- [ RunTime:0.000000s ]
INFO: Run Behavior\ParseTemplateBehavior [ RunTime:0.031002s ]
INFO: [ view_parse ] --END-- [ RunTime:0.031002s ]
INFO: [ view_filter ] --START--
INFO: Run Behavior\WriteHtmlCacheBehavior [ RunTime:0.000000s ]
INFO: Run Behavior\TokenBuildBehavior [ RunTime:0.001000s ]
INFO: [ view_filter ] --END-- [ RunTime:0.001000s ]
INFO: [ app_end ] --START--
INFO: Run Behavior\ShowPageTraceBehavior [ RunTime:0.000000s ]
INFO: [ app_end ] --END-- [ RunTime:0.000000s ]

[ 2017-10-25T17:45:56+08:00 ] ::1 /somegood/Seller/Order/index.html?pageType=2
INFO: [ app_init ] --START--
INFO: Run Behavior\BuildLiteBehavior [ RunTime:0.000000s ]
INFO: [ app_init ] --END-- [ RunTime:0.001000s ]
INFO: [ app_begin ] --START--
INFO: Run Behavior\ReadHtmlCacheBehavior [ RunTime:0.001000s ]
INFO: Run Behavior\CronRunBehavior [ RunTime:0.001000s ]
INFO: [ app_begin ] --END-- [ RunTime:0.002000s ]
SQL: SHOW COLUMNS FROM `sg_order` [ RunTime:0.0030s ]
SQL: SELECT COUNT(*) AS tp_count FROM ( SELECT o.*,s.sid,group_concat(g.id) as g_id,group_concat(og.goods_title) as goods_title,group_concat(og.goods_thumb) as goods_thumb,ol.logistics_sn,ol.type,a.consignee,a.mobile,a.address FROM sg_order o LEFT JOIN sg_order_goods AS og ON o.order_sn=og.order_sn LEFT JOIN sg_store AS s ON og.store_id=s.sid LEFT JOIN sg_goods AS g ON og.goods_id=g.id LEFT JOIN sg_order_logistics AS ol ON ol.order_sn=o.order_sn LEFT JOIN sg_users_address AS a ON a.address_id=o.address_id  WHERE o.seller_id = '843' AND o.status = '2' GROUP BY o.order_sn  ) a LIMIT 1   [ RunTime:0.0020s ]
SQL: SELECT o.*,s.sid,group_concat(g.id) as g_id,group_concat(og.goods_title) as goods_title,group_concat(og.goods_thumb) as goods_thumb,ol.logistics_sn,ol.type,a.consignee,a.mobile,a.address FROM sg_order o LEFT JOIN sg_order_goods AS og ON o.order_sn=og.order_sn LEFT JOIN sg_store AS s ON og.store_id=s.sid LEFT JOIN sg_goods AS g ON og.goods_id=g.id LEFT JOIN sg_order_logistics AS ol ON ol.order_sn=o.order_sn LEFT JOIN sg_users_address AS a ON a.address_id=o.address_id  WHERE o.seller_id = '843' AND o.status = '2' GROUP BY o.order_sn LIMIT 0,8   [ RunTime:0.0010s ]
SQL: SHOW COLUMNS FROM `sg_logistics` [ RunTime:0.0020s ]
SQL: SELECT * FROM `sg_logistics` ORDER BY sort_num ASC  [ RunTime:0.0020s ]
INFO: [ view_parse ] --START--
INFO: [ template_filter ] --START--
INFO: Run Behavior\ContentReplaceBehavior [ RunTime:0.000000s ]
INFO: [ template_filter ] --END-- [ RunTime:0.000000s ]
INFO: Run Behavior\ParseTemplateBehavior [ RunTime:0.014001s ]
INFO: [ view_parse ] --END-- [ RunTime:0.014001s ]
INFO: [ view_filter ] --START--
INFO: Run Behavior\WriteHtmlCacheBehavior [ RunTime:0.000000s ]
INFO: Run Behavior\TokenBuildBehavior [ RunTime:0.001000s ]
INFO: [ view_filter ] --END-- [ RunTime:0.001000s ]
INFO: [ app_end ] --START--
INFO: Run Behavior\ShowPageTraceBehavior [ RunTime:0.000000s ]
INFO: [ app_end ] --END-- [ RunTime:0.000000s ]

[ 2017-10-25T17:45:56+08:00 ] ::1 /somegood/Seller/Order/index.html?pageType=3
INFO: [ app_init ] --START--
INFO: Run Behavior\BuildLiteBehavior [ RunTime:0.000000s ]
INFO: [ app_init ] --END-- [ RunTime:0.000000s ]
INFO: [ app_begin ] --START--
INFO: Run Behavior\ReadHtmlCacheBehavior [ RunTime:0.000000s ]
INFO: Run Behavior\CronRunBehavior [ RunTime:0.001000s ]
INFO: [ app_begin ] --END-- [ RunTime:0.001000s ]
SQL: SHOW COLUMNS FROM `sg_order` [ RunTime:0.0030s ]
SQL: SELECT COUNT(*) AS tp_count FROM ( SELECT o.*,s.sid,group_concat(g.id) as g_id,group_concat(og.goods_title) as goods_title,group_concat(og.goods_thumb) as goods_thumb,ol.logistics_sn,ol.type,a.consignee,a.mobile,a.address FROM sg_order o LEFT JOIN sg_order_goods AS og ON o.order_sn=og.order_sn LEFT JOIN sg_store AS s ON og.store_id=s.sid LEFT JOIN sg_goods AS g ON og.goods_id=g.id LEFT JOIN sg_order_logistics AS ol ON ol.order_sn=o.order_sn LEFT JOIN sg_users_address AS a ON a.address_id=o.address_id  WHERE o.seller_id = '843' AND ( o.status=3 OR o.status=6 ) GROUP BY o.order_sn  ) a LIMIT 1   [ RunTime:0.0030s ]
SQL: SELECT o.*,s.sid,group_concat(g.id) as g_id,group_concat(og.goods_title) as goods_title,group_concat(og.goods_thumb) as goods_thumb,ol.logistics_sn,ol.type,a.consignee,a.mobile,a.address FROM sg_order o LEFT JOIN sg_order_goods AS og ON o.order_sn=og.order_sn LEFT JOIN sg_store AS s ON og.store_id=s.sid LEFT JOIN sg_goods AS g ON og.goods_id=g.id LEFT JOIN sg_order_logistics AS ol ON ol.order_sn=o.order_sn LEFT JOIN sg_users_address AS a ON a.address_id=o.address_id  WHERE o.seller_id = '843' AND ( o.status=3 OR o.status=6 ) GROUP BY o.order_sn LIMIT 0,8   [ RunTime:0.0020s ]
SQL: SHOW COLUMNS FROM `sg_logistics` [ RunTime:0.0020s ]
SQL: SELECT * FROM `sg_logistics` ORDER BY sort_num ASC  [ RunTime:0.0010s ]
INFO: [ view_parse ] --START--
INFO: [ template_filter ] --START--
INFO: Run Behavior\ContentReplaceBehavior [ RunTime:0.000000s ]
INFO: [ template_filter ] --END-- [ RunTime:0.000000s ]
INFO: Run Behavior\ParseTemplateBehavior [ RunTime:0.013001s ]
INFO: [ view_parse ] --END-- [ RunTime:0.013001s ]
INFO: [ view_filter ] --START--
INFO: Run Behavior\WriteHtmlCacheBehavior [ RunTime:0.001000s ]
INFO: Run Behavior\TokenBuildBehavior [ RunTime:0.000000s ]
INFO: [ view_filter ] --END-- [ RunTime:0.001000s ]
INFO: [ app_end ] --START--
INFO: Run Behavior\ShowPageTraceBehavior [ RunTime:0.000000s ]
INFO: [ app_end ] --END-- [ RunTime:0.000000s ]

[ 2017-10-25T17:45:57+08:00 ] ::1 /somegood/Seller/Order/index.html?pageType=0
INFO: [ app_init ] --START--
INFO: Run Behavior\BuildLiteBehavior [ RunTime:0.000000s ]
INFO: [ app_init ] --END-- [ RunTime:0.000000s ]
INFO: [ app_begin ] --START--
INFO: Run Behavior\ReadHtmlCacheBehavior [ RunTime:0.000000s ]
INFO: Run Behavior\CronRunBehavior [ RunTime:0.000000s ]
INFO: [ app_begin ] --END-- [ RunTime:0.000000s ]
SQL: SHOW COLUMNS FROM `sg_order` [ RunTime:0.0040s ]
SQL: SELECT COUNT(*) AS tp_count FROM ( SELECT o.*,s.sid,group_concat(g.id) as g_id,group_concat(og.goods_title) as goods_title,group_concat(og.goods_thumb) as goods_thumb,ol.logistics_sn,ol.type,a.consignee,a.mobile,a.address FROM sg_order o LEFT JOIN sg_order_goods AS og ON o.order_sn=og.order_sn LEFT JOIN sg_store AS s ON og.store_id=s.sid LEFT JOIN sg_goods AS g ON og.goods_id=g.id LEFT JOIN sg_order_logistics AS ol ON ol.order_sn=o.order_sn LEFT JOIN sg_users_address AS a ON a.address_id=o.address_id  WHERE o.seller_id = '843' AND o.status = '0' GROUP BY o.order_sn  ) a LIMIT 1   [ RunTime:0.0030s ]
SQL: SELECT o.*,s.sid,group_concat(g.id) as g_id,group_concat(og.goods_title) as goods_title,group_concat(og.goods_thumb) as goods_thumb,ol.logistics_sn,ol.type,a.consignee,a.mobile,a.address FROM sg_order o LEFT JOIN sg_order_goods AS og ON o.order_sn=og.order_sn LEFT JOIN sg_store AS s ON og.store_id=s.sid LEFT JOIN sg_goods AS g ON og.goods_id=g.id LEFT JOIN sg_order_logistics AS ol ON ol.order_sn=o.order_sn LEFT JOIN sg_users_address AS a ON a.address_id=o.address_id  WHERE o.seller_id = '843' AND o.status = '0' GROUP BY o.order_sn LIMIT 0,8   [ RunTime:0.0020s ]
SQL: SHOW COLUMNS FROM `sg_logistics` [ RunTime:0.0030s ]
SQL: SELECT * FROM `sg_logistics` ORDER BY sort_num ASC  [ RunTime:0.0020s ]
INFO: [ view_parse ] --START--
INFO: [ template_filter ] --START--
INFO: Run Behavior\ContentReplaceBehavior [ RunTime:0.001000s ]
INFO: [ template_filter ] --END-- [ RunTime:0.001000s ]
INFO: Run Behavior\ParseTemplateBehavior [ RunTime:0.010001s ]
INFO: [ view_parse ] --END-- [ RunTime:0.010001s ]
INFO: [ view_filter ] --START--
INFO: Run Behavior\WriteHtmlCacheBehavior [ RunTime:0.000000s ]
INFO: Run Behavior\TokenBuildBehavior [ RunTime:0.001000s ]
INFO: [ view_filter ] --END-- [ RunTime:0.001000s ]
INFO: [ app_end ] --START--
INFO: Run Behavior\ShowPageTraceBehavior [ RunTime:0.000000s ]
INFO: [ app_end ] --END-- [ RunTime:0.000000s ]

[ 2017-10-25T17:45:57+08:00 ] ::1 /somegood/Seller/Order/index.html?pageType=3
INFO: [ app_init ] --START--
INFO: Run Behavior\BuildLiteBehavior [ RunTime:0.000000s ]
INFO: [ app_init ] --END-- [ RunTime:0.000000s ]
INFO: [ app_begin ] --START--
INFO: Run Behavior\ReadHtmlCacheBehavior [ RunTime:0.000000s ]
INFO: Run Behavior\CronRunBehavior [ RunTime:0.000000s ]
INFO: [ app_begin ] --END-- [ RunTime:0.000000s ]
SQL: SHOW COLUMNS FROM `sg_order` [ RunTime:0.0040s ]
SQL: SELECT COUNT(*) AS tp_count FROM ( SELECT o.*,s.sid,group_concat(g.id) as g_id,group_concat(og.goods_title) as goods_title,group_concat(og.goods_thumb) as goods_thumb,ol.logistics_sn,ol.type,a.consignee,a.mobile,a.address FROM sg_order o LEFT JOIN sg_order_goods AS og ON o.order_sn=og.order_sn LEFT JOIN sg_store AS s ON og.store_id=s.sid LEFT JOIN sg_goods AS g ON og.goods_id=g.id LEFT JOIN sg_order_logistics AS ol ON ol.order_sn=o.order_sn LEFT JOIN sg_users_address AS a ON a.address_id=o.address_id  WHERE o.seller_id = '843' AND ( o.status=3 OR o.status=6 ) GROUP BY o.order_sn  ) a LIMIT 1   [ RunTime:0.0030s ]
SQL: SELECT o.*,s.sid,group_concat(g.id) as g_id,group_concat(og.goods_title) as goods_title,group_concat(og.goods_thumb) as goods_thumb,ol.logistics_sn,ol.type,a.consignee,a.mobile,a.address FROM sg_order o LEFT JOIN sg_order_goods AS og ON o.order_sn=og.order_sn LEFT JOIN sg_store AS s ON og.store_id=s.sid LEFT JOIN sg_goods AS g ON og.goods_id=g.id LEFT JOIN sg_order_logistics AS ol ON ol.order_sn=o.order_sn LEFT JOIN sg_users_address AS a ON a.address_id=o.address_id  WHERE o.seller_id = '843' AND ( o.status=3 OR o.status=6 ) GROUP BY o.order_sn LIMIT 0,8   [ RunTime:0.0020s ]
SQL: SHOW COLUMNS FROM `sg_logistics` [ RunTime:0.0040s ]
SQL: SELECT * FROM `sg_logistics` ORDER BY sort_num ASC  [ RunTime:0.0010s ]
INFO: [ view_parse ] --START--
INFO: [ template_filter ] --START--
INFO: Run Behavior\ContentReplaceBehavior [ RunTime:0.000000s ]
INFO: [ template_filter ] --END-- [ RunTime:0.000000s ]
INFO: Run Behavior\ParseTemplateBehavior [ RunTime:0.009001s ]
INFO: [ view_parse ] --END-- [ RunTime:0.009001s ]
INFO: [ view_filter ] --START--
INFO: Run Behavior\WriteHtmlCacheBehavior [ RunTime:0.001000s ]
INFO: Run Behavior\TokenBuildBehavior [ RunTime:0.000000s ]
INFO: [ view_filter ] --END-- [ RunTime:0.001000s ]
INFO: [ app_end ] --START--
INFO: Run Behavior\ShowPageTraceBehavior [ RunTime:0.001000s ]
INFO: [ app_end ] --END-- [ RunTime:0.001000s ]

[ 2017-10-25T17:45:58+08:00 ] ::1 /somegood/Seller/Order/index.html?pageType=2
INFO: [ app_init ] --START--
INFO: Run Behavior\BuildLiteBehavior [ RunTime:0.000000s ]
INFO: [ app_init ] --END-- [ RunTime:0.000000s ]
INFO: [ app_begin ] --START--
INFO: Run Behavior\ReadHtmlCacheBehavior [ RunTime:0.000000s ]
INFO: Run Behavior\CronRunBehavior [ RunTime:0.000000s ]
INFO: [ app_begin ] --END-- [ RunTime:0.000000s ]
SQL: SHOW COLUMNS FROM `sg_order` [ RunTime:0.0030s ]
SQL: SELECT COUNT(*) AS tp_count FROM ( SELECT o.*,s.sid,group_concat(g.id) as g_id,group_concat(og.goods_title) as goods_title,group_concat(og.goods_thumb) as goods_thumb,ol.logistics_sn,ol.type,a.consignee,a.mobile,a.address FROM sg_order o LEFT JOIN sg_order_goods AS og ON o.order_sn=og.order_sn LEFT JOIN sg_store AS s ON og.store_id=s.sid LEFT JOIN sg_goods AS g ON og.goods_id=g.id LEFT JOIN sg_order_logistics AS ol ON ol.order_sn=o.order_sn LEFT JOIN sg_users_address AS a ON a.address_id=o.address_id  WHERE o.seller_id = '843' AND o.status = '2' GROUP BY o.order_sn  ) a LIMIT 1   [ RunTime:0.0020s ]
SQL: SELECT o.*,s.sid,group_concat(g.id) as g_id,group_concat(og.goods_title) as goods_title,group_concat(og.goods_thumb) as goods_thumb,ol.logistics_sn,ol.type,a.consignee,a.mobile,a.address FROM sg_order o LEFT JOIN sg_order_goods AS og ON o.order_sn=og.order_sn LEFT JOIN sg_store AS s ON og.store_id=s.sid LEFT JOIN sg_goods AS g ON og.goods_id=g.id LEFT JOIN sg_order_logistics AS ol ON ol.order_sn=o.order_sn LEFT JOIN sg_users_address AS a ON a.address_id=o.address_id  WHERE o.seller_id = '843' AND o.status = '2' GROUP BY o.order_sn LIMIT 0,8   [ RunTime:0.0020s ]
SQL: SHOW COLUMNS FROM `sg_logistics` [ RunTime:0.0030s ]
SQL: SELECT * FROM `sg_logistics` ORDER BY sort_num ASC  [ RunTime:0.0020s ]
INFO: [ view_parse ] --START--
INFO: [ template_filter ] --START--
INFO: Run Behavior\ContentReplaceBehavior [ RunTime:0.000000s ]
INFO: [ template_filter ] --END-- [ RunTime:0.001000s ]
INFO: Run Behavior\ParseTemplateBehavior [ RunTime:0.010000s ]
INFO: [ view_parse ] --END-- [ RunTime:0.010000s ]
INFO: [ view_filter ] --START--
INFO: Run Behavior\WriteHtmlCacheBehavior [ RunTime:0.000000s ]
INFO: Run Behavior\TokenBuildBehavior [ RunTime:0.001000s ]
INFO: [ view_filter ] --END-- [ RunTime:0.001000s ]
INFO: [ app_end ] --START--
INFO: Run Behavior\ShowPageTraceBehavior [ RunTime:0.000000s ]
INFO: [ app_end ] --END-- [ RunTime:0.000000s ]

[ 2017-10-25T17:45:58+08:00 ] ::1 /somegood/Seller/Order/index.html?pageType=1
INFO: [ app_init ] --START--
INFO: Run Behavior\BuildLiteBehavior [ RunTime:0.000000s ]
INFO: [ app_init ] --END-- [ RunTime:0.000000s ]
INFO: [ app_begin ] --START--
INFO: Run Behavior\ReadHtmlCacheBehavior [ RunTime:0.000000s ]
INFO: Run Behavior\CronRunBehavior [ RunTime:0.000000s ]
INFO: [ app_begin ] --END-- [ RunTime:0.000000s ]
SQL: SHOW COLUMNS FROM `sg_order` [ RunTime:0.0040s ]
SQL: SELECT COUNT(*) AS tp_count FROM ( SELECT o.*,s.sid,group_concat(g.id) as g_id,group_concat(og.goods_title) as goods_title,group_concat(og.goods_thumb) as goods_thumb,ol.logistics_sn,ol.type,a.consignee,a.mobile,a.address FROM sg_order o LEFT JOIN sg_order_goods AS og ON o.order_sn=og.order_sn LEFT JOIN sg_store AS s ON og.store_id=s.sid LEFT JOIN sg_goods AS g ON og.goods_id=g.id LEFT JOIN sg_order_logistics AS ol ON ol.order_sn=o.order_sn LEFT JOIN sg_users_address AS a ON a.address_id=o.address_id  WHERE o.seller_id = '843' AND o.status = '1' GROUP BY o.order_sn  ) a LIMIT 1   [ RunTime:0.0030s ]
SQL: SELECT o.*,s.sid,group_concat(g.id) as g_id,group_concat(og.goods_title) as goods_title,group_concat(og.goods_thumb) as goods_thumb,ol.logistics_sn,ol.type,a.consignee,a.mobile,a.address FROM sg_order o LEFT JOIN sg_order_goods AS og ON o.order_sn=og.order_sn LEFT JOIN sg_store AS s ON og.store_id=s.sid LEFT JOIN sg_goods AS g ON og.goods_id=g.id LEFT JOIN sg_order_logistics AS ol ON ol.order_sn=o.order_sn LEFT JOIN sg_users_address AS a ON a.address_id=o.address_id  WHERE o.seller_id = '843' AND o.status = '1' GROUP BY o.order_sn LIMIT 0,8   [ RunTime:0.0020s ]
SQL: SHOW COLUMNS FROM `sg_logistics` [ RunTime:0.0030s ]
SQL: SELECT * FROM `sg_logistics` ORDER BY sort_num ASC  [ RunTime:0.0020s ]
INFO: [ view_parse ] --START--
INFO: [ template_filter ] --START--
INFO: Run Behavior\ContentReplaceBehavior [ RunTime:0.000000s ]
INFO: [ template_filter ] --END-- [ RunTime:0.000000s ]
INFO: Run Behavior\ParseTemplateBehavior [ RunTime:0.010001s ]
INFO: [ view_parse ] --END-- [ RunTime:0.010001s ]
INFO: [ view_filter ] --START--
INFO: Run Behavior\WriteHtmlCacheBehavior [ RunTime:0.000000s ]
INFO: Run Behavior\TokenBuildBehavior [ RunTime:0.001000s ]
INFO: [ view_filter ] --END-- [ RunTime:0.001000s ]
INFO: [ app_end ] --START--
INFO: Run Behavior\ShowPageTraceBehavior [ RunTime:0.000000s ]
INFO: [ app_end ] --END-- [ RunTime:0.000000s ]

[ 2017-10-25T17:46:04+08:00 ] ::1 /somegood/Seller/Order/settlement.html
INFO: [ app_init ] --START--
INFO: Run Behavior\BuildLiteBehavior [ RunTime:0.000000s ]
INFO: [ app_init ] --END-- [ RunTime:0.001000s ]
INFO: [ app_begin ] --START--
INFO: Run Behavior\ReadHtmlCacheBehavior [ RunTime:0.001001s ]
INFO: Run Behavior\CronRunBehavior [ RunTime:0.000000s ]
INFO: [ app_begin ] --END-- [ RunTime:0.001001s ]
SQL: SHOW COLUMNS FROM `sg_order` [ RunTime:0.0030s ]
SQL: SHOW COLUMNS FROM `sg_order` [ RunTime:0.0030s ]
SQL: SELECT COUNT(*) AS tp_count FROM `sg_order` WHERE ( status=3 or status=6 ) AND `seller_id` = 843 AND `is_son` <> '0' AND `order_sn` LIKE '%' ORDER BY add_time DESC,id DESC LIMIT 1   [ RunTime:0.0020s ]
NOTIC: [8] Undefined variable: count D:\xampps\htdocs\somegood\Apps\Common\Model\OrderModel.class.php 第 833 行.
SQL: SELECT `order_sn`,`original_price`,original_price * 0.8 as store_money,`status`,`complete_time` FROM `sg_order` WHERE ( status=3 or status=6 ) AND `seller_id` = 843 AND `is_son` <> '0' AND `order_sn` LIKE '%' ORDER BY add_time DESC,id DESC LIMIT 0,10   [ RunTime:0.0010s ]
SQL: SELECT SUM(original_price) AS tp_sum FROM `sg_order` WHERE `status` = 6 AND `seller_id` = 843 LIMIT 1   [ RunTime:0.0020s ]
SQL: SELECT COUNT(*) AS tp_count FROM `sg_order` WHERE `status` = 6 AND `seller_id` = 843 AND `settlement_time` BETWEEN 1508774400 AND 1508860800 LIMIT 1   [ RunTime:0.0000s ]
SQL: SELECT SUM(original_price) AS tp_sum FROM `sg_order` WHERE `status` = 6 AND `seller_id` = 843 AND `settlement_time` BETWEEN 1508774400 AND 1508860800 LIMIT 1   [ RunTime:0.0010s ]
SQL: SELECT COUNT(*) AS tp_count FROM `sg_order` WHERE `status` = 6 AND `seller_id` = 843 AND `settlement_time` BETWEEN 1508860800 AND 1508947200 LIMIT 1   [ RunTime:0.0010s ]
SQL: SELECT SUM(original_price) AS tp_sum FROM `sg_order` WHERE `status` = 6 AND `seller_id` = 843 AND `settlement_time` BETWEEN 1508860800 AND 1508947200 LIMIT 1   [ RunTime:0.0000s ]
INFO: [ view_parse ] --START--
INFO: [ template_filter ] --START--
INFO: Run Behavior\ContentReplaceBehavior [ RunTime:0.000000s ]
INFO: [ template_filter ] --END-- [ RunTime:0.000000s ]
NOTIC: [8] Use of undefined constant all - assumed 'all' D:\xampps\htdocs\somegood\Runtime\Cache\Seller\4925a80900a29c1b88bde9b8ab9d3b6b.php 第 28 行.
NOTIC: [8] Use of undefined constant ing - assumed 'ing' D:\xampps\htdocs\somegood\Runtime\Cache\Seller\4925a80900a29c1b88bde9b8ab9d3b6b.php 第 29 行.
NOTIC: [8] Use of undefined constant ed - assumed 'ed' D:\xampps\htdocs\somegood\Runtime\Cache\Seller\4925a80900a29c1b88bde9b8ab9d3b6b.php 第 30 行.
INFO: Run Behavior\ParseTemplateBehavior [ RunTime:0.007001s ]
INFO: [ view_parse ] --END-- [ RunTime:0.007001s ]
INFO: [ view_filter ] --START--
INFO: Run Behavior\WriteHtmlCacheBehavior [ RunTime:0.000000s ]
INFO: Run Behavior\TokenBuildBehavior [ RunTime:0.000000s ]
INFO: [ view_filter ] --END-- [ RunTime:0.000000s ]
INFO: [ app_end ] --START--
INFO: Run Behavior\ShowPageTraceBehavior [ RunTime:0.001000s ]
INFO: [ app_end ] --END-- [ RunTime:0.001000s ]

[ 2017-10-25T17:46:05+08:00 ] ::1 /somegood/Seller/Order/settlement/action/ing.html
INFO: [ app_init ] --START--
INFO: Run Behavior\BuildLiteBehavior [ RunTime:0.000000s ]
INFO: [ app_init ] --END-- [ RunTime:0.001000s ]
INFO: [ app_begin ] --START--
INFO: Run Behavior\ReadHtmlCacheBehavior [ RunTime:0.000000s ]
INFO: Run Behavior\CronRunBehavior [ RunTime:0.001000s ]
INFO: [ app_begin ] --END-- [ RunTime:0.001000s ]
SQL: SHOW COLUMNS FROM `sg_order` [ RunTime:0.0030s ]
SQL: SHOW COLUMNS FROM `sg_order` [ RunTime:0.0020s ]
SQL: SELECT COUNT(*) AS tp_count FROM `sg_order` WHERE `status` = 3 AND `seller_id` = 843 AND `is_son` <> '0' AND `order_sn` LIKE '%' ORDER BY add_time DESC,id DESC LIMIT 1   [ RunTime:0.0010s ]
NOTIC: [8] Undefined variable: count D:\xampps\htdocs\somegood\Apps\Common\Model\OrderModel.class.php 第 833 行.
SQL: SELECT `order_sn`,`original_price`,original_price * 0.8 as store_money,`status`,`complete_time` FROM `sg_order` WHERE `status` = 3 AND `seller_id` = 843 AND `is_son` <> '0' AND `order_sn` LIKE '%' ORDER BY add_time DESC,id DESC LIMIT 0,10   [ RunTime:0.0010s ]
SQL: SELECT SUM(original_price) AS tp_sum FROM `sg_order` WHERE `status` = 6 AND `seller_id` = 843 LIMIT 1   [ RunTime:0.0020s ]
SQL: SELECT COUNT(*) AS tp_count FROM `sg_order` WHERE `status` = 6 AND `seller_id` = 843 AND `settlement_time` BETWEEN 1508774400 AND 1508860800 LIMIT 1   [ RunTime:0.0010s ]
SQL: SELECT SUM(original_price) AS tp_sum FROM `sg_order` WHERE `status` = 6 AND `seller_id` = 843 AND `settlement_time` BETWEEN 1508774400 AND 1508860800 LIMIT 1   [ RunTime:0.0010s ]
SQL: SELECT COUNT(*) AS tp_count FROM `sg_order` WHERE `status` = 6 AND `seller_id` = 843 AND `settlement_time` BETWEEN 1508860800 AND 1508947200 LIMIT 1   [ RunTime:0.0010s ]
SQL: SELECT SUM(original_price) AS tp_sum FROM `sg_order` WHERE `status` = 6 AND `seller_id` = 843 AND `settlement_time` BETWEEN 1508860800 AND 1508947200 LIMIT 1   [ RunTime:0.0010s ]
INFO: [ view_parse ] --START--
INFO: [ template_filter ] --START--
INFO: Run Behavior\ContentReplaceBehavior [ RunTime:0.000000s ]
INFO: [ template_filter ] --END-- [ RunTime:0.000000s ]
NOTIC: [8] Use of undefined constant all - assumed 'all' D:\xampps\htdocs\somegood\Runtime\Cache\Seller\4925a80900a29c1b88bde9b8ab9d3b6b.php 第 28 行.
NOTIC: [8] Use of undefined constant ing - assumed 'ing' D:\xampps\htdocs\somegood\Runtime\Cache\Seller\4925a80900a29c1b88bde9b8ab9d3b6b.php 第 29 行.
NOTIC: [8] Use of undefined constant ed - assumed 'ed' D:\xampps\htdocs\somegood\Runtime\Cache\Seller\4925a80900a29c1b88bde9b8ab9d3b6b.php 第 30 行.
INFO: Run Behavior\ParseTemplateBehavior [ RunTime:0.010001s ]
INFO: [ view_parse ] --END-- [ RunTime:0.010001s ]
INFO: [ view_filter ] --START--
INFO: Run Behavior\WriteHtmlCacheBehavior [ RunTime:0.001000s ]
INFO: Run Behavior\TokenBuildBehavior [ RunTime:0.000000s ]
INFO: [ view_filter ] --END-- [ RunTime:0.001000s ]
INFO: [ app_end ] --START--
INFO: Run Behavior\ShowPageTraceBehavior [ RunTime:0.001000s ]
INFO: [ app_end ] --END-- [ RunTime:0.001000s ]

[ 2017-10-25T17:46:06+08:00 ] ::1 /somegood/Seller/Order/settlement/action/ed.html
INFO: [ app_init ] --START--
INFO: Run Behavior\BuildLiteBehavior [ RunTime:0.000000s ]
INFO: [ app_init ] --END-- [ RunTime:0.001000s ]
INFO: [ app_begin ] --START--
INFO: Run Behavior\ReadHtmlCacheBehavior [ RunTime:0.001000s ]
INFO: Run Behavior\CronRunBehavior [ RunTime:0.001000s ]
INFO: [ app_begin ] --END-- [ RunTime:0.002000s ]
SQL: SHOW COLUMNS FROM `sg_order` [ RunTime:0.0040s ]
SQL: SHOW COLUMNS FROM `sg_order` [ RunTime:0.0030s ]
SQL: SELECT COUNT(*) AS tp_count FROM `sg_order` WHERE `status` = 6 AND `seller_id` = 843 AND `is_son` <> '0' AND `order_sn` LIKE '%' ORDER BY add_time DESC,id DESC LIMIT 1   [ RunTime:0.0010s ]
NOTIC: [8] Undefined variable: count D:\xampps\htdocs\somegood\Apps\Common\Model\OrderModel.class.php 第 833 行.
SQL: SELECT `order_sn`,`original_price`,original_price * 0.8 as store_money,`status`,`complete_time` FROM `sg_order` WHERE `status` = 6 AND `seller_id` = 843 AND `is_son` <> '0' AND `order_sn` LIKE '%' ORDER BY add_time DESC,id DESC LIMIT 0,10   [ RunTime:0.0010s ]
SQL: SELECT SUM(original_price) AS tp_sum FROM `sg_order` WHERE `status` = 6 AND `seller_id` = 843 LIMIT 1   [ RunTime:0.0010s ]
SQL: SELECT COUNT(*) AS tp_count FROM `sg_order` WHERE `status` = 6 AND `seller_id` = 843 AND `settlement_time` BETWEEN 1508774400 AND 1508860800 LIMIT 1   [ RunTime:0.0010s ]
SQL: SELECT SUM(original_price) AS tp_sum FROM `sg_order` WHERE `status` = 6 AND `seller_id` = 843 AND `settlement_time` BETWEEN 1508774400 AND 1508860800 LIMIT 1   [ RunTime:0.0000s ]
SQL: SELECT COUNT(*) AS tp_count FROM `sg_order` WHERE `status` = 6 AND `seller_id` = 843 AND `settlement_time` BETWEEN 1508860800 AND 1508947200 LIMIT 1   [ RunTime:0.0020s ]
SQL: SELECT SUM(original_price) AS tp_sum FROM `sg_order` WHERE `status` = 6 AND `seller_id` = 843 AND `settlement_time` BETWEEN 1508860800 AND 1508947200 LIMIT 1   [ RunTime:0.0010s ]
INFO: [ view_parse ] --START--
INFO: [ template_filter ] --START--
INFO: Run Behavior\ContentReplaceBehavior [ RunTime:0.000000s ]
INFO: [ template_filter ] --END-- [ RunTime:0.001000s ]
NOTIC: [8] Use of undefined constant all - assumed 'all' D:\xampps\htdocs\somegood\Runtime\Cache\Seller\4925a80900a29c1b88bde9b8ab9d3b6b.php 第 28 行.
NOTIC: [8] Use of undefined constant ing - assumed 'ing' D:\xampps\htdocs\somegood\Runtime\Cache\Seller\4925a80900a29c1b88bde9b8ab9d3b6b.php 第 29 行.
NOTIC: [8] Use of undefined constant ed - assumed 'ed' D:\xampps\htdocs\somegood\Runtime\Cache\Seller\4925a80900a29c1b88bde9b8ab9d3b6b.php 第 30 行.
INFO: Run Behavior\ParseTemplateBehavior [ RunTime:0.006000s ]
INFO: [ view_parse ] --END-- [ RunTime:0.006000s ]
INFO: [ view_filter ] --START--
INFO: Run Behavior\WriteHtmlCacheBehavior [ RunTime:0.001000s ]
INFO: Run Behavior\TokenBuildBehavior [ RunTime:0.000000s ]
INFO: [ view_filter ] --END-- [ RunTime:0.001000s ]
INFO: [ app_end ] --START--
INFO: Run Behavior\ShowPageTraceBehavior [ RunTime:0.000000s ]
INFO: [ app_end ] --END-- [ RunTime:0.000000s ]

[ 2017-10-25T17:46:06+08:00 ] ::1 /somegood/Seller/Order/settlement/action/ing.html
INFO: [ app_init ] --START--
INFO: Run Behavior\BuildLiteBehavior [ RunTime:0.000000s ]
INFO: [ app_init ] --END-- [ RunTime:0.000000s ]
INFO: [ app_begin ] --START--
INFO: Run Behavior\ReadHtmlCacheBehavior [ RunTime:0.000000s ]
INFO: Run Behavior\CronRunBehavior [ RunTime:0.001000s ]
INFO: [ app_begin ] --END-- [ RunTime:0.001000s ]
SQL: SHOW COLUMNS FROM `sg_order` [ RunTime:0.0030s ]
SQL: SHOW COLUMNS FROM `sg_order` [ RunTime:0.0020s ]
SQL: SELECT COUNT(*) AS tp_count FROM `sg_order` WHERE `status` = 3 AND `seller_id` = 843 AND `is_son` <> '0' AND `order_sn` LIKE '%' ORDER BY add_time DESC,id DESC LIMIT 1   [ RunTime:0.0010s ]
NOTIC: [8] Undefined variable: count D:\xampps\htdocs\somegood\Apps\Common\Model\OrderModel.class.php 第 833 行.
SQL: SELECT `order_sn`,`original_price`,original_price * 0.8 as store_money,`status`,`complete_time` FROM `sg_order` WHERE `status` = 3 AND `seller_id` = 843 AND `is_son` <> '0' AND `order_sn` LIKE '%' ORDER BY add_time DESC,id DESC LIMIT 0,10   [ RunTime:0.0010s ]
SQL: SELECT SUM(original_price) AS tp_sum FROM `sg_order` WHERE `status` = 6 AND `seller_id` = 843 LIMIT 1   [ RunTime:0.0020s ]
SQL: SELECT COUNT(*) AS tp_count FROM `sg_order` WHERE `status` = 6 AND `seller_id` = 843 AND `settlement_time` BETWEEN 1508774400 AND 1508860800 LIMIT 1   [ RunTime:0.0000s ]
SQL: SELECT SUM(original_price) AS tp_sum FROM `sg_order` WHERE `status` = 6 AND `seller_id` = 843 AND `settlement_time` BETWEEN 1508774400 AND 1508860800 LIMIT 1   [ RunTime:0.0020s ]
SQL: SELECT COUNT(*) AS tp_count FROM `sg_order` WHERE `status` = 6 AND `seller_id` = 843 AND `settlement_time` BETWEEN 1508860800 AND 1508947200 LIMIT 1   [ RunTime:0.0010s ]
SQL: SELECT SUM(original_price) AS tp_sum FROM `sg_order` WHERE `status` = 6 AND `seller_id` = 843 AND `settlement_time` BETWEEN 1508860800 AND 1508947200 LIMIT 1   [ RunTime:0.0000s ]
INFO: [ view_parse ] --START--
INFO: [ template_filter ] --START--
INFO: Run Behavior\ContentReplaceBehavior [ RunTime:0.000000s ]
INFO: [ template_filter ] --END-- [ RunTime:0.000000s ]
NOTIC: [8] Use of undefined constant all - assumed 'all' D:\xampps\htdocs\somegood\Runtime\Cache\Seller\4925a80900a29c1b88bde9b8ab9d3b6b.php 第 28 行.
NOTIC: [8] Use of undefined constant ing - assumed 'ing' D:\xampps\htdocs\somegood\Runtime\Cache\Seller\4925a80900a29c1b88bde9b8ab9d3b6b.php 第 29 行.
NOTIC: [8] Use of undefined constant ed - assumed 'ed' D:\xampps\htdocs\somegood\Runtime\Cache\Seller\4925a80900a29c1b88bde9b8ab9d3b6b.php 第 30 行.
INFO: Run Behavior\ParseTemplateBehavior [ RunTime:0.006001s ]
INFO: [ view_parse ] --END-- [ RunTime:0.006001s ]
INFO: [ view_filter ] --START--
INFO: Run Behavior\WriteHtmlCacheBehavior [ RunTime:0.000000s ]
INFO: Run Behavior\TokenBuildBehavior [ RunTime:0.001000s ]
INFO: [ view_filter ] --END-- [ RunTime:0.001000s ]
INFO: [ app_end ] --START--
INFO: Run Behavior\ShowPageTraceBehavior [ RunTime:0.000000s ]
INFO: [ app_end ] --END-- [ RunTime:0.000000s ]

[ 2017-10-25T17:46:07+08:00 ] ::1 /somegood/Seller/Order/settlement/action/all.html
INFO: [ app_init ] --START--
INFO: Run Behavior\BuildLiteBehavior [ RunTime:0.000000s ]
INFO: [ app_init ] --END-- [ RunTime:0.001000s ]
INFO: [ app_begin ] --START--
INFO: Run Behavior\ReadHtmlCacheBehavior [ RunTime:0.001000s ]
INFO: Run Behavior\CronRunBehavior [ RunTime:0.000000s ]
INFO: [ app_begin ] --END-- [ RunTime:0.001000s ]
SQL: SHOW COLUMNS FROM `sg_order` [ RunTime:0.0040s ]
SQL: SHOW COLUMNS FROM `sg_order` [ RunTime:0.0030s ]
SQL: SELECT COUNT(*) AS tp_count FROM `sg_order` WHERE ( status=3 or status=6 ) AND `seller_id` = 843 AND `is_son` <> '0' AND `order_sn` LIKE '%' ORDER BY add_time DESC,id DESC LIMIT 1   [ RunTime:0.0010s ]
NOTIC: [8] Undefined variable: count D:\xampps\htdocs\somegood\Apps\Common\Model\OrderModel.class.php 第 833 行.
SQL: SELECT `order_sn`,`original_price`,original_price * 0.8 as store_money,`status`,`complete_time` FROM `sg_order` WHERE ( status=3 or status=6 ) AND `seller_id` = 843 AND `is_son` <> '0' AND `order_sn` LIKE '%' ORDER BY add_time DESC,id DESC LIMIT 0,10   [ RunTime:0.0010s ]
SQL: SELECT SUM(original_price) AS tp_sum FROM `sg_order` WHERE `status` = 6 AND `seller_id` = 843 LIMIT 1   [ RunTime:0.0010s ]
SQL: SELECT COUNT(*) AS tp_count FROM `sg_order` WHERE `status` = 6 AND `seller_id` = 843 AND `settlement_time` BETWEEN 1508774400 AND 1508860800 LIMIT 1   [ RunTime:0.0000s ]
SQL: SELECT SUM(original_price) AS tp_sum FROM `sg_order` WHERE `status` = 6 AND `seller_id` = 843 AND `settlement_time` BETWEEN 1508774400 AND 1508860800 LIMIT 1   [ RunTime:0.0020s ]
SQL: SELECT COUNT(*) AS tp_count FROM `sg_order` WHERE `status` = 6 AND `seller_id` = 843 AND `settlement_time` BETWEEN 1508860800 AND 1508947200 LIMIT 1   [ RunTime:0.0010s ]
SQL: SELECT SUM(original_price) AS tp_sum FROM `sg_order` WHERE `status` = 6 AND `seller_id` = 843 AND `settlement_time` BETWEEN 1508860800 AND 1508947200 LIMIT 1   [ RunTime:0.0010s ]
INFO: [ view_parse ] --START--
INFO: [ template_filter ] --START--
INFO: Run Behavior\ContentReplaceBehavior [ RunTime:0.000000s ]
INFO: [ template_filter ] --END-- [ RunTime:0.000000s ]
NOTIC: [8] Use of undefined constant all - assumed 'all' D:\xampps\htdocs\somegood\Runtime\Cache\Seller\4925a80900a29c1b88bde9b8ab9d3b6b.php 第 28 行.
NOTIC: [8] Use of undefined constant ing - assumed 'ing' D:\xampps\htdocs\somegood\Runtime\Cache\Seller\4925a80900a29c1b88bde9b8ab9d3b6b.php 第 29 行.
NOTIC: [8] Use of undefined constant ed - assumed 'ed' D:\xampps\htdocs\somegood\Runtime\Cache\Seller\4925a80900a29c1b88bde9b8ab9d3b6b.php 第 30 行.
INFO: Run Behavior\ParseTemplateBehavior [ RunTime:0.008001s ]
INFO: [ view_parse ] --END-- [ RunTime:0.008001s ]
INFO: [ view_filter ] --START--
INFO: Run Behavior\WriteHtmlCacheBehavior [ RunTime:0.000000s ]
INFO: Run Behavior\TokenBuildBehavior [ RunTime:0.001000s ]
INFO: [ view_filter ] --END-- [ RunTime:0.001000s ]
INFO: [ app_end ] --START--
INFO: Run Behavior\ShowPageTraceBehavior [ RunTime:0.000000s ]
INFO: [ app_end ] --END-- [ RunTime:0.000000s ]

[ 2017-10-25T17:46:08+08:00 ] ::1 /somegood/Seller/Order/index.html?pageType=1
INFO: [ app_init ] --START--
INFO: Run Behavior\BuildLiteBehavior [ RunTime:0.000000s ]
INFO: [ app_init ] --END-- [ RunTime:0.000000s ]
INFO: [ app_begin ] --START--
INFO: Run Behavior\ReadHtmlCacheBehavior [ RunTime:0.000000s ]
INFO: Run Behavior\CronRunBehavior [ RunTime:0.000000s ]
INFO: [ app_begin ] --END-- [ RunTime:0.000000s ]
SQL: SHOW COLUMNS FROM `sg_order` [ RunTime:0.0030s ]
SQL: SELECT COUNT(*) AS tp_count FROM ( SELECT o.*,s.sid,group_concat(g.id) as g_id,group_concat(og.goods_title) as goods_title,group_concat(og.goods_thumb) as goods_thumb,ol.logistics_sn,ol.type,a.consignee,a.mobile,a.address FROM sg_order o LEFT JOIN sg_order_goods AS og ON o.order_sn=og.order_sn LEFT JOIN sg_store AS s ON og.store_id=s.sid LEFT JOIN sg_goods AS g ON og.goods_id=g.id LEFT JOIN sg_order_logistics AS ol ON ol.order_sn=o.order_sn LEFT JOIN sg_users_address AS a ON a.address_id=o.address_id  WHERE o.seller_id = '843' AND o.status = '1' GROUP BY o.order_sn  ) a LIMIT 1   [ RunTime:0.0030s ]
SQL: SELECT o.*,s.sid,group_concat(g.id) as g_id,group_concat(og.goods_title) as goods_title,group_concat(og.goods_thumb) as goods_thumb,ol.logistics_sn,ol.type,a.consignee,a.mobile,a.address FROM sg_order o LEFT JOIN sg_order_goods AS og ON o.order_sn=og.order_sn LEFT JOIN sg_store AS s ON og.store_id=s.sid LEFT JOIN sg_goods AS g ON og.goods_id=g.id LEFT JOIN sg_order_logistics AS ol ON ol.order_sn=o.order_sn LEFT JOIN sg_users_address AS a ON a.address_id=o.address_id  WHERE o.seller_id = '843' AND o.status = '1' GROUP BY o.order_sn LIMIT 0,8   [ RunTime:0.0010s ]
SQL: SHOW COLUMNS FROM `sg_logistics` [ RunTime:0.0020s ]
SQL: SELECT * FROM `sg_logistics` ORDER BY sort_num ASC  [ RunTime:0.0020s ]
INFO: [ view_parse ] --START--
INFO: [ template_filter ] --START--
INFO: Run Behavior\ContentReplaceBehavior [ RunTime:0.000000s ]
INFO: [ template_filter ] --END-- [ RunTime:0.000000s ]
INFO: Run Behavior\ParseTemplateBehavior [ RunTime:0.010000s ]
INFO: [ view_parse ] --END-- [ RunTime:0.010000s ]
INFO: [ view_filter ] --START--
INFO: Run Behavior\WriteHtmlCacheBehavior [ RunTime:0.000000s ]
INFO: Run Behavior\TokenBuildBehavior [ RunTime:0.001000s ]
INFO: [ view_filter ] --END-- [ RunTime:0.001000s ]
INFO: [ app_end ] --START--
INFO: Run Behavior\ShowPageTraceBehavior [ RunTime:0.000000s ]
INFO: [ app_end ] --END-- [ RunTime:0.000000s ]

[ 2017-10-25T17:46:12+08:00 ] ::1 /somegood/Seller/Order/index.html?pageType=2
INFO: [ app_init ] --START--
INFO: Run Behavior\BuildLiteBehavior [ RunTime:0.000000s ]
INFO: [ app_init ] --END-- [ RunTime:0.000000s ]
INFO: [ app_begin ] --START--
INFO: Run Behavior\ReadHtmlCacheBehavior [ RunTime:0.000000s ]
INFO: Run Behavior\CronRunBehavior [ RunTime:0.000000s ]
INFO: [ app_begin ] --END-- [ RunTime:0.001001s ]
SQL: SHOW COLUMNS FROM `sg_order` [ RunTime:0.0030s ]
SQL: SELECT COUNT(*) AS tp_count FROM ( SELECT o.*,s.sid,group_concat(g.id) as g_id,group_concat(og.goods_title) as goods_title,group_concat(og.goods_thumb) as goods_thumb,ol.logistics_sn,ol.type,a.consignee,a.mobile,a.address FROM sg_order o LEFT JOIN sg_order_goods AS og ON o.order_sn=og.order_sn LEFT JOIN sg_store AS s ON og.store_id=s.sid LEFT JOIN sg_goods AS g ON og.goods_id=g.id LEFT JOIN sg_order_logistics AS ol ON ol.order_sn=o.order_sn LEFT JOIN sg_users_address AS a ON a.address_id=o.address_id  WHERE o.seller_id = '843' AND o.status = '2' GROUP BY o.order_sn  ) a LIMIT 1   [ RunTime:0.0030s ]
SQL: SELECT o.*,s.sid,group_concat(g.id) as g_id,group_concat(og.goods_title) as goods_title,group_concat(og.goods_thumb) as goods_thumb,ol.logistics_sn,ol.type,a.consignee,a.mobile,a.address FROM sg_order o LEFT JOIN sg_order_goods AS og ON o.order_sn=og.order_sn LEFT JOIN sg_store AS s ON og.store_id=s.sid LEFT JOIN sg_goods AS g ON og.goods_id=g.id LEFT JOIN sg_order_logistics AS ol ON ol.order_sn=o.order_sn LEFT JOIN sg_users_address AS a ON a.address_id=o.address_id  WHERE o.seller_id = '843' AND o.status = '2' GROUP BY o.order_sn LIMIT 0,8   [ RunTime:0.0020s ]
SQL: SHOW COLUMNS FROM `sg_logistics` [ RunTime:0.0030s ]
SQL: SELECT * FROM `sg_logistics` ORDER BY sort_num ASC  [ RunTime:0.0020s ]
INFO: [ view_parse ] --START--
INFO: [ template_filter ] --START--
INFO: Run Behavior\ContentReplaceBehavior [ RunTime:0.000000s ]
INFO: [ template_filter ] --END-- [ RunTime:0.000000s ]
INFO: Run Behavior\ParseTemplateBehavior [ RunTime:0.015001s ]
INFO: [ view_parse ] --END-- [ RunTime:0.016001s ]
INFO: [ view_filter ] --START--
INFO: Run Behavior\WriteHtmlCacheBehavior [ RunTime:0.000000s ]
INFO: Run Behavior\TokenBuildBehavior [ RunTime:0.001000s ]
INFO: [ view_filter ] --END-- [ RunTime:0.001000s ]
INFO: [ app_end ] --START--
INFO: Run Behavior\ShowPageTraceBehavior [ RunTime:0.000000s ]
INFO: [ app_end ] --END-- [ RunTime:0.001000s ]

[ 2017-10-25T17:46:13+08:00 ] ::1 /somegood/Seller/Order/index.html?pageType=3
INFO: [ app_init ] --START--
INFO: Run Behavior\BuildLiteBehavior [ RunTime:0.000000s ]
INFO: [ app_init ] --END-- [ RunTime:0.000000s ]
INFO: [ app_begin ] --START--
INFO: Run Behavior\ReadHtmlCacheBehavior [ RunTime:0.000000s ]
INFO: Run Behavior\CronRunBehavior [ RunTime:0.001000s ]
INFO: [ app_begin ] --END-- [ RunTime:0.001000s ]
SQL: SHOW COLUMNS FROM `sg_order` [ RunTime:0.0040s ]
SQL: SELECT COUNT(*) AS tp_count FROM ( SELECT o.*,s.sid,group_concat(g.id) as g_id,group_concat(og.goods_title) as goods_title,group_concat(og.goods_thumb) as goods_thumb,ol.logistics_sn,ol.type,a.consignee,a.mobile,a.address FROM sg_order o LEFT JOIN sg_order_goods AS og ON o.order_sn=og.order_sn LEFT JOIN sg_store AS s ON og.store_id=s.sid LEFT JOIN sg_goods AS g ON og.goods_id=g.id LEFT JOIN sg_order_logistics AS ol ON ol.order_sn=o.order_sn LEFT JOIN sg_users_address AS a ON a.address_id=o.address_id  WHERE o.seller_id = '843' AND ( o.status=3 OR o.status=6 ) GROUP BY o.order_sn  ) a LIMIT 1   [ RunTime:0.0030s ]
SQL: SELECT o.*,s.sid,group_concat(g.id) as g_id,group_concat(og.goods_title) as goods_title,group_concat(og.goods_thumb) as goods_thumb,ol.logistics_sn,ol.type,a.consignee,a.mobile,a.address FROM sg_order o LEFT JOIN sg_order_goods AS og ON o.order_sn=og.order_sn LEFT JOIN sg_store AS s ON og.store_id=s.sid LEFT JOIN sg_goods AS g ON og.goods_id=g.id LEFT JOIN sg_order_logistics AS ol ON ol.order_sn=o.order_sn LEFT JOIN sg_users_address AS a ON a.address_id=o.address_id  WHERE o.seller_id = '843' AND ( o.status=3 OR o.status=6 ) GROUP BY o.order_sn LIMIT 0,8   [ RunTime:0.0020s ]
SQL: SHOW COLUMNS FROM `sg_logistics` [ RunTime:0.0030s ]
SQL: SELECT * FROM `sg_logistics` ORDER BY sort_num ASC  [ RunTime:0.0010s ]
INFO: [ view_parse ] --START--
INFO: [ template_filter ] --START--
INFO: Run Behavior\ContentReplaceBehavior [ RunTime:0.001000s ]
INFO: [ template_filter ] --END-- [ RunTime:0.001000s ]
INFO: Run Behavior\ParseTemplateBehavior [ RunTime:0.014001s ]
INFO: [ view_parse ] --END-- [ RunTime:0.014001s ]
INFO: [ view_filter ] --START--
INFO: Run Behavior\WriteHtmlCacheBehavior [ RunTime:0.000000s ]
INFO: Run Behavior\TokenBuildBehavior [ RunTime:0.000000s ]
INFO: [ view_filter ] --END-- [ RunTime:0.001000s ]
INFO: [ app_end ] --START--
INFO: Run Behavior\ShowPageTraceBehavior [ RunTime:0.000000s ]
INFO: [ app_end ] --END-- [ RunTime:0.000000s ]

[ 2017-10-25T17:46:13+08:00 ] ::1 /somegood/Seller/Order/index.html?pageType=0
INFO: [ app_init ] --START--
INFO: Run Behavior\BuildLiteBehavior [ RunTime:0.001000s ]
INFO: [ app_init ] --END-- [ RunTime:0.001000s ]
INFO: [ app_begin ] --START--
INFO: Run Behavior\ReadHtmlCacheBehavior [ RunTime:0.001000s ]
INFO: Run Behavior\CronRunBehavior [ RunTime:0.000000s ]
INFO: [ app_begin ] --END-- [ RunTime:0.001000s ]
SQL: SHOW COLUMNS FROM `sg_order` [ RunTime:0.0030s ]
SQL: SELECT COUNT(*) AS tp_count FROM ( SELECT o.*,s.sid,group_concat(g.id) as g_id,group_concat(og.goods_title) as goods_title,group_concat(og.goods_thumb) as goods_thumb,ol.logistics_sn,ol.type,a.consignee,a.mobile,a.address FROM sg_order o LEFT JOIN sg_order_goods AS og ON o.order_sn=og.order_sn LEFT JOIN sg_store AS s ON og.store_id=s.sid LEFT JOIN sg_goods AS g ON og.goods_id=g.id LEFT JOIN sg_order_logistics AS ol ON ol.order_sn=o.order_sn LEFT JOIN sg_users_address AS a ON a.address_id=o.address_id  WHERE o.seller_id = '843' AND o.status = '0' GROUP BY o.order_sn  ) a LIMIT 1   [ RunTime:0.0020s ]
SQL: SELECT o.*,s.sid,group_concat(g.id) as g_id,group_concat(og.goods_title) as goods_title,group_concat(og.goods_thumb) as goods_thumb,ol.logistics_sn,ol.type,a.consignee,a.mobile,a.address FROM sg_order o LEFT JOIN sg_order_goods AS og ON o.order_sn=og.order_sn LEFT JOIN sg_store AS s ON og.store_id=s.sid LEFT JOIN sg_goods AS g ON og.goods_id=g.id LEFT JOIN sg_order_logistics AS ol ON ol.order_sn=o.order_sn LEFT JOIN sg_users_address AS a ON a.address_id=o.address_id  WHERE o.seller_id = '843' AND o.status = '0' GROUP BY o.order_sn LIMIT 0,8   [ RunTime:0.0020s ]
SQL: SHOW COLUMNS FROM `sg_logistics` [ RunTime:0.0020s ]
SQL: SELECT * FROM `sg_logistics` ORDER BY sort_num ASC  [ RunTime:0.0020s ]
INFO: [ view_parse ] --START--
INFO: [ template_filter ] --START--
INFO: Run Behavior\ContentReplaceBehavior [ RunTime:0.000000s ]
INFO: [ template_filter ] --END-- [ RunTime:0.000000s ]
INFO: Run Behavior\ParseTemplateBehavior [ RunTime:0.010001s ]
INFO: [ view_parse ] --END-- [ RunTime:0.010001s ]
INFO: [ view_filter ] --START--
INFO: Run Behavior\WriteHtmlCacheBehavior [ RunTime:0.000000s ]
INFO: Run Behavior\TokenBuildBehavior [ RunTime:0.001000s ]
INFO: [ view_filter ] --END-- [ RunTime:0.001000s ]
INFO: [ app_end ] --START--
INFO: Run Behavior\ShowPageTraceBehavior [ RunTime:0.000000s ]
INFO: [ app_end ] --END-- [ RunTime:0.000000s ]

[ 2017-10-25T17:46:14+08:00 ] ::1 /somegood/Seller/Order/index.html?pageType=3
INFO: [ app_init ] --START--
INFO: Run Behavior\BuildLiteBehavior [ RunTime:0.000000s ]
INFO: [ app_init ] --END-- [ RunTime:0.001000s ]
INFO: [ app_begin ] --START--
INFO: Run Behavior\ReadHtmlCacheBehavior [ RunTime:0.001000s ]
INFO: Run Behavior\CronRunBehavior [ RunTime:0.000000s ]
INFO: [ app_begin ] --END-- [ RunTime:0.002000s ]
SQL: SHOW COLUMNS FROM `sg_order` [ RunTime:0.0040s ]
SQL: SELECT COUNT(*) AS tp_count FROM ( SELECT o.*,s.sid,group_concat(g.id) as g_id,group_concat(og.goods_title) as goods_title,group_concat(og.goods_thumb) as goods_thumb,ol.logistics_sn,ol.type,a.consignee,a.mobile,a.address FROM sg_order o LEFT JOIN sg_order_goods AS og ON o.order_sn=og.order_sn LEFT JOIN sg_store AS s ON og.store_id=s.sid LEFT JOIN sg_goods AS g ON og.goods_id=g.id LEFT JOIN sg_order_logistics AS ol ON ol.order_sn=o.order_sn LEFT JOIN sg_users_address AS a ON a.address_id=o.address_id  WHERE o.seller_id = '843' AND ( o.status=3 OR o.status=6 ) GROUP BY o.order_sn  ) a LIMIT 1   [ RunTime:0.0030s ]
SQL: SELECT o.*,s.sid,group_concat(g.id) as g_id,group_concat(og.goods_title) as goods_title,group_concat(og.goods_thumb) as goods_thumb,ol.logistics_sn,ol.type,a.consignee,a.mobile,a.address FROM sg_order o LEFT JOIN sg_order_goods AS og ON o.order_sn=og.order_sn LEFT JOIN sg_store AS s ON og.store_id=s.sid LEFT JOIN sg_goods AS g ON og.goods_id=g.id LEFT JOIN sg_order_logistics AS ol ON ol.order_sn=o.order_sn LEFT JOIN sg_users_address AS a ON a.address_id=o.address_id  WHERE o.seller_id = '843' AND ( o.status=3 OR o.status=6 ) GROUP BY o.order_sn LIMIT 0,8   [ RunTime:0.0020s ]
SQL: SHOW COLUMNS FROM `sg_logistics` [ RunTime:0.0040s ]
SQL: SELECT * FROM `sg_logistics` ORDER BY sort_num ASC  [ RunTime:0.0010s ]
INFO: [ view_parse ] --START--
INFO: [ template_filter ] --START--
INFO: Run Behavior\ContentReplaceBehavior [ RunTime:0.001000s ]
INFO: [ template_filter ] --END-- [ RunTime:0.001000s ]
INFO: Run Behavior\ParseTemplateBehavior [ RunTime:0.017001s ]
INFO: [ view_parse ] --END-- [ RunTime:0.017001s ]
INFO: [ view_filter ] --START--
INFO: Run Behavior\WriteHtmlCacheBehavior [ RunTime:0.000000s ]
INFO: Run Behavior\TokenBuildBehavior [ RunTime:0.001000s ]
INFO: [ view_filter ] --END-- [ RunTime:0.001000s ]
INFO: [ app_end ] --START--
INFO: Run Behavior\ShowPageTraceBehavior [ RunTime:0.001000s ]
INFO: [ app_end ] --END-- [ RunTime:0.001000s ]

[ 2017-10-25T17:46:15+08:00 ] ::1 /somegood/Seller/Order/index.html?pageType=2
INFO: [ app_init ] --START--
INFO: Run Behavior\BuildLiteBehavior [ RunTime:0.000000s ]
INFO: [ app_init ] --END-- [ RunTime:0.000000s ]
INFO: [ app_begin ] --START--
INFO: Run Behavior\ReadHtmlCacheBehavior [ RunTime:0.001000s ]
INFO: Run Behavior\CronRunBehavior [ RunTime:0.000000s ]
INFO: [ app_begin ] --END-- [ RunTime:0.001000s ]
SQL: SHOW COLUMNS FROM `sg_order` [ RunTime:0.0030s ]
SQL: SELECT COUNT(*) AS tp_count FROM ( SELECT o.*,s.sid,group_concat(g.id) as g_id,group_concat(og.goods_title) as goods_title,group_concat(og.goods_thumb) as goods_thumb,ol.logistics_sn,ol.type,a.consignee,a.mobile,a.address FROM sg_order o LEFT JOIN sg_order_goods AS og ON o.order_sn=og.order_sn LEFT JOIN sg_store AS s ON og.store_id=s.sid LEFT JOIN sg_goods AS g ON og.goods_id=g.id LEFT JOIN sg_order_logistics AS ol ON ol.order_sn=o.order_sn LEFT JOIN sg_users_address AS a ON a.address_id=o.address_id  WHERE o.seller_id = '843' AND o.status = '2' GROUP BY o.order_sn  ) a LIMIT 1   [ RunTime:0.0030s ]
SQL: SELECT o.*,s.sid,group_concat(g.id) as g_id,group_concat(og.goods_title) as goods_title,group_concat(og.goods_thumb) as goods_thumb,ol.logistics_sn,ol.type,a.consignee,a.mobile,a.address FROM sg_order o LEFT JOIN sg_order_goods AS og ON o.order_sn=og.order_sn LEFT JOIN sg_store AS s ON og.store_id=s.sid LEFT JOIN sg_goods AS g ON og.goods_id=g.id LEFT JOIN sg_order_logistics AS ol ON ol.order_sn=o.order_sn LEFT JOIN sg_users_address AS a ON a.address_id=o.address_id  WHERE o.seller_id = '843' AND o.status = '2' GROUP BY o.order_sn LIMIT 0,8   [ RunTime:0.0020s ]
SQL: SHOW COLUMNS FROM `sg_logistics` [ RunTime:0.0030s ]
SQL: SELECT * FROM `sg_logistics` ORDER BY sort_num ASC  [ RunTime:0.0020s ]
INFO: [ view_parse ] --START--
INFO: [ template_filter ] --START--
INFO: Run Behavior\ContentReplaceBehavior [ RunTime:0.000000s ]
INFO: [ template_filter ] --END-- [ RunTime:0.000000s ]
INFO: Run Behavior\ParseTemplateBehavior [ RunTime:0.011001s ]
INFO: [ view_parse ] --END-- [ RunTime:0.011001s ]
INFO: [ view_filter ] --START--
INFO: Run Behavior\WriteHtmlCacheBehavior [ RunTime:0.001000s ]
INFO: Run Behavior\TokenBuildBehavior [ RunTime:0.000000s ]
INFO: [ view_filter ] --END-- [ RunTime:0.001000s ]
INFO: [ app_end ] --START--
INFO: Run Behavior\ShowPageTraceBehavior [ RunTime:0.001000s ]
INFO: [ app_end ] --END-- [ RunTime:0.001000s ]

[ 2017-10-25T17:46:15+08:00 ] ::1 /somegood/Seller/Order/index.html?pageType=1
INFO: [ app_init ] --START--
INFO: Run Behavior\BuildLiteBehavior [ RunTime:0.000000s ]
INFO: [ app_init ] --END-- [ RunTime:0.000000s ]
INFO: [ app_begin ] --START--
INFO: Run Behavior\ReadHtmlCacheBehavior [ RunTime:0.000000s ]
INFO: Run Behavior\CronRunBehavior [ RunTime:0.001000s ]
INFO: [ app_begin ] --END-- [ RunTime:0.001000s ]
SQL: SHOW COLUMNS FROM `sg_order` [ RunTime:0.0030s ]
SQL: SELECT COUNT(*) AS tp_count FROM ( SELECT o.*,s.sid,group_concat(g.id) as g_id,group_concat(og.goods_title) as goods_title,group_concat(og.goods_thumb) as goods_thumb,ol.logistics_sn,ol.type,a.consignee,a.mobile,a.address FROM sg_order o LEFT JOIN sg_order_goods AS og ON o.order_sn=og.order_sn LEFT JOIN sg_store AS s ON og.store_id=s.sid LEFT JOIN sg_goods AS g ON og.goods_id=g.id LEFT JOIN sg_order_logistics AS ol ON ol.order_sn=o.order_sn LEFT JOIN sg_users_address AS a ON a.address_id=o.address_id  WHERE o.seller_id = '843' AND o.status = '1' GROUP BY o.order_sn  ) a LIMIT 1   [ RunTime:0.0020s ]
SQL: SELECT o.*,s.sid,group_concat(g.id) as g_id,group_concat(og.goods_title) as goods_title,group_concat(og.goods_thumb) as goods_thumb,ol.logistics_sn,ol.type,a.consignee,a.mobile,a.address FROM sg_order o LEFT JOIN sg_order_goods AS og ON o.order_sn=og.order_sn LEFT JOIN sg_store AS s ON og.store_id=s.sid LEFT JOIN sg_goods AS g ON og.goods_id=g.id LEFT JOIN sg_order_logistics AS ol ON ol.order_sn=o.order_sn LEFT JOIN sg_users_address AS a ON a.address_id=o.address_id  WHERE o.seller_id = '843' AND o.status = '1' GROUP BY o.order_sn LIMIT 0,8   [ RunTime:0.0020s ]
SQL: SHOW COLUMNS FROM `sg_logistics` [ RunTime:0.0020s ]
SQL: SELECT * FROM `sg_logistics` ORDER BY sort_num ASC  [ RunTime:0.0010s ]
INFO: [ view_parse ] --START--
INFO: [ template_filter ] --START--
INFO: Run Behavior\ContentReplaceBehavior [ RunTime:0.001000s ]
INFO: [ template_filter ] --END-- [ RunTime:0.001000s ]
INFO: Run Behavior\ParseTemplateBehavior [ RunTime:0.010000s ]
INFO: [ view_parse ] --END-- [ RunTime:0.010000s ]
INFO: [ view_filter ] --START--
INFO: Run Behavior\WriteHtmlCacheBehavior [ RunTime:0.000000s ]
INFO: Run Behavior\TokenBuildBehavior [ RunTime:0.001000s ]
INFO: [ view_filter ] --END-- [ RunTime:0.001000s ]
INFO: [ app_end ] --START--
INFO: Run Behavior\ShowPageTraceBehavior [ RunTime:0.000000s ]
INFO: [ app_end ] --END-- [ RunTime:0.000000s ]

[ 2017-10-25T17:50:51+08:00 ] ::1 /somegood/Seller/Index/getNotice.html
INFO: [ app_init ] --START--
INFO: Run Behavior\BuildLiteBehavior [ RunTime:0.000000s ]
INFO: [ app_init ] --END-- [ RunTime:0.000000s ]
INFO: [ app_begin ] --START--
INFO: Run Behavior\ReadHtmlCacheBehavior [ RunTime:0.015600s ]
INFO: Run Behavior\CronRunBehavior [ RunTime:0.000000s ]
INFO: [ app_begin ] --END-- [ RunTime:0.015600s ]
SQL: SHOW COLUMNS FROM `sg_notice` [ RunTime:0.0000s ]
SQL: SELECT COUNT(*) AS tp_count FROM `sg_notice` WHERE `time` < 1508925051 AND `to` = 'seller' AND `s_id` = 843 AND `is_readed` = 0 AND `type` = 'waitSend' LIMIT 1   [ RunTime:0.0000s ]

[ 2017-10-25T17:55:51+08:00 ] ::1 /somegood/Seller/Index/getNotice.html
INFO: [ app_init ] --START--
INFO: Run Behavior\BuildLiteBehavior [ RunTime:0.000000s ]
INFO: [ app_init ] --END-- [ RunTime:0.001000s ]
INFO: [ app_begin ] --START--
INFO: Run Behavior\ReadHtmlCacheBehavior [ RunTime:0.001000s ]
INFO: Run Behavior\CronRunBehavior [ RunTime:0.000000s ]
INFO: [ app_begin ] --END-- [ RunTime:0.001000s ]
SQL: SHOW COLUMNS FROM `sg_notice` [ RunTime:0.0040s ]
SQL: SELECT COUNT(*) AS tp_count FROM `sg_notice` WHERE `time` < 1508925351 AND `to` = 'seller' AND `s_id` = 843 AND `is_readed` = 0 AND `type` = 'waitSend' LIMIT 1   [ RunTime:0.0010s ]

[ 2017-10-25T18:00:51+08:00 ] ::1 /somegood/Seller/Index/getNotice.html
INFO: [ app_init ] --START--
INFO: Run Behavior\BuildLiteBehavior [ RunTime:0.000000s ]
INFO: [ app_init ] --END-- [ RunTime:0.000000s ]
INFO: [ app_begin ] --START--
INFO: Run Behavior\ReadHtmlCacheBehavior [ RunTime:0.000000s ]
INFO: Run Behavior\CronRunBehavior [ RunTime:0.000000s ]
INFO: [ app_begin ] --END-- [ RunTime:0.000000s ]
SQL: SHOW COLUMNS FROM `sg_notice` [ RunTime:0.0000s ]
SQL: SELECT COUNT(*) AS tp_count FROM `sg_notice` WHERE `time` < 1508925651 AND `to` = 'seller' AND `s_id` = 843 AND `is_readed` = 0 AND `type` = 'waitSend' LIMIT 1   [ RunTime:0.0000s ]

[ 2017-10-25T18:05:51+08:00 ] ::1 /somegood/Seller/Index/getNotice.html
INFO: [ app_init ] --START--
INFO: Run Behavior\BuildLiteBehavior [ RunTime:0.000000s ]
INFO: [ app_init ] --END-- [ RunTime:0.000000s ]
INFO: [ app_begin ] --START--
INFO: Run Behavior\ReadHtmlCacheBehavior [ RunTime:0.000000s ]
INFO: Run Behavior\CronRunBehavior [ RunTime:0.000000s ]
INFO: [ app_begin ] --END-- [ RunTime:0.000000s ]
SQL: SHOW COLUMNS FROM `sg_notice` [ RunTime:0.0000s ]
SQL: SELECT COUNT(*) AS tp_count FROM `sg_notice` WHERE `time` < 1508925951 AND `to` = 'seller' AND `s_id` = 843 AND `is_readed` = 0 AND `type` = 'waitSend' LIMIT 1   [ RunTime:0.0000s ]

[ 2017-10-25T18:10:51+08:00 ] ::1 /somegood/Seller/Index/getNotice.html
INFO: [ app_init ] --START--
INFO: Run Behavior\BuildLiteBehavior [ RunTime:0.000000s ]
INFO: [ app_init ] --END-- [ RunTime:0.000000s ]
INFO: [ app_begin ] --START--
INFO: Run Behavior\ReadHtmlCacheBehavior [ RunTime:0.001001s ]
INFO: Run Behavior\CronRunBehavior [ RunTime:0.000000s ]
INFO: [ app_begin ] --END-- [ RunTime:0.001001s ]
SQL: SHOW COLUMNS FROM `sg_notice` [ RunTime:0.0000s ]
SQL: SELECT COUNT(*) AS tp_count FROM `sg_notice` WHERE `time` < 1508926251 AND `to` = 'seller' AND `s_id` = 843 AND `is_readed` = 0 AND `type` = 'waitSend' LIMIT 1   [ RunTime:0.0000s ]

[ 2017-10-25T18:15:51+08:00 ] ::1 /somegood/Seller/Index/getNotice.html
INFO: [ app_init ] --START--
INFO: Run Behavior\BuildLiteBehavior [ RunTime:0.000000s ]
INFO: [ app_init ] --END-- [ RunTime:0.000000s ]
INFO: [ app_begin ] --START--
INFO: Run Behavior\ReadHtmlCacheBehavior [ RunTime:0.000000s ]
INFO: Run Behavior\CronRunBehavior [ RunTime:0.000000s ]
INFO: [ app_begin ] --END-- [ RunTime:0.000000s ]
SQL: SHOW COLUMNS FROM `sg_notice` [ RunTime:0.0000s ]
SQL: SELECT COUNT(*) AS tp_count FROM `sg_notice` WHERE `time` < 1508926551 AND `to` = 'seller' AND `s_id` = 843 AND `is_readed` = 0 AND `type` = 'waitSend' LIMIT 1   [ RunTime:0.0000s ]

[ 2017-10-25T18:20:51+08:00 ] ::1 /somegood/Seller/Index/getNotice.html
INFO: [ app_init ] --START--
INFO: Run Behavior\BuildLiteBehavior [ RunTime:0.000000s ]
INFO: [ app_init ] --END-- [ RunTime:0.000000s ]
INFO: [ app_begin ] --START--
INFO: Run Behavior\ReadHtmlCacheBehavior [ RunTime:0.000000s ]
INFO: Run Behavior\CronRunBehavior [ RunTime:0.000000s ]
INFO: [ app_begin ] --END-- [ RunTime:0.000000s ]
SQL: SHOW COLUMNS FROM `sg_notice` [ RunTime:0.0000s ]
SQL: SELECT COUNT(*) AS tp_count FROM `sg_notice` WHERE `time` < 1508926851 AND `to` = 'seller' AND `s_id` = 843 AND `is_readed` = 0 AND `type` = 'waitSend' LIMIT 1   [ RunTime:0.0000s ]

[ 2017-10-25T18:25:51+08:00 ] ::1 /somegood/Seller/Index/getNotice.html
INFO: [ app_init ] --START--
INFO: Run Behavior\BuildLiteBehavior [ RunTime:0.000000s ]
INFO: [ app_init ] --END-- [ RunTime:0.000000s ]
INFO: [ app_begin ] --START--
INFO: Run Behavior\ReadHtmlCacheBehavior [ RunTime:0.000000s ]
INFO: Run Behavior\CronRunBehavior [ RunTime:0.000000s ]
INFO: [ app_begin ] --END-- [ RunTime:0.000000s ]
SQL: SHOW COLUMNS FROM `sg_notice` [ RunTime:0.0000s ]
SQL: SELECT COUNT(*) AS tp_count FROM `sg_notice` WHERE `time` < 1508927151 AND `to` = 'seller' AND `s_id` = 843 AND `is_readed` = 0 AND `type` = 'waitSend' LIMIT 1   [ RunTime:0.0000s ]

[ 2017-10-25T18:30:51+08:00 ] ::1 /somegood/Seller/Index/getNotice.html
INFO: [ app_init ] --START--
INFO: Run Behavior\BuildLiteBehavior [ RunTime:0.000000s ]
INFO: [ app_init ] --END-- [ RunTime:0.000000s ]
INFO: [ app_begin ] --START--
INFO: Run Behavior\ReadHtmlCacheBehavior [ RunTime:0.000000s ]
INFO: Run Behavior\CronRunBehavior [ RunTime:0.001000s ]
INFO: [ app_begin ] --END-- [ RunTime:0.001000s ]
SQL: SHOW COLUMNS FROM `sg_notice` [ RunTime:0.0020s ]
SQL: SELECT COUNT(*) AS tp_count FROM `sg_notice` WHERE `time` < 1508927451 AND `to` = 'seller' AND `s_id` = 843 AND `is_readed` = 0 AND `type` = 'waitSend' LIMIT 1   [ RunTime:0.0010s ]

[ 2017-10-25T18:35:51+08:00 ] ::1 /somegood/Seller/Index/getNotice.html
INFO: [ app_init ] --START--
INFO: Run Behavior\BuildLiteBehavior [ RunTime:0.000000s ]
INFO: [ app_init ] --END-- [ RunTime:0.000000s ]
INFO: [ app_begin ] --START--
INFO: Run Behavior\ReadHtmlCacheBehavior [ RunTime:0.001000s ]
INFO: Run Behavior\CronRunBehavior [ RunTime:0.001000s ]
INFO: [ app_begin ] --END-- [ RunTime:0.002000s ]
SQL: SHOW COLUMNS FROM `sg_notice` [ RunTime:0.0030s ]
SQL: SELECT COUNT(*) AS tp_count FROM `sg_notice` WHERE `time` < 1508927751 AND `to` = 'seller' AND `s_id` = 843 AND `is_readed` = 0 AND `type` = 'waitSend' LIMIT 1   [ RunTime:0.0010s ]

[ 2017-10-25T18:40:51+08:00 ] ::1 /somegood/Seller/Index/getNotice.html
INFO: [ app_init ] --START--
INFO: Run Behavior\BuildLiteBehavior [ RunTime:0.000000s ]
INFO: [ app_init ] --END-- [ RunTime:0.000000s ]
INFO: [ app_begin ] --START--
INFO: Run Behavior\ReadHtmlCacheBehavior [ RunTime:0.000000s ]
INFO: Run Behavior\CronRunBehavior [ RunTime:0.000000s ]
INFO: [ app_begin ] --END-- [ RunTime:0.000000s ]
SQL: SHOW COLUMNS FROM `sg_notice` [ RunTime:0.0000s ]
SQL: SELECT COUNT(*) AS tp_count FROM `sg_notice` WHERE `time` < 1508928051 AND `to` = 'seller' AND `s_id` = 843 AND `is_readed` = 0 AND `type` = 'waitSend' LIMIT 1   [ RunTime:0.0000s ]

[ 2017-10-25T18:45:51+08:00 ] ::1 /somegood/Seller/Index/getNotice.html
INFO: [ app_init ] --START--
INFO: Run Behavior\BuildLiteBehavior [ RunTime:0.000000s ]
INFO: [ app_init ] --END-- [ RunTime:0.000000s ]
INFO: [ app_begin ] --START--
INFO: Run Behavior\ReadHtmlCacheBehavior [ RunTime:0.000000s ]
INFO: Run Behavior\CronRunBehavior [ RunTime:0.000000s ]
INFO: [ app_begin ] --END-- [ RunTime:0.000000s ]
SQL: SHOW COLUMNS FROM `sg_notice` [ RunTime:0.0000s ]
SQL: SELECT COUNT(*) AS tp_count FROM `sg_notice` WHERE `time` < 1508928351 AND `to` = 'seller' AND `s_id` = 843 AND `is_readed` = 0 AND `type` = 'waitSend' LIMIT 1   [ RunTime:0.0000s ]

[ 2017-10-25T18:50:51+08:00 ] ::1 /somegood/Seller/Index/getNotice.html
INFO: [ app_init ] --START--
INFO: Run Behavior\BuildLiteBehavior [ RunTime:0.000000s ]
INFO: [ app_init ] --END-- [ RunTime:0.000000s ]
INFO: [ app_begin ] --START--
INFO: Run Behavior\ReadHtmlCacheBehavior [ RunTime:0.000000s ]
INFO: Run Behavior\CronRunBehavior [ RunTime:0.000000s ]
INFO: [ app_begin ] --END-- [ RunTime:0.000000s ]
SQL: SHOW COLUMNS FROM `sg_notice` [ RunTime:0.0000s ]
SQL: SELECT COUNT(*) AS tp_count FROM `sg_notice` WHERE `time` < 1508928651 AND `to` = 'seller' AND `s_id` = 843 AND `is_readed` = 0 AND `type` = 'waitSend' LIMIT 1   [ RunTime:0.0000s ]

[ 2017-10-25T18:55:51+08:00 ] ::1 /somegood/Seller/Index/getNotice.html
INFO: [ app_init ] --START--
INFO: Run Behavior\BuildLiteBehavior [ RunTime:0.000000s ]
INFO: [ app_init ] --END-- [ RunTime:0.000000s ]
INFO: [ app_begin ] --START--
INFO: Run Behavior\ReadHtmlCacheBehavior [ RunTime:0.000000s ]
INFO: Run Behavior\CronRunBehavior [ RunTime:0.001001s ]
INFO: [ app_begin ] --END-- [ RunTime:0.001001s ]
SQL: SHOW COLUMNS FROM `sg_notice` [ RunTime:0.0030s ]
SQL: SELECT COUNT(*) AS tp_count FROM `sg_notice` WHERE `time` < 1508928951 AND `to` = 'seller' AND `s_id` = 843 AND `is_readed` = 0 AND `type` = 'waitSend' LIMIT 1   [ RunTime:0.0010s ]

[ 2017-10-25T19:00:51+08:00 ] ::1 /somegood/Seller/Index/getNotice.html
INFO: [ app_init ] --START--
INFO: Run Behavior\BuildLiteBehavior [ RunTime:0.000000s ]
INFO: [ app_init ] --END-- [ RunTime:0.000000s ]
INFO: [ app_begin ] --START--
INFO: Run Behavior\ReadHtmlCacheBehavior [ RunTime:0.001000s ]
INFO: Run Behavior\CronRunBehavior [ RunTime:0.000000s ]
INFO: [ app_begin ] --END-- [ RunTime:0.001000s ]
SQL: SHOW COLUMNS FROM `sg_notice` [ RunTime:0.0030s ]
SQL: SELECT COUNT(*) AS tp_count FROM `sg_notice` WHERE `time` < 1508929251 AND `to` = 'seller' AND `s_id` = 843 AND `is_readed` = 0 AND `type` = 'waitSend' LIMIT 1   [ RunTime:0.0020s ]

[ 2017-10-25T19:05:51+08:00 ] ::1 /somegood/Seller/Index/getNotice.html
INFO: [ app_init ] --START--
INFO: Run Behavior\BuildLiteBehavior [ RunTime:0.000000s ]
INFO: [ app_init ] --END-- [ RunTime:0.001001s ]
INFO: [ app_begin ] --START--
INFO: Run Behavior\ReadHtmlCacheBehavior [ RunTime:0.000000s ]
INFO: Run Behavior\CronRunBehavior [ RunTime:0.001000s ]
INFO: [ app_begin ] --END-- [ RunTime:0.001000s ]
SQL: SHOW COLUMNS FROM `sg_notice` [ RunTime:0.0030s ]
SQL: SELECT COUNT(*) AS tp_count FROM `sg_notice` WHERE `time` < 1508929551 AND `to` = 'seller' AND `s_id` = 843 AND `is_readed` = 0 AND `type` = 'waitSend' LIMIT 1   [ RunTime:0.0020s ]

